[4.589s] DEBUG:colcon:Command line arguments: ['/usr/local/share/pynq-venv/bin/colcon', 'build', '--packages-select', 'py_pubsub']
[4.589s] DEBUG:colcon:Parsed command line arguments: Namespace(allow_overriding=[], ament_cmake_args=None, base_paths=['.'], build_base='build', catkin_cmake_args=None, catkin_skip_building_tests=False, cmake_args=None, cmake_clean_cache=False, cmake_clean_first=False, cmake_force_configure=False, cmake_target=None, cmake_target_skip_unavailable=False, continue_on_error=False, event_handlers=None, executor='parallel', ignore_user_meta=False, install_base='install', log_base=None, log_level=None, main=<bound method BuildVerb.main of <colcon_core.verb.build.BuildVerb object at 0xffff9bc58be0>>, merge_install=False, metas=['./colcon.meta'], packages_above=None, packages_above_and_dependencies=None, packages_above_depth=None, packages_end=None, packages_ignore=None, packages_ignore_regex=None, packages_select=['py_pubsub'], packages_select_build_failed=False, packages_select_by_dep=None, packages_select_regex=None, packages_select_test_failures=False, packages_skip=None, packages_skip_build_finished=False, packages_skip_by_dep=None, packages_skip_regex=None, packages_skip_test_passed=False, packages_skip_up_to=None, packages_start=None, packages_up_to=None, packages_up_to_regex=None, parallel_workers=4, paths=None, symlink_install=False, test_result_base=None, verb_extension=<colcon_core.verb.build.BuildVerb object at 0xffff9bc58be0>, verb_name='build', verb_parser=<colcon_defaults.argument_parser.defaults.DefaultArgumentsDecorator object at 0xffff9b422130>)
[5.101s] Level 1:colcon.colcon_core.package_discovery:discover_packages(colcon_meta) check parameters
[5.102s] Level 1:colcon.colcon_core.package_discovery:discover_packages(recursive) check parameters
[5.103s] Level 1:colcon.colcon_core.package_discovery:discover_packages(ignore) check parameters
[5.103s] Level 1:colcon.colcon_core.package_discovery:discover_packages(path) check parameters
[5.103s] Level 1:colcon.colcon_core.package_discovery:discover_packages(colcon_meta) discover
[5.104s] Level 1:colcon.colcon_core.package_discovery:discover_packages(recursive) discover
[5.104s] INFO:colcon.colcon_core.package_discovery:Crawling recursively for packages in '/home/xilinx/wrkspace'
[5.104s] Level 1:colcon.colcon_core.package_identification:_identify(.) by extensions ['ignore', 'ignore_ament_install']
[5.105s] Level 1:colcon.colcon_core.package_identification:_identify(.) by extension 'ignore'
[5.105s] Level 1:colcon.colcon_core.package_identification:_identify(.) by extension 'ignore_ament_install'
[5.106s] Level 1:colcon.colcon_core.package_identification:_identify(.) by extensions ['colcon_pkg']
[5.106s] Level 1:colcon.colcon_core.package_identification:_identify(.) by extension 'colcon_pkg'
[5.106s] Level 1:colcon.colcon_core.package_identification:_identify(.) by extensions ['colcon_meta']
[5.107s] Level 1:colcon.colcon_core.package_identification:_identify(.) by extension 'colcon_meta'
[5.107s] Level 1:colcon.colcon_core.package_identification:_identify(.) by extensions ['ros']
[5.107s] Level 1:colcon.colcon_core.package_identification:_identify(.) by extension 'ros'
[5.319s] Level 1:colcon.colcon_core.package_identification:_identify(.) by extensions ['cmake', 'python']
[5.319s] Level 1:colcon.colcon_core.package_identification:_identify(.) by extension 'cmake'
[5.320s] Level 1:colcon.colcon_core.package_identification:_identify(.) by extension 'python'
[5.320s] Level 1:colcon.colcon_core.package_identification:_identify(.) by extensions ['python_setup_py']
[5.320s] Level 1:colcon.colcon_core.package_identification:_identify(.) by extension 'python_setup_py'
[5.321s] Level 1:colcon.colcon_core.package_identification:_identify(build) by extensions ['ignore', 'ignore_ament_install']
[5.322s] Level 1:colcon.colcon_core.package_identification:_identify(build) by extension 'ignore'
[5.322s] Level 1:colcon.colcon_core.package_identification:_identify(build) ignored
[5.323s] Level 1:colcon.colcon_core.package_identification:_identify(install) by extensions ['ignore', 'ignore_ament_install']
[5.323s] Level 1:colcon.colcon_core.package_identification:_identify(install) by extension 'ignore'
[5.323s] Level 1:colcon.colcon_core.package_identification:_identify(install) ignored
[5.324s] Level 1:colcon.colcon_core.package_identification:_identify(log) by extensions ['ignore', 'ignore_ament_install']
[5.325s] Level 1:colcon.colcon_core.package_identification:_identify(log) by extension 'ignore'
[5.325s] Level 1:colcon.colcon_core.package_identification:_identify(log) ignored
[5.325s] Level 1:colcon.colcon_core.package_identification:_identify(src) by extensions ['ignore', 'ignore_ament_install']
[5.326s] Level 1:colcon.colcon_core.package_identification:_identify(src) by extension 'ignore'
[5.326s] Level 1:colcon.colcon_core.package_identification:_identify(src) by extension 'ignore_ament_install'
[5.327s] Level 1:colcon.colcon_core.package_identification:_identify(src) by extensions ['colcon_pkg']
[5.327s] Level 1:colcon.colcon_core.package_identification:_identify(src) by extension 'colcon_pkg'
[5.327s] Level 1:colcon.colcon_core.package_identification:_identify(src) by extensions ['colcon_meta']
[5.327s] Level 1:colcon.colcon_core.package_identification:_identify(src) by extension 'colcon_meta'
[5.328s] Level 1:colcon.colcon_core.package_identification:_identify(src) by extensions ['ros']
[5.328s] Level 1:colcon.colcon_core.package_identification:_identify(src) by extension 'ros'
[5.328s] Level 1:colcon.colcon_core.package_identification:_identify(src) by extensions ['cmake', 'python']
[5.329s] Level 1:colcon.colcon_core.package_identification:_identify(src) by extension 'cmake'
[5.329s] Level 1:colcon.colcon_core.package_identification:_identify(src) by extension 'python'
[5.329s] Level 1:colcon.colcon_core.package_identification:_identify(src) by extensions ['python_setup_py']
[5.329s] Level 1:colcon.colcon_core.package_identification:_identify(src) by extension 'python_setup_py'
[5.331s] Level 1:colcon.colcon_core.package_identification:_identify(src/got_coffe) by extensions ['ignore', 'ignore_ament_install']
[5.332s] Level 1:colcon.colcon_core.package_identification:_identify(src/got_coffe) by extension 'ignore'
[5.332s] Level 1:colcon.colcon_core.package_identification:_identify(src/got_coffe) by extension 'ignore_ament_install'
[5.332s] Level 1:colcon.colcon_core.package_identification:_identify(src/got_coffe) by extensions ['colcon_pkg']
[5.332s] Level 1:colcon.colcon_core.package_identification:_identify(src/got_coffe) by extension 'colcon_pkg'
[5.333s] Level 1:colcon.colcon_core.package_identification:_identify(src/got_coffe) by extensions ['colcon_meta']
[5.333s] Level 1:colcon.colcon_core.package_identification:_identify(src/got_coffe) by extension 'colcon_meta'
[5.333s] Level 1:colcon.colcon_core.package_identification:_identify(src/got_coffe) by extensions ['ros']
[5.333s] Level 1:colcon.colcon_core.package_identification:_identify(src/got_coffe) by extension 'ros'
[5.353s] DEBUG:colcon.colcon_core.package_identification:Package 'src/got_coffe' with type 'ros.ament_python' and name 'got_coffe'
[5.355s] Level 1:colcon.colcon_core.package_identification:_identify(src/my_package) by extensions ['ignore', 'ignore_ament_install']
[5.356s] Level 1:colcon.colcon_core.package_identification:_identify(src/my_package) by extension 'ignore'
[5.357s] Level 1:colcon.colcon_core.package_identification:_identify(src/my_package) by extension 'ignore_ament_install'
[5.357s] Level 1:colcon.colcon_core.package_identification:_identify(src/my_package) by extensions ['colcon_pkg']
[5.357s] Level 1:colcon.colcon_core.package_identification:_identify(src/my_package) by extension 'colcon_pkg'
[5.358s] Level 1:colcon.colcon_core.package_identification:_identify(src/my_package) by extensions ['colcon_meta']
[5.358s] Level 1:colcon.colcon_core.package_identification:_identify(src/my_package) by extension 'colcon_meta'
[5.358s] Level 1:colcon.colcon_core.package_identification:_identify(src/my_package) by extensions ['ros']
[5.358s] Level 1:colcon.colcon_core.package_identification:_identify(src/my_package) by extension 'ros'
[5.363s] DEBUG:colcon.colcon_core.package_identification:Package 'src/my_package' with type 'ros.ament_python' and name 'my_package'
[5.364s] Level 1:colcon.colcon_core.package_identification:_identify(src/py_pubsub) by extensions ['ignore', 'ignore_ament_install']
[5.365s] Level 1:colcon.colcon_core.package_identification:_identify(src/py_pubsub) by extension 'ignore'
[5.365s] Level 1:colcon.colcon_core.package_identification:_identify(src/py_pubsub) by extension 'ignore_ament_install'
[5.366s] Level 1:colcon.colcon_core.package_identification:_identify(src/py_pubsub) by extensions ['colcon_pkg']
[5.366s] Level 1:colcon.colcon_core.package_identification:_identify(src/py_pubsub) by extension 'colcon_pkg'
[5.366s] Level 1:colcon.colcon_core.package_identification:_identify(src/py_pubsub) by extensions ['colcon_meta']
[5.366s] Level 1:colcon.colcon_core.package_identification:_identify(src/py_pubsub) by extension 'colcon_meta'
[5.367s] Level 1:colcon.colcon_core.package_identification:_identify(src/py_pubsub) by extensions ['ros']
[5.367s] Level 1:colcon.colcon_core.package_identification:_identify(src/py_pubsub) by extension 'ros'
[5.372s] DEBUG:colcon.colcon_core.package_identification:Package 'src/py_pubsub' with type 'ros.ament_python' and name 'py_pubsub'
[5.373s] Level 1:colcon.colcon_core.package_discovery:discover_packages(recursive) using defaults
[5.373s] Level 1:colcon.colcon_core.package_discovery:discover_packages(ignore) discover
[5.374s] Level 1:colcon.colcon_core.package_discovery:discover_packages(ignore) using defaults
[5.374s] Level 1:colcon.colcon_core.package_discovery:discover_packages(path) discover
[5.374s] Level 1:colcon.colcon_core.package_discovery:discover_packages(path) using defaults
[5.698s] INFO:colcon.colcon_core.package_selection:Skipping not selected package 'got_coffe' in 'src/got_coffe'
[5.699s] INFO:colcon.colcon_core.package_selection:Skipping not selected package 'my_package' in 'src/my_package'
[5.717s] Level 1:colcon.colcon_core.package_discovery:discover_packages(prefix_path) check parameters
[5.717s] Level 1:colcon.colcon_core.package_discovery:discover_packages(prefix_path) discover
[5.771s] DEBUG:colcon.colcon_installed_package_information.package_discovery:Found 3 installed packages in /home/xilinx/wrkspace/install
[5.803s] DEBUG:colcon.colcon_installed_package_information.package_discovery:Found 256 installed packages in /opt/ros/foxy
[5.819s] Level 1:colcon.colcon_core.package_discovery:discover_packages(prefix_path) using defaults
[6.472s] Level 5:colcon.colcon_core.verb:set package 'py_pubsub' build argument 'cmake_args' from command line to 'None'
[6.473s] Level 5:colcon.colcon_core.verb:set package 'py_pubsub' build argument 'cmake_target' from command line to 'None'
[6.473s] Level 5:colcon.colcon_core.verb:set package 'py_pubsub' build argument 'cmake_target_skip_unavailable' from command line to 'False'
[6.473s] Level 5:colcon.colcon_core.verb:set package 'py_pubsub' build argument 'cmake_clean_cache' from command line to 'False'
[6.473s] Level 5:colcon.colcon_core.verb:set package 'py_pubsub' build argument 'cmake_clean_first' from command line to 'False'
[6.474s] Level 5:colcon.colcon_core.verb:set package 'py_pubsub' build argument 'cmake_force_configure' from command line to 'False'
[6.474s] Level 5:colcon.colcon_core.verb:set package 'py_pubsub' build argument 'ament_cmake_args' from command line to 'None'
[6.474s] Level 5:colcon.colcon_core.verb:set package 'py_pubsub' build argument 'catkin_cmake_args' from command line to 'None'
[6.474s] Level 5:colcon.colcon_core.verb:set package 'py_pubsub' build argument 'catkin_skip_building_tests' from command line to 'False'
[6.474s] DEBUG:colcon.colcon_core.verb:Building package 'py_pubsub' with the following arguments: {'ament_cmake_args': None, 'build_base': '/home/xilinx/wrkspace/build/py_pubsub', 'catkin_cmake_args': None, 'catkin_skip_building_tests': False, 'cmake_args': None, 'cmake_clean_cache': False, 'cmake_clean_first': False, 'cmake_force_configure': False, 'cmake_target': None, 'cmake_target_skip_unavailable': False, 'install_base': '/home/xilinx/wrkspace/install/py_pubsub', 'merge_install': False, 'path': '/home/xilinx/wrkspace/src/py_pubsub', 'symlink_install': False, 'test_result_base': None}
[6.497s] INFO:colcon.colcon_core.executor:Executing jobs using 'parallel' executor
[6.642s] DEBUG:colcon.colcon_parallel_executor.executor.parallel:run_until_complete
[6.644s] INFO:colcon.colcon_ros.task.ament_python.build:Building ROS package in '/home/xilinx/wrkspace/src/py_pubsub' with build type 'ament_python'
[6.645s] Level 1:colcon.colcon_core.shell:create_environment_hook('py_pubsub', 'ament_prefix_path')
[6.734s] INFO:colcon.colcon_core.plugin_system:Skipping extension 'colcon_core.shell.bat': Not used on non-Windows systems
[6.737s] INFO:colcon.colcon_core.shell:Creating environment hook '/home/xilinx/wrkspace/install/py_pubsub/share/py_pubsub/hook/ament_prefix_path.ps1'
[6.744s] INFO:colcon.colcon_core.shell:Creating environment descriptor '/home/xilinx/wrkspace/install/py_pubsub/share/py_pubsub/hook/ament_prefix_path.dsv'
[6.749s] INFO:colcon.colcon_core.shell:Creating environment hook '/home/xilinx/wrkspace/install/py_pubsub/share/py_pubsub/hook/ament_prefix_path.sh'
[6.808s] INFO:colcon.colcon_core.shell:Skip shell extension 'powershell' for command environment: Not usable outside of PowerShell
[6.809s] DEBUG:colcon.colcon_core.shell:Skip shell extension 'dsv' for command environment
[13.815s] INFO:colcon.colcon_core.task.python.build:Building Python package in '/home/xilinx/wrkspace/src/py_pubsub'
[13.868s] INFO:colcon.colcon_core.shell:Skip shell extension 'powershell' for command environment: Not usable outside of PowerShell
[13.868s] DEBUG:colcon.colcon_core.shell:Skip shell extension 'dsv' for command environment
[26.077s] DEBUG:colcon.colcon_core.event_handler.log_command:Invoking command in '/home/xilinx/wrkspace/src/py_pubsub': PS1=(pynq-venv) ${debian_chroot:+($debian_chroot)}\u@\h:\w\$ PYTHONPATH=/home/xilinx/wrkspace/install/py_pubsub/lib/python3.8/site-packages:${PYTHONPATH} /usr/local/share/pynq-venv/bin/python3 setup.py egg_info --egg-base ../../build/py_pubsub build --build-base /home/xilinx/wrkspace/build/py_pubsub/build install --prefix /home/xilinx/wrkspace/install/py_pubsub --record /home/xilinx/wrkspace/build/py_pubsub/install.log --single-version-externally-managed
[41.063s] DEBUG:colcon.colcon_core.event_handler.log_command:Invoked command in '/home/xilinx/wrkspace/src/py_pubsub' returned '0': PS1=(pynq-venv) ${debian_chroot:+($debian_chroot)}\u@\h:\w\$ PYTHONPATH=/home/xilinx/wrkspace/install/py_pubsub/lib/python3.8/site-packages:${PYTHONPATH} /usr/local/share/pynq-venv/bin/python3 setup.py egg_info --egg-base ../../build/py_pubsub build --build-base /home/xilinx/wrkspace/build/py_pubsub/build install --prefix /home/xilinx/wrkspace/install/py_pubsub --record /home/xilinx/wrkspace/build/py_pubsub/install.log --single-version-externally-managed
[41.162s] Level 1:colcon.colcon_core.environment:checking '/home/xilinx/wrkspace/install/py_pubsub' for CMake module files
[41.166s] Level 1:colcon.colcon_core.environment:checking '/home/xilinx/wrkspace/install/py_pubsub' for CMake config files
[41.170s] Level 1:colcon.colcon_core.environment:checking '/home/xilinx/wrkspace/install/py_pubsub/lib'
[41.171s] Level 1:colcon.colcon_core.environment:checking '/home/xilinx/wrkspace/install/py_pubsub/bin'
[41.171s] Level 1:colcon.colcon_core.shell:create_environment_hook('py_pubsub', 'path')
[41.225s] INFO:colcon.colcon_core.shell:Creating environment hook '/home/xilinx/wrkspace/install/py_pubsub/share/py_pubsub/hook/path.ps1'
[41.229s] INFO:colcon.colcon_core.shell:Creating environment descriptor '/home/xilinx/wrkspace/install/py_pubsub/share/py_pubsub/hook/path.dsv'
[41.231s] INFO:colcon.colcon_core.shell:Creating environment hook '/home/xilinx/wrkspace/install/py_pubsub/share/py_pubsub/hook/path.sh'
[41.233s] Level 1:colcon.colcon_core.environment:checking '/home/xilinx/wrkspace/install/py_pubsub/lib/pkgconfig/py_pubsub.pc'
[41.235s] Level 1:colcon.colcon_core.environment:checking '/home/xilinx/wrkspace/install/py_pubsub/lib/python3.8/site-packages'
[41.236s] Level 1:colcon.colcon_core.shell:create_environment_hook('py_pubsub', 'pythonpath')
[41.287s] INFO:colcon.colcon_core.shell:Creating environment hook '/home/xilinx/wrkspace/install/py_pubsub/share/py_pubsub/hook/pythonpath.ps1'
[41.292s] INFO:colcon.colcon_core.shell:Creating environment descriptor '/home/xilinx/wrkspace/install/py_pubsub/share/py_pubsub/hook/pythonpath.dsv'
[41.294s] INFO:colcon.colcon_core.shell:Creating environment hook '/home/xilinx/wrkspace/install/py_pubsub/share/py_pubsub/hook/pythonpath.sh'
[41.298s] Level 1:colcon.colcon_core.environment:checking '/home/xilinx/wrkspace/install/py_pubsub/bin'
[41.298s] Level 1:colcon.colcon_core.shell:create_environment_hook('py_pubsub', 'pythonscriptspath')
[41.350s] INFO:colcon.colcon_core.shell:Creating environment hook '/home/xilinx/wrkspace/install/py_pubsub/share/py_pubsub/hook/pythonscriptspath.ps1'
[44.308s] INFO:colcon.colcon_core.shell:Creating environment descriptor '/home/xilinx/wrkspace/install/py_pubsub/share/py_pubsub/hook/pythonscriptspath.dsv'
[44.312s] INFO:colcon.colcon_core.shell:Creating environment hook '/home/xilinx/wrkspace/install/py_pubsub/share/py_pubsub/hook/pythonscriptspath.sh'
[44.316s] Level 1:colcon.colcon_core.environment:create_environment_scripts_only(py_pubsub)
[44.369s] INFO:colcon.colcon_core.shell:Creating package script '/home/xilinx/wrkspace/install/py_pubsub/share/py_pubsub/package.ps1'
[44.378s] INFO:colcon.colcon_core.shell:Creating package descriptor '/home/xilinx/wrkspace/install/py_pubsub/share/py_pubsub/package.dsv'
[44.385s] INFO:colcon.colcon_core.shell:Creating package script '/home/xilinx/wrkspace/install/py_pubsub/share/py_pubsub/package.sh'
[44.395s] INFO:colcon.colcon_core.shell:Creating package script '/home/xilinx/wrkspace/install/py_pubsub/share/py_pubsub/package.bash'
[44.415s] INFO:colcon.colcon_core.shell:Creating package script '/home/xilinx/wrkspace/install/py_pubsub/share/py_pubsub/package.zsh'
[44.424s] Level 1:colcon.colcon_core.environment:create_file_with_runtime_dependencies(/home/xilinx/wrkspace/install/py_pubsub/share/colcon-core/packages/py_pubsub)
[44.427s] DEBUG:colcon.colcon_parallel_executor.executor.parallel:closing loop
[44.428s] DEBUG:colcon.colcon_parallel_executor.executor.parallel:loop closed
[44.429s] DEBUG:colcon.colcon_parallel_executor.executor.parallel:run_until_complete finished with '0'
[44.429s] DEBUG:colcon.colcon_core.event_reactor:joining thread
[44.513s] INFO:colcon.colcon_core.plugin_system:Skipping extension 'colcon_notification.desktop_notification.notify_send': Could not find 'notify-send'
[44.514s] INFO:colcon.colcon_core.plugin_system:Skipping extension 'colcon_notification.desktop_notification.terminal_notifier': Not used on non-Darwin systems
[44.515s] INFO:colcon.colcon_core.plugin_system:Skipping extension 'colcon_notification.desktop_notification.win32': Not used on non-Windows systems
[44.515s] INFO:colcon.colcon_notification.desktop_notification:Sending desktop notification using 'notify2'
[44.519s] DEBUG:colcon.colcon_notification.desktop_notification.notify2:Failed to initialize notify2: org.freedesktop.DBus.Error.ServiceUnknown: The name org.freedesktop.Notifications was not provided by any .service files
[44.520s] DEBUG:colcon.colcon_core.event_reactor:joined thread
[44.572s] INFO:colcon.colcon_core.shell:Creating prefix script '/home/xilinx/wrkspace/install/local_setup.ps1'
[44.580s] INFO:colcon.colcon_core.shell:Creating prefix util module '/home/xilinx/wrkspace/install/_local_setup_util_ps1.py'
[44.595s] INFO:colcon.colcon_core.shell:Creating prefix chain script '/home/xilinx/wrkspace/install/setup.ps1'
[44.616s] INFO:colcon.colcon_core.shell:Creating prefix script '/home/xilinx/wrkspace/install/local_setup.sh'
[44.623s] INFO:colcon.colcon_core.shell:Creating prefix util module '/home/xilinx/wrkspace/install/_local_setup_util_sh.py'
[44.626s] INFO:colcon.colcon_core.shell:Creating prefix chain script '/home/xilinx/wrkspace/install/setup.sh'
[44.648s] INFO:colcon.colcon_core.shell:Creating prefix script '/home/xilinx/wrkspace/install/local_setup.bash'
[44.654s] INFO:colcon.colcon_core.shell:Creating prefix chain script '/home/xilinx/wrkspace/install/setup.bash'
[44.676s] INFO:colcon.colcon_core.shell:Creating prefix script '/home/xilinx/wrkspace/install/local_setup.zsh'
[44.682s] INFO:colcon.colcon_core.shell:Creating prefix chain script '/home/xilinx/wrkspace/install/setup.zsh'
