[52.533s] Invoking command in '/home/xilinx/wrkspace/src/nn_drone_final': PYTHONPATH=/home/xilinx/wrkspace/install/nn_drone_final/lib/python3.8/site-packages:${PYTHONPATH} /usr/bin/python3 setup.py egg_info --egg-base ../../build/nn_drone_final build --build-base /home/xilinx/wrkspace/build/nn_drone_final/build install --prefix /home/xilinx/wrkspace/install/nn_drone_final --record /home/xilinx/wrkspace/build/nn_drone_final/install.log --single-version-externally-managed
[71.355s] running egg_info
[71.432s] writing ../../build/nn_drone_final/nn_drone_final.egg-info/PKG-INFO
[71.445s] writing dependency_links to ../../build/nn_drone_final/nn_drone_final.egg-info/dependency_links.txt
[71.467s] writing entry points to ../../build/nn_drone_final/nn_drone_final.egg-info/entry_points.txt
[71.477s] writing requirements to ../../build/nn_drone_final/nn_drone_final.egg-info/requires.txt
[71.482s] writing top-level names to ../../build/nn_drone_final/nn_drone_final.egg-info/top_level.txt
[73.776s] reading manifest file '../../build/nn_drone_final/nn_drone_final.egg-info/SOURCES.txt'
[73.886s] writing manifest file '../../build/nn_drone_final/nn_drone_final.egg-info/SOURCES.txt'
[73.893s] running build
[73.894s] running build_py
[73.904s] copying nn_drone_final/SimpleArmMission.py -> /home/xilinx/wrkspace/build/nn_drone_final/build/lib/nn_drone_final
[73.950s] running install
[74.049s] running install_lib
[74.119s] copying /home/xilinx/wrkspace/build/nn_drone_final/build/lib/nn_drone_final/SimpleArmMission.py -> /home/xilinx/wrkspace/install/nn_drone_final/lib/python3.8/site-packages/nn_drone_final
[74.144s] byte-compiling /home/xilinx/wrkspace/install/nn_drone_final/lib/python3.8/site-packages/nn_drone_final/SimpleArmMission.py to SimpleArmMission.cpython-38.pyc
[74.215s] running install_data
[74.220s] running install_egg_info
[74.334s] removing '/home/xilinx/wrkspace/install/nn_drone_final/lib/python3.8/site-packages/nn_drone_final-0.0.0-py3.8.egg-info' (and everything under it)
[74.341s] Copying ../../build/nn_drone_final/nn_drone_final.egg-info to /home/xilinx/wrkspace/install/nn_drone_final/lib/python3.8/site-packages/nn_drone_final-0.0.0-py3.8.egg-info
[74.416s] running install_scripts
[75.443s] Installing arm script to /home/xilinx/wrkspace/install/nn_drone_final/lib/nn_drone_final
[75.456s] Installing cam_node script to /home/xilinx/wrkspace/install/nn_drone_final/lib/nn_drone_final
[75.485s] Installing nn_node script to /home/xilinx/wrkspace/install/nn_drone_final/lib/nn_drone_final
[75.511s] Installing nn_sub_node script to /home/xilinx/wrkspace/install/nn_drone_final/lib/nn_drone_final
[75.531s] writing list of installed files to '/home/xilinx/wrkspace/build/nn_drone_final/install.log'
[77.354s] Invoked command in '/home/xilinx/wrkspace/src/nn_drone_final' returned '0': PYTHONPATH=/home/xilinx/wrkspace/install/nn_drone_final/lib/python3.8/site-packages:${PYTHONPATH} /usr/bin/python3 setup.py egg_info --egg-base ../../build/nn_drone_final build --build-base /home/xilinx/wrkspace/build/nn_drone_final/build install --prefix /home/xilinx/wrkspace/install/nn_drone_final --record /home/xilinx/wrkspace/build/nn_drone_final/install.log --single-version-externally-managed
