[4.649s] Invoking command in '/home/xilinx/wrkspace/src/py_pubsub': PYTHONPATH=/home/xilinx/wrkspace/install/py_pubsub/lib/python3.8/site-packages:${PYTHONPATH} /usr/bin/python3 setup.py egg_info --egg-base ../../build/py_pubsub build --build-base /home/xilinx/wrkspace/build/py_pubsub/build install --prefix /home/xilinx/wrkspace/install/py_pubsub --record /home/xilinx/wrkspace/build/py_pubsub/install.log --single-version-externally-managed
[6.171s] running egg_info
[6.176s] writing ../../build/py_pubsub/py_pubsub.egg-info/PKG-INFO
[6.177s] writing dependency_links to ../../build/py_pubsub/py_pubsub.egg-info/dependency_links.txt
[6.178s] writing entry points to ../../build/py_pubsub/py_pubsub.egg-info/entry_points.txt
[6.179s] writing requirements to ../../build/py_pubsub/py_pubsub.egg-info/requires.txt
[6.180s] writing top-level names to ../../build/py_pubsub/py_pubsub.egg-info/top_level.txt
[6.443s] reading manifest file '../../build/py_pubsub/py_pubsub.egg-info/SOURCES.txt'
[6.450s] writing manifest file '../../build/py_pubsub/py_pubsub.egg-info/SOURCES.txt'
[6.450s] running build
[6.451s] running build_py
[6.452s] copying py_pubsub/subscriber_member_function.py -> /home/xilinx/wrkspace/build/py_pubsub/build/lib/py_pubsub
[6.453s] running install
[6.459s] running install_lib
[6.466s] copying /home/xilinx/wrkspace/build/py_pubsub/build/lib/py_pubsub/subscriber_member_function.py -> /home/xilinx/wrkspace/install/py_pubsub/lib/python3.8/site-packages/py_pubsub
[6.470s] byte-compiling /home/xilinx/wrkspace/install/py_pubsub/lib/python3.8/site-packages/py_pubsub/subscriber_member_function.py to subscriber_member_function.cpython-38.pyc
[6.483s] running install_data
[6.487s] running install_egg_info
[6.498s] removing '/home/xilinx/wrkspace/install/py_pubsub/lib/python3.8/site-packages/py_pubsub-0.0.0-py3.8.egg-info' (and everything under it)
[6.500s] Copying ../../build/py_pubsub/py_pubsub.egg-info to /home/xilinx/wrkspace/install/py_pubsub/lib/python3.8/site-packages/py_pubsub-0.0.0-py3.8.egg-info
[6.504s] running install_scripts
[6.627s] Installing listener script to /home/xilinx/wrkspace/install/py_pubsub/lib/py_pubsub
[6.628s] Installing talker script to /home/xilinx/wrkspace/install/py_pubsub/lib/py_pubsub
[6.630s] writing list of installed files to '/home/xilinx/wrkspace/build/py_pubsub/install.log'
[6.889s] Invoked command in '/home/xilinx/wrkspace/src/py_pubsub' returned '0': PYTHONPATH=/home/xilinx/wrkspace/install/py_pubsub/lib/python3.8/site-packages:${PYTHONPATH} /usr/bin/python3 setup.py egg_info --egg-base ../../build/py_pubsub build --build-base /home/xilinx/wrkspace/build/py_pubsub/build install --prefix /home/xilinx/wrkspace/install/py_pubsub --record /home/xilinx/wrkspace/build/py_pubsub/install.log --single-version-externally-managed
