[4.296s] DEBUG:colcon:Command line arguments: ['/usr/local/share/pynq-venv/bin/colcon', 'build', '--packages-select', 'py_pubsub']
[4.297s] DEBUG:colcon:Parsed command line arguments: Namespace(allow_overriding=[], ament_cmake_args=None, base_paths=['.'], build_base='build', catkin_cmake_args=None, catkin_skip_building_tests=False, cmake_args=None, cmake_clean_cache=False, cmake_clean_first=False, cmake_force_configure=False, cmake_target=None, cmake_target_skip_unavailable=False, continue_on_error=False, event_handlers=None, executor='parallel', ignore_user_meta=False, install_base='install', log_base=None, log_level=None, main=<bound method BuildVerb.main of <colcon_core.verb.build.BuildVerb object at 0xffffa7acfee0>>, merge_install=False, metas=['./colcon.meta'], packages_above=None, packages_above_and_dependencies=None, packages_above_depth=None, packages_end=None, packages_ignore=None, packages_ignore_regex=None, packages_select=['py_pubsub'], packages_select_build_failed=False, packages_select_by_dep=None, packages_select_regex=None, packages_select_test_failures=False, packages_skip=None, packages_skip_build_finished=False, packages_skip_by_dep=None, packages_skip_regex=None, packages_skip_test_passed=False, packages_skip_up_to=None, packages_start=None, packages_up_to=None, packages_up_to_regex=None, parallel_workers=4, paths=None, symlink_install=False, test_result_base=None, verb_extension=<colcon_core.verb.build.BuildVerb object at 0xffffa7acfee0>, verb_name='build', verb_parser=<colcon_defaults.argument_parser.defaults.DefaultArgumentsDecorator object at 0xffffa79658e0>)
[4.766s] Level 1:colcon.colcon_core.package_discovery:discover_packages(colcon_meta) check parameters
[4.767s] Level 1:colcon.colcon_core.package_discovery:discover_packages(recursive) check parameters
[4.767s] Level 1:colcon.colcon_core.package_discovery:discover_packages(ignore) check parameters
[4.767s] Level 1:colcon.colcon_core.package_discovery:discover_packages(path) check parameters
[4.767s] Level 1:colcon.colcon_core.package_discovery:discover_packages(colcon_meta) discover
[4.768s] Level 1:colcon.colcon_core.package_discovery:discover_packages(recursive) discover
[4.768s] INFO:colcon.colcon_core.package_discovery:Crawling recursively for packages in '/home/xilinx/wrkspace'
[4.769s] Level 1:colcon.colcon_core.package_identification:_identify(.) by extensions ['ignore', 'ignore_ament_install']
[4.769s] Level 1:colcon.colcon_core.package_identification:_identify(.) by extension 'ignore'
[4.770s] Level 1:colcon.colcon_core.package_identification:_identify(.) by extension 'ignore_ament_install'
[4.770s] Level 1:colcon.colcon_core.package_identification:_identify(.) by extensions ['colcon_pkg']
[4.770s] Level 1:colcon.colcon_core.package_identification:_identify(.) by extension 'colcon_pkg'
[4.771s] Level 1:colcon.colcon_core.package_identification:_identify(.) by extensions ['colcon_meta']
[4.771s] Level 1:colcon.colcon_core.package_identification:_identify(.) by extension 'colcon_meta'
[4.771s] Level 1:colcon.colcon_core.package_identification:_identify(.) by extensions ['ros']
[4.771s] Level 1:colcon.colcon_core.package_identification:_identify(.) by extension 'ros'
[4.953s] Level 1:colcon.colcon_core.package_identification:_identify(.) by extensions ['cmake', 'python']
[4.953s] Level 1:colcon.colcon_core.package_identification:_identify(.) by extension 'cmake'
[4.954s] Level 1:colcon.colcon_core.package_identification:_identify(.) by extension 'python'
[4.954s] Level 1:colcon.colcon_core.package_identification:_identify(.) by extensions ['python_setup_py']
[4.954s] Level 1:colcon.colcon_core.package_identification:_identify(.) by extension 'python_setup_py'
[4.955s] Level 1:colcon.colcon_core.package_identification:_identify(build) by extensions ['ignore', 'ignore_ament_install']
[4.956s] Level 1:colcon.colcon_core.package_identification:_identify(build) by extension 'ignore'
[4.956s] Level 1:colcon.colcon_core.package_identification:_identify(build) ignored
[4.957s] Level 1:colcon.colcon_core.package_identification:_identify(install) by extensions ['ignore', 'ignore_ament_install']
[4.957s] Level 1:colcon.colcon_core.package_identification:_identify(install) by extension 'ignore'
[4.958s] Level 1:colcon.colcon_core.package_identification:_identify(install) ignored
[4.959s] Level 1:colcon.colcon_core.package_identification:_identify(log) by extensions ['ignore', 'ignore_ament_install']
[4.959s] Level 1:colcon.colcon_core.package_identification:_identify(log) by extension 'ignore'
[4.959s] Level 1:colcon.colcon_core.package_identification:_identify(log) ignored
[4.960s] Level 1:colcon.colcon_core.package_identification:_identify(src) by extensions ['ignore', 'ignore_ament_install']
[4.960s] Level 1:colcon.colcon_core.package_identification:_identify(src) by extension 'ignore'
[4.961s] Level 1:colcon.colcon_core.package_identification:_identify(src) by extension 'ignore_ament_install'
[4.961s] Level 1:colcon.colcon_core.package_identification:_identify(src) by extensions ['colcon_pkg']
[4.961s] Level 1:colcon.colcon_core.package_identification:_identify(src) by extension 'colcon_pkg'
[4.961s] Level 1:colcon.colcon_core.package_identification:_identify(src) by extensions ['colcon_meta']
[4.962s] Level 1:colcon.colcon_core.package_identification:_identify(src) by extension 'colcon_meta'
[4.962s] Level 1:colcon.colcon_core.package_identification:_identify(src) by extensions ['ros']
[4.962s] Level 1:colcon.colcon_core.package_identification:_identify(src) by extension 'ros'
[4.963s] Level 1:colcon.colcon_core.package_identification:_identify(src) by extensions ['cmake', 'python']
[4.963s] Level 1:colcon.colcon_core.package_identification:_identify(src) by extension 'cmake'
[4.963s] Level 1:colcon.colcon_core.package_identification:_identify(src) by extension 'python'
[4.964s] Level 1:colcon.colcon_core.package_identification:_identify(src) by extensions ['python_setup_py']
[4.964s] Level 1:colcon.colcon_core.package_identification:_identify(src) by extension 'python_setup_py'
[4.964s] Level 1:colcon.colcon_core.package_identification:_identify(src/got_coffe) by extensions ['ignore', 'ignore_ament_install']
[4.965s] Level 1:colcon.colcon_core.package_identification:_identify(src/got_coffe) by extension 'ignore'
[4.965s] Level 1:colcon.colcon_core.package_identification:_identify(src/got_coffe) by extension 'ignore_ament_install'
[4.966s] Level 1:colcon.colcon_core.package_identification:_identify(src/got_coffe) by extensions ['colcon_pkg']
[4.966s] Level 1:colcon.colcon_core.package_identification:_identify(src/got_coffe) by extension 'colcon_pkg'
[4.966s] Level 1:colcon.colcon_core.package_identification:_identify(src/got_coffe) by extensions ['colcon_meta']
[4.966s] Level 1:colcon.colcon_core.package_identification:_identify(src/got_coffe) by extension 'colcon_meta'
[4.967s] Level 1:colcon.colcon_core.package_identification:_identify(src/got_coffe) by extensions ['ros']
[4.967s] Level 1:colcon.colcon_core.package_identification:_identify(src/got_coffe) by extension 'ros'
[4.984s] DEBUG:colcon.colcon_core.package_identification:Package 'src/got_coffe' with type 'ros.ament_python' and name 'got_coffe'
[4.985s] Level 1:colcon.colcon_core.package_identification:_identify(src/my_package) by extensions ['ignore', 'ignore_ament_install']
[4.986s] Level 1:colcon.colcon_core.package_identification:_identify(src/my_package) by extension 'ignore'
[4.986s] Level 1:colcon.colcon_core.package_identification:_identify(src/my_package) by extension 'ignore_ament_install'
[4.987s] Level 1:colcon.colcon_core.package_identification:_identify(src/my_package) by extensions ['colcon_pkg']
[4.987s] Level 1:colcon.colcon_core.package_identification:_identify(src/my_package) by extension 'colcon_pkg'
[4.987s] Level 1:colcon.colcon_core.package_identification:_identify(src/my_package) by extensions ['colcon_meta']
[4.987s] Level 1:colcon.colcon_core.package_identification:_identify(src/my_package) by extension 'colcon_meta'
[4.988s] Level 1:colcon.colcon_core.package_identification:_identify(src/my_package) by extensions ['ros']
[4.988s] Level 1:colcon.colcon_core.package_identification:_identify(src/my_package) by extension 'ros'
[4.992s] DEBUG:colcon.colcon_core.package_identification:Package 'src/my_package' with type 'ros.ament_python' and name 'my_package'
[4.992s] Level 1:colcon.colcon_core.package_identification:_identify(src/py_pubsub) by extensions ['ignore', 'ignore_ament_install']
[4.993s] Level 1:colcon.colcon_core.package_identification:_identify(src/py_pubsub) by extension 'ignore'
[4.993s] Level 1:colcon.colcon_core.package_identification:_identify(src/py_pubsub) by extension 'ignore_ament_install'
[4.994s] Level 1:colcon.colcon_core.package_identification:_identify(src/py_pubsub) by extensions ['colcon_pkg']
[4.994s] Level 1:colcon.colcon_core.package_identification:_identify(src/py_pubsub) by extension 'colcon_pkg'
[4.994s] Level 1:colcon.colcon_core.package_identification:_identify(src/py_pubsub) by extensions ['colcon_meta']
[4.995s] Level 1:colcon.colcon_core.package_identification:_identify(src/py_pubsub) by extension 'colcon_meta'
[4.995s] Level 1:colcon.colcon_core.package_identification:_identify(src/py_pubsub) by extensions ['ros']
[4.995s] Level 1:colcon.colcon_core.package_identification:_identify(src/py_pubsub) by extension 'ros'
[4.999s] DEBUG:colcon.colcon_core.package_identification:Package 'src/py_pubsub' with type 'ros.ament_python' and name 'py_pubsub'
[5.000s] Level 1:colcon.colcon_core.package_discovery:discover_packages(recursive) using defaults
[5.001s] Level 1:colcon.colcon_core.package_discovery:discover_packages(ignore) discover
[5.001s] Level 1:colcon.colcon_core.package_discovery:discover_packages(ignore) using defaults
[5.001s] Level 1:colcon.colcon_core.package_discovery:discover_packages(path) discover
[5.001s] Level 1:colcon.colcon_core.package_discovery:discover_packages(path) using defaults
[5.290s] INFO:colcon.colcon_core.package_selection:Skipping not selected package 'got_coffe' in 'src/got_coffe'
[5.291s] INFO:colcon.colcon_core.package_selection:Skipping not selected package 'my_package' in 'src/my_package'
[5.307s] Level 1:colcon.colcon_core.package_discovery:discover_packages(prefix_path) check parameters
[5.308s] Level 1:colcon.colcon_core.package_discovery:discover_packages(prefix_path) discover
[5.367s] DEBUG:colcon.colcon_installed_package_information.package_discovery:Found 256 installed packages in /opt/ros/foxy
[5.382s] Level 1:colcon.colcon_core.package_discovery:discover_packages(prefix_path) using defaults
[5.962s] Level 5:colcon.colcon_core.verb:set package 'py_pubsub' build argument 'cmake_args' from command line to 'None'
[5.963s] Level 5:colcon.colcon_core.verb:set package 'py_pubsub' build argument 'cmake_target' from command line to 'None'
[5.963s] Level 5:colcon.colcon_core.verb:set package 'py_pubsub' build argument 'cmake_target_skip_unavailable' from command line to 'False'
[5.963s] Level 5:colcon.colcon_core.verb:set package 'py_pubsub' build argument 'cmake_clean_cache' from command line to 'False'
[5.963s] Level 5:colcon.colcon_core.verb:set package 'py_pubsub' build argument 'cmake_clean_first' from command line to 'False'
[5.963s] Level 5:colcon.colcon_core.verb:set package 'py_pubsub' build argument 'cmake_force_configure' from command line to 'False'
[5.964s] Level 5:colcon.colcon_core.verb:set package 'py_pubsub' build argument 'ament_cmake_args' from command line to 'None'
[5.964s] Level 5:colcon.colcon_core.verb:set package 'py_pubsub' build argument 'catkin_cmake_args' from command line to 'None'
[5.964s] Level 5:colcon.colcon_core.verb:set package 'py_pubsub' build argument 'catkin_skip_building_tests' from command line to 'False'
[5.964s] DEBUG:colcon.colcon_core.verb:Building package 'py_pubsub' with the following arguments: {'ament_cmake_args': None, 'build_base': '/home/xilinx/wrkspace/build/py_pubsub', 'catkin_cmake_args': None, 'catkin_skip_building_tests': False, 'cmake_args': None, 'cmake_clean_cache': False, 'cmake_clean_first': False, 'cmake_force_configure': False, 'cmake_target': None, 'cmake_target_skip_unavailable': False, 'install_base': '/home/xilinx/wrkspace/install/py_pubsub', 'merge_install': False, 'path': '/home/xilinx/wrkspace/src/py_pubsub', 'symlink_install': False, 'test_result_base': None}
[5.987s] INFO:colcon.colcon_core.executor:Executing jobs using 'parallel' executor
[6.130s] DEBUG:colcon.colcon_parallel_executor.executor.parallel:run_until_complete
[6.132s] INFO:colcon.colcon_ros.task.ament_python.build:Building ROS package in '/home/xilinx/wrkspace/src/py_pubsub' with build type 'ament_python'
[6.134s] Level 1:colcon.colcon_core.shell:create_environment_hook('py_pubsub', 'ament_prefix_path')
[6.207s] INFO:colcon.colcon_core.plugin_system:Skipping extension 'colcon_core.shell.bat': Not used on non-Windows systems
[6.209s] INFO:colcon.colcon_core.shell:Creating environment hook '/home/xilinx/wrkspace/install/py_pubsub/share/py_pubsub/hook/ament_prefix_path.ps1'
[6.213s] INFO:colcon.colcon_core.shell:Creating environment descriptor '/home/xilinx/wrkspace/install/py_pubsub/share/py_pubsub/hook/ament_prefix_path.dsv'
[6.216s] INFO:colcon.colcon_core.shell:Creating environment hook '/home/xilinx/wrkspace/install/py_pubsub/share/py_pubsub/hook/ament_prefix_path.sh'
[6.272s] INFO:colcon.colcon_core.shell:Skip shell extension 'powershell' for command environment: Not usable outside of PowerShell
[6.273s] DEBUG:colcon.colcon_core.shell:Skip shell extension 'dsv' for command environment
[13.054s] INFO:colcon.colcon_core.task.python.build:Building Python package in '/home/xilinx/wrkspace/src/py_pubsub'
[13.107s] INFO:colcon.colcon_core.shell:Skip shell extension 'powershell' for command environment: Not usable outside of PowerShell
[13.107s] DEBUG:colcon.colcon_core.shell:Skip shell extension 'dsv' for command environment
[24.902s] DEBUG:colcon.colcon_core.event_handler.log_command:Invoking command in '/home/xilinx/wrkspace/src/py_pubsub': PS1=\[\e]0;\u@\h: \w\a\]${debian_chroot:+($debian_chroot)}\u@\h:\w\$ PYTHONPATH=/home/xilinx/wrkspace/install/py_pubsub/lib/python3.8/site-packages:${PYTHONPATH} /usr/local/share/pynq-venv/bin/python3 setup.py egg_info --egg-base ../../build/py_pubsub build --build-base /home/xilinx/wrkspace/build/py_pubsub/build install --prefix /home/xilinx/wrkspace/install/py_pubsub --record /home/xilinx/wrkspace/build/py_pubsub/install.log --single-version-externally-managed
[39.859s] DEBUG:colcon.colcon_core.event_handler.log_command:Invoked command in '/home/xilinx/wrkspace/src/py_pubsub' returned '0': PS1=\[\e]0;\u@\h: \w\a\]${debian_chroot:+($debian_chroot)}\u@\h:\w\$ PYTHONPATH=/home/xilinx/wrkspace/install/py_pubsub/lib/python3.8/site-packages:${PYTHONPATH} /usr/local/share/pynq-venv/bin/python3 setup.py egg_info --egg-base ../../build/py_pubsub build --build-base /home/xilinx/wrkspace/build/py_pubsub/build install --prefix /home/xilinx/wrkspace/install/py_pubsub --record /home/xilinx/wrkspace/build/py_pubsub/install.log --single-version-externally-managed
[39.950s] Level 1:colcon.colcon_core.environment:checking '/home/xilinx/wrkspace/install/py_pubsub' for CMake module files
[39.953s] Level 1:colcon.colcon_core.environment:checking '/home/xilinx/wrkspace/install/py_pubsub' for CMake config files
[39.957s] Level 1:colcon.colcon_core.environment:checking '/home/xilinx/wrkspace/install/py_pubsub/lib'
[39.959s] Level 1:colcon.colcon_core.environment:checking '/home/xilinx/wrkspace/install/py_pubsub/bin'
[39.959s] Level 1:colcon.colcon_core.shell:create_environment_hook('py_pubsub', 'path')
[40.012s] INFO:colcon.colcon_core.shell:Creating environment hook '/home/xilinx/wrkspace/install/py_pubsub/share/py_pubsub/hook/path.ps1'
[40.016s] INFO:colcon.colcon_core.shell:Creating environment descriptor '/home/xilinx/wrkspace/install/py_pubsub/share/py_pubsub/hook/path.dsv'
[40.019s] INFO:colcon.colcon_core.shell:Creating environment hook '/home/xilinx/wrkspace/install/py_pubsub/share/py_pubsub/hook/path.sh'
[40.021s] Level 1:colcon.colcon_core.environment:checking '/home/xilinx/wrkspace/install/py_pubsub/lib/pkgconfig/py_pubsub.pc'
[40.023s] Level 1:colcon.colcon_core.environment:checking '/home/xilinx/wrkspace/install/py_pubsub/lib/python3.8/site-packages'
[40.024s] Level 1:colcon.colcon_core.shell:create_environment_hook('py_pubsub', 'pythonpath')
[40.074s] INFO:colcon.colcon_core.shell:Creating environment hook '/home/xilinx/wrkspace/install/py_pubsub/share/py_pubsub/hook/pythonpath.ps1'
[40.078s] INFO:colcon.colcon_core.shell:Creating environment descriptor '/home/xilinx/wrkspace/install/py_pubsub/share/py_pubsub/hook/pythonpath.dsv'
[40.080s] INFO:colcon.colcon_core.shell:Creating environment hook '/home/xilinx/wrkspace/install/py_pubsub/share/py_pubsub/hook/pythonpath.sh'
[40.083s] Level 1:colcon.colcon_core.environment:checking '/home/xilinx/wrkspace/install/py_pubsub/bin'
[40.084s] Level 1:colcon.colcon_core.shell:create_environment_hook('py_pubsub', 'pythonscriptspath')
[40.137s] INFO:colcon.colcon_core.shell:Creating environment hook '/home/xilinx/wrkspace/install/py_pubsub/share/py_pubsub/hook/pythonscriptspath.ps1'
[40.140s] INFO:colcon.colcon_core.shell:Creating environment descriptor '/home/xilinx/wrkspace/install/py_pubsub/share/py_pubsub/hook/pythonscriptspath.dsv'
[40.142s] INFO:colcon.colcon_core.shell:Creating environment hook '/home/xilinx/wrkspace/install/py_pubsub/share/py_pubsub/hook/pythonscriptspath.sh'
[40.145s] Level 1:colcon.colcon_core.environment:create_environment_scripts_only(py_pubsub)
[40.198s] INFO:colcon.colcon_core.shell:Creating package script '/home/xilinx/wrkspace/install/py_pubsub/share/py_pubsub/package.ps1'
[40.205s] INFO:colcon.colcon_core.shell:Creating package descriptor '/home/xilinx/wrkspace/install/py_pubsub/share/py_pubsub/package.dsv'
[40.381s] INFO:colcon.colcon_core.shell:Creating package script '/home/xilinx/wrkspace/install/py_pubsub/share/py_pubsub/package.sh'
[40.388s] INFO:colcon.colcon_core.shell:Creating package script '/home/xilinx/wrkspace/install/py_pubsub/share/py_pubsub/package.bash'
[40.394s] INFO:colcon.colcon_core.shell:Creating package script '/home/xilinx/wrkspace/install/py_pubsub/share/py_pubsub/package.zsh'
[40.399s] Level 1:colcon.colcon_core.environment:create_file_with_runtime_dependencies(/home/xilinx/wrkspace/install/py_pubsub/share/colcon-core/packages/py_pubsub)
[40.402s] DEBUG:colcon.colcon_parallel_executor.executor.parallel:closing loop
[40.403s] DEBUG:colcon.colcon_parallel_executor.executor.parallel:loop closed
[40.404s] DEBUG:colcon.colcon_parallel_executor.executor.parallel:run_until_complete finished with '0'
[40.405s] DEBUG:colcon.colcon_core.event_reactor:joining thread
[40.480s] INFO:colcon.colcon_core.plugin_system:Skipping extension 'colcon_notification.desktop_notification.notify_send': Could not find 'notify-send'
[40.480s] INFO:colcon.colcon_core.plugin_system:Skipping extension 'colcon_notification.desktop_notification.terminal_notifier': Not used on non-Darwin systems
[40.481s] INFO:colcon.colcon_core.plugin_system:Skipping extension 'colcon_notification.desktop_notification.win32': Not used on non-Windows systems
[40.481s] INFO:colcon.colcon_notification.desktop_notification:Sending desktop notification using 'notify2'
[40.485s] DEBUG:colcon.colcon_notification.desktop_notification.notify2:Failed to initialize notify2: org.freedesktop.DBus.Error.ServiceUnknown: The name org.freedesktop.Notifications was not provided by any .service files
[40.486s] DEBUG:colcon.colcon_core.event_reactor:joined thread
[40.538s] INFO:colcon.colcon_core.shell:Creating prefix script '/home/xilinx/wrkspace/install/local_setup.ps1'
[40.545s] INFO:colcon.colcon_core.shell:Creating prefix util module '/home/xilinx/wrkspace/install/_local_setup_util_ps1.py'
[40.556s] INFO:colcon.colcon_core.shell:Creating prefix chain script '/home/xilinx/wrkspace/install/setup.ps1'
[40.575s] INFO:colcon.colcon_core.shell:Creating prefix script '/home/xilinx/wrkspace/install/local_setup.sh'
[40.578s] INFO:colcon.colcon_core.shell:Creating prefix util module '/home/xilinx/wrkspace/install/_local_setup_util_sh.py'
[40.581s] INFO:colcon.colcon_core.shell:Creating prefix chain script '/home/xilinx/wrkspace/install/setup.sh'
[40.601s] INFO:colcon.colcon_core.shell:Creating prefix script '/home/xilinx/wrkspace/install/local_setup.bash'
[40.604s] INFO:colcon.colcon_core.shell:Creating prefix chain script '/home/xilinx/wrkspace/install/setup.bash'
[40.623s] INFO:colcon.colcon_core.shell:Creating prefix script '/home/xilinx/wrkspace/install/local_setup.zsh'
[40.626s] INFO:colcon.colcon_core.shell:Creating prefix chain script '/home/xilinx/wrkspace/install/setup.zsh'
