[1.280s] DEBUG:colcon:Command line arguments: ['/usr/bin/colcon', 'build', '--packages-select', 'got_coffe']
[1.281s] DEBUG:colcon:Parsed command line arguments: Namespace(allow_overriding=[], ament_cmake_args=None, base_paths=['.'], build_base='build', catkin_cmake_args=None, catkin_skip_building_tests=False, cmake_args=None, cmake_clean_cache=False, cmake_clean_first=False, cmake_force_configure=False, cmake_target=None, cmake_target_skip_unavailable=False, continue_on_error=False, event_handlers=None, executor='parallel', ignore_user_meta=False, install_base='install', log_base=None, log_level=None, main=<bound method BuildVerb.main of <colcon_core.verb.build.BuildVerb object at 0xffff84f0e7f0>>, merge_install=False, metas=['./colcon.meta'], packages_above=None, packages_above_and_dependencies=None, packages_above_depth=None, packages_end=None, packages_ignore=None, packages_ignore_regex=None, packages_select=['got_coffe'], packages_select_build_failed=False, packages_select_by_dep=None, packages_select_regex=None, packages_select_test_failures=False, packages_skip=None, packages_skip_build_finished=False, packages_skip_by_dep=None, packages_skip_regex=None, packages_skip_test_passed=False, packages_skip_up_to=None, packages_start=None, packages_up_to=None, packages_up_to_regex=None, parallel_workers=4, paths=None, symlink_install=False, test_result_base=None, verb_extension=<colcon_core.verb.build.BuildVerb object at 0xffff84f0e7f0>, verb_name='build', verb_parser=<colcon_defaults.argument_parser.defaults.DefaultArgumentsDecorator object at 0xffff84f0ed60>)
[1.509s] Level 1:colcon.colcon_core.package_discovery:discover_packages(colcon_meta) check parameters
[1.510s] Level 1:colcon.colcon_core.package_discovery:discover_packages(recursive) check parameters
[1.510s] Level 1:colcon.colcon_core.package_discovery:discover_packages(ignore) check parameters
[1.510s] Level 1:colcon.colcon_core.package_discovery:discover_packages(path) check parameters
[1.510s] Level 1:colcon.colcon_core.package_discovery:discover_packages(colcon_meta) discover
[1.511s] Level 1:colcon.colcon_core.package_discovery:discover_packages(recursive) discover
[1.511s] INFO:colcon.colcon_core.package_discovery:Crawling recursively for packages in '/home/xilinx/wrkspace'
[1.512s] Level 1:colcon.colcon_core.package_identification:_identify(.) by extensions ['ignore', 'ignore_ament_install']
[1.512s] Level 1:colcon.colcon_core.package_identification:_identify(.) by extension 'ignore'
[1.513s] Level 1:colcon.colcon_core.package_identification:_identify(.) by extension 'ignore_ament_install'
[1.513s] Level 1:colcon.colcon_core.package_identification:_identify(.) by extensions ['colcon_pkg']
[1.513s] Level 1:colcon.colcon_core.package_identification:_identify(.) by extension 'colcon_pkg'
[1.513s] Level 1:colcon.colcon_core.package_identification:_identify(.) by extensions ['colcon_meta']
[1.514s] Level 1:colcon.colcon_core.package_identification:_identify(.) by extension 'colcon_meta'
[1.514s] Level 1:colcon.colcon_core.package_identification:_identify(.) by extensions ['ros']
[1.514s] Level 1:colcon.colcon_core.package_identification:_identify(.) by extension 'ros'
[1.595s] Level 1:colcon.colcon_core.package_identification:_identify(.) by extensions ['cmake', 'python']
[1.595s] Level 1:colcon.colcon_core.package_identification:_identify(.) by extension 'cmake'
[1.596s] Level 1:colcon.colcon_core.package_identification:_identify(.) by extension 'python'
[1.596s] Level 1:colcon.colcon_core.package_identification:_identify(.) by extensions ['python_setup_py']
[1.596s] Level 1:colcon.colcon_core.package_identification:_identify(.) by extension 'python_setup_py'
[1.597s] Level 1:colcon.colcon_core.package_identification:_identify(build) by extensions ['ignore', 'ignore_ament_install']
[1.598s] Level 1:colcon.colcon_core.package_identification:_identify(build) by extension 'ignore'
[1.598s] Level 1:colcon.colcon_core.package_identification:_identify(build) ignored
[1.599s] Level 1:colcon.colcon_core.package_identification:_identify(install) by extensions ['ignore', 'ignore_ament_install']
[1.599s] Level 1:colcon.colcon_core.package_identification:_identify(install) by extension 'ignore'
[1.599s] Level 1:colcon.colcon_core.package_identification:_identify(install) ignored
[1.603s] Level 1:colcon.colcon_core.package_identification:_identify(log) by extensions ['ignore', 'ignore_ament_install']
[1.603s] Level 1:colcon.colcon_core.package_identification:_identify(log) by extension 'ignore'
[1.603s] Level 1:colcon.colcon_core.package_identification:_identify(log) ignored
[1.604s] Level 1:colcon.colcon_core.package_identification:_identify(src) by extensions ['ignore', 'ignore_ament_install']
[1.604s] Level 1:colcon.colcon_core.package_identification:_identify(src) by extension 'ignore'
[1.605s] Level 1:colcon.colcon_core.package_identification:_identify(src) by extension 'ignore_ament_install'
[1.605s] Level 1:colcon.colcon_core.package_identification:_identify(src) by extensions ['colcon_pkg']
[1.605s] Level 1:colcon.colcon_core.package_identification:_identify(src) by extension 'colcon_pkg'
[1.606s] Level 1:colcon.colcon_core.package_identification:_identify(src) by extensions ['colcon_meta']
[1.606s] Level 1:colcon.colcon_core.package_identification:_identify(src) by extension 'colcon_meta'
[1.606s] Level 1:colcon.colcon_core.package_identification:_identify(src) by extensions ['ros']
[1.606s] Level 1:colcon.colcon_core.package_identification:_identify(src) by extension 'ros'
[1.607s] Level 1:colcon.colcon_core.package_identification:_identify(src) by extensions ['cmake', 'python']
[1.607s] Level 1:colcon.colcon_core.package_identification:_identify(src) by extension 'cmake'
[1.607s] Level 1:colcon.colcon_core.package_identification:_identify(src) by extension 'python'
[1.608s] Level 1:colcon.colcon_core.package_identification:_identify(src) by extensions ['python_setup_py']
[1.608s] Level 1:colcon.colcon_core.package_identification:_identify(src) by extension 'python_setup_py'
[1.609s] Level 1:colcon.colcon_core.package_identification:_identify(src/got_coffe) by extensions ['ignore', 'ignore_ament_install']
[1.609s] Level 1:colcon.colcon_core.package_identification:_identify(src/got_coffe) by extension 'ignore'
[1.609s] Level 1:colcon.colcon_core.package_identification:_identify(src/got_coffe) by extension 'ignore_ament_install'
[1.610s] Level 1:colcon.colcon_core.package_identification:_identify(src/got_coffe) by extensions ['colcon_pkg']
[1.610s] Level 1:colcon.colcon_core.package_identification:_identify(src/got_coffe) by extension 'colcon_pkg'
[1.610s] Level 1:colcon.colcon_core.package_identification:_identify(src/got_coffe) by extensions ['colcon_meta']
[1.611s] Level 1:colcon.colcon_core.package_identification:_identify(src/got_coffe) by extension 'colcon_meta'
[1.611s] Level 1:colcon.colcon_core.package_identification:_identify(src/got_coffe) by extensions ['ros']
[1.611s] Level 1:colcon.colcon_core.package_identification:_identify(src/got_coffe) by extension 'ros'
[1.627s] DEBUG:colcon.colcon_core.package_identification:Package 'src/got_coffe' with type 'ros.ament_python' and name 'got_coffe'
[1.629s] Level 1:colcon.colcon_core.package_identification:_identify(src/my_package) by extensions ['ignore', 'ignore_ament_install']
[1.643s] Level 1:colcon.colcon_core.package_identification:_identify(src/my_package) by extension 'ignore'
[1.644s] Level 1:colcon.colcon_core.package_identification:_identify(src/my_package) by extension 'ignore_ament_install'
[1.644s] Level 1:colcon.colcon_core.package_identification:_identify(src/my_package) by extensions ['colcon_pkg']
[1.645s] Level 1:colcon.colcon_core.package_identification:_identify(src/my_package) by extension 'colcon_pkg'
[1.645s] Level 1:colcon.colcon_core.package_identification:_identify(src/my_package) by extensions ['colcon_meta']
[1.645s] Level 1:colcon.colcon_core.package_identification:_identify(src/my_package) by extension 'colcon_meta'
[1.646s] Level 1:colcon.colcon_core.package_identification:_identify(src/my_package) by extensions ['ros']
[1.646s] Level 1:colcon.colcon_core.package_identification:_identify(src/my_package) by extension 'ros'
[1.650s] DEBUG:colcon.colcon_core.package_identification:Package 'src/my_package' with type 'ros.ament_python' and name 'my_package'
[1.650s] Level 1:colcon.colcon_core.package_identification:_identify(src/py_pubsub) by extensions ['ignore', 'ignore_ament_install']
[1.651s] Level 1:colcon.colcon_core.package_identification:_identify(src/py_pubsub) by extension 'ignore'
[1.651s] Level 1:colcon.colcon_core.package_identification:_identify(src/py_pubsub) by extension 'ignore_ament_install'
[1.652s] Level 1:colcon.colcon_core.package_identification:_identify(src/py_pubsub) by extensions ['colcon_pkg']
[1.652s] Level 1:colcon.colcon_core.package_identification:_identify(src/py_pubsub) by extension 'colcon_pkg'
[1.652s] Level 1:colcon.colcon_core.package_identification:_identify(src/py_pubsub) by extensions ['colcon_meta']
[1.652s] Level 1:colcon.colcon_core.package_identification:_identify(src/py_pubsub) by extension 'colcon_meta'
[1.653s] Level 1:colcon.colcon_core.package_identification:_identify(src/py_pubsub) by extensions ['ros']
[1.653s] Level 1:colcon.colcon_core.package_identification:_identify(src/py_pubsub) by extension 'ros'
[1.657s] DEBUG:colcon.colcon_core.package_identification:Package 'src/py_pubsub' with type 'ros.ament_python' and name 'py_pubsub'
[1.657s] Level 1:colcon.colcon_core.package_discovery:discover_packages(recursive) using defaults
[1.658s] Level 1:colcon.colcon_core.package_discovery:discover_packages(ignore) discover
[1.658s] Level 1:colcon.colcon_core.package_discovery:discover_packages(ignore) using defaults
[1.658s] Level 1:colcon.colcon_core.package_discovery:discover_packages(path) discover
[1.658s] Level 1:colcon.colcon_core.package_discovery:discover_packages(path) using defaults
[1.807s] INFO:colcon.colcon_core.package_selection:Skipping not selected package 'my_package' in 'src/my_package'
[1.807s] INFO:colcon.colcon_core.package_selection:Skipping not selected package 'py_pubsub' in 'src/py_pubsub'
[1.814s] Level 1:colcon.colcon_core.package_discovery:discover_packages(prefix_path) check parameters
[1.814s] Level 1:colcon.colcon_core.package_discovery:discover_packages(prefix_path) discover
[1.840s] DEBUG:colcon.colcon_installed_package_information.package_discovery:Found 256 installed packages in /opt/ros/foxy
[1.855s] Level 1:colcon.colcon_core.package_discovery:discover_packages(prefix_path) using defaults
[2.575s] Level 5:colcon.colcon_core.verb:set package 'got_coffe' build argument 'cmake_args' from command line to 'None'
[2.575s] Level 5:colcon.colcon_core.verb:set package 'got_coffe' build argument 'cmake_target' from command line to 'None'
[2.576s] Level 5:colcon.colcon_core.verb:set package 'got_coffe' build argument 'cmake_target_skip_unavailable' from command line to 'False'
[2.576s] Level 5:colcon.colcon_core.verb:set package 'got_coffe' build argument 'cmake_clean_cache' from command line to 'False'
[2.576s] Level 5:colcon.colcon_core.verb:set package 'got_coffe' build argument 'cmake_clean_first' from command line to 'False'
[2.576s] Level 5:colcon.colcon_core.verb:set package 'got_coffe' build argument 'cmake_force_configure' from command line to 'False'
[2.576s] Level 5:colcon.colcon_core.verb:set package 'got_coffe' build argument 'ament_cmake_args' from command line to 'None'
[2.577s] Level 5:colcon.colcon_core.verb:set package 'got_coffe' build argument 'catkin_cmake_args' from command line to 'None'
[2.577s] Level 5:colcon.colcon_core.verb:set package 'got_coffe' build argument 'catkin_skip_building_tests' from command line to 'False'
[2.577s] DEBUG:colcon.colcon_core.verb:Building package 'got_coffe' with the following arguments: {'ament_cmake_args': None, 'build_base': '/home/xilinx/wrkspace/build/got_coffe', 'catkin_cmake_args': None, 'catkin_skip_building_tests': False, 'cmake_args': None, 'cmake_clean_cache': False, 'cmake_clean_first': False, 'cmake_force_configure': False, 'cmake_target': None, 'cmake_target_skip_unavailable': False, 'install_base': '/home/xilinx/wrkspace/install/got_coffe', 'merge_install': False, 'path': '/home/xilinx/wrkspace/src/got_coffe', 'symlink_install': False, 'test_result_base': None}
[2.580s] INFO:colcon.colcon_core.executor:Executing jobs using 'parallel' executor
[2.594s] DEBUG:colcon.colcon_parallel_executor.executor.parallel:run_until_complete
[2.596s] INFO:colcon.colcon_ros.task.ament_python.build:Building ROS package in '/home/xilinx/wrkspace/src/got_coffe' with build type 'ament_python'
[2.597s] Level 1:colcon.colcon_core.shell:create_environment_hook('got_coffe', 'ament_prefix_path')
[2.633s] INFO:colcon.colcon_core.plugin_system:Skipping extension 'colcon_core.shell.bat': Not used on non-Windows systems
[2.634s] INFO:colcon.colcon_core.shell:Creating environment hook '/home/xilinx/wrkspace/install/got_coffe/share/got_coffe/hook/ament_prefix_path.ps1'
[2.643s] INFO:colcon.colcon_core.shell:Creating environment descriptor '/home/xilinx/wrkspace/install/got_coffe/share/got_coffe/hook/ament_prefix_path.dsv'
[3.210s] INFO:colcon.colcon_core.shell:Creating environment hook '/home/xilinx/wrkspace/install/got_coffe/share/got_coffe/hook/ament_prefix_path.sh'
[3.221s] INFO:colcon.colcon_core.shell:Skip shell extension 'powershell' for command environment: Not usable outside of PowerShell
[3.222s] DEBUG:colcon.colcon_core.shell:Skip shell extension 'dsv' for command environment
[4.920s] INFO:colcon.colcon_core.task.python.build:Building Python package in '/home/xilinx/wrkspace/src/got_coffe'
[4.926s] INFO:colcon.colcon_core.shell:Skip shell extension 'powershell' for command environment: Not usable outside of PowerShell
[4.927s] DEBUG:colcon.colcon_core.shell:Skip shell extension 'dsv' for command environment
[8.188s] DEBUG:colcon.colcon_core.event_handler.log_command:Invoking command in '/home/xilinx/wrkspace/src/got_coffe': PYTHONPATH=/home/xilinx/wrkspace/install/got_coffe/lib/python3.8/site-packages:${PYTHONPATH} /usr/bin/python3 setup.py egg_info --egg-base ../../build/got_coffe build --build-base /home/xilinx/wrkspace/build/got_coffe/build install --prefix /home/xilinx/wrkspace/install/got_coffe --record /home/xilinx/wrkspace/build/got_coffe/install.log --single-version-externally-managed
[10.837s] DEBUG:colcon.colcon_core.event_handler.log_command:Invoked command in '/home/xilinx/wrkspace/src/got_coffe' returned '0': PYTHONPATH=/home/xilinx/wrkspace/install/got_coffe/lib/python3.8/site-packages:${PYTHONPATH} /usr/bin/python3 setup.py egg_info --egg-base ../../build/got_coffe build --build-base /home/xilinx/wrkspace/build/got_coffe/build install --prefix /home/xilinx/wrkspace/install/got_coffe --record /home/xilinx/wrkspace/build/got_coffe/install.log --single-version-externally-managed
[10.871s] Level 1:colcon.colcon_core.environment:checking '/home/xilinx/wrkspace/install/got_coffe' for CMake module files
[10.876s] Level 1:colcon.colcon_core.environment:checking '/home/xilinx/wrkspace/install/got_coffe' for CMake config files
[10.883s] Level 1:colcon.colcon_core.environment:checking '/home/xilinx/wrkspace/install/got_coffe/lib'
[10.884s] Level 1:colcon.colcon_core.environment:checking '/home/xilinx/wrkspace/install/got_coffe/bin'
[10.885s] Level 1:colcon.colcon_core.shell:create_environment_hook('got_coffe', 'path')
[10.889s] INFO:colcon.colcon_core.shell:Creating environment hook '/home/xilinx/wrkspace/install/got_coffe/share/got_coffe/hook/path.ps1'
[10.892s] INFO:colcon.colcon_core.shell:Creating environment descriptor '/home/xilinx/wrkspace/install/got_coffe/share/got_coffe/hook/path.dsv'
[10.894s] INFO:colcon.colcon_core.shell:Creating environment hook '/home/xilinx/wrkspace/install/got_coffe/share/got_coffe/hook/path.sh'
[10.896s] Level 1:colcon.colcon_core.environment:checking '/home/xilinx/wrkspace/install/got_coffe/lib/pkgconfig/got_coffe.pc'
[10.898s] Level 1:colcon.colcon_core.environment:checking '/home/xilinx/wrkspace/install/got_coffe/lib/python3.8/site-packages'
[10.899s] Level 1:colcon.colcon_core.shell:create_environment_hook('got_coffe', 'pythonpath')
[10.903s] INFO:colcon.colcon_core.shell:Creating environment hook '/home/xilinx/wrkspace/install/got_coffe/share/got_coffe/hook/pythonpath.ps1'
[10.907s] INFO:colcon.colcon_core.shell:Creating environment descriptor '/home/xilinx/wrkspace/install/got_coffe/share/got_coffe/hook/pythonpath.dsv'
[10.909s] INFO:colcon.colcon_core.shell:Creating environment hook '/home/xilinx/wrkspace/install/got_coffe/share/got_coffe/hook/pythonpath.sh'
[10.913s] Level 1:colcon.colcon_core.environment:checking '/home/xilinx/wrkspace/install/got_coffe/bin'
[10.913s] Level 1:colcon.colcon_core.shell:create_environment_hook('got_coffe', 'pythonscriptspath')
[10.918s] INFO:colcon.colcon_core.shell:Creating environment hook '/home/xilinx/wrkspace/install/got_coffe/share/got_coffe/hook/pythonscriptspath.ps1'
[10.920s] INFO:colcon.colcon_core.shell:Creating environment descriptor '/home/xilinx/wrkspace/install/got_coffe/share/got_coffe/hook/pythonscriptspath.dsv'
[10.922s] INFO:colcon.colcon_core.shell:Creating environment hook '/home/xilinx/wrkspace/install/got_coffe/share/got_coffe/hook/pythonscriptspath.sh'
[10.924s] Level 1:colcon.colcon_core.environment:create_environment_scripts_only(got_coffe)
[10.930s] INFO:colcon.colcon_core.shell:Creating package script '/home/xilinx/wrkspace/install/got_coffe/share/got_coffe/package.ps1'
[11.079s] INFO:colcon.colcon_core.shell:Creating package descriptor '/home/xilinx/wrkspace/install/got_coffe/share/got_coffe/package.dsv'
[11.085s] INFO:colcon.colcon_core.shell:Creating package script '/home/xilinx/wrkspace/install/got_coffe/share/got_coffe/package.sh'
[11.094s] INFO:colcon.colcon_core.shell:Creating package script '/home/xilinx/wrkspace/install/got_coffe/share/got_coffe/package.bash'
[11.103s] INFO:colcon.colcon_core.shell:Creating package script '/home/xilinx/wrkspace/install/got_coffe/share/got_coffe/package.zsh'
[11.113s] Level 1:colcon.colcon_core.environment:create_file_with_runtime_dependencies(/home/xilinx/wrkspace/install/got_coffe/share/colcon-core/packages/got_coffe)
[11.115s] DEBUG:colcon.colcon_parallel_executor.executor.parallel:closing loop
[11.117s] DEBUG:colcon.colcon_parallel_executor.executor.parallel:loop closed
[11.118s] DEBUG:colcon.colcon_parallel_executor.executor.parallel:run_until_complete finished with '0'
[11.118s] DEBUG:colcon.colcon_core.event_reactor:joining thread
[11.158s] INFO:colcon.colcon_core.plugin_system:Skipping extension 'colcon_notification.desktop_notification.notify_send': Could not find 'notify-send'
[11.159s] INFO:colcon.colcon_core.plugin_system:Skipping extension 'colcon_notification.desktop_notification.terminal_notifier': Not used on non-Darwin systems
[11.160s] INFO:colcon.colcon_core.plugin_system:Skipping extension 'colcon_notification.desktop_notification.win32': Not used on non-Windows systems
[11.160s] INFO:colcon.colcon_notification.desktop_notification:Sending desktop notification using 'notify2'
[11.160s] DEBUG:colcon.colcon_notification.desktop_notification.notify2:Failed to initialize notify2: org.freedesktop.DBus.Error.NotSupported: Unable to autolaunch a dbus-daemon without a $DISPLAY for X11
[11.161s] DEBUG:colcon.colcon_core.event_reactor:joined thread
[11.165s] INFO:colcon.colcon_core.shell:Creating prefix script '/home/xilinx/wrkspace/install/local_setup.ps1'
[11.173s] INFO:colcon.colcon_core.shell:Creating prefix util module '/home/xilinx/wrkspace/install/_local_setup_util_ps1.py'
[11.188s] INFO:colcon.colcon_core.shell:Creating prefix chain script '/home/xilinx/wrkspace/install/setup.ps1'
[11.199s] INFO:colcon.colcon_core.shell:Creating prefix script '/home/xilinx/wrkspace/install/local_setup.sh'
[11.207s] INFO:colcon.colcon_core.shell:Creating prefix util module '/home/xilinx/wrkspace/install/_local_setup_util_sh.py'
[11.210s] INFO:colcon.colcon_core.shell:Creating prefix chain script '/home/xilinx/wrkspace/install/setup.sh'
[11.221s] INFO:colcon.colcon_core.shell:Creating prefix script '/home/xilinx/wrkspace/install/local_setup.bash'
[11.228s] INFO:colcon.colcon_core.shell:Creating prefix chain script '/home/xilinx/wrkspace/install/setup.bash'
[11.237s] INFO:colcon.colcon_core.shell:Creating prefix script '/home/xilinx/wrkspace/install/local_setup.zsh'
[11.243s] INFO:colcon.colcon_core.shell:Creating prefix chain script '/home/xilinx/wrkspace/install/setup.zsh'
