[21.456s] Invoking command in '/home/xilinx/wrkspace/src/py_pubsub': PS1=\[\e]0;\u@\h: \w\a\]${debian_chroot:+($debian_chroot)}\u@\h:\w\$ PYTHONPATH=/home/xilinx/wrkspace/install/py_pubsub/lib/python3.8/site-packages:${PYTHONPATH} /usr/local/share/pynq-venv/bin/python3 setup.py egg_info --egg-base ../../build/py_pubsub build --build-base /home/xilinx/wrkspace/build/py_pubsub/build install --prefix /home/xilinx/wrkspace/install/py_pubsub --record /home/xilinx/wrkspace/build/py_pubsub/install.log --single-version-externally-managed
[24.450s] /usr/local/share/pynq-venv/lib/python3.8/site-packages/setuptools/dist.py:767: UserWarning: Usage of dash-separated 'script-dir' will not be supported in future versions. Please use the underscore name 'script_dir' instead
[24.451s]   warnings.warn(
[29.898s] running egg_info
[30.494s] writing ../../build/py_pubsub/py_pubsub.egg-info/PKG-INFO
[30.948s] writing dependency_links to ../../build/py_pubsub/py_pubsub.egg-info/dependency_links.txt
[32.475s] writing entry points to ../../build/py_pubsub/py_pubsub.egg-info/entry_points.txt
[33.383s] writing requirements to ../../build/py_pubsub/py_pubsub.egg-info/requires.txt
[33.834s] writing top-level names to ../../build/py_pubsub/py_pubsub.egg-info/top_level.txt
[34.552s] reading manifest file '../../build/py_pubsub/py_pubsub.egg-info/SOURCES.txt'
[34.561s] writing manifest file '../../build/py_pubsub/py_pubsub.egg-info/SOURCES.txt'
[34.562s] running build
[34.562s] running build_py
[34.563s] copying py_pubsub/subscriber_member_function.py -> /home/xilinx/wrkspace/build/py_pubsub/build/lib/py_pubsub
[34.566s] running install
[34.567s] /usr/local/share/pynq-venv/lib/python3.8/site-packages/setuptools/command/install.py:34: SetuptoolsDeprecationWarning: setup.py install is deprecated. Use build and pip and other standards-based tools.
[34.567s]   warnings.warn(
[34.620s] running install_lib
[35.199s] copying /home/xilinx/wrkspace/build/py_pubsub/build/lib/py_pubsub/subscriber_member_function.py -> /home/xilinx/wrkspace/install/py_pubsub/lib/python3.8/site-packages/py_pubsub
[35.203s] byte-compiling /home/xilinx/wrkspace/install/py_pubsub/lib/python3.8/site-packages/py_pubsub/subscriber_member_function.py to subscriber_member_function.cpython-38.pyc
[35.207s] running install_data
[35.336s] running install_egg_info
[35.923s] removing '/home/xilinx/wrkspace/install/py_pubsub/lib/python3.8/site-packages/py_pubsub-0.0.0-py3.8.egg-info' (and everything under it)
[35.925s] Copying ../../build/py_pubsub/py_pubsub.egg-info to /home/xilinx/wrkspace/install/py_pubsub/lib/python3.8/site-packages/py_pubsub-0.0.0-py3.8.egg-info
[35.930s] running install_scripts
[37.111s] Installing listener script to /home/xilinx/wrkspace/install/py_pubsub/bin
[37.112s] Installing talker script to /home/xilinx/wrkspace/install/py_pubsub/bin
[37.120s] writing list of installed files to '/home/xilinx/wrkspace/build/py_pubsub/install.log'
[37.547s] Invoked command in '/home/xilinx/wrkspace/src/py_pubsub' returned '0': PS1=\[\e]0;\u@\h: \w\a\]${debian_chroot:+($debian_chroot)}\u@\h:\w\$ PYTHONPATH=/home/xilinx/wrkspace/install/py_pubsub/lib/python3.8/site-packages:${PYTHONPATH} /usr/local/share/pynq-venv/bin/python3 setup.py egg_info --egg-base ../../build/py_pubsub build --build-base /home/xilinx/wrkspace/build/py_pubsub/build install --prefix /home/xilinx/wrkspace/install/py_pubsub --record /home/xilinx/wrkspace/build/py_pubsub/install.log --single-version-externally-managed
