[4.510s] DEBUG:colcon:Command line arguments: ['/usr/local/share/pynq-venv/bin/colcon', 'build', '--packages-select', 'py_pubsub']
[4.511s] DEBUG:colcon:Parsed command line arguments: Namespace(allow_overriding=[], ament_cmake_args=None, base_paths=['.'], build_base='build', catkin_cmake_args=None, catkin_skip_building_tests=False, cmake_args=None, cmake_clean_cache=False, cmake_clean_first=False, cmake_force_configure=False, cmake_target=None, cmake_target_skip_unavailable=False, continue_on_error=False, event_handlers=None, executor='parallel', ignore_user_meta=False, install_base='install', log_base=None, log_level=None, main=<bound method BuildVerb.main of <colcon_core.verb.build.BuildVerb object at 0xffff81893580>>, merge_install=False, metas=['./colcon.meta'], packages_above=None, packages_above_and_dependencies=None, packages_above_depth=None, packages_end=None, packages_ignore=None, packages_ignore_regex=None, packages_select=['py_pubsub'], packages_select_build_failed=False, packages_select_by_dep=None, packages_select_regex=None, packages_select_test_failures=False, packages_skip=None, packages_skip_build_finished=False, packages_skip_by_dep=None, packages_skip_regex=None, packages_skip_test_passed=False, packages_skip_up_to=None, packages_start=None, packages_up_to=None, packages_up_to_regex=None, parallel_workers=4, paths=None, symlink_install=False, test_result_base=None, verb_extension=<colcon_core.verb.build.BuildVerb object at 0xffff81893580>, verb_name='build', verb_parser=<colcon_defaults.argument_parser.defaults.DefaultArgumentsDecorator object at 0xffff80f80cd0>)
[4.997s] Level 1:colcon.colcon_core.package_discovery:discover_packages(colcon_meta) check parameters
[4.998s] Level 1:colcon.colcon_core.package_discovery:discover_packages(recursive) check parameters
[4.998s] Level 1:colcon.colcon_core.package_discovery:discover_packages(ignore) check parameters
[4.999s] Level 1:colcon.colcon_core.package_discovery:discover_packages(path) check parameters
[4.999s] Level 1:colcon.colcon_core.package_discovery:discover_packages(colcon_meta) discover
[4.999s] Level 1:colcon.colcon_core.package_discovery:discover_packages(recursive) discover
[5.000s] INFO:colcon.colcon_core.package_discovery:Crawling recursively for packages in '/home/xilinx/wrkspace'
[5.000s] Level 1:colcon.colcon_core.package_identification:_identify(.) by extensions ['ignore', 'ignore_ament_install']
[5.001s] Level 1:colcon.colcon_core.package_identification:_identify(.) by extension 'ignore'
[5.001s] Level 1:colcon.colcon_core.package_identification:_identify(.) by extension 'ignore_ament_install'
[5.002s] Level 1:colcon.colcon_core.package_identification:_identify(.) by extensions ['colcon_pkg']
[5.002s] Level 1:colcon.colcon_core.package_identification:_identify(.) by extension 'colcon_pkg'
[5.002s] Level 1:colcon.colcon_core.package_identification:_identify(.) by extensions ['colcon_meta']
[5.002s] Level 1:colcon.colcon_core.package_identification:_identify(.) by extension 'colcon_meta'
[5.003s] Level 1:colcon.colcon_core.package_identification:_identify(.) by extensions ['ros']
[5.003s] Level 1:colcon.colcon_core.package_identification:_identify(.) by extension 'ros'
[5.211s] Level 1:colcon.colcon_core.package_identification:_identify(.) by extensions ['cmake', 'python']
[5.212s] Level 1:colcon.colcon_core.package_identification:_identify(.) by extension 'cmake'
[5.212s] Level 1:colcon.colcon_core.package_identification:_identify(.) by extension 'python'
[5.212s] Level 1:colcon.colcon_core.package_identification:_identify(.) by extensions ['python_setup_py']
[5.212s] Level 1:colcon.colcon_core.package_identification:_identify(.) by extension 'python_setup_py'
[5.213s] Level 1:colcon.colcon_core.package_identification:_identify(build) by extensions ['ignore', 'ignore_ament_install']
[5.214s] Level 1:colcon.colcon_core.package_identification:_identify(build) by extension 'ignore'
[5.214s] Level 1:colcon.colcon_core.package_identification:_identify(build) ignored
[5.215s] Level 1:colcon.colcon_core.package_identification:_identify(install) by extensions ['ignore', 'ignore_ament_install']
[5.215s] Level 1:colcon.colcon_core.package_identification:_identify(install) by extension 'ignore'
[5.216s] Level 1:colcon.colcon_core.package_identification:_identify(install) ignored
[5.217s] Level 1:colcon.colcon_core.package_identification:_identify(log) by extensions ['ignore', 'ignore_ament_install']
[5.217s] Level 1:colcon.colcon_core.package_identification:_identify(log) by extension 'ignore'
[5.217s] Level 1:colcon.colcon_core.package_identification:_identify(log) ignored
[5.218s] Level 1:colcon.colcon_core.package_identification:_identify(src) by extensions ['ignore', 'ignore_ament_install']
[5.218s] Level 1:colcon.colcon_core.package_identification:_identify(src) by extension 'ignore'
[5.219s] Level 1:colcon.colcon_core.package_identification:_identify(src) by extension 'ignore_ament_install'
[5.219s] Level 1:colcon.colcon_core.package_identification:_identify(src) by extensions ['colcon_pkg']
[5.219s] Level 1:colcon.colcon_core.package_identification:_identify(src) by extension 'colcon_pkg'
[5.219s] Level 1:colcon.colcon_core.package_identification:_identify(src) by extensions ['colcon_meta']
[5.220s] Level 1:colcon.colcon_core.package_identification:_identify(src) by extension 'colcon_meta'
[5.220s] Level 1:colcon.colcon_core.package_identification:_identify(src) by extensions ['ros']
[5.220s] Level 1:colcon.colcon_core.package_identification:_identify(src) by extension 'ros'
[5.221s] Level 1:colcon.colcon_core.package_identification:_identify(src) by extensions ['cmake', 'python']
[5.221s] Level 1:colcon.colcon_core.package_identification:_identify(src) by extension 'cmake'
[5.221s] Level 1:colcon.colcon_core.package_identification:_identify(src) by extension 'python'
[5.222s] Level 1:colcon.colcon_core.package_identification:_identify(src) by extensions ['python_setup_py']
[5.222s] Level 1:colcon.colcon_core.package_identification:_identify(src) by extension 'python_setup_py'
[5.222s] Level 1:colcon.colcon_core.package_identification:_identify(src/got_coffe) by extensions ['ignore', 'ignore_ament_install']
[5.223s] Level 1:colcon.colcon_core.package_identification:_identify(src/got_coffe) by extension 'ignore'
[5.223s] Level 1:colcon.colcon_core.package_identification:_identify(src/got_coffe) by extension 'ignore_ament_install'
[5.224s] Level 1:colcon.colcon_core.package_identification:_identify(src/got_coffe) by extensions ['colcon_pkg']
[5.224s] Level 1:colcon.colcon_core.package_identification:_identify(src/got_coffe) by extension 'colcon_pkg'
[5.224s] Level 1:colcon.colcon_core.package_identification:_identify(src/got_coffe) by extensions ['colcon_meta']
[5.224s] Level 1:colcon.colcon_core.package_identification:_identify(src/got_coffe) by extension 'colcon_meta'
[5.225s] Level 1:colcon.colcon_core.package_identification:_identify(src/got_coffe) by extensions ['ros']
[5.225s] Level 1:colcon.colcon_core.package_identification:_identify(src/got_coffe) by extension 'ros'
[5.241s] DEBUG:colcon.colcon_core.package_identification:Package 'src/got_coffe' with type 'ros.ament_python' and name 'got_coffe'
[5.242s] Level 1:colcon.colcon_core.package_identification:_identify(src/my_package) by extensions ['ignore', 'ignore_ament_install']
[5.243s] Level 1:colcon.colcon_core.package_identification:_identify(src/my_package) by extension 'ignore'
[5.243s] Level 1:colcon.colcon_core.package_identification:_identify(src/my_package) by extension 'ignore_ament_install'
[5.244s] Level 1:colcon.colcon_core.package_identification:_identify(src/my_package) by extensions ['colcon_pkg']
[5.244s] Level 1:colcon.colcon_core.package_identification:_identify(src/my_package) by extension 'colcon_pkg'
[5.244s] Level 1:colcon.colcon_core.package_identification:_identify(src/my_package) by extensions ['colcon_meta']
[5.244s] Level 1:colcon.colcon_core.package_identification:_identify(src/my_package) by extension 'colcon_meta'
[5.245s] Level 1:colcon.colcon_core.package_identification:_identify(src/my_package) by extensions ['ros']
[5.245s] Level 1:colcon.colcon_core.package_identification:_identify(src/my_package) by extension 'ros'
[5.248s] DEBUG:colcon.colcon_core.package_identification:Package 'src/my_package' with type 'ros.ament_python' and name 'my_package'
[5.249s] Level 1:colcon.colcon_core.package_identification:_identify(src/py_pubsub) by extensions ['ignore', 'ignore_ament_install']
[5.250s] Level 1:colcon.colcon_core.package_identification:_identify(src/py_pubsub) by extension 'ignore'
[5.250s] Level 1:colcon.colcon_core.package_identification:_identify(src/py_pubsub) by extension 'ignore_ament_install'
[5.251s] Level 1:colcon.colcon_core.package_identification:_identify(src/py_pubsub) by extensions ['colcon_pkg']
[5.251s] Level 1:colcon.colcon_core.package_identification:_identify(src/py_pubsub) by extension 'colcon_pkg'
[5.251s] Level 1:colcon.colcon_core.package_identification:_identify(src/py_pubsub) by extensions ['colcon_meta']
[5.251s] Level 1:colcon.colcon_core.package_identification:_identify(src/py_pubsub) by extension 'colcon_meta'
[5.252s] Level 1:colcon.colcon_core.package_identification:_identify(src/py_pubsub) by extensions ['ros']
[5.252s] Level 1:colcon.colcon_core.package_identification:_identify(src/py_pubsub) by extension 'ros'
[5.256s] DEBUG:colcon.colcon_core.package_identification:Package 'src/py_pubsub' with type 'ros.ament_python' and name 'py_pubsub'
[5.256s] Level 1:colcon.colcon_core.package_discovery:discover_packages(recursive) using defaults
[5.256s] Level 1:colcon.colcon_core.package_discovery:discover_packages(ignore) discover
[5.257s] Level 1:colcon.colcon_core.package_discovery:discover_packages(ignore) using defaults
[5.257s] Level 1:colcon.colcon_core.package_discovery:discover_packages(path) discover
[5.257s] Level 1:colcon.colcon_core.package_discovery:discover_packages(path) using defaults
[5.572s] INFO:colcon.colcon_core.package_selection:Skipping not selected package 'got_coffe' in 'src/got_coffe'
[5.573s] INFO:colcon.colcon_core.package_selection:Skipping not selected package 'my_package' in 'src/my_package'
[5.592s] Level 1:colcon.colcon_core.package_discovery:discover_packages(prefix_path) check parameters
[5.592s] Level 1:colcon.colcon_core.package_discovery:discover_packages(prefix_path) discover
[5.641s] DEBUG:colcon.colcon_installed_package_information.package_discovery:Found 3 installed packages in /home/xilinx/wrkspace/install
[5.672s] DEBUG:colcon.colcon_installed_package_information.package_discovery:Found 256 installed packages in /opt/ros/foxy
[5.687s] Level 1:colcon.colcon_core.package_discovery:discover_packages(prefix_path) using defaults
[6.272s] Level 5:colcon.colcon_core.verb:set package 'py_pubsub' build argument 'cmake_args' from command line to 'None'
[6.273s] Level 5:colcon.colcon_core.verb:set package 'py_pubsub' build argument 'cmake_target' from command line to 'None'
[6.273s] Level 5:colcon.colcon_core.verb:set package 'py_pubsub' build argument 'cmake_target_skip_unavailable' from command line to 'False'
[6.273s] Level 5:colcon.colcon_core.verb:set package 'py_pubsub' build argument 'cmake_clean_cache' from command line to 'False'
[6.273s] Level 5:colcon.colcon_core.verb:set package 'py_pubsub' build argument 'cmake_clean_first' from command line to 'False'
[6.274s] Level 5:colcon.colcon_core.verb:set package 'py_pubsub' build argument 'cmake_force_configure' from command line to 'False'
[6.274s] Level 5:colcon.colcon_core.verb:set package 'py_pubsub' build argument 'ament_cmake_args' from command line to 'None'
[6.274s] Level 5:colcon.colcon_core.verb:set package 'py_pubsub' build argument 'catkin_cmake_args' from command line to 'None'
[6.274s] Level 5:colcon.colcon_core.verb:set package 'py_pubsub' build argument 'catkin_skip_building_tests' from command line to 'False'
[6.274s] DEBUG:colcon.colcon_core.verb:Building package 'py_pubsub' with the following arguments: {'ament_cmake_args': None, 'build_base': '/home/xilinx/wrkspace/build/py_pubsub', 'catkin_cmake_args': None, 'catkin_skip_building_tests': False, 'cmake_args': None, 'cmake_clean_cache': False, 'cmake_clean_first': False, 'cmake_force_configure': False, 'cmake_target': None, 'cmake_target_skip_unavailable': False, 'install_base': '/home/xilinx/wrkspace/install/py_pubsub', 'merge_install': False, 'path': '/home/xilinx/wrkspace/src/py_pubsub', 'symlink_install': False, 'test_result_base': None}
[6.297s] INFO:colcon.colcon_core.executor:Executing jobs using 'parallel' executor
[6.442s] DEBUG:colcon.colcon_parallel_executor.executor.parallel:run_until_complete
[6.443s] INFO:colcon.colcon_ros.task.ament_python.build:Building ROS package in '/home/xilinx/wrkspace/src/py_pubsub' with build type 'ament_python'
[6.444s] Level 1:colcon.colcon_core.shell:create_environment_hook('py_pubsub', 'ament_prefix_path')
[6.524s] INFO:colcon.colcon_core.plugin_system:Skipping extension 'colcon_core.shell.bat': Not used on non-Windows systems
[6.526s] INFO:colcon.colcon_core.shell:Creating environment hook '/home/xilinx/wrkspace/install/py_pubsub/share/py_pubsub/hook/ament_prefix_path.ps1'
[6.531s] INFO:colcon.colcon_core.shell:Creating environment descriptor '/home/xilinx/wrkspace/install/py_pubsub/share/py_pubsub/hook/ament_prefix_path.dsv'
[7.007s] INFO:colcon.colcon_core.shell:Creating environment hook '/home/xilinx/wrkspace/install/py_pubsub/share/py_pubsub/hook/ament_prefix_path.sh'
[7.065s] INFO:colcon.colcon_core.shell:Skip shell extension 'powershell' for command environment: Not usable outside of PowerShell
[7.066s] DEBUG:colcon.colcon_core.shell:Skip shell extension 'dsv' for command environment
[13.849s] INFO:colcon.colcon_core.task.python.build:Building Python package in '/home/xilinx/wrkspace/src/py_pubsub'
[13.903s] INFO:colcon.colcon_core.shell:Skip shell extension 'powershell' for command environment: Not usable outside of PowerShell
[13.904s] DEBUG:colcon.colcon_core.shell:Skip shell extension 'dsv' for command environment
[25.980s] DEBUG:colcon.colcon_core.event_handler.log_command:Invoking command in '/home/xilinx/wrkspace/src/py_pubsub': PS1=(pynq-venv) \[\e]0;\u@\h: \w\a\]${debian_chroot:+($debian_chroot)}\u@\h:\w\$ PYTHONPATH=/home/xilinx/wrkspace/install/py_pubsub/lib/python3.8/site-packages:${PYTHONPATH} /usr/local/share/pynq-venv/bin/python3 setup.py egg_info --egg-base ../../build/py_pubsub build --build-base /home/xilinx/wrkspace/build/py_pubsub/build install --prefix /home/xilinx/wrkspace/install/py_pubsub --record /home/xilinx/wrkspace/build/py_pubsub/install.log --single-version-externally-managed
[41.328s] DEBUG:colcon.colcon_core.event_handler.log_command:Invoked command in '/home/xilinx/wrkspace/src/py_pubsub' returned '0': PS1=(pynq-venv) \[\e]0;\u@\h: \w\a\]${debian_chroot:+($debian_chroot)}\u@\h:\w\$ PYTHONPATH=/home/xilinx/wrkspace/install/py_pubsub/lib/python3.8/site-packages:${PYTHONPATH} /usr/local/share/pynq-venv/bin/python3 setup.py egg_info --egg-base ../../build/py_pubsub build --build-base /home/xilinx/wrkspace/build/py_pubsub/build install --prefix /home/xilinx/wrkspace/install/py_pubsub --record /home/xilinx/wrkspace/build/py_pubsub/install.log --single-version-externally-managed
[41.613s] Level 1:colcon.colcon_core.environment:checking '/home/xilinx/wrkspace/install/py_pubsub' for CMake module files
[41.616s] Level 1:colcon.colcon_core.environment:checking '/home/xilinx/wrkspace/install/py_pubsub' for CMake config files
[41.620s] Level 1:colcon.colcon_core.environment:checking '/home/xilinx/wrkspace/install/py_pubsub/lib'
[41.621s] Level 1:colcon.colcon_core.environment:checking '/home/xilinx/wrkspace/install/py_pubsub/bin'
[41.622s] Level 1:colcon.colcon_core.shell:create_environment_hook('py_pubsub', 'path')
[41.674s] INFO:colcon.colcon_core.shell:Creating environment hook '/home/xilinx/wrkspace/install/py_pubsub/share/py_pubsub/hook/path.ps1'
[41.677s] INFO:colcon.colcon_core.shell:Creating environment descriptor '/home/xilinx/wrkspace/install/py_pubsub/share/py_pubsub/hook/path.dsv'
[41.680s] INFO:colcon.colcon_core.shell:Creating environment hook '/home/xilinx/wrkspace/install/py_pubsub/share/py_pubsub/hook/path.sh'
[41.682s] Level 1:colcon.colcon_core.environment:checking '/home/xilinx/wrkspace/install/py_pubsub/lib/pkgconfig/py_pubsub.pc'
[41.684s] Level 1:colcon.colcon_core.environment:checking '/home/xilinx/wrkspace/install/py_pubsub/lib/python3.8/site-packages'
[41.684s] Level 1:colcon.colcon_core.shell:create_environment_hook('py_pubsub', 'pythonpath')
[41.737s] INFO:colcon.colcon_core.shell:Creating environment hook '/home/xilinx/wrkspace/install/py_pubsub/share/py_pubsub/hook/pythonpath.ps1'
[41.741s] INFO:colcon.colcon_core.shell:Creating environment descriptor '/home/xilinx/wrkspace/install/py_pubsub/share/py_pubsub/hook/pythonpath.dsv'
[41.743s] INFO:colcon.colcon_core.shell:Creating environment hook '/home/xilinx/wrkspace/install/py_pubsub/share/py_pubsub/hook/pythonpath.sh'
[41.746s] Level 1:colcon.colcon_core.environment:checking '/home/xilinx/wrkspace/install/py_pubsub/bin'
[41.747s] Level 1:colcon.colcon_core.shell:create_environment_hook('py_pubsub', 'pythonscriptspath')
[41.800s] INFO:colcon.colcon_core.shell:Creating environment hook '/home/xilinx/wrkspace/install/py_pubsub/share/py_pubsub/hook/pythonscriptspath.ps1'
[41.803s] INFO:colcon.colcon_core.shell:Creating environment descriptor '/home/xilinx/wrkspace/install/py_pubsub/share/py_pubsub/hook/pythonscriptspath.dsv'
[41.805s] INFO:colcon.colcon_core.shell:Creating environment hook '/home/xilinx/wrkspace/install/py_pubsub/share/py_pubsub/hook/pythonscriptspath.sh'
[41.807s] Level 1:colcon.colcon_core.environment:create_environment_scripts_only(py_pubsub)
[41.861s] INFO:colcon.colcon_core.shell:Creating package script '/home/xilinx/wrkspace/install/py_pubsub/share/py_pubsub/package.ps1'
[41.868s] INFO:colcon.colcon_core.shell:Creating package descriptor '/home/xilinx/wrkspace/install/py_pubsub/share/py_pubsub/package.dsv'
[41.876s] INFO:colcon.colcon_core.shell:Creating package script '/home/xilinx/wrkspace/install/py_pubsub/share/py_pubsub/package.sh'
[41.885s] INFO:colcon.colcon_core.shell:Creating package script '/home/xilinx/wrkspace/install/py_pubsub/share/py_pubsub/package.bash'
[41.891s] INFO:colcon.colcon_core.shell:Creating package script '/home/xilinx/wrkspace/install/py_pubsub/share/py_pubsub/package.zsh'
[41.896s] Level 1:colcon.colcon_core.environment:create_file_with_runtime_dependencies(/home/xilinx/wrkspace/install/py_pubsub/share/colcon-core/packages/py_pubsub)
[41.902s] DEBUG:colcon.colcon_parallel_executor.executor.parallel:closing loop
[41.903s] DEBUG:colcon.colcon_parallel_executor.executor.parallel:loop closed
[41.904s] DEBUG:colcon.colcon_parallel_executor.executor.parallel:run_until_complete finished with '0'
[41.904s] DEBUG:colcon.colcon_core.event_reactor:joining thread
[41.977s] INFO:colcon.colcon_core.plugin_system:Skipping extension 'colcon_notification.desktop_notification.notify_send': Could not find 'notify-send'
[41.978s] INFO:colcon.colcon_core.plugin_system:Skipping extension 'colcon_notification.desktop_notification.terminal_notifier': Not used on non-Darwin systems
[41.978s] INFO:colcon.colcon_core.plugin_system:Skipping extension 'colcon_notification.desktop_notification.win32': Not used on non-Windows systems
[41.979s] INFO:colcon.colcon_notification.desktop_notification:Sending desktop notification using 'notify2'
[41.979s] DEBUG:colcon.colcon_notification.desktop_notification.notify2:Failed to initialize notify2: org.freedesktop.DBus.Error.NotSupported: Unable to autolaunch a dbus-daemon without a $DISPLAY for X11
[41.980s] DEBUG:colcon.colcon_core.event_reactor:joined thread
[42.033s] INFO:colcon.colcon_core.shell:Creating prefix script '/home/xilinx/wrkspace/install/local_setup.ps1'
[42.040s] INFO:colcon.colcon_core.shell:Creating prefix util module '/home/xilinx/wrkspace/install/_local_setup_util_ps1.py'
[42.063s] INFO:colcon.colcon_core.shell:Creating prefix chain script '/home/xilinx/wrkspace/install/setup.ps1'
[42.083s] INFO:colcon.colcon_core.shell:Creating prefix script '/home/xilinx/wrkspace/install/local_setup.sh'
[42.090s] INFO:colcon.colcon_core.shell:Creating prefix util module '/home/xilinx/wrkspace/install/_local_setup_util_sh.py'
[42.094s] INFO:colcon.colcon_core.shell:Creating prefix chain script '/home/xilinx/wrkspace/install/setup.sh'
[42.115s] INFO:colcon.colcon_core.shell:Creating prefix script '/home/xilinx/wrkspace/install/local_setup.bash'
[42.119s] INFO:colcon.colcon_core.shell:Creating prefix chain script '/home/xilinx/wrkspace/install/setup.bash'
[42.139s] INFO:colcon.colcon_core.shell:Creating prefix script '/home/xilinx/wrkspace/install/local_setup.zsh'
[42.142s] INFO:colcon.colcon_core.shell:Creating prefix chain script '/home/xilinx/wrkspace/install/setup.zsh'
