[9.061s] Invoking command in '/home/xilinx/wrkspace/src/my_package': PS1=\[\e]0;\u@\h: \w\a\]${debian_chroot:+($debian_chroot)}\u@\h:\w\$ PYTHONPATH=/home/xilinx/wrkspace/install/my_package/lib/python3.8/site-packages:${PYTHONPATH} /usr/bin/python3 setup.py egg_info --egg-base ../../build/my_package build --build-base /home/xilinx/wrkspace/build/my_package/build install --prefix /home/xilinx/wrkspace/install/my_package --record /home/xilinx/wrkspace/build/my_package/install.log --single-version-externally-managed
[10.755s] running egg_info
[10.762s] creating ../../build/my_package/my_package.egg-info
[10.763s] writing ../../build/my_package/my_package.egg-info/PKG-INFO
[10.765s] writing dependency_links to ../../build/my_package/my_package.egg-info/dependency_links.txt
[10.766s] writing entry points to ../../build/my_package/my_package.egg-info/entry_points.txt
[10.767s] writing requirements to ../../build/my_package/my_package.egg-info/requires.txt
[10.768s] writing top-level names to ../../build/my_package/my_package.egg-info/top_level.txt
[10.785s] writing manifest file '../../build/my_package/my_package.egg-info/SOURCES.txt'
[11.057s] reading manifest file '../../build/my_package/my_package.egg-info/SOURCES.txt'
[11.063s] writing manifest file '../../build/my_package/my_package.egg-info/SOURCES.txt'
[11.064s] running build
[11.065s] running build_py
[11.066s] creating /home/xilinx/wrkspace/build/my_package/build
[11.067s] creating /home/xilinx/wrkspace/build/my_package/build/lib
[11.068s] creating /home/xilinx/wrkspace/build/my_package/build/lib/my_package
[11.069s] copying my_package/__init__.py -> /home/xilinx/wrkspace/build/my_package/build/lib/my_package
[11.069s] copying my_package/my_node.py -> /home/xilinx/wrkspace/build/my_package/build/lib/my_package
[11.070s] running install
[11.074s] running install_lib
[11.081s] creating /home/xilinx/wrkspace/install/my_package/lib/python3.8/site-packages/my_package
[11.082s] copying /home/xilinx/wrkspace/build/my_package/build/lib/my_package/__init__.py -> /home/xilinx/wrkspace/install/my_package/lib/python3.8/site-packages/my_package
[11.083s] copying /home/xilinx/wrkspace/build/my_package/build/lib/my_package/my_node.py -> /home/xilinx/wrkspace/install/my_package/lib/python3.8/site-packages/my_package
[11.086s] byte-compiling /home/xilinx/wrkspace/install/my_package/lib/python3.8/site-packages/my_package/__init__.py to __init__.cpython-38.pyc
[11.097s] byte-compiling /home/xilinx/wrkspace/install/my_package/lib/python3.8/site-packages/my_package/my_node.py to my_node.cpython-38.pyc
[11.098s] running install_data
[11.103s] creating /home/xilinx/wrkspace/install/my_package/share/ament_index
[11.105s] creating /home/xilinx/wrkspace/install/my_package/share/ament_index/resource_index
[11.105s] creating /home/xilinx/wrkspace/install/my_package/share/ament_index/resource_index/packages
[11.106s] copying resource/my_package -> /home/xilinx/wrkspace/install/my_package/share/ament_index/resource_index/packages
[11.107s] copying package.xml -> /home/xilinx/wrkspace/install/my_package/share/my_package
[11.108s] running install_egg_info
[11.118s] Copying ../../build/my_package/my_package.egg-info to /home/xilinx/wrkspace/install/my_package/lib/python3.8/site-packages/my_package-0.0.0-py3.8.egg-info
[11.124s] running install_scripts
[11.266s] Installing my_node script to /home/xilinx/wrkspace/install/my_package/lib/my_package
[11.268s] writing list of installed files to '/home/xilinx/wrkspace/build/my_package/install.log'
[11.551s] Invoked command in '/home/xilinx/wrkspace/src/my_package' returned '0': PS1=\[\e]0;\u@\h: \w\a\]${debian_chroot:+($debian_chroot)}\u@\h:\w\$ PYTHONPATH=/home/xilinx/wrkspace/install/my_package/lib/python3.8/site-packages:${PYTHONPATH} /usr/bin/python3 setup.py egg_info --egg-base ../../build/my_package build --build-base /home/xilinx/wrkspace/build/my_package/build install --prefix /home/xilinx/wrkspace/install/my_package --record /home/xilinx/wrkspace/build/my_package/install.log --single-version-externally-managed
