[5.664s] Invoking command in '/home/xilinx/wrkspace/src/py_pubsub': PYTHONPATH=/home/xilinx/wrkspace/install/py_pubsub/lib/python3.8/site-packages:${PYTHONPATH} /usr/bin/python3 setup.py egg_info --egg-base ../../build/py_pubsub build --build-base /home/xilinx/wrkspace/build/py_pubsub/build install --prefix /home/xilinx/wrkspace/install/py_pubsub --record /home/xilinx/wrkspace/build/py_pubsub/install.log --single-version-externally-managed
[7.182s] running egg_info
[7.187s] writing ../../build/py_pubsub/py_pubsub.egg-info/PKG-INFO
[7.191s] writing dependency_links to ../../build/py_pubsub/py_pubsub.egg-info/dependency_links.txt
[7.192s] writing entry points to ../../build/py_pubsub/py_pubsub.egg-info/entry_points.txt
[7.193s] writing requirements to ../../build/py_pubsub/py_pubsub.egg-info/requires.txt
[7.193s] writing top-level names to ../../build/py_pubsub/py_pubsub.egg-info/top_level.txt
[8.118s] reading manifest file '../../build/py_pubsub/py_pubsub.egg-info/SOURCES.txt'
[8.127s] writing manifest file '../../build/py_pubsub/py_pubsub.egg-info/SOURCES.txt'
[8.127s] running build
[8.128s] running build_py
[8.144s] copying py_pubsub/publisher_member_function.py -> /home/xilinx/wrkspace/build/py_pubsub/build/lib/py_pubsub
[8.146s] copying py_pubsub/subscriber_member_function.py -> /home/xilinx/wrkspace/build/py_pubsub/build/lib/py_pubsub
[8.147s] running install
[8.153s] running install_lib
[8.161s] copying /home/xilinx/wrkspace/build/py_pubsub/build/lib/py_pubsub/publisher_member_function.py -> /home/xilinx/wrkspace/install/py_pubsub/lib/python3.8/site-packages/py_pubsub
[8.162s] copying /home/xilinx/wrkspace/build/py_pubsub/build/lib/py_pubsub/subscriber_member_function.py -> /home/xilinx/wrkspace/install/py_pubsub/lib/python3.8/site-packages/py_pubsub
[8.166s] byte-compiling /home/xilinx/wrkspace/install/py_pubsub/lib/python3.8/site-packages/py_pubsub/publisher_member_function.py to publisher_member_function.cpython-38.pyc
[8.178s] byte-compiling /home/xilinx/wrkspace/install/py_pubsub/lib/python3.8/site-packages/py_pubsub/subscriber_member_function.py to subscriber_member_function.cpython-38.pyc
[8.182s] running install_data
[8.188s] copying package.xml -> /home/xilinx/wrkspace/install/py_pubsub/share/py_pubsub
[8.189s] running install_egg_info
[8.199s] removing '/home/xilinx/wrkspace/install/py_pubsub/lib/python3.8/site-packages/py_pubsub-0.0.0-py3.8.egg-info' (and everything under it)
[8.201s] Copying ../../build/py_pubsub/py_pubsub.egg-info to /home/xilinx/wrkspace/install/py_pubsub/lib/python3.8/site-packages/py_pubsub-0.0.0-py3.8.egg-info
[8.206s] running install_scripts
[8.328s] Installing listener script to /home/xilinx/wrkspace/install/py_pubsub/lib/py_pubsub
[8.330s] Installing talker script to /home/xilinx/wrkspace/install/py_pubsub/lib/py_pubsub
[8.332s] writing list of installed files to '/home/xilinx/wrkspace/build/py_pubsub/install.log'
[8.590s] Invoked command in '/home/xilinx/wrkspace/src/py_pubsub' returned '0': PYTHONPATH=/home/xilinx/wrkspace/install/py_pubsub/lib/python3.8/site-packages:${PYTHONPATH} /usr/bin/python3 setup.py egg_info --egg-base ../../build/py_pubsub build --build-base /home/xilinx/wrkspace/build/py_pubsub/build install --prefix /home/xilinx/wrkspace/install/py_pubsub --record /home/xilinx/wrkspace/build/py_pubsub/install.log --single-version-externally-managed
