[4.635s] Invoking command in '/home/xilinx/wrkspace/src/nn_drone_final': PYTHONPATH=/home/xilinx/wrkspace/install/nn_drone_final/lib/python3.8/site-packages:${PYTHONPATH} /usr/bin/python3 setup.py egg_info --egg-base ../../build/nn_drone_final build --build-base /home/xilinx/wrkspace/build/nn_drone_final/build install --prefix /home/xilinx/wrkspace/install/nn_drone_final --record /home/xilinx/wrkspace/build/nn_drone_final/install.log --single-version-externally-managed
[6.154s] running egg_info
[6.159s] writing ../../build/nn_drone_final/nn_drone_final.egg-info/PKG-INFO
[6.160s] writing dependency_links to ../../build/nn_drone_final/nn_drone_final.egg-info/dependency_links.txt
[6.161s] writing entry points to ../../build/nn_drone_final/nn_drone_final.egg-info/entry_points.txt
[6.162s] writing requirements to ../../build/nn_drone_final/nn_drone_final.egg-info/requires.txt
[6.163s] writing top-level names to ../../build/nn_drone_final/nn_drone_final.egg-info/top_level.txt
[6.423s] reading manifest file '../../build/nn_drone_final/nn_drone_final.egg-info/SOURCES.txt'
[6.429s] writing manifest file '../../build/nn_drone_final/nn_drone_final.egg-info/SOURCES.txt'
[6.430s] running build
[6.431s] running build_py
[6.431s] copying nn_drone_final/nn_node.py -> /home/xilinx/wrkspace/build/nn_drone_final/build/lib/nn_drone_final
[6.433s] running install
[6.439s] running install_lib
[6.446s] copying /home/xilinx/wrkspace/build/nn_drone_final/build/lib/nn_drone_final/nn_node.py -> /home/xilinx/wrkspace/install/nn_drone_final/lib/python3.8/site-packages/nn_drone_final
[6.450s] byte-compiling /home/xilinx/wrkspace/install/nn_drone_final/lib/python3.8/site-packages/nn_drone_final/nn_node.py to nn_node.cpython-38.pyc
[6.464s] running install_data
[6.468s] running install_egg_info
[6.478s] removing '/home/xilinx/wrkspace/install/nn_drone_final/lib/python3.8/site-packages/nn_drone_final-0.0.0-py3.8.egg-info' (and everything under it)
[6.479s] Copying ../../build/nn_drone_final/nn_drone_final.egg-info to /home/xilinx/wrkspace/install/nn_drone_final/lib/python3.8/site-packages/nn_drone_final-0.0.0-py3.8.egg-info
[6.486s] running install_scripts
[6.607s] Installing cam_node script to /home/xilinx/wrkspace/install/nn_drone_final/lib/nn_drone_final
[6.608s] Installing nn_node script to /home/xilinx/wrkspace/install/nn_drone_final/lib/nn_drone_final
[6.608s] Installing nn_sub_node script to /home/xilinx/wrkspace/install/nn_drone_final/lib/nn_drone_final
[6.610s] writing list of installed files to '/home/xilinx/wrkspace/build/nn_drone_final/install.log'
[6.870s] Invoked command in '/home/xilinx/wrkspace/src/nn_drone_final' returned '0': PYTHONPATH=/home/xilinx/wrkspace/install/nn_drone_final/lib/python3.8/site-packages:${PYTHONPATH} /usr/bin/python3 setup.py egg_info --egg-base ../../build/nn_drone_final build --build-base /home/xilinx/wrkspace/build/nn_drone_final/build install --prefix /home/xilinx/wrkspace/install/nn_drone_final --record /home/xilinx/wrkspace/build/nn_drone_final/install.log --single-version-externally-managed
