[8.790s] Invoking command in '/home/xilinx/wrkspace/src/py_pubsub': PS1=\[\e]0;\u@\h: \w\a\]${debian_chroot:+($debian_chroot)}\u@\h:\w\$ PYTHONPATH=/home/xilinx/wrkspace/install/py_pubsub/lib/python3.8/site-packages:${PYTHONPATH} /usr/bin/python3 setup.py egg_info --egg-base ../../build/py_pubsub build --build-base /home/xilinx/wrkspace/build/py_pubsub/build install --prefix /home/xilinx/wrkspace/install/py_pubsub --record /home/xilinx/wrkspace/build/py_pubsub/install.log --single-version-externally-managed
[10.311s] running egg_info
[10.317s] creating ../../build/py_pubsub/py_pubsub.egg-info
[10.318s] writing ../../build/py_pubsub/py_pubsub.egg-info/PKG-INFO
[10.319s] writing dependency_links to ../../build/py_pubsub/py_pubsub.egg-info/dependency_links.txt
[10.320s] writing entry points to ../../build/py_pubsub/py_pubsub.egg-info/entry_points.txt
[10.321s] writing requirements to ../../build/py_pubsub/py_pubsub.egg-info/requires.txt
[10.322s] writing top-level names to ../../build/py_pubsub/py_pubsub.egg-info/top_level.txt
[10.337s] writing manifest file '../../build/py_pubsub/py_pubsub.egg-info/SOURCES.txt'
[10.587s] reading manifest file '../../build/py_pubsub/py_pubsub.egg-info/SOURCES.txt'
[10.593s] writing manifest file '../../build/py_pubsub/py_pubsub.egg-info/SOURCES.txt'
[10.594s] running build
[10.595s] running build_py
[10.595s] creating /home/xilinx/wrkspace/build/py_pubsub/build
[10.596s] creating /home/xilinx/wrkspace/build/py_pubsub/build/lib
[10.597s] creating /home/xilinx/wrkspace/build/py_pubsub/build/lib/py_pubsub
[10.598s] copying py_pubsub/publisher_member_function.py -> /home/xilinx/wrkspace/build/py_pubsub/build/lib/py_pubsub
[10.598s] copying py_pubsub/__init__.py -> /home/xilinx/wrkspace/build/py_pubsub/build/lib/py_pubsub
[10.599s] copying py_pubsub/subscriber_member_function.py -> /home/xilinx/wrkspace/build/py_pubsub/build/lib/py_pubsub
[10.599s] running install
[10.604s] running install_lib
[10.611s] creating /home/xilinx/wrkspace/install/py_pubsub/lib/python3.8/site-packages/py_pubsub
[10.612s] copying /home/xilinx/wrkspace/build/py_pubsub/build/lib/py_pubsub/publisher_member_function.py -> /home/xilinx/wrkspace/install/py_pubsub/lib/python3.8/site-packages/py_pubsub
[10.613s] copying /home/xilinx/wrkspace/build/py_pubsub/build/lib/py_pubsub/__init__.py -> /home/xilinx/wrkspace/install/py_pubsub/lib/python3.8/site-packages/py_pubsub
[10.613s] copying /home/xilinx/wrkspace/build/py_pubsub/build/lib/py_pubsub/subscriber_member_function.py -> /home/xilinx/wrkspace/install/py_pubsub/lib/python3.8/site-packages/py_pubsub
[10.615s] byte-compiling /home/xilinx/wrkspace/install/py_pubsub/lib/python3.8/site-packages/py_pubsub/publisher_member_function.py to publisher_member_function.cpython-38.pyc
[10.628s] byte-compiling /home/xilinx/wrkspace/install/py_pubsub/lib/python3.8/site-packages/py_pubsub/__init__.py to __init__.cpython-38.pyc
[10.629s] byte-compiling /home/xilinx/wrkspace/install/py_pubsub/lib/python3.8/site-packages/py_pubsub/subscriber_member_function.py to subscriber_member_function.cpython-38.pyc
[10.631s] running install_data
[10.636s] creating /home/xilinx/wrkspace/install/py_pubsub/share/ament_index
[10.637s] creating /home/xilinx/wrkspace/install/py_pubsub/share/ament_index/resource_index
[10.637s] creating /home/xilinx/wrkspace/install/py_pubsub/share/ament_index/resource_index/packages
[10.638s] copying resource/py_pubsub -> /home/xilinx/wrkspace/install/py_pubsub/share/ament_index/resource_index/packages
[10.638s] copying package.xml -> /home/xilinx/wrkspace/install/py_pubsub/share/py_pubsub
[10.639s] running install_egg_info
[10.648s] Copying ../../build/py_pubsub/py_pubsub.egg-info to /home/xilinx/wrkspace/install/py_pubsub/lib/python3.8/site-packages/py_pubsub-0.0.0-py3.8.egg-info
[10.653s] running install_scripts
[10.776s] Installing listener script to /home/xilinx/wrkspace/install/py_pubsub/lib/py_pubsub
[10.777s] Installing talker script to /home/xilinx/wrkspace/install/py_pubsub/lib/py_pubsub
[10.779s] writing list of installed files to '/home/xilinx/wrkspace/build/py_pubsub/install.log'
[11.037s] Invoked command in '/home/xilinx/wrkspace/src/py_pubsub' returned '0': PS1=\[\e]0;\u@\h: \w\a\]${debian_chroot:+($debian_chroot)}\u@\h:\w\$ PYTHONPATH=/home/xilinx/wrkspace/install/py_pubsub/lib/python3.8/site-packages:${PYTHONPATH} /usr/bin/python3 setup.py egg_info --egg-base ../../build/py_pubsub build --build-base /home/xilinx/wrkspace/build/py_pubsub/build install --prefix /home/xilinx/wrkspace/install/py_pubsub --record /home/xilinx/wrkspace/build/py_pubsub/install.log --single-version-externally-managed
