[18.769s] Invoking command in '/home/xilinx/wrkspace/src/py_pubsub': PS1=\[\e]0;\u@\h: \w\a\]${debian_chroot:+($debian_chroot)}\u@\h:\w\$ PYTHONPATH=/home/xilinx/wrkspace/install/py_pubsub/lib/python3.8/site-packages:${PYTHONPATH} /usr/local/share/pynq-venv/bin/python3 setup.py egg_info --egg-base ../../build/py_pubsub build --build-base /home/xilinx/wrkspace/build/py_pubsub/build install --prefix /home/xilinx/wrkspace/install/py_pubsub --record /home/xilinx/wrkspace/build/py_pubsub/install.log --single-version-externally-managed
[21.000s] /usr/local/share/pynq-venv/lib/python3.8/site-packages/setuptools/dist.py:767: UserWarning: Usage of dash-separated 'script-dir' will not be supported in future versions. Please use the underscore name 'script_dir' instead
[21.001s]   warnings.warn(
[26.392s] running egg_info
[26.977s] writing ../../build/py_pubsub/py_pubsub.egg-info/PKG-INFO
[27.428s] writing dependency_links to ../../build/py_pubsub/py_pubsub.egg-info/dependency_links.txt
[28.880s] writing entry points to ../../build/py_pubsub/py_pubsub.egg-info/entry_points.txt
[29.783s] writing requirements to ../../build/py_pubsub/py_pubsub.egg-info/requires.txt
[30.237s] writing top-level names to ../../build/py_pubsub/py_pubsub.egg-info/top_level.txt
[30.947s] reading manifest file '../../build/py_pubsub/py_pubsub.egg-info/SOURCES.txt'
[30.954s] writing manifest file '../../build/py_pubsub/py_pubsub.egg-info/SOURCES.txt'
[30.955s] running build
[30.955s] running build_py
[30.957s] running install
[30.958s] /usr/local/share/pynq-venv/lib/python3.8/site-packages/setuptools/command/install.py:34: SetuptoolsDeprecationWarning: setup.py install is deprecated. Use build and pip and other standards-based tools.
[30.959s]   warnings.warn(
[31.010s] running install_lib
[31.592s] running install_data
[31.718s] running install_egg_info
[32.301s] removing '/home/xilinx/wrkspace/install/py_pubsub/lib/python3.8/site-packages/py_pubsub-0.0.0-py3.8.egg-info' (and everything under it)
[32.302s] Copying ../../build/py_pubsub/py_pubsub.egg-info to /home/xilinx/wrkspace/install/py_pubsub/lib/python3.8/site-packages/py_pubsub-0.0.0-py3.8.egg-info
[32.307s] running install_scripts
[33.479s] Installing listener script to /home/xilinx/wrkspace/install/py_pubsub/bin
[33.480s] Installing talker script to /home/xilinx/wrkspace/install/py_pubsub/bin
[33.482s] writing list of installed files to '/home/xilinx/wrkspace/build/py_pubsub/install.log'
[33.910s] Invoked command in '/home/xilinx/wrkspace/src/py_pubsub' returned '0': PS1=\[\e]0;\u@\h: \w\a\]${debian_chroot:+($debian_chroot)}\u@\h:\w\$ PYTHONPATH=/home/xilinx/wrkspace/install/py_pubsub/lib/python3.8/site-packages:${PYTHONPATH} /usr/local/share/pynq-venv/bin/python3 setup.py egg_info --egg-base ../../build/py_pubsub build --build-base /home/xilinx/wrkspace/build/py_pubsub/build install --prefix /home/xilinx/wrkspace/install/py_pubsub --record /home/xilinx/wrkspace/build/py_pubsub/install.log --single-version-externally-managed
