[4.645s] Invoking command in '/home/xilinx/wrkspace/src/got_coffe': PS1=\[\e]0;\u@\h: \w\a\]${debian_chroot:+($debian_chroot)}\u@\h:\w\$ PYTHONPATH=/home/xilinx/wrkspace/install/got_coffe/lib/python3.8/site-packages:${PYTHONPATH} /usr/bin/python3 setup.py egg_info --egg-base ../../build/got_coffe build --build-base /home/xilinx/wrkspace/build/got_coffe/build install --prefix /home/xilinx/wrkspace/install/got_coffe --record /home/xilinx/wrkspace/build/got_coffe/install.log --single-version-externally-managed
[6.168s] running egg_info
[6.172s] writing ../../build/got_coffe/got_coffe.egg-info/PKG-INFO
[6.174s] writing dependency_links to ../../build/got_coffe/got_coffe.egg-info/dependency_links.txt
[6.175s] writing entry points to ../../build/got_coffe/got_coffe.egg-info/entry_points.txt
[6.176s] writing requirements to ../../build/got_coffe/got_coffe.egg-info/requires.txt
[6.177s] writing top-level names to ../../build/got_coffe/got_coffe.egg-info/top_level.txt
[6.438s] reading manifest file '../../build/got_coffe/got_coffe.egg-info/SOURCES.txt'
[6.445s] writing manifest file '../../build/got_coffe/got_coffe.egg-info/SOURCES.txt'
[6.445s] running build
[6.446s] running build_py
[6.447s] copying got_coffe/nn_pub.py -> /home/xilinx/wrkspace/build/got_coffe/build/lib/got_coffe
[6.448s] running install
[6.454s] running install_lib
[6.461s] copying /home/xilinx/wrkspace/build/got_coffe/build/lib/got_coffe/nn_pub.py -> /home/xilinx/wrkspace/install/got_coffe/lib/python3.8/site-packages/got_coffe
[6.465s] byte-compiling /home/xilinx/wrkspace/install/got_coffe/lib/python3.8/site-packages/got_coffe/nn_pub.py to nn_pub.cpython-38.pyc
[6.477s]   File "/home/xilinx/wrkspace/install/got_coffe/lib/python3.8/site-packages/got_coffe/nn_pub.py", line 100
[6.477s]     ! echo 378 > /sys/class/gpio/export
[6.478s]     ^
[6.478s] SyntaxError: invalid syntax
[6.479s] 
[6.479s] running install_data
[6.480s] running install_egg_info
[6.491s] removing '/home/xilinx/wrkspace/install/got_coffe/lib/python3.8/site-packages/got_coffe-0.0.0-py3.8.egg-info' (and everything under it)
[6.492s] Copying ../../build/got_coffe/got_coffe.egg-info to /home/xilinx/wrkspace/install/got_coffe/lib/python3.8/site-packages/got_coffe-0.0.0-py3.8.egg-info
[6.497s] running install_scripts
[6.620s] Installing listener script to /home/xilinx/wrkspace/install/got_coffe/lib/got_coffe
[6.621s] Installing talker script to /home/xilinx/wrkspace/install/got_coffe/lib/got_coffe
[6.622s] writing list of installed files to '/home/xilinx/wrkspace/build/got_coffe/install.log'
[6.880s] Invoked command in '/home/xilinx/wrkspace/src/got_coffe' returned '0': PS1=\[\e]0;\u@\h: \w\a\]${debian_chroot:+($debian_chroot)}\u@\h:\w\$ PYTHONPATH=/home/xilinx/wrkspace/install/got_coffe/lib/python3.8/site-packages:${PYTHONPATH} /usr/bin/python3 setup.py egg_info --egg-base ../../build/got_coffe build --build-base /home/xilinx/wrkspace/build/got_coffe/build install --prefix /home/xilinx/wrkspace/install/got_coffe --record /home/xilinx/wrkspace/build/got_coffe/install.log --single-version-externally-managed
