[4.639s] Invoking command in '/home/xilinx/wrkspace/src/py_pubsub': PYTHONPATH=/home/xilinx/wrkspace/install/py_pubsub/lib/python3.8/site-packages:${PYTHONPATH} /usr/bin/python3 setup.py egg_info --egg-base ../../build/py_pubsub build --build-base /home/xilinx/wrkspace/build/py_pubsub/build install --prefix /home/xilinx/wrkspace/install/py_pubsub --record /home/xilinx/wrkspace/build/py_pubsub/install.log --single-version-externally-managed
[6.161s] running egg_info
[6.165s] writing ../../build/py_pubsub/py_pubsub.egg-info/PKG-INFO
[6.167s] writing dependency_links to ../../build/py_pubsub/py_pubsub.egg-info/dependency_links.txt
[6.168s] writing entry points to ../../build/py_pubsub/py_pubsub.egg-info/entry_points.txt
[6.169s] writing requirements to ../../build/py_pubsub/py_pubsub.egg-info/requires.txt
[6.169s] writing top-level names to ../../build/py_pubsub/py_pubsub.egg-info/top_level.txt
[6.430s] reading manifest file '../../build/py_pubsub/py_pubsub.egg-info/SOURCES.txt'
[6.436s] writing manifest file '../../build/py_pubsub/py_pubsub.egg-info/SOURCES.txt'
[6.437s] running build
[6.438s] running build_py
[6.438s] copying py_pubsub/publisher_member_function.py -> /home/xilinx/wrkspace/build/py_pubsub/build/lib/py_pubsub
[6.439s] copying py_pubsub/subscriber_member_function.py -> /home/xilinx/wrkspace/build/py_pubsub/build/lib/py_pubsub
[6.441s] running install
[6.447s] running install_lib
[6.454s] copying /home/xilinx/wrkspace/build/py_pubsub/build/lib/py_pubsub/publisher_member_function.py -> /home/xilinx/wrkspace/install/py_pubsub/lib/python3.8/site-packages/py_pubsub
[6.455s] copying /home/xilinx/wrkspace/build/py_pubsub/build/lib/py_pubsub/subscriber_member_function.py -> /home/xilinx/wrkspace/install/py_pubsub/lib/python3.8/site-packages/py_pubsub
[6.458s] byte-compiling /home/xilinx/wrkspace/install/py_pubsub/lib/python3.8/site-packages/py_pubsub/publisher_member_function.py to publisher_member_function.cpython-38.pyc
[6.471s] byte-compiling /home/xilinx/wrkspace/install/py_pubsub/lib/python3.8/site-packages/py_pubsub/subscriber_member_function.py to subscriber_member_function.cpython-38.pyc
[6.473s] running install_data
[6.474s] Sorry: TabError: inconsistent use of tabs and spaces in indentation (subscriber_member_function.py, line 59)
[6.477s] running install_egg_info
[6.487s] removing '/home/xilinx/wrkspace/install/py_pubsub/lib/python3.8/site-packages/py_pubsub-0.0.0-py3.8.egg-info' (and everything under it)
[6.489s] Copying ../../build/py_pubsub/py_pubsub.egg-info to /home/xilinx/wrkspace/install/py_pubsub/lib/python3.8/site-packages/py_pubsub-0.0.0-py3.8.egg-info
[6.493s] running install_scripts
[6.615s] Installing listener script to /home/xilinx/wrkspace/install/py_pubsub/lib/py_pubsub
[6.617s] Installing talker script to /home/xilinx/wrkspace/install/py_pubsub/lib/py_pubsub
[6.619s] writing list of installed files to '/home/xilinx/wrkspace/build/py_pubsub/install.log'
[6.878s] Invoked command in '/home/xilinx/wrkspace/src/py_pubsub' returned '0': PYTHONPATH=/home/xilinx/wrkspace/install/py_pubsub/lib/python3.8/site-packages:${PYTHONPATH} /usr/bin/python3 setup.py egg_info --egg-base ../../build/py_pubsub build --build-base /home/xilinx/wrkspace/build/py_pubsub/build install --prefix /home/xilinx/wrkspace/install/py_pubsub --record /home/xilinx/wrkspace/build/py_pubsub/install.log --single-version-externally-managed
