[5.508s] Invoking command in '/home/xilinx/wrkspace/src/py_pubsub': PYTHONPATH=/home/xilinx/wrkspace/install/py_pubsub/lib/python3.8/site-packages:${PYTHONPATH} /usr/bin/python3 setup.py egg_info --egg-base ../../build/py_pubsub build --build-base /home/xilinx/wrkspace/build/py_pubsub/build install --prefix /home/xilinx/wrkspace/install/py_pubsub --record /home/xilinx/wrkspace/build/py_pubsub/install.log --single-version-externally-managed
[7.048s] running egg_info
[7.053s] writing ../../build/py_pubsub/py_pubsub.egg-info/PKG-INFO
[7.056s] writing dependency_links to ../../build/py_pubsub/py_pubsub.egg-info/dependency_links.txt
[7.057s] writing entry points to ../../build/py_pubsub/py_pubsub.egg-info/entry_points.txt
[7.058s] writing requirements to ../../build/py_pubsub/py_pubsub.egg-info/requires.txt
[7.059s] writing top-level names to ../../build/py_pubsub/py_pubsub.egg-info/top_level.txt
[8.156s] reading manifest file '../../build/py_pubsub/py_pubsub.egg-info/SOURCES.txt'
[8.164s] writing manifest file '../../build/py_pubsub/py_pubsub.egg-info/SOURCES.txt'
[8.165s] running build
[8.165s] running build_py
[8.330s] running install
[8.336s] running install_lib
[8.346s] running install_data
[8.350s] running install_egg_info
[8.362s] removing '/home/xilinx/wrkspace/install/py_pubsub/lib/python3.8/site-packages/py_pubsub-0.0.0-py3.8.egg-info' (and everything under it)
[8.364s] Copying ../../build/py_pubsub/py_pubsub.egg-info to /home/xilinx/wrkspace/install/py_pubsub/lib/python3.8/site-packages/py_pubsub-0.0.0-py3.8.egg-info
[8.369s] running install_scripts
[8.491s] Installing listener script to /home/xilinx/wrkspace/install/py_pubsub/lib/py_pubsub
[8.493s] Installing talker script to /home/xilinx/wrkspace/install/py_pubsub/lib/py_pubsub
[8.494s] writing list of installed files to '/home/xilinx/wrkspace/build/py_pubsub/install.log'
[8.750s] Invoked command in '/home/xilinx/wrkspace/src/py_pubsub' returned '0': PYTHONPATH=/home/xilinx/wrkspace/install/py_pubsub/lib/python3.8/site-packages:${PYTHONPATH} /usr/bin/python3 setup.py egg_info --egg-base ../../build/py_pubsub build --build-base /home/xilinx/wrkspace/build/py_pubsub/build install --prefix /home/xilinx/wrkspace/install/py_pubsub --record /home/xilinx/wrkspace/build/py_pubsub/install.log --single-version-externally-managed
