[0.995s] DEBUG:colcon:Command line arguments: ['/usr/bin/colcon', 'build', '--packages-select', 'py_pubsub']
[0.995s] DEBUG:colcon:Parsed command line arguments: Namespace(allow_overriding=[], ament_cmake_args=None, base_paths=['.'], build_base='build', catkin_cmake_args=None, catkin_skip_building_tests=False, cmake_args=None, cmake_clean_cache=False, cmake_clean_first=False, cmake_force_configure=False, cmake_target=None, cmake_target_skip_unavailable=False, continue_on_error=False, event_handlers=None, executor='parallel', ignore_user_meta=False, install_base='install', log_base=None, log_level=None, main=<bound method BuildVerb.main of <colcon_core.verb.build.BuildVerb object at 0xffffa998f5b0>>, merge_install=False, metas=['./colcon.meta'], packages_above=None, packages_above_and_dependencies=None, packages_above_depth=None, packages_end=None, packages_ignore=None, packages_ignore_regex=None, packages_select=['py_pubsub'], packages_select_build_failed=False, packages_select_by_dep=None, packages_select_regex=None, packages_select_test_failures=False, packages_skip=None, packages_skip_build_finished=False, packages_skip_by_dep=None, packages_skip_regex=None, packages_skip_test_passed=False, packages_skip_up_to=None, packages_start=None, packages_up_to=None, packages_up_to_regex=None, parallel_workers=4, paths=None, symlink_install=False, test_result_base=None, verb_extension=<colcon_core.verb.build.BuildVerb object at 0xffffa998f5b0>, verb_name='build', verb_parser=<colcon_defaults.argument_parser.defaults.DefaultArgumentsDecorator object at 0xffffa998faf0>)
[1.155s] Level 1:colcon.colcon_core.package_discovery:discover_packages(colcon_meta) check parameters
[1.156s] Level 1:colcon.colcon_core.package_discovery:discover_packages(recursive) check parameters
[1.156s] Level 1:colcon.colcon_core.package_discovery:discover_packages(ignore) check parameters
[1.157s] Level 1:colcon.colcon_core.package_discovery:discover_packages(path) check parameters
[1.157s] Level 1:colcon.colcon_core.package_discovery:discover_packages(colcon_meta) discover
[1.157s] Level 1:colcon.colcon_core.package_discovery:discover_packages(recursive) discover
[1.158s] INFO:colcon.colcon_core.package_discovery:Crawling recursively for packages in '/home/xilinx/wrkspace'
[1.158s] Level 1:colcon.colcon_core.package_identification:_identify(.) by extensions ['ignore', 'ignore_ament_install']
[1.159s] Level 1:colcon.colcon_core.package_identification:_identify(.) by extension 'ignore'
[1.159s] Level 1:colcon.colcon_core.package_identification:_identify(.) by extension 'ignore_ament_install'
[1.159s] Level 1:colcon.colcon_core.package_identification:_identify(.) by extensions ['colcon_pkg']
[1.160s] Level 1:colcon.colcon_core.package_identification:_identify(.) by extension 'colcon_pkg'
[1.160s] Level 1:colcon.colcon_core.package_identification:_identify(.) by extensions ['colcon_meta']
[1.160s] Level 1:colcon.colcon_core.package_identification:_identify(.) by extension 'colcon_meta'
[1.160s] Level 1:colcon.colcon_core.package_identification:_identify(.) by extensions ['ros']
[1.161s] Level 1:colcon.colcon_core.package_identification:_identify(.) by extension 'ros'
[1.242s] Level 1:colcon.colcon_core.package_identification:_identify(.) by extensions ['cmake', 'python']
[1.242s] Level 1:colcon.colcon_core.package_identification:_identify(.) by extension 'cmake'
[1.243s] Level 1:colcon.colcon_core.package_identification:_identify(.) by extension 'python'
[1.243s] Level 1:colcon.colcon_core.package_identification:_identify(.) by extensions ['python_setup_py']
[1.243s] Level 1:colcon.colcon_core.package_identification:_identify(.) by extension 'python_setup_py'
[1.244s] Level 1:colcon.colcon_core.package_identification:_identify(build) by extensions ['ignore', 'ignore_ament_install']
[1.245s] Level 1:colcon.colcon_core.package_identification:_identify(build) by extension 'ignore'
[1.245s] Level 1:colcon.colcon_core.package_identification:_identify(build) ignored
[1.246s] Level 1:colcon.colcon_core.package_identification:_identify(install) by extensions ['ignore', 'ignore_ament_install']
[1.246s] Level 1:colcon.colcon_core.package_identification:_identify(install) by extension 'ignore'
[1.247s] Level 1:colcon.colcon_core.package_identification:_identify(install) ignored
[1.248s] Level 1:colcon.colcon_core.package_identification:_identify(log) by extensions ['ignore', 'ignore_ament_install']
[1.248s] Level 1:colcon.colcon_core.package_identification:_identify(log) by extension 'ignore'
[1.249s] Level 1:colcon.colcon_core.package_identification:_identify(log) ignored
[1.249s] Level 1:colcon.colcon_core.package_identification:_identify(src) by extensions ['ignore', 'ignore_ament_install']
[1.250s] Level 1:colcon.colcon_core.package_identification:_identify(src) by extension 'ignore'
[1.250s] Level 1:colcon.colcon_core.package_identification:_identify(src) by extension 'ignore_ament_install'
[1.250s] Level 1:colcon.colcon_core.package_identification:_identify(src) by extensions ['colcon_pkg']
[1.250s] Level 1:colcon.colcon_core.package_identification:_identify(src) by extension 'colcon_pkg'
[1.251s] Level 1:colcon.colcon_core.package_identification:_identify(src) by extensions ['colcon_meta']
[1.251s] Level 1:colcon.colcon_core.package_identification:_identify(src) by extension 'colcon_meta'
[1.251s] Level 1:colcon.colcon_core.package_identification:_identify(src) by extensions ['ros']
[1.252s] Level 1:colcon.colcon_core.package_identification:_identify(src) by extension 'ros'
[1.252s] Level 1:colcon.colcon_core.package_identification:_identify(src) by extensions ['cmake', 'python']
[1.252s] Level 1:colcon.colcon_core.package_identification:_identify(src) by extension 'cmake'
[1.253s] Level 1:colcon.colcon_core.package_identification:_identify(src) by extension 'python'
[1.253s] Level 1:colcon.colcon_core.package_identification:_identify(src) by extensions ['python_setup_py']
[1.253s] Level 1:colcon.colcon_core.package_identification:_identify(src) by extension 'python_setup_py'
[1.254s] Level 1:colcon.colcon_core.package_identification:_identify(src/got_coffe) by extensions ['ignore', 'ignore_ament_install']
[1.254s] Level 1:colcon.colcon_core.package_identification:_identify(src/got_coffe) by extension 'ignore'
[1.254s] Level 1:colcon.colcon_core.package_identification:_identify(src/got_coffe) by extension 'ignore_ament_install'
[1.255s] Level 1:colcon.colcon_core.package_identification:_identify(src/got_coffe) by extensions ['colcon_pkg']
[1.255s] Level 1:colcon.colcon_core.package_identification:_identify(src/got_coffe) by extension 'colcon_pkg'
[1.255s] Level 1:colcon.colcon_core.package_identification:_identify(src/got_coffe) by extensions ['colcon_meta']
[1.256s] Level 1:colcon.colcon_core.package_identification:_identify(src/got_coffe) by extension 'colcon_meta'
[1.256s] Level 1:colcon.colcon_core.package_identification:_identify(src/got_coffe) by extensions ['ros']
[1.256s] Level 1:colcon.colcon_core.package_identification:_identify(src/got_coffe) by extension 'ros'
[1.272s] DEBUG:colcon.colcon_core.package_identification:Package 'src/got_coffe' with type 'ros.ament_python' and name 'got_coffe'
[1.273s] Level 1:colcon.colcon_core.package_identification:_identify(src/my_package) by extensions ['ignore', 'ignore_ament_install']
[1.288s] Level 1:colcon.colcon_core.package_identification:_identify(src/my_package) by extension 'ignore'
[1.289s] Level 1:colcon.colcon_core.package_identification:_identify(src/my_package) by extension 'ignore_ament_install'
[1.289s] Level 1:colcon.colcon_core.package_identification:_identify(src/my_package) by extensions ['colcon_pkg']
[1.289s] Level 1:colcon.colcon_core.package_identification:_identify(src/my_package) by extension 'colcon_pkg'
[1.290s] Level 1:colcon.colcon_core.package_identification:_identify(src/my_package) by extensions ['colcon_meta']
[1.290s] Level 1:colcon.colcon_core.package_identification:_identify(src/my_package) by extension 'colcon_meta'
[1.290s] Level 1:colcon.colcon_core.package_identification:_identify(src/my_package) by extensions ['ros']
[1.291s] Level 1:colcon.colcon_core.package_identification:_identify(src/my_package) by extension 'ros'
[1.295s] DEBUG:colcon.colcon_core.package_identification:Package 'src/my_package' with type 'ros.ament_python' and name 'my_package'
[1.295s] Level 1:colcon.colcon_core.package_identification:_identify(src/nn_drone_final) by extensions ['ignore', 'ignore_ament_install']
[1.296s] Level 1:colcon.colcon_core.package_identification:_identify(src/nn_drone_final) by extension 'ignore'
[1.296s] Level 1:colcon.colcon_core.package_identification:_identify(src/nn_drone_final) by extension 'ignore_ament_install'
[1.297s] Level 1:colcon.colcon_core.package_identification:_identify(src/nn_drone_final) by extensions ['colcon_pkg']
[1.297s] Level 1:colcon.colcon_core.package_identification:_identify(src/nn_drone_final) by extension 'colcon_pkg'
[1.297s] Level 1:colcon.colcon_core.package_identification:_identify(src/nn_drone_final) by extensions ['colcon_meta']
[1.297s] Level 1:colcon.colcon_core.package_identification:_identify(src/nn_drone_final) by extension 'colcon_meta'
[1.298s] Level 1:colcon.colcon_core.package_identification:_identify(src/nn_drone_final) by extensions ['ros']
[1.298s] Level 1:colcon.colcon_core.package_identification:_identify(src/nn_drone_final) by extension 'ros'
[1.303s] DEBUG:colcon.colcon_core.package_identification:Package 'src/nn_drone_final' with type 'ros.ament_python' and name 'nn_drone_final'
[1.304s] Level 1:colcon.colcon_core.package_identification:_identify(src/py_pubsub) by extensions ['ignore', 'ignore_ament_install']
[1.304s] Level 1:colcon.colcon_core.package_identification:_identify(src/py_pubsub) by extension 'ignore'
[1.304s] Level 1:colcon.colcon_core.package_identification:_identify(src/py_pubsub) by extension 'ignore_ament_install'
[1.305s] Level 1:colcon.colcon_core.package_identification:_identify(src/py_pubsub) by extensions ['colcon_pkg']
[1.305s] Level 1:colcon.colcon_core.package_identification:_identify(src/py_pubsub) by extension 'colcon_pkg'
[1.305s] Level 1:colcon.colcon_core.package_identification:_identify(src/py_pubsub) by extensions ['colcon_meta']
[1.306s] Level 1:colcon.colcon_core.package_identification:_identify(src/py_pubsub) by extension 'colcon_meta'
[1.306s] Level 1:colcon.colcon_core.package_identification:_identify(src/py_pubsub) by extensions ['ros']
[1.306s] Level 1:colcon.colcon_core.package_identification:_identify(src/py_pubsub) by extension 'ros'
[1.310s] DEBUG:colcon.colcon_core.package_identification:Package 'src/py_pubsub' with type 'ros.ament_python' and name 'py_pubsub'
[1.310s] Level 1:colcon.colcon_core.package_discovery:discover_packages(recursive) using defaults
[1.311s] Level 1:colcon.colcon_core.package_discovery:discover_packages(ignore) discover
[1.311s] Level 1:colcon.colcon_core.package_discovery:discover_packages(ignore) using defaults
[1.311s] Level 1:colcon.colcon_core.package_discovery:discover_packages(path) discover
[1.311s] Level 1:colcon.colcon_core.package_discovery:discover_packages(path) using defaults
[1.986s] INFO:colcon.colcon_core.package_selection:Skipping not selected package 'got_coffe' in 'src/got_coffe'
[1.987s] INFO:colcon.colcon_core.package_selection:Skipping not selected package 'my_package' in 'src/my_package'
[1.987s] INFO:colcon.colcon_core.package_selection:Skipping not selected package 'nn_drone_final' in 'src/nn_drone_final'
[1.992s] Level 1:colcon.colcon_core.package_discovery:discover_packages(prefix_path) check parameters
[1.993s] Level 1:colcon.colcon_core.package_discovery:discover_packages(prefix_path) discover
[2.012s] DEBUG:colcon.colcon_installed_package_information.package_discovery:Found 256 installed packages in /opt/ros/foxy
[2.028s] Level 1:colcon.colcon_core.package_discovery:discover_packages(prefix_path) using defaults
[2.682s] Level 5:colcon.colcon_core.verb:set package 'py_pubsub' build argument 'cmake_args' from command line to 'None'
[2.682s] Level 5:colcon.colcon_core.verb:set package 'py_pubsub' build argument 'cmake_target' from command line to 'None'
[2.683s] Level 5:colcon.colcon_core.verb:set package 'py_pubsub' build argument 'cmake_target_skip_unavailable' from command line to 'False'
[2.683s] Level 5:colcon.colcon_core.verb:set package 'py_pubsub' build argument 'cmake_clean_cache' from command line to 'False'
[2.683s] Level 5:colcon.colcon_core.verb:set package 'py_pubsub' build argument 'cmake_clean_first' from command line to 'False'
[2.683s] Level 5:colcon.colcon_core.verb:set package 'py_pubsub' build argument 'cmake_force_configure' from command line to 'False'
[2.683s] Level 5:colcon.colcon_core.verb:set package 'py_pubsub' build argument 'ament_cmake_args' from command line to 'None'
[2.684s] Level 5:colcon.colcon_core.verb:set package 'py_pubsub' build argument 'catkin_cmake_args' from command line to 'None'
[2.684s] Level 5:colcon.colcon_core.verb:set package 'py_pubsub' build argument 'catkin_skip_building_tests' from command line to 'False'
[2.684s] DEBUG:colcon.colcon_core.verb:Building package 'py_pubsub' with the following arguments: {'ament_cmake_args': None, 'build_base': '/home/xilinx/wrkspace/build/py_pubsub', 'catkin_cmake_args': None, 'catkin_skip_building_tests': False, 'cmake_args': None, 'cmake_clean_cache': False, 'cmake_clean_first': False, 'cmake_force_configure': False, 'cmake_target': None, 'cmake_target_skip_unavailable': False, 'install_base': '/home/xilinx/wrkspace/install/py_pubsub', 'merge_install': False, 'path': '/home/xilinx/wrkspace/src/py_pubsub', 'symlink_install': False, 'test_result_base': None}
[2.687s] INFO:colcon.colcon_core.executor:Executing jobs using 'parallel' executor
[2.701s] DEBUG:colcon.colcon_parallel_executor.executor.parallel:run_until_complete
[2.703s] INFO:colcon.colcon_ros.task.ament_python.build:Building ROS package in '/home/xilinx/wrkspace/src/py_pubsub' with build type 'ament_python'
[2.704s] Level 1:colcon.colcon_core.shell:create_environment_hook('py_pubsub', 'ament_prefix_path')
[2.727s] INFO:colcon.colcon_core.plugin_system:Skipping extension 'colcon_core.shell.bat': Not used on non-Windows systems
[2.729s] INFO:colcon.colcon_core.shell:Creating environment hook '/home/xilinx/wrkspace/install/py_pubsub/share/py_pubsub/hook/ament_prefix_path.ps1'
[2.734s] INFO:colcon.colcon_core.shell:Creating environment descriptor '/home/xilinx/wrkspace/install/py_pubsub/share/py_pubsub/hook/ament_prefix_path.dsv'
[2.736s] INFO:colcon.colcon_core.shell:Creating environment hook '/home/xilinx/wrkspace/install/py_pubsub/share/py_pubsub/hook/ament_prefix_path.sh'
[2.745s] INFO:colcon.colcon_core.shell:Skip shell extension 'powershell' for command environment: Not usable outside of PowerShell
[2.745s] DEBUG:colcon.colcon_core.shell:Skip shell extension 'dsv' for command environment
[4.452s] INFO:colcon.colcon_core.task.python.build:Building Python package in '/home/xilinx/wrkspace/src/py_pubsub'
[4.457s] INFO:colcon.colcon_core.shell:Skip shell extension 'powershell' for command environment: Not usable outside of PowerShell
[4.458s] DEBUG:colcon.colcon_core.shell:Skip shell extension 'dsv' for command environment
[7.406s] DEBUG:colcon.colcon_core.event_handler.log_command:Invoking command in '/home/xilinx/wrkspace/src/py_pubsub': PYTHONPATH=/home/xilinx/wrkspace/install/py_pubsub/lib/python3.8/site-packages:${PYTHONPATH} /usr/bin/python3 setup.py egg_info --egg-base ../../build/py_pubsub build --build-base /home/xilinx/wrkspace/build/py_pubsub/build install --prefix /home/xilinx/wrkspace/install/py_pubsub --record /home/xilinx/wrkspace/build/py_pubsub/install.log --single-version-externally-managed
[9.636s] DEBUG:colcon.colcon_core.event_handler.log_command:Invoked command in '/home/xilinx/wrkspace/src/py_pubsub' returned '0': PYTHONPATH=/home/xilinx/wrkspace/install/py_pubsub/lib/python3.8/site-packages:${PYTHONPATH} /usr/bin/python3 setup.py egg_info --egg-base ../../build/py_pubsub build --build-base /home/xilinx/wrkspace/build/py_pubsub/build install --prefix /home/xilinx/wrkspace/install/py_pubsub --record /home/xilinx/wrkspace/build/py_pubsub/install.log --single-version-externally-managed
[9.658s] Level 1:colcon.colcon_core.environment:checking '/home/xilinx/wrkspace/install/py_pubsub' for CMake module files
[9.662s] Level 1:colcon.colcon_core.environment:checking '/home/xilinx/wrkspace/install/py_pubsub' for CMake config files
[9.667s] Level 1:colcon.colcon_core.environment:checking '/home/xilinx/wrkspace/install/py_pubsub/lib'
[9.668s] Level 1:colcon.colcon_core.environment:checking '/home/xilinx/wrkspace/install/py_pubsub/bin'
[9.668s] Level 1:colcon.colcon_core.shell:create_environment_hook('py_pubsub', 'path')
[9.673s] INFO:colcon.colcon_core.shell:Creating environment hook '/home/xilinx/wrkspace/install/py_pubsub/share/py_pubsub/hook/path.ps1'
[9.676s] INFO:colcon.colcon_core.shell:Creating environment descriptor '/home/xilinx/wrkspace/install/py_pubsub/share/py_pubsub/hook/path.dsv'
[9.679s] INFO:colcon.colcon_core.shell:Creating environment hook '/home/xilinx/wrkspace/install/py_pubsub/share/py_pubsub/hook/path.sh'
[9.681s] Level 1:colcon.colcon_core.environment:checking '/home/xilinx/wrkspace/install/py_pubsub/lib/pkgconfig/py_pubsub.pc'
[9.683s] Level 1:colcon.colcon_core.environment:checking '/home/xilinx/wrkspace/install/py_pubsub/lib/python3.8/site-packages'
[9.683s] Level 1:colcon.colcon_core.shell:create_environment_hook('py_pubsub', 'pythonpath')
[9.687s] INFO:colcon.colcon_core.shell:Creating environment hook '/home/xilinx/wrkspace/install/py_pubsub/share/py_pubsub/hook/pythonpath.ps1'
[9.690s] INFO:colcon.colcon_core.shell:Creating environment descriptor '/home/xilinx/wrkspace/install/py_pubsub/share/py_pubsub/hook/pythonpath.dsv'
[9.692s] INFO:colcon.colcon_core.shell:Creating environment hook '/home/xilinx/wrkspace/install/py_pubsub/share/py_pubsub/hook/pythonpath.sh'
[9.695s] Level 1:colcon.colcon_core.environment:checking '/home/xilinx/wrkspace/install/py_pubsub/bin'
[9.696s] Level 1:colcon.colcon_core.shell:create_environment_hook('py_pubsub', 'pythonscriptspath')
[9.700s] INFO:colcon.colcon_core.shell:Creating environment hook '/home/xilinx/wrkspace/install/py_pubsub/share/py_pubsub/hook/pythonscriptspath.ps1'
[9.703s] INFO:colcon.colcon_core.shell:Creating environment descriptor '/home/xilinx/wrkspace/install/py_pubsub/share/py_pubsub/hook/pythonscriptspath.dsv'
[9.704s] INFO:colcon.colcon_core.shell:Creating environment hook '/home/xilinx/wrkspace/install/py_pubsub/share/py_pubsub/hook/pythonscriptspath.sh'
[9.707s] Level 1:colcon.colcon_core.environment:create_environment_scripts_only(py_pubsub)
[9.713s] INFO:colcon.colcon_core.shell:Creating package script '/home/xilinx/wrkspace/install/py_pubsub/share/py_pubsub/package.ps1'
[9.723s] INFO:colcon.colcon_core.shell:Creating package descriptor '/home/xilinx/wrkspace/install/py_pubsub/share/py_pubsub/package.dsv'
[9.728s] INFO:colcon.colcon_core.shell:Creating package script '/home/xilinx/wrkspace/install/py_pubsub/share/py_pubsub/package.sh'
[9.734s] INFO:colcon.colcon_core.shell:Creating package script '/home/xilinx/wrkspace/install/py_pubsub/share/py_pubsub/package.bash'
[9.740s] INFO:colcon.colcon_core.shell:Creating package script '/home/xilinx/wrkspace/install/py_pubsub/share/py_pubsub/package.zsh'
[9.744s] Level 1:colcon.colcon_core.environment:create_file_with_runtime_dependencies(/home/xilinx/wrkspace/install/py_pubsub/share/colcon-core/packages/py_pubsub)
[9.747s] DEBUG:colcon.colcon_parallel_executor.executor.parallel:closing loop
[9.748s] DEBUG:colcon.colcon_parallel_executor.executor.parallel:loop closed
[9.749s] DEBUG:colcon.colcon_parallel_executor.executor.parallel:run_until_complete finished with '0'
[9.750s] DEBUG:colcon.colcon_core.event_reactor:joining thread
[9.940s] INFO:colcon.colcon_core.plugin_system:Skipping extension 'colcon_notification.desktop_notification.notify_send': Could not find 'notify-send'
[9.941s] INFO:colcon.colcon_core.plugin_system:Skipping extension 'colcon_notification.desktop_notification.terminal_notifier': Not used on non-Darwin systems
[9.942s] INFO:colcon.colcon_core.plugin_system:Skipping extension 'colcon_notification.desktop_notification.win32': Not used on non-Windows systems
[9.942s] INFO:colcon.colcon_notification.desktop_notification:Sending desktop notification using 'notify2'
[9.943s] DEBUG:colcon.colcon_notification.desktop_notification.notify2:Failed to initialize notify2: org.freedesktop.DBus.Error.NotSupported: Unable to autolaunch a dbus-daemon without a $DISPLAY for X11
[9.943s] DEBUG:colcon.colcon_core.event_reactor:joined thread
[9.947s] INFO:colcon.colcon_core.shell:Creating prefix script '/home/xilinx/wrkspace/install/local_setup.ps1'
[9.955s] INFO:colcon.colcon_core.shell:Creating prefix util module '/home/xilinx/wrkspace/install/_local_setup_util_ps1.py'
[9.965s] INFO:colcon.colcon_core.shell:Creating prefix chain script '/home/xilinx/wrkspace/install/setup.ps1'
[9.974s] INFO:colcon.colcon_core.shell:Creating prefix script '/home/xilinx/wrkspace/install/local_setup.sh'
[9.977s] INFO:colcon.colcon_core.shell:Creating prefix util module '/home/xilinx/wrkspace/install/_local_setup_util_sh.py'
[9.980s] INFO:colcon.colcon_core.shell:Creating prefix chain script '/home/xilinx/wrkspace/install/setup.sh'
[9.989s] INFO:colcon.colcon_core.shell:Creating prefix script '/home/xilinx/wrkspace/install/local_setup.bash'
[9.992s] INFO:colcon.colcon_core.shell:Creating prefix chain script '/home/xilinx/wrkspace/install/setup.bash'
[10.001s] INFO:colcon.colcon_core.shell:Creating prefix script '/home/xilinx/wrkspace/install/local_setup.zsh'
[10.005s] INFO:colcon.colcon_core.shell:Creating prefix chain script '/home/xilinx/wrkspace/install/setup.zsh'
