[5.502s] Invoking command in '/home/xilinx/wrkspace/src/nn_drone_final': PYTHONPATH=/home/xilinx/wrkspace/install/nn_drone_final/lib/python3.8/site-packages:${PYTHONPATH} /usr/bin/python3 setup.py egg_info --egg-base ../../build/nn_drone_final build --build-base /home/xilinx/wrkspace/build/nn_drone_final/build install --prefix /home/xilinx/wrkspace/install/nn_drone_final --record /home/xilinx/wrkspace/build/nn_drone_final/install.log --single-version-externally-managed
[7.018s] running egg_info
[7.023s] writing ../../build/nn_drone_final/nn_drone_final.egg-info/PKG-INFO
[7.026s] writing dependency_links to ../../build/nn_drone_final/nn_drone_final.egg-info/dependency_links.txt
[7.027s] writing entry points to ../../build/nn_drone_final/nn_drone_final.egg-info/entry_points.txt
[7.028s] writing requirements to ../../build/nn_drone_final/nn_drone_final.egg-info/requires.txt
[7.029s] writing top-level names to ../../build/nn_drone_final/nn_drone_final.egg-info/top_level.txt
[8.786s] reading manifest file '../../build/nn_drone_final/nn_drone_final.egg-info/SOURCES.txt'
[8.794s] writing manifest file '../../build/nn_drone_final/nn_drone_final.egg-info/SOURCES.txt'
[8.795s] running build
[8.796s] running build_py
[8.799s] copying nn_drone_final/nn_sub.py -> /home/xilinx/wrkspace/build/nn_drone_final/build/lib/nn_drone_final
[8.802s] copying nn_drone_final/nn_node.py -> /home/xilinx/wrkspace/build/nn_drone_final/build/lib/nn_drone_final
[8.803s] copying nn_drone_final/cam_node.py -> /home/xilinx/wrkspace/build/nn_drone_final/build/lib/nn_drone_final
[8.805s] running install
[8.812s] running install_lib
[8.819s] copying /home/xilinx/wrkspace/build/nn_drone_final/build/lib/nn_drone_final/nn_sub.py -> /home/xilinx/wrkspace/install/nn_drone_final/lib/python3.8/site-packages/nn_drone_final
[8.820s] copying /home/xilinx/wrkspace/build/nn_drone_final/build/lib/nn_drone_final/nn_node.py -> /home/xilinx/wrkspace/install/nn_drone_final/lib/python3.8/site-packages/nn_drone_final
[8.820s] copying /home/xilinx/wrkspace/build/nn_drone_final/build/lib/nn_drone_final/cam_node.py -> /home/xilinx/wrkspace/install/nn_drone_final/lib/python3.8/site-packages/nn_drone_final
[8.824s] byte-compiling /home/xilinx/wrkspace/install/nn_drone_final/lib/python3.8/site-packages/nn_drone_final/nn_sub.py to nn_sub.cpython-38.pyc
[8.836s] byte-compiling /home/xilinx/wrkspace/install/nn_drone_final/lib/python3.8/site-packages/nn_drone_final/nn_node.py to nn_node.cpython-38.pyc
[8.840s]   File "/home/xilinx/wrkspace/install/nn_drone_final/lib/python3.8/site-packages/nn_drone_final/nn_node.py", line 93
[8.841s]     time1() = time.time()
[8.841s]     ^
[8.842s] SyntaxError: cannot assign to function call
[8.843s] 
[8.843s] byte-compiling /home/xilinx/wrkspace/install/nn_drone_final/lib/python3.8/site-packages/nn_drone_final/cam_node.py to cam_node.cpython-38.pyc
[8.846s] running install_data
[9.317s] running install_egg_info
[9.327s] removing '/home/xilinx/wrkspace/install/nn_drone_final/lib/python3.8/site-packages/nn_drone_final-0.0.0-py3.8.egg-info' (and everything under it)
[9.329s] Copying ../../build/nn_drone_final/nn_drone_final.egg-info to /home/xilinx/wrkspace/install/nn_drone_final/lib/python3.8/site-packages/nn_drone_final-0.0.0-py3.8.egg-info
[9.334s] running install_scripts
[9.456s] Installing cam_node script to /home/xilinx/wrkspace/install/nn_drone_final/lib/nn_drone_final
[9.458s] Installing nn_node script to /home/xilinx/wrkspace/install/nn_drone_final/lib/nn_drone_final
[9.459s] Installing nn_sub_node script to /home/xilinx/wrkspace/install/nn_drone_final/lib/nn_drone_final
[9.462s] writing list of installed files to '/home/xilinx/wrkspace/build/nn_drone_final/install.log'
[9.722s] Invoked command in '/home/xilinx/wrkspace/src/nn_drone_final' returned '0': PYTHONPATH=/home/xilinx/wrkspace/install/nn_drone_final/lib/python3.8/site-packages:${PYTHONPATH} /usr/bin/python3 setup.py egg_info --egg-base ../../build/nn_drone_final build --build-base /home/xilinx/wrkspace/build/nn_drone_final/build install --prefix /home/xilinx/wrkspace/install/nn_drone_final --record /home/xilinx/wrkspace/build/nn_drone_final/install.log --single-version-externally-managed
