[22.009s] Invoking command in '/home/xilinx/wrkspace/src/py_pubsub': PS1=\[\e]0;\u@\h: \w\a\]${debian_chroot:+($debian_chroot)}\u@\h:\w\$ PYTHONPATH=/home/xilinx/wrkspace/install/py_pubsub/lib/python3.8/site-packages:${PYTHONPATH} /usr/local/share/pynq-venv/bin/python3 setup.py egg_info --egg-base ../../build/py_pubsub build --build-base /home/xilinx/wrkspace/build/py_pubsub/build install --prefix /home/xilinx/wrkspace/install/py_pubsub --record /home/xilinx/wrkspace/build/py_pubsub/install.log --single-version-externally-managed
[24.267s] /usr/local/share/pynq-venv/lib/python3.8/site-packages/setuptools/dist.py:767: UserWarning: Usage of dash-separated 'script-dir' will not be supported in future versions. Please use the underscore name 'script_dir' instead
[24.268s]   warnings.warn(
[29.691s] running egg_info
[30.288s] writing ../../build/py_pubsub/py_pubsub.egg-info/PKG-INFO
[30.748s] writing dependency_links to ../../build/py_pubsub/py_pubsub.egg-info/dependency_links.txt
[32.207s] writing entry points to ../../build/py_pubsub/py_pubsub.egg-info/entry_points.txt
[33.126s] writing requirements to ../../build/py_pubsub/py_pubsub.egg-info/requires.txt
[33.582s] writing top-level names to ../../build/py_pubsub/py_pubsub.egg-info/top_level.txt
[34.297s] reading manifest file '../../build/py_pubsub/py_pubsub.egg-info/SOURCES.txt'
[34.304s] writing manifest file '../../build/py_pubsub/py_pubsub.egg-info/SOURCES.txt'
[34.305s] running build
[34.305s] running build_py
[34.308s] running install
[34.309s] /usr/local/share/pynq-venv/lib/python3.8/site-packages/setuptools/command/install.py:34: SetuptoolsDeprecationWarning: setup.py install is deprecated. Use build and pip and other standards-based tools.
[34.309s]   warnings.warn(
[34.365s] running install_lib
[34.953s] running install_data
[35.082s] running install_egg_info
[35.667s] removing '/home/xilinx/wrkspace/install/py_pubsub/lib/python3.8/site-packages/py_pubsub-0.0.0-py3.8.egg-info' (and everything under it)
[35.669s] Copying ../../build/py_pubsub/py_pubsub.egg-info to /home/xilinx/wrkspace/install/py_pubsub/lib/python3.8/site-packages/py_pubsub-0.0.0-py3.8.egg-info
[35.674s] running install_scripts
[36.856s] Installing listener script to /home/xilinx/wrkspace/install/py_pubsub/bin
[36.858s] Installing talker script to /home/xilinx/wrkspace/install/py_pubsub/bin
[36.860s] writing list of installed files to '/home/xilinx/wrkspace/build/py_pubsub/install.log'
[37.286s] Invoked command in '/home/xilinx/wrkspace/src/py_pubsub' returned '0': PS1=\[\e]0;\u@\h: \w\a\]${debian_chroot:+($debian_chroot)}\u@\h:\w\$ PYTHONPATH=/home/xilinx/wrkspace/install/py_pubsub/lib/python3.8/site-packages:${PYTHONPATH} /usr/local/share/pynq-venv/bin/python3 setup.py egg_info --egg-base ../../build/py_pubsub build --build-base /home/xilinx/wrkspace/build/py_pubsub/build install --prefix /home/xilinx/wrkspace/install/py_pubsub --record /home/xilinx/wrkspace/build/py_pubsub/install.log --single-version-externally-managed
