[4.675s] Invoking command in '/home/xilinx/wrkspace/src/py_pubsub': PS1=\[\e]0;\u@\h: \w\a\]${debian_chroot:+($debian_chroot)}\u@\h:\w\$ PYTHONPATH=/home/xilinx/wrkspace/install/py_pubsub/lib/python3.8/site-packages:${PYTHONPATH} /usr/bin/python3 setup.py egg_info --egg-base ../../build/py_pubsub build --build-base /home/xilinx/wrkspace/build/py_pubsub/build install --prefix /home/xilinx/wrkspace/install/py_pubsub --record /home/xilinx/wrkspace/build/py_pubsub/install.log --single-version-externally-managed
[6.209s] running egg_info
[6.213s] writing ../../build/py_pubsub/py_pubsub.egg-info/PKG-INFO
[6.215s] writing dependency_links to ../../build/py_pubsub/py_pubsub.egg-info/dependency_links.txt
[6.216s] writing entry points to ../../build/py_pubsub/py_pubsub.egg-info/entry_points.txt
[6.217s] writing requirements to ../../build/py_pubsub/py_pubsub.egg-info/requires.txt
[6.217s] writing top-level names to ../../build/py_pubsub/py_pubsub.egg-info/top_level.txt
[6.477s] reading manifest file '../../build/py_pubsub/py_pubsub.egg-info/SOURCES.txt'
[6.484s] writing manifest file '../../build/py_pubsub/py_pubsub.egg-info/SOURCES.txt'
[6.485s] running build
[6.485s] running build_py
[6.486s] copying py_pubsub/MyOL.py -> /home/xilinx/wrkspace/build/py_pubsub/build/lib/py_pubsub
[6.488s] running install
[6.494s] running install_lib
[6.501s] copying /home/xilinx/wrkspace/build/py_pubsub/build/lib/py_pubsub/MyOL.py -> /home/xilinx/wrkspace/install/py_pubsub/lib/python3.8/site-packages/py_pubsub
[6.505s] byte-compiling /home/xilinx/wrkspace/install/py_pubsub/lib/python3.8/site-packages/py_pubsub/MyOL.py to MyOL.cpython-38.pyc
[6.514s] Sorry: TabError: inconsistent use of tabs and spaces in indentation (MyOL.py, line 13)
[6.515s] running install_data
[6.518s] running install_egg_info
[6.528s] removing '/home/xilinx/wrkspace/install/py_pubsub/lib/python3.8/site-packages/py_pubsub-0.0.0-py3.8.egg-info' (and everything under it)
[6.530s] Copying ../../build/py_pubsub/py_pubsub.egg-info to /home/xilinx/wrkspace/install/py_pubsub/lib/python3.8/site-packages/py_pubsub-0.0.0-py3.8.egg-info
[6.535s] running install_scripts
[6.657s] Installing listener script to /home/xilinx/wrkspace/install/py_pubsub/lib/py_pubsub
[6.658s] Installing talker script to /home/xilinx/wrkspace/install/py_pubsub/lib/py_pubsub
[6.660s] writing list of installed files to '/home/xilinx/wrkspace/build/py_pubsub/install.log'
[6.927s] Invoked command in '/home/xilinx/wrkspace/src/py_pubsub' returned '0': PS1=\[\e]0;\u@\h: \w\a\]${debian_chroot:+($debian_chroot)}\u@\h:\w\$ PYTHONPATH=/home/xilinx/wrkspace/install/py_pubsub/lib/python3.8/site-packages:${PYTHONPATH} /usr/bin/python3 setup.py egg_info --egg-base ../../build/py_pubsub build --build-base /home/xilinx/wrkspace/build/py_pubsub/build install --prefix /home/xilinx/wrkspace/install/py_pubsub --record /home/xilinx/wrkspace/build/py_pubsub/install.log --single-version-externally-managed
