[1.213s] DEBUG:colcon:Command line arguments: ['/usr/bin/colcon', 'build', '--packages-select', 'nn_drone_final']
[1.213s] DEBUG:colcon:Parsed command line arguments: Namespace(allow_overriding=[], ament_cmake_args=None, base_paths=['.'], build_base='build', catkin_cmake_args=None, catkin_skip_building_tests=False, cmake_args=None, cmake_clean_cache=False, cmake_clean_first=False, cmake_force_configure=False, cmake_target=None, cmake_target_skip_unavailable=False, continue_on_error=False, event_handlers=None, executor='parallel', ignore_user_meta=False, install_base='install', log_base=None, log_level=None, main=<bound method BuildVerb.main of <colcon_core.verb.build.BuildVerb object at 0xffff805fa670>>, merge_install=False, metas=['./colcon.meta'], packages_above=None, packages_above_and_dependencies=None, packages_above_depth=None, packages_end=None, packages_ignore=None, packages_ignore_regex=None, packages_select=['nn_drone_final'], packages_select_build_failed=False, packages_select_by_dep=None, packages_select_regex=None, packages_select_test_failures=False, packages_skip=None, packages_skip_build_finished=False, packages_skip_by_dep=None, packages_skip_regex=None, packages_skip_test_passed=False, packages_skip_up_to=None, packages_start=None, packages_up_to=None, packages_up_to_regex=None, parallel_workers=4, paths=None, symlink_install=False, test_result_base=None, verb_extension=<colcon_core.verb.build.BuildVerb object at 0xffff805fa670>, verb_name='build', verb_parser=<colcon_defaults.argument_parser.defaults.DefaultArgumentsDecorator object at 0xffff805fabb0>)
[1.442s] Level 1:colcon.colcon_core.package_discovery:discover_packages(colcon_meta) check parameters
[1.443s] Level 1:colcon.colcon_core.package_discovery:discover_packages(recursive) check parameters
[1.443s] Level 1:colcon.colcon_core.package_discovery:discover_packages(ignore) check parameters
[1.444s] Level 1:colcon.colcon_core.package_discovery:discover_packages(path) check parameters
[1.444s] Level 1:colcon.colcon_core.package_discovery:discover_packages(colcon_meta) discover
[1.444s] Level 1:colcon.colcon_core.package_discovery:discover_packages(recursive) discover
[1.445s] INFO:colcon.colcon_core.package_discovery:Crawling recursively for packages in '/home/xilinx/wrkspace'
[1.445s] Level 1:colcon.colcon_core.package_identification:_identify(.) by extensions ['ignore', 'ignore_ament_install']
[1.446s] Level 1:colcon.colcon_core.package_identification:_identify(.) by extension 'ignore'
[1.446s] Level 1:colcon.colcon_core.package_identification:_identify(.) by extension 'ignore_ament_install'
[1.446s] Level 1:colcon.colcon_core.package_identification:_identify(.) by extensions ['colcon_pkg']
[1.447s] Level 1:colcon.colcon_core.package_identification:_identify(.) by extension 'colcon_pkg'
[1.447s] Level 1:colcon.colcon_core.package_identification:_identify(.) by extensions ['colcon_meta']
[1.447s] Level 1:colcon.colcon_core.package_identification:_identify(.) by extension 'colcon_meta'
[1.448s] Level 1:colcon.colcon_core.package_identification:_identify(.) by extensions ['ros']
[1.448s] Level 1:colcon.colcon_core.package_identification:_identify(.) by extension 'ros'
[1.532s] Level 1:colcon.colcon_core.package_identification:_identify(.) by extensions ['cmake', 'python']
[1.533s] Level 1:colcon.colcon_core.package_identification:_identify(.) by extension 'cmake'
[1.533s] Level 1:colcon.colcon_core.package_identification:_identify(.) by extension 'python'
[1.534s] Level 1:colcon.colcon_core.package_identification:_identify(.) by extensions ['python_setup_py']
[1.534s] Level 1:colcon.colcon_core.package_identification:_identify(.) by extension 'python_setup_py'
[1.535s] Level 1:colcon.colcon_core.package_identification:_identify(build) by extensions ['ignore', 'ignore_ament_install']
[1.535s] Level 1:colcon.colcon_core.package_identification:_identify(build) by extension 'ignore'
[1.535s] Level 1:colcon.colcon_core.package_identification:_identify(build) ignored
[1.536s] Level 1:colcon.colcon_core.package_identification:_identify(install) by extensions ['ignore', 'ignore_ament_install']
[1.537s] Level 1:colcon.colcon_core.package_identification:_identify(install) by extension 'ignore'
[1.537s] Level 1:colcon.colcon_core.package_identification:_identify(install) ignored
[1.538s] Level 1:colcon.colcon_core.package_identification:_identify(log) by extensions ['ignore', 'ignore_ament_install']
[1.539s] Level 1:colcon.colcon_core.package_identification:_identify(log) by extension 'ignore'
[1.539s] Level 1:colcon.colcon_core.package_identification:_identify(log) ignored
[1.539s] Level 1:colcon.colcon_core.package_identification:_identify(src) by extensions ['ignore', 'ignore_ament_install']
[1.540s] Level 1:colcon.colcon_core.package_identification:_identify(src) by extension 'ignore'
[1.540s] Level 1:colcon.colcon_core.package_identification:_identify(src) by extension 'ignore_ament_install'
[1.541s] Level 1:colcon.colcon_core.package_identification:_identify(src) by extensions ['colcon_pkg']
[1.541s] Level 1:colcon.colcon_core.package_identification:_identify(src) by extension 'colcon_pkg'
[1.541s] Level 1:colcon.colcon_core.package_identification:_identify(src) by extensions ['colcon_meta']
[1.541s] Level 1:colcon.colcon_core.package_identification:_identify(src) by extension 'colcon_meta'
[1.542s] Level 1:colcon.colcon_core.package_identification:_identify(src) by extensions ['ros']
[1.542s] Level 1:colcon.colcon_core.package_identification:_identify(src) by extension 'ros'
[1.542s] Level 1:colcon.colcon_core.package_identification:_identify(src) by extensions ['cmake', 'python']
[1.543s] Level 1:colcon.colcon_core.package_identification:_identify(src) by extension 'cmake'
[1.543s] Level 1:colcon.colcon_core.package_identification:_identify(src) by extension 'python'
[1.543s] Level 1:colcon.colcon_core.package_identification:_identify(src) by extensions ['python_setup_py']
[1.544s] Level 1:colcon.colcon_core.package_identification:_identify(src) by extension 'python_setup_py'
[1.544s] Level 1:colcon.colcon_core.package_identification:_identify(src/got_coffe) by extensions ['ignore', 'ignore_ament_install']
[1.545s] Level 1:colcon.colcon_core.package_identification:_identify(src/got_coffe) by extension 'ignore'
[1.545s] Level 1:colcon.colcon_core.package_identification:_identify(src/got_coffe) by extension 'ignore_ament_install'
[1.545s] Level 1:colcon.colcon_core.package_identification:_identify(src/got_coffe) by extensions ['colcon_pkg']
[1.546s] Level 1:colcon.colcon_core.package_identification:_identify(src/got_coffe) by extension 'colcon_pkg'
[1.546s] Level 1:colcon.colcon_core.package_identification:_identify(src/got_coffe) by extensions ['colcon_meta']
[1.546s] Level 1:colcon.colcon_core.package_identification:_identify(src/got_coffe) by extension 'colcon_meta'
[1.546s] Level 1:colcon.colcon_core.package_identification:_identify(src/got_coffe) by extensions ['ros']
[1.547s] Level 1:colcon.colcon_core.package_identification:_identify(src/got_coffe) by extension 'ros'
[1.563s] DEBUG:colcon.colcon_core.package_identification:Package 'src/got_coffe' with type 'ros.ament_python' and name 'got_coffe'
[1.564s] Level 1:colcon.colcon_core.package_identification:_identify(src/my_package) by extensions ['ignore', 'ignore_ament_install']
[1.579s] Level 1:colcon.colcon_core.package_identification:_identify(src/my_package) by extension 'ignore'
[1.580s] Level 1:colcon.colcon_core.package_identification:_identify(src/my_package) by extension 'ignore_ament_install'
[1.580s] Level 1:colcon.colcon_core.package_identification:_identify(src/my_package) by extensions ['colcon_pkg']
[1.580s] Level 1:colcon.colcon_core.package_identification:_identify(src/my_package) by extension 'colcon_pkg'
[1.581s] Level 1:colcon.colcon_core.package_identification:_identify(src/my_package) by extensions ['colcon_meta']
[1.581s] Level 1:colcon.colcon_core.package_identification:_identify(src/my_package) by extension 'colcon_meta'
[1.581s] Level 1:colcon.colcon_core.package_identification:_identify(src/my_package) by extensions ['ros']
[1.582s] Level 1:colcon.colcon_core.package_identification:_identify(src/my_package) by extension 'ros'
[1.586s] DEBUG:colcon.colcon_core.package_identification:Package 'src/my_package' with type 'ros.ament_python' and name 'my_package'
[1.586s] Level 1:colcon.colcon_core.package_identification:_identify(src/nn_drone_final) by extensions ['ignore', 'ignore_ament_install']
[1.587s] Level 1:colcon.colcon_core.package_identification:_identify(src/nn_drone_final) by extension 'ignore'
[1.587s] Level 1:colcon.colcon_core.package_identification:_identify(src/nn_drone_final) by extension 'ignore_ament_install'
[1.588s] Level 1:colcon.colcon_core.package_identification:_identify(src/nn_drone_final) by extensions ['colcon_pkg']
[1.588s] Level 1:colcon.colcon_core.package_identification:_identify(src/nn_drone_final) by extension 'colcon_pkg'
[1.588s] Level 1:colcon.colcon_core.package_identification:_identify(src/nn_drone_final) by extensions ['colcon_meta']
[1.588s] Level 1:colcon.colcon_core.package_identification:_identify(src/nn_drone_final) by extension 'colcon_meta'
[1.589s] Level 1:colcon.colcon_core.package_identification:_identify(src/nn_drone_final) by extensions ['ros']
[1.589s] Level 1:colcon.colcon_core.package_identification:_identify(src/nn_drone_final) by extension 'ros'
[1.594s] DEBUG:colcon.colcon_core.package_identification:Package 'src/nn_drone_final' with type 'ros.ament_python' and name 'nn_drone_final'
[1.595s] Level 1:colcon.colcon_core.package_identification:_identify(src/py_pubsub) by extensions ['ignore', 'ignore_ament_install']
[1.595s] Level 1:colcon.colcon_core.package_identification:_identify(src/py_pubsub) by extension 'ignore'
[1.596s] Level 1:colcon.colcon_core.package_identification:_identify(src/py_pubsub) by extension 'ignore_ament_install'
[1.596s] Level 1:colcon.colcon_core.package_identification:_identify(src/py_pubsub) by extensions ['colcon_pkg']
[1.596s] Level 1:colcon.colcon_core.package_identification:_identify(src/py_pubsub) by extension 'colcon_pkg'
[1.596s] Level 1:colcon.colcon_core.package_identification:_identify(src/py_pubsub) by extensions ['colcon_meta']
[1.597s] Level 1:colcon.colcon_core.package_identification:_identify(src/py_pubsub) by extension 'colcon_meta'
[1.597s] Level 1:colcon.colcon_core.package_identification:_identify(src/py_pubsub) by extensions ['ros']
[1.597s] Level 1:colcon.colcon_core.package_identification:_identify(src/py_pubsub) by extension 'ros'
[1.601s] DEBUG:colcon.colcon_core.package_identification:Package 'src/py_pubsub' with type 'ros.ament_python' and name 'py_pubsub'
[1.601s] Level 1:colcon.colcon_core.package_discovery:discover_packages(recursive) using defaults
[1.602s] Level 1:colcon.colcon_core.package_discovery:discover_packages(ignore) discover
[1.602s] Level 1:colcon.colcon_core.package_discovery:discover_packages(ignore) using defaults
[1.602s] Level 1:colcon.colcon_core.package_discovery:discover_packages(path) discover
[1.602s] Level 1:colcon.colcon_core.package_discovery:discover_packages(path) using defaults
[1.752s] INFO:colcon.colcon_core.package_selection:Skipping not selected package 'got_coffe' in 'src/got_coffe'
[1.752s] INFO:colcon.colcon_core.package_selection:Skipping not selected package 'my_package' in 'src/my_package'
[1.753s] INFO:colcon.colcon_core.package_selection:Skipping not selected package 'py_pubsub' in 'src/py_pubsub'
[1.759s] Level 1:colcon.colcon_core.package_discovery:discover_packages(prefix_path) check parameters
[1.759s] Level 1:colcon.colcon_core.package_discovery:discover_packages(prefix_path) discover
[1.780s] DEBUG:colcon.colcon_installed_package_information.package_discovery:Found 2 installed packages in /home/xilinx/px4_ros_com_ros2/install
[1.791s] DEBUG:colcon.colcon_installed_package_information.package_discovery:Found 256 installed packages in /opt/ros/foxy
[1.807s] Level 1:colcon.colcon_core.package_discovery:discover_packages(prefix_path) using defaults
[2.540s] Level 5:colcon.colcon_core.verb:set package 'nn_drone_final' build argument 'cmake_args' from command line to 'None'
[2.540s] Level 5:colcon.colcon_core.verb:set package 'nn_drone_final' build argument 'cmake_target' from command line to 'None'
[2.540s] Level 5:colcon.colcon_core.verb:set package 'nn_drone_final' build argument 'cmake_target_skip_unavailable' from command line to 'False'
[2.541s] Level 5:colcon.colcon_core.verb:set package 'nn_drone_final' build argument 'cmake_clean_cache' from command line to 'False'
[2.541s] Level 5:colcon.colcon_core.verb:set package 'nn_drone_final' build argument 'cmake_clean_first' from command line to 'False'
[2.541s] Level 5:colcon.colcon_core.verb:set package 'nn_drone_final' build argument 'cmake_force_configure' from command line to 'False'
[2.541s] Level 5:colcon.colcon_core.verb:set package 'nn_drone_final' build argument 'ament_cmake_args' from command line to 'None'
[2.541s] Level 5:colcon.colcon_core.verb:set package 'nn_drone_final' build argument 'catkin_cmake_args' from command line to 'None'
[2.542s] Level 5:colcon.colcon_core.verb:set package 'nn_drone_final' build argument 'catkin_skip_building_tests' from command line to 'False'
[2.542s] DEBUG:colcon.colcon_core.verb:Building package 'nn_drone_final' with the following arguments: {'ament_cmake_args': None, 'build_base': '/home/xilinx/wrkspace/build/nn_drone_final', 'catkin_cmake_args': None, 'catkin_skip_building_tests': False, 'cmake_args': None, 'cmake_clean_cache': False, 'cmake_clean_first': False, 'cmake_force_configure': False, 'cmake_target': None, 'cmake_target_skip_unavailable': False, 'install_base': '/home/xilinx/wrkspace/install/nn_drone_final', 'merge_install': False, 'path': '/home/xilinx/wrkspace/src/nn_drone_final', 'symlink_install': False, 'test_result_base': None}
[2.545s] INFO:colcon.colcon_core.executor:Executing jobs using 'parallel' executor
[2.559s] DEBUG:colcon.colcon_parallel_executor.executor.parallel:run_until_complete
[2.560s] INFO:colcon.colcon_ros.task.ament_python.build:Building ROS package in '/home/xilinx/wrkspace/src/nn_drone_final' with build type 'ament_python'
[2.562s] Level 1:colcon.colcon_core.shell:create_environment_hook('nn_drone_final', 'ament_prefix_path')
[2.598s] INFO:colcon.colcon_core.plugin_system:Skipping extension 'colcon_core.shell.bat': Not used on non-Windows systems
[2.600s] INFO:colcon.colcon_core.shell:Creating environment hook '/home/xilinx/wrkspace/install/nn_drone_final/share/nn_drone_final/hook/ament_prefix_path.ps1'
[2.605s] INFO:colcon.colcon_core.shell:Creating environment descriptor '/home/xilinx/wrkspace/install/nn_drone_final/share/nn_drone_final/hook/ament_prefix_path.dsv'
[3.096s] INFO:colcon.colcon_core.shell:Creating environment hook '/home/xilinx/wrkspace/install/nn_drone_final/share/nn_drone_final/hook/ament_prefix_path.sh'
[3.107s] INFO:colcon.colcon_core.shell:Skip shell extension 'powershell' for command environment: Not usable outside of PowerShell
[3.107s] DEBUG:colcon.colcon_core.shell:Skip shell extension 'dsv' for command environment
[4.828s] INFO:colcon.colcon_core.task.python.build:Building Python package in '/home/xilinx/wrkspace/src/nn_drone_final'
[4.833s] INFO:colcon.colcon_core.shell:Skip shell extension 'powershell' for command environment: Not usable outside of PowerShell
[4.834s] DEBUG:colcon.colcon_core.shell:Skip shell extension 'dsv' for command environment
[8.104s] DEBUG:colcon.colcon_core.event_handler.log_command:Invoking command in '/home/xilinx/wrkspace/src/nn_drone_final': PYTHONPATH=/home/xilinx/wrkspace/install/nn_drone_final/lib/python3.8/site-packages:${PYTHONPATH} /usr/bin/python3 setup.py egg_info --egg-base ../../build/nn_drone_final build --build-base /home/xilinx/wrkspace/build/nn_drone_final/build install --prefix /home/xilinx/wrkspace/install/nn_drone_final --record /home/xilinx/wrkspace/build/nn_drone_final/install.log --single-version-externally-managed
[11.370s] DEBUG:colcon.colcon_core.event_handler.log_command:Invoked command in '/home/xilinx/wrkspace/src/nn_drone_final' returned '0': PYTHONPATH=/home/xilinx/wrkspace/install/nn_drone_final/lib/python3.8/site-packages:${PYTHONPATH} /usr/bin/python3 setup.py egg_info --egg-base ../../build/nn_drone_final build --build-base /home/xilinx/wrkspace/build/nn_drone_final/build install --prefix /home/xilinx/wrkspace/install/nn_drone_final --record /home/xilinx/wrkspace/build/nn_drone_final/install.log --single-version-externally-managed
[11.405s] Level 1:colcon.colcon_core.environment:checking '/home/xilinx/wrkspace/install/nn_drone_final' for CMake module files
[11.409s] Level 1:colcon.colcon_core.environment:checking '/home/xilinx/wrkspace/install/nn_drone_final' for CMake config files
[11.413s] Level 1:colcon.colcon_core.environment:checking '/home/xilinx/wrkspace/install/nn_drone_final/lib'
[11.414s] Level 1:colcon.colcon_core.environment:checking '/home/xilinx/wrkspace/install/nn_drone_final/bin'
[11.415s] Level 1:colcon.colcon_core.environment:checking '/home/xilinx/wrkspace/install/nn_drone_final/lib/pkgconfig/nn_drone_final.pc'
[11.416s] Level 1:colcon.colcon_core.environment:checking '/home/xilinx/wrkspace/install/nn_drone_final/lib/python3.8/site-packages'
[11.417s] Level 1:colcon.colcon_core.shell:create_environment_hook('nn_drone_final', 'pythonpath')
[11.421s] INFO:colcon.colcon_core.shell:Creating environment hook '/home/xilinx/wrkspace/install/nn_drone_final/share/nn_drone_final/hook/pythonpath.ps1'
[11.424s] INFO:colcon.colcon_core.shell:Creating environment descriptor '/home/xilinx/wrkspace/install/nn_drone_final/share/nn_drone_final/hook/pythonpath.dsv'
[11.426s] INFO:colcon.colcon_core.shell:Creating environment hook '/home/xilinx/wrkspace/install/nn_drone_final/share/nn_drone_final/hook/pythonpath.sh'
[11.430s] Level 1:colcon.colcon_core.environment:checking '/home/xilinx/wrkspace/install/nn_drone_final/bin'
[11.431s] Level 1:colcon.colcon_core.environment:create_environment_scripts_only(nn_drone_final)
[11.436s] INFO:colcon.colcon_core.shell:Creating package script '/home/xilinx/wrkspace/install/nn_drone_final/share/nn_drone_final/package.ps1'
[11.443s] INFO:colcon.colcon_core.shell:Creating package descriptor '/home/xilinx/wrkspace/install/nn_drone_final/share/nn_drone_final/package.dsv'
[11.450s] INFO:colcon.colcon_core.shell:Creating package script '/home/xilinx/wrkspace/install/nn_drone_final/share/nn_drone_final/package.sh'
[11.470s] INFO:colcon.colcon_core.shell:Creating package script '/home/xilinx/wrkspace/install/nn_drone_final/share/nn_drone_final/package.bash'
[11.480s] INFO:colcon.colcon_core.shell:Creating package script '/home/xilinx/wrkspace/install/nn_drone_final/share/nn_drone_final/package.zsh'
[11.489s] Level 1:colcon.colcon_core.environment:create_file_with_runtime_dependencies(/home/xilinx/wrkspace/install/nn_drone_final/share/colcon-core/packages/nn_drone_final)
[11.492s] DEBUG:colcon.colcon_parallel_executor.executor.parallel:closing loop
[11.493s] DEBUG:colcon.colcon_parallel_executor.executor.parallel:loop closed
[11.494s] DEBUG:colcon.colcon_parallel_executor.executor.parallel:run_until_complete finished with '0'
[11.494s] DEBUG:colcon.colcon_core.event_reactor:joining thread
[11.589s] INFO:colcon.colcon_core.plugin_system:Skipping extension 'colcon_notification.desktop_notification.notify_send': Could not find 'notify-send'
[11.590s] INFO:colcon.colcon_core.plugin_system:Skipping extension 'colcon_notification.desktop_notification.terminal_notifier': Not used on non-Darwin systems
[11.590s] INFO:colcon.colcon_core.plugin_system:Skipping extension 'colcon_notification.desktop_notification.win32': Not used on non-Windows systems
[11.591s] INFO:colcon.colcon_notification.desktop_notification:Sending desktop notification using 'notify2'
[11.591s] DEBUG:colcon.colcon_notification.desktop_notification.notify2:Failed to initialize notify2: org.freedesktop.DBus.Error.NotSupported: Unable to autolaunch a dbus-daemon without a $DISPLAY for X11
[11.591s] DEBUG:colcon.colcon_core.event_reactor:joined thread
[11.596s] INFO:colcon.colcon_core.shell:Creating prefix script '/home/xilinx/wrkspace/install/local_setup.ps1'
[11.604s] INFO:colcon.colcon_core.shell:Creating prefix util module '/home/xilinx/wrkspace/install/_local_setup_util_ps1.py'
[11.619s] INFO:colcon.colcon_core.shell:Creating prefix chain script '/home/xilinx/wrkspace/install/setup.ps1'
[11.630s] INFO:colcon.colcon_core.shell:Creating prefix script '/home/xilinx/wrkspace/install/local_setup.sh'
[11.638s] INFO:colcon.colcon_core.shell:Creating prefix util module '/home/xilinx/wrkspace/install/_local_setup_util_sh.py'
[11.641s] INFO:colcon.colcon_core.shell:Creating prefix chain script '/home/xilinx/wrkspace/install/setup.sh'
[11.651s] INFO:colcon.colcon_core.shell:Creating prefix script '/home/xilinx/wrkspace/install/local_setup.bash'
[11.657s] INFO:colcon.colcon_core.shell:Creating prefix chain script '/home/xilinx/wrkspace/install/setup.bash'
[11.667s] INFO:colcon.colcon_core.shell:Creating prefix script '/home/xilinx/wrkspace/install/local_setup.zsh'
[11.674s] INFO:colcon.colcon_core.shell:Creating prefix chain script '/home/xilinx/wrkspace/install/setup.zsh'
