[4.994s] Invoking command in '/home/xilinx/wrkspace/src/py_pubsub': PYTHONPATH=/home/xilinx/wrkspace/install/py_pubsub/lib/python3.8/site-packages:${PYTHONPATH} /usr/bin/python3 setup.py egg_info --egg-base ../../build/py_pubsub build --build-base /home/xilinx/wrkspace/build/py_pubsub/build install --prefix /home/xilinx/wrkspace/install/py_pubsub --record /home/xilinx/wrkspace/build/py_pubsub/install.log --single-version-externally-managed
[8.690s] running egg_info
[8.691s] writing ../../build/py_pubsub/py_pubsub.egg-info/PKG-INFO
[9.846s] writing dependency_links to ../../build/py_pubsub/py_pubsub.egg-info/dependency_links.txt
[9.847s] writing entry points to ../../build/py_pubsub/py_pubsub.egg-info/entry_points.txt
[9.848s] writing requirements to ../../build/py_pubsub/py_pubsub.egg-info/requires.txt
[9.849s] writing top-level names to ../../build/py_pubsub/py_pubsub.egg-info/top_level.txt
[10.127s] reading manifest file '../../build/py_pubsub/py_pubsub.egg-info/SOURCES.txt'
[10.136s] writing manifest file '../../build/py_pubsub/py_pubsub.egg-info/SOURCES.txt'
[10.137s] running build
[10.138s] running build_py
[10.139s] copying py_pubsub/publisher_member_function.py -> /home/xilinx/wrkspace/build/py_pubsub/build/lib/py_pubsub
[10.139s] copying py_pubsub/subscriber_member_function.py -> /home/xilinx/wrkspace/build/py_pubsub/build/lib/py_pubsub
[10.141s] running install
[10.147s] running install_lib
[10.154s] copying /home/xilinx/wrkspace/build/py_pubsub/build/lib/py_pubsub/publisher_member_function.py -> /home/xilinx/wrkspace/install/py_pubsub/lib/python3.8/site-packages/py_pubsub
[10.155s] copying /home/xilinx/wrkspace/build/py_pubsub/build/lib/py_pubsub/subscriber_member_function.py -> /home/xilinx/wrkspace/install/py_pubsub/lib/python3.8/site-packages/py_pubsub
[10.158s] byte-compiling /home/xilinx/wrkspace/install/py_pubsub/lib/python3.8/site-packages/py_pubsub/publisher_member_function.py to publisher_member_function.cpython-38.pyc
[10.171s] byte-compiling /home/xilinx/wrkspace/install/py_pubsub/lib/python3.8/site-packages/py_pubsub/subscriber_member_function.py to subscriber_member_function.cpython-38.pyc
[10.175s] running install_data
[10.179s] running install_egg_info
[10.189s] removing '/home/xilinx/wrkspace/install/py_pubsub/lib/python3.8/site-packages/py_pubsub-0.0.0-py3.8.egg-info' (and everything under it)
[10.190s] Copying ../../build/py_pubsub/py_pubsub.egg-info to /home/xilinx/wrkspace/install/py_pubsub/lib/python3.8/site-packages/py_pubsub-0.0.0-py3.8.egg-info
[10.661s] running install_scripts
[10.782s] Installing listener script to /home/xilinx/wrkspace/install/py_pubsub/lib/py_pubsub
[10.783s] Installing talker script to /home/xilinx/wrkspace/install/py_pubsub/lib/py_pubsub
[10.786s] writing list of installed files to '/home/xilinx/wrkspace/build/py_pubsub/install.log'
[11.073s] Invoked command in '/home/xilinx/wrkspace/src/py_pubsub' returned '0': PYTHONPATH=/home/xilinx/wrkspace/install/py_pubsub/lib/python3.8/site-packages:${PYTHONPATH} /usr/bin/python3 setup.py egg_info --egg-base ../../build/py_pubsub build --build-base /home/xilinx/wrkspace/build/py_pubsub/build install --prefix /home/xilinx/wrkspace/install/py_pubsub --record /home/xilinx/wrkspace/build/py_pubsub/install.log --single-version-externally-managed
