[1.251s] DEBUG:colcon:Command line arguments: ['/usr/bin/colcon', 'build']
[1.252s] DEBUG:colcon:Parsed command line arguments: Namespace(allow_overriding=[], ament_cmake_args=None, base_paths=['.'], build_base='build', catkin_cmake_args=None, catkin_skip_building_tests=False, cmake_args=None, cmake_clean_cache=False, cmake_clean_first=False, cmake_force_configure=False, cmake_target=None, cmake_target_skip_unavailable=False, continue_on_error=False, event_handlers=None, executor='parallel', ignore_user_meta=False, install_base='install', log_base=None, log_level=None, main=<bound method BuildVerb.main of <colcon_core.verb.build.BuildVerb object at 0xffff9564c700>>, merge_install=False, metas=['./colcon.meta'], packages_above=None, packages_above_and_dependencies=None, packages_above_depth=None, packages_end=None, packages_ignore=None, packages_ignore_regex=None, packages_select=None, packages_select_build_failed=False, packages_select_by_dep=None, packages_select_regex=None, packages_select_test_failures=False, packages_skip=None, packages_skip_build_finished=False, packages_skip_by_dep=None, packages_skip_regex=None, packages_skip_test_passed=False, packages_skip_up_to=None, packages_start=None, packages_up_to=None, packages_up_to_regex=None, parallel_workers=4, paths=None, symlink_install=False, test_result_base=None, verb_extension=<colcon_core.verb.build.BuildVerb object at 0xffff9564c700>, verb_name='build', verb_parser=<colcon_defaults.argument_parser.defaults.DefaultArgumentsDecorator object at 0xffff9564cc40>)
[1.458s] Level 1:colcon.colcon_core.package_discovery:discover_packages(colcon_meta) check parameters
[1.459s] Level 1:colcon.colcon_core.package_discovery:discover_packages(recursive) check parameters
[1.460s] Level 1:colcon.colcon_core.package_discovery:discover_packages(ignore) check parameters
[1.460s] Level 1:colcon.colcon_core.package_discovery:discover_packages(path) check parameters
[1.460s] Level 1:colcon.colcon_core.package_discovery:discover_packages(colcon_meta) discover
[1.461s] Level 1:colcon.colcon_core.package_discovery:discover_packages(recursive) discover
[1.461s] INFO:colcon.colcon_core.package_discovery:Crawling recursively for packages in '/home/xilinx/wrkspace'
[1.461s] Level 1:colcon.colcon_core.package_identification:_identify(.) by extensions ['ignore', 'ignore_ament_install']
[1.462s] Level 1:colcon.colcon_core.package_identification:_identify(.) by extension 'ignore'
[1.462s] Level 1:colcon.colcon_core.package_identification:_identify(.) by extension 'ignore_ament_install'
[1.463s] Level 1:colcon.colcon_core.package_identification:_identify(.) by extensions ['colcon_pkg']
[1.463s] Level 1:colcon.colcon_core.package_identification:_identify(.) by extension 'colcon_pkg'
[1.463s] Level 1:colcon.colcon_core.package_identification:_identify(.) by extensions ['colcon_meta']
[1.463s] Level 1:colcon.colcon_core.package_identification:_identify(.) by extension 'colcon_meta'
[1.464s] Level 1:colcon.colcon_core.package_identification:_identify(.) by extensions ['ros']
[1.464s] Level 1:colcon.colcon_core.package_identification:_identify(.) by extension 'ros'
[1.546s] Level 1:colcon.colcon_core.package_identification:_identify(.) by extensions ['cmake', 'python']
[1.546s] Level 1:colcon.colcon_core.package_identification:_identify(.) by extension 'cmake'
[1.547s] Level 1:colcon.colcon_core.package_identification:_identify(.) by extension 'python'
[1.547s] Level 1:colcon.colcon_core.package_identification:_identify(.) by extensions ['python_setup_py']
[1.547s] Level 1:colcon.colcon_core.package_identification:_identify(.) by extension 'python_setup_py'
[1.548s] Level 1:colcon.colcon_core.package_identification:_identify(build) by extensions ['ignore', 'ignore_ament_install']
[1.549s] Level 1:colcon.colcon_core.package_identification:_identify(build) by extension 'ignore'
[1.549s] Level 1:colcon.colcon_core.package_identification:_identify(build) ignored
[1.550s] Level 1:colcon.colcon_core.package_identification:_identify(install) by extensions ['ignore', 'ignore_ament_install']
[1.550s] Level 1:colcon.colcon_core.package_identification:_identify(install) by extension 'ignore'
[1.551s] Level 1:colcon.colcon_core.package_identification:_identify(install) ignored
[1.551s] Level 1:colcon.colcon_core.package_identification:_identify(log) by extensions ['ignore', 'ignore_ament_install']
[1.552s] Level 1:colcon.colcon_core.package_identification:_identify(log) by extension 'ignore'
[1.552s] Level 1:colcon.colcon_core.package_identification:_identify(log) ignored
[1.552s] Level 1:colcon.colcon_core.package_identification:_identify(src) by extensions ['ignore', 'ignore_ament_install']
[1.553s] Level 1:colcon.colcon_core.package_identification:_identify(src) by extension 'ignore'
[1.553s] Level 1:colcon.colcon_core.package_identification:_identify(src) by extension 'ignore_ament_install'
[1.554s] Level 1:colcon.colcon_core.package_identification:_identify(src) by extensions ['colcon_pkg']
[1.554s] Level 1:colcon.colcon_core.package_identification:_identify(src) by extension 'colcon_pkg'
[1.554s] Level 1:colcon.colcon_core.package_identification:_identify(src) by extensions ['colcon_meta']
[1.554s] Level 1:colcon.colcon_core.package_identification:_identify(src) by extension 'colcon_meta'
[1.555s] Level 1:colcon.colcon_core.package_identification:_identify(src) by extensions ['ros']
[1.555s] Level 1:colcon.colcon_core.package_identification:_identify(src) by extension 'ros'
[1.556s] Level 1:colcon.colcon_core.package_identification:_identify(src) by extensions ['cmake', 'python']
[1.556s] Level 1:colcon.colcon_core.package_identification:_identify(src) by extension 'cmake'
[1.556s] Level 1:colcon.colcon_core.package_identification:_identify(src) by extension 'python'
[1.556s] Level 1:colcon.colcon_core.package_identification:_identify(src) by extensions ['python_setup_py']
[1.557s] Level 1:colcon.colcon_core.package_identification:_identify(src) by extension 'python_setup_py'
[1.557s] Level 1:colcon.colcon_core.package_identification:_identify(src/my_package) by extensions ['ignore', 'ignore_ament_install']
[1.558s] Level 1:colcon.colcon_core.package_identification:_identify(src/my_package) by extension 'ignore'
[1.558s] Level 1:colcon.colcon_core.package_identification:_identify(src/my_package) by extension 'ignore_ament_install'
[1.558s] Level 1:colcon.colcon_core.package_identification:_identify(src/my_package) by extensions ['colcon_pkg']
[1.559s] Level 1:colcon.colcon_core.package_identification:_identify(src/my_package) by extension 'colcon_pkg'
[1.559s] Level 1:colcon.colcon_core.package_identification:_identify(src/my_package) by extensions ['colcon_meta']
[1.559s] Level 1:colcon.colcon_core.package_identification:_identify(src/my_package) by extension 'colcon_meta'
[1.559s] Level 1:colcon.colcon_core.package_identification:_identify(src/my_package) by extensions ['ros']
[1.560s] Level 1:colcon.colcon_core.package_identification:_identify(src/my_package) by extension 'ros'
[1.580s] DEBUG:colcon.colcon_core.package_identification:Package 'src/my_package' with type 'ros.ament_python' and name 'my_package'
[1.583s] Level 1:colcon.colcon_core.package_identification:_identify(src/py_pubsub) by extensions ['ignore', 'ignore_ament_install']
[1.583s] Level 1:colcon.colcon_core.package_identification:_identify(src/py_pubsub) by extension 'ignore'
[1.584s] Level 1:colcon.colcon_core.package_identification:_identify(src/py_pubsub) by extension 'ignore_ament_install'
[1.584s] Level 1:colcon.colcon_core.package_identification:_identify(src/py_pubsub) by extensions ['colcon_pkg']
[1.584s] Level 1:colcon.colcon_core.package_identification:_identify(src/py_pubsub) by extension 'colcon_pkg'
[1.585s] Level 1:colcon.colcon_core.package_identification:_identify(src/py_pubsub) by extensions ['colcon_meta']
[1.585s] Level 1:colcon.colcon_core.package_identification:_identify(src/py_pubsub) by extension 'colcon_meta'
[1.585s] Level 1:colcon.colcon_core.package_identification:_identify(src/py_pubsub) by extensions ['ros']
[1.586s] Level 1:colcon.colcon_core.package_identification:_identify(src/py_pubsub) by extension 'ros'
[1.590s] DEBUG:colcon.colcon_core.package_identification:Package 'src/py_pubsub' with type 'ros.ament_python' and name 'py_pubsub'
[1.591s] Level 1:colcon.colcon_core.package_discovery:discover_packages(recursive) using defaults
[1.591s] Level 1:colcon.colcon_core.package_discovery:discover_packages(ignore) discover
[1.591s] Level 1:colcon.colcon_core.package_discovery:discover_packages(ignore) using defaults
[1.592s] Level 1:colcon.colcon_core.package_discovery:discover_packages(path) discover
[1.592s] Level 1:colcon.colcon_core.package_discovery:discover_packages(path) using defaults
[1.759s] Level 1:colcon.colcon_core.package_discovery:discover_packages(prefix_path) check parameters
[1.760s] Level 1:colcon.colcon_core.package_discovery:discover_packages(prefix_path) discover
[1.786s] DEBUG:colcon.colcon_installed_package_information.package_discovery:Found 256 installed packages in /opt/ros/foxy
[1.802s] Level 1:colcon.colcon_core.package_discovery:discover_packages(prefix_path) using defaults
[2.523s] Level 5:colcon.colcon_core.verb:set package 'my_package' build argument 'cmake_args' from command line to 'None'
[2.523s] Level 5:colcon.colcon_core.verb:set package 'my_package' build argument 'cmake_target' from command line to 'None'
[2.524s] Level 5:colcon.colcon_core.verb:set package 'my_package' build argument 'cmake_target_skip_unavailable' from command line to 'False'
[2.524s] Level 5:colcon.colcon_core.verb:set package 'my_package' build argument 'cmake_clean_cache' from command line to 'False'
[2.524s] Level 5:colcon.colcon_core.verb:set package 'my_package' build argument 'cmake_clean_first' from command line to 'False'
[2.524s] Level 5:colcon.colcon_core.verb:set package 'my_package' build argument 'cmake_force_configure' from command line to 'False'
[2.524s] Level 5:colcon.colcon_core.verb:set package 'my_package' build argument 'ament_cmake_args' from command line to 'None'
[2.525s] Level 5:colcon.colcon_core.verb:set package 'my_package' build argument 'catkin_cmake_args' from command line to 'None'
[2.525s] Level 5:colcon.colcon_core.verb:set package 'my_package' build argument 'catkin_skip_building_tests' from command line to 'False'
[2.525s] DEBUG:colcon.colcon_core.verb:Building package 'my_package' with the following arguments: {'ament_cmake_args': None, 'build_base': '/home/xilinx/wrkspace/build/my_package', 'catkin_cmake_args': None, 'catkin_skip_building_tests': False, 'cmake_args': None, 'cmake_clean_cache': False, 'cmake_clean_first': False, 'cmake_force_configure': False, 'cmake_target': None, 'cmake_target_skip_unavailable': False, 'install_base': '/home/xilinx/wrkspace/install/my_package', 'merge_install': False, 'path': '/home/xilinx/wrkspace/src/my_package', 'symlink_install': False, 'test_result_base': None}
[2.531s] Level 5:colcon.colcon_core.verb:set package 'py_pubsub' build argument 'cmake_args' from command line to 'None'
[2.531s] Level 5:colcon.colcon_core.verb:set package 'py_pubsub' build argument 'cmake_target' from command line to 'None'
[2.531s] Level 5:colcon.colcon_core.verb:set package 'py_pubsub' build argument 'cmake_target_skip_unavailable' from command line to 'False'
[2.531s] Level 5:colcon.colcon_core.verb:set package 'py_pubsub' build argument 'cmake_clean_cache' from command line to 'False'
[2.532s] Level 5:colcon.colcon_core.verb:set package 'py_pubsub' build argument 'cmake_clean_first' from command line to 'False'
[2.532s] Level 5:colcon.colcon_core.verb:set package 'py_pubsub' build argument 'cmake_force_configure' from command line to 'False'
[2.532s] Level 5:colcon.colcon_core.verb:set package 'py_pubsub' build argument 'ament_cmake_args' from command line to 'None'
[2.532s] Level 5:colcon.colcon_core.verb:set package 'py_pubsub' build argument 'catkin_cmake_args' from command line to 'None'
[2.532s] Level 5:colcon.colcon_core.verb:set package 'py_pubsub' build argument 'catkin_skip_building_tests' from command line to 'False'
[2.533s] DEBUG:colcon.colcon_core.verb:Building package 'py_pubsub' with the following arguments: {'ament_cmake_args': None, 'build_base': '/home/xilinx/wrkspace/build/py_pubsub', 'catkin_cmake_args': None, 'catkin_skip_building_tests': False, 'cmake_args': None, 'cmake_clean_cache': False, 'cmake_clean_first': False, 'cmake_force_configure': False, 'cmake_target': None, 'cmake_target_skip_unavailable': False, 'install_base': '/home/xilinx/wrkspace/install/py_pubsub', 'merge_install': False, 'path': '/home/xilinx/wrkspace/src/py_pubsub', 'symlink_install': False, 'test_result_base': None}
[2.536s] INFO:colcon.colcon_core.executor:Executing jobs using 'parallel' executor
[2.549s] DEBUG:colcon.colcon_parallel_executor.executor.parallel:run_until_complete
[2.551s] INFO:colcon.colcon_ros.task.ament_python.build:Building ROS package in '/home/xilinx/wrkspace/src/my_package' with build type 'ament_python'
[2.553s] Level 1:colcon.colcon_core.shell:create_environment_hook('my_package', 'ament_prefix_path')
[2.589s] INFO:colcon.colcon_core.plugin_system:Skipping extension 'colcon_core.shell.bat': Not used on non-Windows systems
[2.590s] INFO:colcon.colcon_core.shell:Creating environment hook '/home/xilinx/wrkspace/install/my_package/share/my_package/hook/ament_prefix_path.ps1'
[2.596s] INFO:colcon.colcon_core.shell:Creating environment descriptor '/home/xilinx/wrkspace/install/my_package/share/my_package/hook/ament_prefix_path.dsv'
[2.600s] INFO:colcon.colcon_core.shell:Creating environment hook '/home/xilinx/wrkspace/install/my_package/share/my_package/hook/ament_prefix_path.sh'
[2.608s] INFO:colcon.colcon_core.shell:Skip shell extension 'powershell' for command environment: Not usable outside of PowerShell
[2.609s] DEBUG:colcon.colcon_core.shell:Skip shell extension 'dsv' for command environment
[2.639s] INFO:colcon.colcon_ros.task.ament_python.build:Building ROS package in '/home/xilinx/wrkspace/src/py_pubsub' with build type 'ament_python'
[2.641s] Level 1:colcon.colcon_core.shell:create_environment_hook('py_pubsub', 'ament_prefix_path')
[2.646s] INFO:colcon.colcon_core.shell:Creating environment hook '/home/xilinx/wrkspace/install/py_pubsub/share/py_pubsub/hook/ament_prefix_path.ps1'
[2.656s] INFO:colcon.colcon_core.shell:Creating environment descriptor '/home/xilinx/wrkspace/install/py_pubsub/share/py_pubsub/hook/ament_prefix_path.dsv'
[2.658s] INFO:colcon.colcon_core.shell:Creating environment hook '/home/xilinx/wrkspace/install/py_pubsub/share/py_pubsub/hook/ament_prefix_path.sh'
[2.664s] INFO:colcon.colcon_core.shell:Skip shell extension 'powershell' for command environment: Not usable outside of PowerShell
[2.665s] DEBUG:colcon.colcon_core.shell:Skip shell extension 'dsv' for command environment
[4.813s] INFO:colcon.colcon_core.task.python.build:Building Python package in '/home/xilinx/wrkspace/src/my_package'
[4.818s] INFO:colcon.colcon_core.shell:Skip shell extension 'powershell' for command environment: Not usable outside of PowerShell
[4.819s] DEBUG:colcon.colcon_core.shell:Skip shell extension 'dsv' for command environment
[7.533s] INFO:colcon.colcon_core.task.python.build:Building Python package in '/home/xilinx/wrkspace/src/py_pubsub'
[7.538s] INFO:colcon.colcon_core.shell:Skip shell extension 'powershell' for command environment: Not usable outside of PowerShell
[7.539s] DEBUG:colcon.colcon_core.shell:Skip shell extension 'dsv' for command environment
[11.617s] DEBUG:colcon.colcon_core.event_handler.log_command:Invoking command in '/home/xilinx/wrkspace/src/my_package': PS1=\[\e]0;\u@\h: \w\a\]${debian_chroot:+($debian_chroot)}\u@\h:\w\$ PYTHONPATH=/home/xilinx/wrkspace/install/my_package/lib/python3.8/site-packages:${PYTHONPATH} /usr/bin/python3 setup.py egg_info --egg-base ../../build/my_package build --build-base /home/xilinx/wrkspace/build/my_package/build install --prefix /home/xilinx/wrkspace/install/my_package --record /home/xilinx/wrkspace/build/my_package/install.log --single-version-externally-managed
[12.795s] DEBUG:colcon.colcon_core.event_handler.log_command:Invoking command in '/home/xilinx/wrkspace/src/py_pubsub': PS1=\[\e]0;\u@\h: \w\a\]${debian_chroot:+($debian_chroot)}\u@\h:\w\$ PYTHONPATH=/home/xilinx/wrkspace/install/py_pubsub/lib/python3.8/site-packages:${PYTHONPATH} /usr/bin/python3 setup.py egg_info --egg-base ../../build/py_pubsub build --build-base /home/xilinx/wrkspace/build/py_pubsub/build install --prefix /home/xilinx/wrkspace/install/py_pubsub --record /home/xilinx/wrkspace/build/py_pubsub/install.log --single-version-externally-managed
[14.107s] DEBUG:colcon.colcon_core.event_handler.log_command:Invoked command in '/home/xilinx/wrkspace/src/my_package' returned '0': PS1=\[\e]0;\u@\h: \w\a\]${debian_chroot:+($debian_chroot)}\u@\h:\w\$ PYTHONPATH=/home/xilinx/wrkspace/install/my_package/lib/python3.8/site-packages:${PYTHONPATH} /usr/bin/python3 setup.py egg_info --egg-base ../../build/my_package build --build-base /home/xilinx/wrkspace/build/my_package/build install --prefix /home/xilinx/wrkspace/install/my_package --record /home/xilinx/wrkspace/build/my_package/install.log --single-version-externally-managed
[14.149s] Level 1:colcon.colcon_core.environment:checking '/home/xilinx/wrkspace/install/my_package' for CMake module files
[14.153s] Level 1:colcon.colcon_core.environment:checking '/home/xilinx/wrkspace/install/my_package' for CMake config files
[14.158s] Level 1:colcon.colcon_core.environment:checking '/home/xilinx/wrkspace/install/my_package/lib'
[14.159s] Level 1:colcon.colcon_core.environment:checking '/home/xilinx/wrkspace/install/my_package/bin'
[14.160s] Level 1:colcon.colcon_core.environment:checking '/home/xilinx/wrkspace/install/my_package/lib/pkgconfig/my_package.pc'
[14.162s] Level 1:colcon.colcon_core.environment:checking '/home/xilinx/wrkspace/install/my_package/lib/python3.8/site-packages'
[14.163s] Level 1:colcon.colcon_core.shell:create_environment_hook('my_package', 'pythonpath')
[14.167s] INFO:colcon.colcon_core.shell:Creating environment hook '/home/xilinx/wrkspace/install/my_package/share/my_package/hook/pythonpath.ps1'
[14.171s] INFO:colcon.colcon_core.shell:Creating environment descriptor '/home/xilinx/wrkspace/install/my_package/share/my_package/hook/pythonpath.dsv'
[14.173s] INFO:colcon.colcon_core.shell:Creating environment hook '/home/xilinx/wrkspace/install/my_package/share/my_package/hook/pythonpath.sh'
[14.177s] Level 1:colcon.colcon_core.environment:checking '/home/xilinx/wrkspace/install/my_package/bin'
[14.179s] Level 1:colcon.colcon_core.environment:create_environment_scripts_only(my_package)
[14.187s] INFO:colcon.colcon_core.shell:Creating package script '/home/xilinx/wrkspace/install/my_package/share/my_package/package.ps1'
[14.195s] INFO:colcon.colcon_core.shell:Creating package descriptor '/home/xilinx/wrkspace/install/my_package/share/my_package/package.dsv'
[14.200s] INFO:colcon.colcon_core.shell:Creating package script '/home/xilinx/wrkspace/install/my_package/share/my_package/package.sh'
[14.208s] INFO:colcon.colcon_core.shell:Creating package script '/home/xilinx/wrkspace/install/my_package/share/my_package/package.bash'
[14.216s] INFO:colcon.colcon_core.shell:Creating package script '/home/xilinx/wrkspace/install/my_package/share/my_package/package.zsh'
[14.223s] Level 1:colcon.colcon_core.environment:create_file_with_runtime_dependencies(/home/xilinx/wrkspace/install/my_package/share/colcon-core/packages/my_package)
[15.191s] Level 1:colcon.colcon_core.environment:checking '/home/xilinx/wrkspace/install/py_pubsub' for CMake module files
[15.195s] DEBUG:colcon.colcon_core.event_handler.log_command:Invoked command in '/home/xilinx/wrkspace/src/py_pubsub' returned '0': PS1=\[\e]0;\u@\h: \w\a\]${debian_chroot:+($debian_chroot)}\u@\h:\w\$ PYTHONPATH=/home/xilinx/wrkspace/install/py_pubsub/lib/python3.8/site-packages:${PYTHONPATH} /usr/bin/python3 setup.py egg_info --egg-base ../../build/py_pubsub build --build-base /home/xilinx/wrkspace/build/py_pubsub/build install --prefix /home/xilinx/wrkspace/install/py_pubsub --record /home/xilinx/wrkspace/build/py_pubsub/install.log --single-version-externally-managed
[15.197s] Level 1:colcon.colcon_core.environment:checking '/home/xilinx/wrkspace/install/py_pubsub' for CMake config files
[15.204s] Level 1:colcon.colcon_core.environment:checking '/home/xilinx/wrkspace/install/py_pubsub/lib'
[15.205s] Level 1:colcon.colcon_core.environment:checking '/home/xilinx/wrkspace/install/py_pubsub/bin'
[15.205s] Level 1:colcon.colcon_core.environment:checking '/home/xilinx/wrkspace/install/py_pubsub/lib/pkgconfig/py_pubsub.pc'
[15.207s] Level 1:colcon.colcon_core.environment:checking '/home/xilinx/wrkspace/install/py_pubsub/lib/python3.8/site-packages'
[15.207s] Level 1:colcon.colcon_core.shell:create_environment_hook('py_pubsub', 'pythonpath')
[15.211s] INFO:colcon.colcon_core.shell:Creating environment hook '/home/xilinx/wrkspace/install/py_pubsub/share/py_pubsub/hook/pythonpath.ps1'
[15.214s] INFO:colcon.colcon_core.shell:Creating environment descriptor '/home/xilinx/wrkspace/install/py_pubsub/share/py_pubsub/hook/pythonpath.dsv'
[15.216s] INFO:colcon.colcon_core.shell:Creating environment hook '/home/xilinx/wrkspace/install/py_pubsub/share/py_pubsub/hook/pythonpath.sh'
[15.220s] Level 1:colcon.colcon_core.environment:checking '/home/xilinx/wrkspace/install/py_pubsub/bin'
[15.220s] Level 1:colcon.colcon_core.environment:create_environment_scripts_only(py_pubsub)
[15.225s] INFO:colcon.colcon_core.shell:Creating package script '/home/xilinx/wrkspace/install/py_pubsub/share/py_pubsub/package.ps1'
[15.229s] INFO:colcon.colcon_core.shell:Creating package descriptor '/home/xilinx/wrkspace/install/py_pubsub/share/py_pubsub/package.dsv'
[15.232s] INFO:colcon.colcon_core.shell:Creating package script '/home/xilinx/wrkspace/install/py_pubsub/share/py_pubsub/package.sh'
[15.235s] INFO:colcon.colcon_core.shell:Creating package script '/home/xilinx/wrkspace/install/py_pubsub/share/py_pubsub/package.bash'
[15.237s] INFO:colcon.colcon_core.shell:Creating package script '/home/xilinx/wrkspace/install/py_pubsub/share/py_pubsub/package.zsh'
[15.239s] Level 1:colcon.colcon_core.environment:create_file_with_runtime_dependencies(/home/xilinx/wrkspace/install/py_pubsub/share/colcon-core/packages/py_pubsub)
[15.241s] DEBUG:colcon.colcon_parallel_executor.executor.parallel:closing loop
[15.243s] DEBUG:colcon.colcon_parallel_executor.executor.parallel:loop closed
[15.243s] DEBUG:colcon.colcon_parallel_executor.executor.parallel:run_until_complete finished with '0'
[15.244s] DEBUG:colcon.colcon_core.event_reactor:joining thread
[15.771s] INFO:colcon.colcon_core.plugin_system:Skipping extension 'colcon_notification.desktop_notification.notify_send': Could not find 'notify-send'
[15.772s] INFO:colcon.colcon_core.plugin_system:Skipping extension 'colcon_notification.desktop_notification.terminal_notifier': Not used on non-Darwin systems
[15.772s] INFO:colcon.colcon_core.plugin_system:Skipping extension 'colcon_notification.desktop_notification.win32': Not used on non-Windows systems
[15.772s] INFO:colcon.colcon_notification.desktop_notification:Sending desktop notification using 'notify2'
[15.773s] DEBUG:colcon.colcon_notification.desktop_notification.notify2:Failed to initialize notify2: org.freedesktop.DBus.Error.NotSupported: Unable to autolaunch a dbus-daemon without a $DISPLAY for X11
[15.773s] DEBUG:colcon.colcon_core.event_reactor:joined thread
[15.778s] INFO:colcon.colcon_core.shell:Creating prefix script '/home/xilinx/wrkspace/install/local_setup.ps1'
[15.786s] INFO:colcon.colcon_core.shell:Creating prefix util module '/home/xilinx/wrkspace/install/_local_setup_util_ps1.py'
[15.801s] INFO:colcon.colcon_core.shell:Creating prefix chain script '/home/xilinx/wrkspace/install/setup.ps1'
[15.811s] INFO:colcon.colcon_core.shell:Creating prefix script '/home/xilinx/wrkspace/install/local_setup.sh'
[15.818s] INFO:colcon.colcon_core.shell:Creating prefix util module '/home/xilinx/wrkspace/install/_local_setup_util_sh.py'
[15.821s] INFO:colcon.colcon_core.shell:Creating prefix chain script '/home/xilinx/wrkspace/install/setup.sh'
[15.831s] INFO:colcon.colcon_core.shell:Creating prefix script '/home/xilinx/wrkspace/install/local_setup.bash'
[15.839s] INFO:colcon.colcon_core.shell:Creating prefix chain script '/home/xilinx/wrkspace/install/setup.bash'
[15.848s] INFO:colcon.colcon_core.shell:Creating prefix script '/home/xilinx/wrkspace/install/local_setup.zsh'
[15.854s] INFO:colcon.colcon_core.shell:Creating prefix chain script '/home/xilinx/wrkspace/install/setup.zsh'
