/home/xilinx/wrkspace/install/got_coffe/lib/python3.8/site-packages/got_coffe/nn_sub.py
/home/xilinx/wrkspace/install/got_coffe/lib/python3.8/site-packages/got_coffe/__init__.py
/home/xilinx/wrkspace/install/got_coffe/lib/python3.8/site-packages/got_coffe/nn_pub.py
/home/xilinx/wrkspace/install/got_coffe/lib/python3.8/site-packages/got_coffe/cam_node.py
/home/xilinx/wrkspace/install/got_coffe/lib/python3.8/site-packages/got_coffe/__pycache__/nn_sub.cpython-38.pyc
/home/xilinx/wrkspace/install/got_coffe/lib/python3.8/site-packages/got_coffe/__pycache__/__init__.cpython-38.pyc
/home/xilinx/wrkspace/install/got_coffe/lib/python3.8/site-packages/got_coffe/__pycache__/nn_pub.cpython-38.pyc
/home/xilinx/wrkspace/install/got_coffe/lib/python3.8/site-packages/got_coffe/__pycache__/cam_node.cpython-38.pyc
/home/xilinx/wrkspace/install/got_coffe/share/ament_index/resource_index/packages/got_coffe
/home/xilinx/wrkspace/install/got_coffe/share/got_coffe/package.xml
/home/xilinx/wrkspace/install/got_coffe/lib/python3.8/site-packages/got_coffe-0.0.0-py3.8.egg-info/requires.txt
/home/xilinx/wrkspace/install/got_coffe/lib/python3.8/site-packages/got_coffe-0.0.0-py3.8.egg-info/entry_points.txt
/home/xilinx/wrkspace/install/got_coffe/lib/python3.8/site-packages/got_coffe-0.0.0-py3.8.egg-info/SOURCES.txt
/home/xilinx/wrkspace/install/got_coffe/lib/python3.8/site-packages/got_coffe-0.0.0-py3.8.egg-info/zip-safe
/home/xilinx/wrkspace/install/got_coffe/lib/python3.8/site-packages/got_coffe-0.0.0-py3.8.egg-info/dependency_links.txt
/home/xilinx/wrkspace/install/got_coffe/lib/python3.8/site-packages/got_coffe-0.0.0-py3.8.egg-info/PKG-INFO
/home/xilinx/wrkspace/install/got_coffe/lib/python3.8/site-packages/got_coffe-0.0.0-py3.8.egg-info/top_level.txt
/home/xilinx/wrkspace/install/got_coffe/lib/got_coffe/camera
/home/xilinx/wrkspace/install/got_coffe/lib/got_coffe/listener
/home/xilinx/wrkspace/install/got_coffe/lib/got_coffe/talker
