[10.511s] Invoking command in '/home/xilinx/wrkspace/src/nn_drone_final': PYTHONPATH=/home/xilinx/wrkspace/install/nn_drone_final/lib/python3.8/site-packages:${PYTHONPATH} /usr/bin/python3 setup.py egg_info --egg-base ../../build/nn_drone_final build --build-base /home/xilinx/wrkspace/build/nn_drone_final/build install --prefix /home/xilinx/wrkspace/install/nn_drone_final --record /home/xilinx/wrkspace/build/nn_drone_final/install.log --single-version-externally-managed
[12.172s] running egg_info
[12.178s] writing ../../build/nn_drone_final/nn_drone_final.egg-info/PKG-INFO
[12.183s] writing dependency_links to ../../build/nn_drone_final/nn_drone_final.egg-info/dependency_links.txt
[12.184s] writing entry points to ../../build/nn_drone_final/nn_drone_final.egg-info/entry_points.txt
[12.185s] writing requirements to ../../build/nn_drone_final/nn_drone_final.egg-info/requires.txt
[12.185s] writing top-level names to ../../build/nn_drone_final/nn_drone_final.egg-info/top_level.txt
[13.202s] reading manifest file '../../build/nn_drone_final/nn_drone_final.egg-info/SOURCES.txt'
[13.211s] writing manifest file '../../build/nn_drone_final/nn_drone_final.egg-info/SOURCES.txt'
[13.212s] running build
[13.213s] running build_py
[13.309s] copying nn_drone_final/nn_node.py -> /home/xilinx/wrkspace/build/nn_drone_final/build/lib/nn_drone_final
[13.314s] running install
[13.320s] running install_lib
[13.328s] copying /home/xilinx/wrkspace/build/nn_drone_final/build/lib/nn_drone_final/nn_node.py -> /home/xilinx/wrkspace/install/nn_drone_final/lib/python3.8/site-packages/nn_drone_final
[13.333s] byte-compiling /home/xilinx/wrkspace/install/nn_drone_final/lib/python3.8/site-packages/nn_drone_final/nn_node.py to nn_node.cpython-38.pyc
[13.348s] running install_data
[13.352s] running install_egg_info
[13.364s] removing '/home/xilinx/wrkspace/install/nn_drone_final/lib/python3.8/site-packages/nn_drone_final-0.0.0-py3.8.egg-info' (and everything under it)
[13.365s] Copying ../../build/nn_drone_final/nn_drone_final.egg-info to /home/xilinx/wrkspace/install/nn_drone_final/lib/python3.8/site-packages/nn_drone_final-0.0.0-py3.8.egg-info
[13.856s] running install_scripts
[13.994s] Installing arm script to /home/xilinx/wrkspace/install/nn_drone_final/lib/nn_drone_final
[13.996s] Installing cam_node script to /home/xilinx/wrkspace/install/nn_drone_final/lib/nn_drone_final
[13.997s] Installing nn_node script to /home/xilinx/wrkspace/install/nn_drone_final/lib/nn_drone_final
[13.998s] Installing nn_sub_node script to /home/xilinx/wrkspace/install/nn_drone_final/lib/nn_drone_final
[14.000s] writing list of installed files to '/home/xilinx/wrkspace/build/nn_drone_final/install.log'
[14.283s] Invoked command in '/home/xilinx/wrkspace/src/nn_drone_final' returned '0': PYTHONPATH=/home/xilinx/wrkspace/install/nn_drone_final/lib/python3.8/site-packages:${PYTHONPATH} /usr/bin/python3 setup.py egg_info --egg-base ../../build/nn_drone_final build --build-base /home/xilinx/wrkspace/build/nn_drone_final/build install --prefix /home/xilinx/wrkspace/install/nn_drone_final --record /home/xilinx/wrkspace/build/nn_drone_final/install.log --single-version-externally-managed
