[4.632s] Invoking command in '/home/xilinx/wrkspace/src/py_pubsub': PYTHONPATH=/home/xilinx/wrkspace/install/py_pubsub/lib/python3.8/site-packages:${PYTHONPATH} /usr/bin/python3 setup.py egg_info --egg-base ../../build/py_pubsub build --build-base /home/xilinx/wrkspace/build/py_pubsub/build install --prefix /home/xilinx/wrkspace/install/py_pubsub --record /home/xilinx/wrkspace/build/py_pubsub/install.log --single-version-externally-managed
[6.147s] running egg_info
[6.151s] writing ../../build/py_pubsub/py_pubsub.egg-info/PKG-INFO
[6.152s] writing dependency_links to ../../build/py_pubsub/py_pubsub.egg-info/dependency_links.txt
[6.153s] writing entry points to ../../build/py_pubsub/py_pubsub.egg-info/entry_points.txt
[6.155s] writing requirements to ../../build/py_pubsub/py_pubsub.egg-info/requires.txt
[6.155s] writing top-level names to ../../build/py_pubsub/py_pubsub.egg-info/top_level.txt
[6.414s] reading manifest file '../../build/py_pubsub/py_pubsub.egg-info/SOURCES.txt'
[6.421s] writing manifest file '../../build/py_pubsub/py_pubsub.egg-info/SOURCES.txt'
[6.422s] running build
[6.423s] running build_py
[6.423s] copying py_pubsub/publisher_member_function.py -> /home/xilinx/wrkspace/build/py_pubsub/build/lib/py_pubsub
[6.424s] copying py_pubsub/subscriber_member_function.py -> /home/xilinx/wrkspace/build/py_pubsub/build/lib/py_pubsub
[6.426s] running install
[6.432s] running install_lib
[6.438s] copying /home/xilinx/wrkspace/build/py_pubsub/build/lib/py_pubsub/publisher_member_function.py -> /home/xilinx/wrkspace/install/py_pubsub/lib/python3.8/site-packages/py_pubsub
[6.439s] copying /home/xilinx/wrkspace/build/py_pubsub/build/lib/py_pubsub/subscriber_member_function.py -> /home/xilinx/wrkspace/install/py_pubsub/lib/python3.8/site-packages/py_pubsub
[6.443s] byte-compiling /home/xilinx/wrkspace/install/py_pubsub/lib/python3.8/site-packages/py_pubsub/publisher_member_function.py to publisher_member_function.cpython-38.pyc
[6.452s] Sorry: TabError: inconsistent use of tabs and spaces in indentation (publisher_member_function.py, line 46)
[6.453s] byte-compiling /home/xilinx/wrkspace/install/py_pubsub/lib/python3.8/site-packages/py_pubsub/subscriber_member_function.py to subscriber_member_function.cpython-38.pyc
[6.454s] Sorry: TabError: inconsistent use of tabs and spaces in indentation (subscriber_member_function.py, line 51)
[6.455s] running install_data
[6.458s] running install_egg_info
[6.468s] removing '/home/xilinx/wrkspace/install/py_pubsub/lib/python3.8/site-packages/py_pubsub-0.0.0-py3.8.egg-info' (and everything under it)
[6.470s] Copying ../../build/py_pubsub/py_pubsub.egg-info to /home/xilinx/wrkspace/install/py_pubsub/lib/python3.8/site-packages/py_pubsub-0.0.0-py3.8.egg-info
[6.475s] running install_scripts
[6.597s] Installing listener script to /home/xilinx/wrkspace/install/py_pubsub/lib/py_pubsub
[6.598s] Installing talker script to /home/xilinx/wrkspace/install/py_pubsub/lib/py_pubsub
[6.600s] writing list of installed files to '/home/xilinx/wrkspace/build/py_pubsub/install.log'
[6.858s] Invoked command in '/home/xilinx/wrkspace/src/py_pubsub' returned '0': PYTHONPATH=/home/xilinx/wrkspace/install/py_pubsub/lib/python3.8/site-packages:${PYTHONPATH} /usr/bin/python3 setup.py egg_info --egg-base ../../build/py_pubsub build --build-base /home/xilinx/wrkspace/build/py_pubsub/build install --prefix /home/xilinx/wrkspace/install/py_pubsub --record /home/xilinx/wrkspace/build/py_pubsub/install.log --single-version-externally-managed
