[20.894s] Invoking command in '/home/xilinx/wrkspace/src/py_pubsub': PS1=(pynq-venv) \[\e]0;\u@\h: \w\a\]${debian_chroot:+($debian_chroot)}\u@\h:\w\$ PYTHONPATH=/home/xilinx/wrkspace/install/py_pubsub/lib/python3.8/site-packages:${PYTHONPATH} /usr/local/share/pynq-venv/bin/python3 setup.py egg_info --egg-base ../../build/py_pubsub build --build-base /home/xilinx/wrkspace/build/py_pubsub/build install --prefix /home/xilinx/wrkspace/install/py_pubsub --record /home/xilinx/wrkspace/build/py_pubsub/install.log --single-version-externally-managed
[23.173s] /usr/local/share/pynq-venv/lib/python3.8/site-packages/setuptools/dist.py:767: UserWarning: Usage of dash-separated 'script-dir' will not be supported in future versions. Please use the underscore name 'script_dir' instead
[23.174s]   warnings.warn(
[28.561s] running egg_info
[29.210s] writing ../../build/py_pubsub/py_pubsub.egg-info/PKG-INFO
[29.663s] writing dependency_links to ../../build/py_pubsub/py_pubsub.egg-info/dependency_links.txt
[31.018s] writing entry points to ../../build/py_pubsub/py_pubsub.egg-info/entry_points.txt
[31.929s] writing requirements to ../../build/py_pubsub/py_pubsub.egg-info/requires.txt
[32.408s] writing top-level names to ../../build/py_pubsub/py_pubsub.egg-info/top_level.txt
[33.134s] reading manifest file '../../build/py_pubsub/py_pubsub.egg-info/SOURCES.txt'
[33.140s] writing manifest file '../../build/py_pubsub/py_pubsub.egg-info/SOURCES.txt'
[33.141s] running build
[33.142s] running build_py
[33.144s] running install
[33.145s] /usr/local/share/pynq-venv/lib/python3.8/site-packages/setuptools/command/install.py:34: SetuptoolsDeprecationWarning: setup.py install is deprecated. Use build and pip and other standards-based tools.
[33.146s]   warnings.warn(
[33.197s] running install_lib
[33.878s] running install_data
[34.006s] running install_egg_info
[34.607s] removing '/home/xilinx/wrkspace/install/py_pubsub/lib/python3.8/site-packages/py_pubsub-0.0.0-py3.8.egg-info' (and everything under it)
[34.608s] Copying ../../build/py_pubsub/py_pubsub.egg-info to /home/xilinx/wrkspace/install/py_pubsub/lib/python3.8/site-packages/py_pubsub-0.0.0-py3.8.egg-info
[34.613s] running install_scripts
[35.699s] Installing listener script to /home/xilinx/wrkspace/install/py_pubsub/bin
[35.701s] Installing talker script to /home/xilinx/wrkspace/install/py_pubsub/bin
[35.704s] writing list of installed files to '/home/xilinx/wrkspace/build/py_pubsub/install.log'
[36.137s] Invoked command in '/home/xilinx/wrkspace/src/py_pubsub' returned '0': PS1=(pynq-venv) \[\e]0;\u@\h: \w\a\]${debian_chroot:+($debian_chroot)}\u@\h:\w\$ PYTHONPATH=/home/xilinx/wrkspace/install/py_pubsub/lib/python3.8/site-packages:${PYTHONPATH} /usr/local/share/pynq-venv/bin/python3 setup.py egg_info --egg-base ../../build/py_pubsub build --build-base /home/xilinx/wrkspace/build/py_pubsub/build install --prefix /home/xilinx/wrkspace/install/py_pubsub --record /home/xilinx/wrkspace/build/py_pubsub/install.log --single-version-externally-managed
