[10.153s] Invoking command in '/home/xilinx/wrkspace/src/py_pubsub': PS1=\[\e]0;\u@\h: \w\a\]${debian_chroot:+($debian_chroot)}\u@\h:\w\$ PYTHONPATH=/home/xilinx/wrkspace/install/py_pubsub/lib/python3.8/site-packages:${PYTHONPATH} /usr/bin/python3 setup.py egg_info --egg-base ../../build/py_pubsub build --build-base /home/xilinx/wrkspace/build/py_pubsub/build install --prefix /home/xilinx/wrkspace/install/py_pubsub --record /home/xilinx/wrkspace/build/py_pubsub/install.log --single-version-externally-managed
[11.833s] running egg_info
[11.837s] writing ../../build/py_pubsub/py_pubsub.egg-info/PKG-INFO
[11.841s] writing dependency_links to ../../build/py_pubsub/py_pubsub.egg-info/dependency_links.txt
[11.846s] writing entry points to ../../build/py_pubsub/py_pubsub.egg-info/entry_points.txt
[11.847s] writing requirements to ../../build/py_pubsub/py_pubsub.egg-info/requires.txt
[11.848s] writing top-level names to ../../build/py_pubsub/py_pubsub.egg-info/top_level.txt
[12.108s] reading manifest file '../../build/py_pubsub/py_pubsub.egg-info/SOURCES.txt'
[12.115s] writing manifest file '../../build/py_pubsub/py_pubsub.egg-info/SOURCES.txt'
[12.116s] running build
[12.117s] running build_py
[12.122s] running install
[12.128s] running install_lib
[12.139s] running install_data
[12.144s] running install_egg_info
[12.157s] removing '/home/xilinx/wrkspace/install/py_pubsub/lib/python3.8/site-packages/py_pubsub-0.0.0-py3.8.egg-info' (and everything under it)
[12.159s] Copying ../../build/py_pubsub/py_pubsub.egg-info to /home/xilinx/wrkspace/install/py_pubsub/lib/python3.8/site-packages/py_pubsub-0.0.0-py3.8.egg-info
[12.165s] running install_scripts
[12.288s] Installing listener script to /home/xilinx/wrkspace/install/py_pubsub/lib/py_pubsub
[12.289s] Installing talker script to /home/xilinx/wrkspace/install/py_pubsub/lib/py_pubsub
[12.292s] writing list of installed files to '/home/xilinx/wrkspace/build/py_pubsub/install.log'
[12.553s] Invoked command in '/home/xilinx/wrkspace/src/py_pubsub' returned '0': PS1=\[\e]0;\u@\h: \w\a\]${debian_chroot:+($debian_chroot)}\u@\h:\w\$ PYTHONPATH=/home/xilinx/wrkspace/install/py_pubsub/lib/python3.8/site-packages:${PYTHONPATH} /usr/bin/python3 setup.py egg_info --egg-base ../../build/py_pubsub build --build-base /home/xilinx/wrkspace/build/py_pubsub/build install --prefix /home/xilinx/wrkspace/install/py_pubsub --record /home/xilinx/wrkspace/build/py_pubsub/install.log --single-version-externally-managed
