[6.255s] Invoking command in '/home/xilinx/wrkspace/src/nn_drone_final': PYTHONPATH=/home/xilinx/wrkspace/install/nn_drone_final/lib/python3.8/site-packages:${PYTHONPATH} /usr/bin/python3 setup.py egg_info --egg-base ../../build/nn_drone_final build --build-base /home/xilinx/wrkspace/build/nn_drone_final/build install --prefix /home/xilinx/wrkspace/install/nn_drone_final --record /home/xilinx/wrkspace/build/nn_drone_final/install.log --single-version-externally-managed
[7.788s] running egg_info
[7.793s] writing ../../build/nn_drone_final/nn_drone_final.egg-info/PKG-INFO
[7.796s] writing dependency_links to ../../build/nn_drone_final/nn_drone_final.egg-info/dependency_links.txt
[7.797s] writing entry points to ../../build/nn_drone_final/nn_drone_final.egg-info/entry_points.txt
[7.798s] writing requirements to ../../build/nn_drone_final/nn_drone_final.egg-info/requires.txt
[7.799s] writing top-level names to ../../build/nn_drone_final/nn_drone_final.egg-info/top_level.txt
[8.644s] reading manifest file '../../build/nn_drone_final/nn_drone_final.egg-info/SOURCES.txt'
[8.651s] writing manifest file '../../build/nn_drone_final/nn_drone_final.egg-info/SOURCES.txt'
[8.652s] running build
[8.653s] running build_py
[9.401s] running install
[9.408s] running install_lib
[9.424s] running install_data
[9.430s] running install_egg_info
[9.441s] removing '/home/xilinx/wrkspace/install/nn_drone_final/lib/python3.8/site-packages/nn_drone_final-0.0.0-py3.8.egg-info' (and everything under it)
[9.443s] Copying ../../build/nn_drone_final/nn_drone_final.egg-info to /home/xilinx/wrkspace/install/nn_drone_final/lib/python3.8/site-packages/nn_drone_final-0.0.0-py3.8.egg-info
[9.448s] running install_scripts
[9.569s] Installing arm script to /home/xilinx/wrkspace/install/nn_drone_final/lib/nn_drone_final
[9.571s] Installing cam_node script to /home/xilinx/wrkspace/install/nn_drone_final/lib/nn_drone_final
[9.572s] Installing nn_node script to /home/xilinx/wrkspace/install/nn_drone_final/lib/nn_drone_final
[9.573s] Installing nn_sub_node script to /home/xilinx/wrkspace/install/nn_drone_final/lib/nn_drone_final
[9.575s] writing list of installed files to '/home/xilinx/wrkspace/build/nn_drone_final/install.log'
[9.832s] Invoked command in '/home/xilinx/wrkspace/src/nn_drone_final' returned '0': PYTHONPATH=/home/xilinx/wrkspace/install/nn_drone_final/lib/python3.8/site-packages:${PYTHONPATH} /usr/bin/python3 setup.py egg_info --egg-base ../../build/nn_drone_final build --build-base /home/xilinx/wrkspace/build/nn_drone_final/build install --prefix /home/xilinx/wrkspace/install/nn_drone_final --record /home/xilinx/wrkspace/build/nn_drone_final/install.log --single-version-externally-managed
