[6.548s] Invoking command in '/home/xilinx/wrkspace/src/nn_drone_final': PYTHONPATH=/home/xilinx/wrkspace/install/nn_drone_final/lib/python3.8/site-packages:${PYTHONPATH} /usr/bin/python3 setup.py egg_info --egg-base ../../build/nn_drone_final build --build-base /home/xilinx/wrkspace/build/nn_drone_final/build install --prefix /home/xilinx/wrkspace/install/nn_drone_final --record /home/xilinx/wrkspace/build/nn_drone_final/install.log --single-version-externally-managed
[6.551s] running egg_info
[6.551s] writing ../../build/nn_drone_final/nn_drone_final.egg-info/PKG-INFO
[7.049s] writing dependency_links to ../../build/nn_drone_final/nn_drone_final.egg-info/dependency_links.txt
[7.050s] writing entry points to ../../build/nn_drone_final/nn_drone_final.egg-info/entry_points.txt
[7.051s] writing requirements to ../../build/nn_drone_final/nn_drone_final.egg-info/requires.txt
[7.051s] writing top-level names to ../../build/nn_drone_final/nn_drone_final.egg-info/top_level.txt
[8.064s] reading manifest file '../../build/nn_drone_final/nn_drone_final.egg-info/SOURCES.txt'
[8.074s] writing manifest file '../../build/nn_drone_final/nn_drone_final.egg-info/SOURCES.txt'
[8.075s] running build
[8.076s] running build_py
[8.080s] copying nn_drone_final/cam_node.py -> /home/xilinx/wrkspace/build/nn_drone_final/build/lib/nn_drone_final
[8.082s] running install
[8.088s] running install_lib
[8.095s] copying /home/xilinx/wrkspace/build/nn_drone_final/build/lib/nn_drone_final/cam_node.py -> /home/xilinx/wrkspace/install/nn_drone_final/lib/python3.8/site-packages/nn_drone_final
[8.099s] byte-compiling /home/xilinx/wrkspace/install/nn_drone_final/lib/python3.8/site-packages/nn_drone_final/cam_node.py to cam_node.cpython-38.pyc
[8.115s] running install_data
[8.681s] running install_egg_info
[8.693s] removing '/home/xilinx/wrkspace/install/nn_drone_final/lib/python3.8/site-packages/nn_drone_final-0.0.0-py3.8.egg-info' (and everything under it)
[8.695s] Copying ../../build/nn_drone_final/nn_drone_final.egg-info to /home/xilinx/wrkspace/install/nn_drone_final/lib/python3.8/site-packages/nn_drone_final-0.0.0-py3.8.egg-info
[8.702s] running install_scripts
[8.825s] Installing cam_node script to /home/xilinx/wrkspace/install/nn_drone_final/lib/nn_drone_final
[8.827s] Installing nn_node script to /home/xilinx/wrkspace/install/nn_drone_final/lib/nn_drone_final
[8.828s] Installing nn_sub_node script to /home/xilinx/wrkspace/install/nn_drone_final/lib/nn_drone_final
[8.830s] writing list of installed files to '/home/xilinx/wrkspace/build/nn_drone_final/install.log'
[9.092s] Invoked command in '/home/xilinx/wrkspace/src/nn_drone_final' returned '0': PYTHONPATH=/home/xilinx/wrkspace/install/nn_drone_final/lib/python3.8/site-packages:${PYTHONPATH} /usr/bin/python3 setup.py egg_info --egg-base ../../build/nn_drone_final build --build-base /home/xilinx/wrkspace/build/nn_drone_final/build install --prefix /home/xilinx/wrkspace/install/nn_drone_final --record /home/xilinx/wrkspace/build/nn_drone_final/install.log --single-version-externally-managed
