[4.666s] Invoking command in '/home/xilinx/wrkspace/src/got_coffe': PYTHONPATH=/home/xilinx/wrkspace/install/got_coffe/lib/python3.8/site-packages:${PYTHONPATH} /usr/bin/python3 setup.py egg_info --egg-base ../../build/got_coffe build --build-base /home/xilinx/wrkspace/build/got_coffe/build install --prefix /home/xilinx/wrkspace/install/got_coffe --record /home/xilinx/wrkspace/build/got_coffe/install.log --single-version-externally-managed
[6.181s] running egg_info
[6.185s] writing ../../build/got_coffe/got_coffe.egg-info/PKG-INFO
[6.186s] writing dependency_links to ../../build/got_coffe/got_coffe.egg-info/dependency_links.txt
[6.187s] writing entry points to ../../build/got_coffe/got_coffe.egg-info/entry_points.txt
[6.188s] writing requirements to ../../build/got_coffe/got_coffe.egg-info/requires.txt
[6.189s] writing top-level names to ../../build/got_coffe/got_coffe.egg-info/top_level.txt
[6.447s] reading manifest file '../../build/got_coffe/got_coffe.egg-info/SOURCES.txt'
[6.454s] writing manifest file '../../build/got_coffe/got_coffe.egg-info/SOURCES.txt'
[6.455s] running build
[6.455s] running build_py
[6.456s] copying got_coffe/nn_pub.py -> /home/xilinx/wrkspace/build/got_coffe/build/lib/got_coffe
[6.458s] running install
[6.465s] running install_lib
[6.472s] copying /home/xilinx/wrkspace/build/got_coffe/build/lib/got_coffe/nn_pub.py -> /home/xilinx/wrkspace/install/got_coffe/lib/python3.8/site-packages/got_coffe
[6.475s] byte-compiling /home/xilinx/wrkspace/install/got_coffe/lib/python3.8/site-packages/got_coffe/nn_pub.py to nn_pub.cpython-38.pyc
[6.487s]   File "/home/xilinx/wrkspace/install/got_coffe/lib/python3.8/site-packages/got_coffe/nn_pub.py", line 115
[6.488s]     def main(args=None):
[6.488s]     ^
[6.489s] SyntaxError: invalid syntax
[6.489s] 
[6.490s] running install_data
[6.491s] running install_egg_info
[6.502s] removing '/home/xilinx/wrkspace/install/got_coffe/lib/python3.8/site-packages/got_coffe-0.0.0-py3.8.egg-info' (and everything under it)
[6.503s] Copying ../../build/got_coffe/got_coffe.egg-info to /home/xilinx/wrkspace/install/got_coffe/lib/python3.8/site-packages/got_coffe-0.0.0-py3.8.egg-info
[6.508s] running install_scripts
[6.630s] Installing listener script to /home/xilinx/wrkspace/install/got_coffe/lib/got_coffe
[6.631s] Installing talker script to /home/xilinx/wrkspace/install/got_coffe/lib/got_coffe
[6.633s] writing list of installed files to '/home/xilinx/wrkspace/build/got_coffe/install.log'
[6.894s] Invoked command in '/home/xilinx/wrkspace/src/got_coffe' returned '0': PYTHONPATH=/home/xilinx/wrkspace/install/got_coffe/lib/python3.8/site-packages:${PYTHONPATH} /usr/bin/python3 setup.py egg_info --egg-base ../../build/got_coffe build --build-base /home/xilinx/wrkspace/build/got_coffe/build install --prefix /home/xilinx/wrkspace/install/got_coffe --record /home/xilinx/wrkspace/build/got_coffe/install.log --single-version-externally-managed
