[5.397s] Invoking command in '/home/xilinx/wrkspace/src/py_pubsub': PS1=\[\e]0;\u@\h: \w\a\]${debian_chroot:+($debian_chroot)}\u@\h:\w\$ PYTHONPATH=/home/xilinx/wrkspace/install/py_pubsub/lib/python3.8/site-packages:${PYTHONPATH} /usr/bin/python3 setup.py egg_info --egg-base ../../build/py_pubsub build --build-base /home/xilinx/wrkspace/build/py_pubsub/build install --prefix /home/xilinx/wrkspace/install/py_pubsub --record /home/xilinx/wrkspace/build/py_pubsub/install.log --single-version-externally-managed
[6.915s] running egg_info
[6.919s] writing ../../build/py_pubsub/py_pubsub.egg-info/PKG-INFO
[6.923s] writing dependency_links to ../../build/py_pubsub/py_pubsub.egg-info/dependency_links.txt
[6.924s] writing entry points to ../../build/py_pubsub/py_pubsub.egg-info/entry_points.txt
[6.925s] writing requirements to ../../build/py_pubsub/py_pubsub.egg-info/requires.txt
[6.926s] writing top-level names to ../../build/py_pubsub/py_pubsub.egg-info/top_level.txt
[7.905s] reading manifest file '../../build/py_pubsub/py_pubsub.egg-info/SOURCES.txt'
[7.912s] writing manifest file '../../build/py_pubsub/py_pubsub.egg-info/SOURCES.txt'
[7.912s] running build
[7.913s] running build_py
[8.002s] running install
[8.008s] running install_lib
[8.019s] running install_data
[8.024s] running install_egg_info
[8.036s] removing '/home/xilinx/wrkspace/install/py_pubsub/lib/python3.8/site-packages/py_pubsub-0.0.0-py3.8.egg-info' (and everything under it)
[8.037s] Copying ../../build/py_pubsub/py_pubsub.egg-info to /home/xilinx/wrkspace/install/py_pubsub/lib/python3.8/site-packages/py_pubsub-0.0.0-py3.8.egg-info
[8.042s] running install_scripts
[8.163s] Installing listener script to /home/xilinx/wrkspace/install/py_pubsub/lib/py_pubsub
[8.165s] Installing talker script to /home/xilinx/wrkspace/install/py_pubsub/lib/py_pubsub
[8.167s] writing list of installed files to '/home/xilinx/wrkspace/build/py_pubsub/install.log'
[8.423s] Invoked command in '/home/xilinx/wrkspace/src/py_pubsub' returned '0': PS1=\[\e]0;\u@\h: \w\a\]${debian_chroot:+($debian_chroot)}\u@\h:\w\$ PYTHONPATH=/home/xilinx/wrkspace/install/py_pubsub/lib/python3.8/site-packages:${PYTHONPATH} /usr/bin/python3 setup.py egg_info --egg-base ../../build/py_pubsub build --build-base /home/xilinx/wrkspace/build/py_pubsub/build install --prefix /home/xilinx/wrkspace/install/py_pubsub --record /home/xilinx/wrkspace/build/py_pubsub/install.log --single-version-externally-managed
