[5.297s] Invoking command in '/home/xilinx/wrkspace/src/nn_drone_final': PYTHONPATH=/home/xilinx/wrkspace/install/nn_drone_final/lib/python3.8/site-packages:${PYTHONPATH} /usr/bin/python3 setup.py egg_info --egg-base ../../build/nn_drone_final build --build-base /home/xilinx/wrkspace/build/nn_drone_final/build install --prefix /home/xilinx/wrkspace/install/nn_drone_final --record /home/xilinx/wrkspace/build/nn_drone_final/install.log --single-version-externally-managed
[6.923s] running egg_info
[6.928s] writing ../../build/nn_drone_final/nn_drone_final.egg-info/PKG-INFO
[6.931s] writing dependency_links to ../../build/nn_drone_final/nn_drone_final.egg-info/dependency_links.txt
[6.933s] writing entry points to ../../build/nn_drone_final/nn_drone_final.egg-info/entry_points.txt
[6.934s] writing requirements to ../../build/nn_drone_final/nn_drone_final.egg-info/requires.txt
[6.935s] writing top-level names to ../../build/nn_drone_final/nn_drone_final.egg-info/top_level.txt
[7.238s] reading manifest file '../../build/nn_drone_final/nn_drone_final.egg-info/SOURCES.txt'
[7.246s] writing manifest file '../../build/nn_drone_final/nn_drone_final.egg-info/SOURCES.txt'
[7.247s] running build
[7.248s] running build_py
[7.253s] copying nn_drone_final/SimpleArmMission.py -> /home/xilinx/wrkspace/build/nn_drone_final/build/lib/nn_drone_final
[7.255s] running install
[7.261s] running install_lib
[7.269s] copying /home/xilinx/wrkspace/build/nn_drone_final/build/lib/nn_drone_final/SimpleArmMission.py -> /home/xilinx/wrkspace/install/nn_drone_final/lib/python3.8/site-packages/nn_drone_final
[7.274s] byte-compiling /home/xilinx/wrkspace/install/nn_drone_final/lib/python3.8/site-packages/nn_drone_final/SimpleArmMission.py to SimpleArmMission.cpython-38.pyc
[7.284s]   File "/home/xilinx/wrkspace/install/nn_drone_final/lib/python3.8/site-packages/nn_drone_final/SimpleArmMission.py", line 26
[7.285s]     if(msg.data.find("monitor") == 0 && self.armed == False):
[7.286s]                                       ^
[7.287s] SyntaxError: invalid syntax
[7.287s] 
[7.288s] running install_data
[7.291s] copying package.xml -> /home/xilinx/wrkspace/install/nn_drone_final/share/nn_drone_final
[7.293s] running install_egg_info
[7.305s] removing '/home/xilinx/wrkspace/install/nn_drone_final/lib/python3.8/site-packages/nn_drone_final-0.0.0-py3.8.egg-info' (and everything under it)
[7.307s] Copying ../../build/nn_drone_final/nn_drone_final.egg-info to /home/xilinx/wrkspace/install/nn_drone_final/lib/python3.8/site-packages/nn_drone_final-0.0.0-py3.8.egg-info
[7.313s] running install_scripts
[7.442s] Installing arm script to /home/xilinx/wrkspace/install/nn_drone_final/lib/nn_drone_final
[7.444s] Installing cam_node script to /home/xilinx/wrkspace/install/nn_drone_final/lib/nn_drone_final
[7.445s] Installing nn_node script to /home/xilinx/wrkspace/install/nn_drone_final/lib/nn_drone_final
[7.446s] Installing nn_sub_node script to /home/xilinx/wrkspace/install/nn_drone_final/lib/nn_drone_final
[7.448s] writing list of installed files to '/home/xilinx/wrkspace/build/nn_drone_final/install.log'
[7.720s] Invoked command in '/home/xilinx/wrkspace/src/nn_drone_final' returned '0': PYTHONPATH=/home/xilinx/wrkspace/install/nn_drone_final/lib/python3.8/site-packages:${PYTHONPATH} /usr/bin/python3 setup.py egg_info --egg-base ../../build/nn_drone_final build --build-base /home/xilinx/wrkspace/build/nn_drone_final/build install --prefix /home/xilinx/wrkspace/install/nn_drone_final --record /home/xilinx/wrkspace/build/nn_drone_final/install.log --single-version-externally-managed
