[6.393s] Invoking command in '/home/xilinx/wrkspace/src/py_pubsub': PYTHONPATH=/home/xilinx/wrkspace/install/py_pubsub/lib/python3.8/site-packages:${PYTHONPATH} /usr/bin/python3 setup.py egg_info --egg-base ../../build/py_pubsub build --build-base /home/xilinx/wrkspace/build/py_pubsub/build install --prefix /home/xilinx/wrkspace/install/py_pubsub --record /home/xilinx/wrkspace/build/py_pubsub/install.log --single-version-externally-managed
[6.399s] running egg_info
[6.400s] writing ../../build/py_pubsub/py_pubsub.egg-info/PKG-INFO
[6.401s] writing dependency_links to ../../build/py_pubsub/py_pubsub.egg-info/dependency_links.txt
[6.401s] writing entry points to ../../build/py_pubsub/py_pubsub.egg-info/entry_points.txt
[6.402s] writing requirements to ../../build/py_pubsub/py_pubsub.egg-info/requires.txt
[6.402s] writing top-level names to ../../build/py_pubsub/py_pubsub.egg-info/top_level.txt
[6.428s] reading manifest file '../../build/py_pubsub/py_pubsub.egg-info/SOURCES.txt'
[6.433s] writing manifest file '../../build/py_pubsub/py_pubsub.egg-info/SOURCES.txt'
[6.434s] running build
[6.434s] running build_py
[6.435s] copying py_pubsub/subscriber_member_function.py -> /home/xilinx/wrkspace/build/py_pubsub/build/lib/py_pubsub
[6.689s] running install
[6.695s] running install_lib
[6.702s] copying /home/xilinx/wrkspace/build/py_pubsub/build/lib/py_pubsub/subscriber_member_function.py -> /home/xilinx/wrkspace/install/py_pubsub/lib/python3.8/site-packages/py_pubsub
[6.706s] byte-compiling /home/xilinx/wrkspace/install/py_pubsub/lib/python3.8/site-packages/py_pubsub/subscriber_member_function.py to subscriber_member_function.cpython-38.pyc
[6.719s] running install_data
[6.723s] running install_egg_info
[6.733s] removing '/home/xilinx/wrkspace/install/py_pubsub/lib/python3.8/site-packages/py_pubsub-0.0.0-py3.8.egg-info' (and everything under it)
[6.735s] Copying ../../build/py_pubsub/py_pubsub.egg-info to /home/xilinx/wrkspace/install/py_pubsub/lib/python3.8/site-packages/py_pubsub-0.0.0-py3.8.egg-info
[6.739s] running install_scripts
[6.861s] Installing listener script to /home/xilinx/wrkspace/install/py_pubsub/lib/py_pubsub
[6.862s] Installing talker script to /home/xilinx/wrkspace/install/py_pubsub/lib/py_pubsub
[6.864s] writing list of installed files to '/home/xilinx/wrkspace/build/py_pubsub/install.log'
[7.124s] Invoked command in '/home/xilinx/wrkspace/src/py_pubsub' returned '0': PYTHONPATH=/home/xilinx/wrkspace/install/py_pubsub/lib/python3.8/site-packages:${PYTHONPATH} /usr/bin/python3 setup.py egg_info --egg-base ../../build/py_pubsub build --build-base /home/xilinx/wrkspace/build/py_pubsub/build install --prefix /home/xilinx/wrkspace/install/py_pubsub --record /home/xilinx/wrkspace/build/py_pubsub/install.log --single-version-externally-managed
