[5.867s] Invoking command in '/home/xilinx/wrkspace/src/nn_drone_final': PYTHONPATH=/home/xilinx/wrkspace/install/nn_drone_final/lib/python3.8/site-packages:${PYTHONPATH} /usr/bin/python3 setup.py egg_info --egg-base ../../build/nn_drone_final build --build-base /home/xilinx/wrkspace/build/nn_drone_final/build install --prefix /home/xilinx/wrkspace/install/nn_drone_final --record /home/xilinx/wrkspace/build/nn_drone_final/install.log --single-version-externally-managed
[7.403s] running egg_info
[7.408s] writing ../../build/nn_drone_final/nn_drone_final.egg-info/PKG-INFO
[8.531s] writing dependency_links to ../../build/nn_drone_final/nn_drone_final.egg-info/dependency_links.txt
[8.533s] writing entry points to ../../build/nn_drone_final/nn_drone_final.egg-info/entry_points.txt
[8.533s] writing requirements to ../../build/nn_drone_final/nn_drone_final.egg-info/requires.txt
[8.534s] writing top-level names to ../../build/nn_drone_final/nn_drone_final.egg-info/top_level.txt
[9.824s] reading manifest file '../../build/nn_drone_final/nn_drone_final.egg-info/SOURCES.txt'
[9.831s] writing manifest file '../../build/nn_drone_final/nn_drone_final.egg-info/SOURCES.txt'
[9.832s] running build
[9.833s] running build_py
[9.842s] copying nn_drone_final/SimpleArmMission.py -> /home/xilinx/wrkspace/build/nn_drone_final/build/lib/nn_drone_final
[9.844s] running install
[9.850s] running install_lib
[9.858s] copying /home/xilinx/wrkspace/build/nn_drone_final/build/lib/nn_drone_final/SimpleArmMission.py -> /home/xilinx/wrkspace/install/nn_drone_final/lib/python3.8/site-packages/nn_drone_final
[9.863s] byte-compiling /home/xilinx/wrkspace/install/nn_drone_final/lib/python3.8/site-packages/nn_drone_final/SimpleArmMission.py to SimpleArmMission.cpython-38.pyc
[9.877s] running install_data
[10.367s] running install_egg_info
[10.377s] removing '/home/xilinx/wrkspace/install/nn_drone_final/lib/python3.8/site-packages/nn_drone_final-0.0.0-py3.8.egg-info' (and everything under it)
[10.379s] Copying ../../build/nn_drone_final/nn_drone_final.egg-info to /home/xilinx/wrkspace/install/nn_drone_final/lib/python3.8/site-packages/nn_drone_final-0.0.0-py3.8.egg-info
[10.384s] running install_scripts
[10.507s] Installing arm script to /home/xilinx/wrkspace/install/nn_drone_final/lib/nn_drone_final
[10.508s] Installing cam_node script to /home/xilinx/wrkspace/install/nn_drone_final/lib/nn_drone_final
[10.509s] Installing nn_node script to /home/xilinx/wrkspace/install/nn_drone_final/lib/nn_drone_final
[10.510s] Installing nn_sub_node script to /home/xilinx/wrkspace/install/nn_drone_final/lib/nn_drone_final
[10.512s] writing list of installed files to '/home/xilinx/wrkspace/build/nn_drone_final/install.log'
[10.773s] Invoked command in '/home/xilinx/wrkspace/src/nn_drone_final' returned '0': PYTHONPATH=/home/xilinx/wrkspace/install/nn_drone_final/lib/python3.8/site-packages:${PYTHONPATH} /usr/bin/python3 setup.py egg_info --egg-base ../../build/nn_drone_final build --build-base /home/xilinx/wrkspace/build/nn_drone_final/build install --prefix /home/xilinx/wrkspace/install/nn_drone_final --record /home/xilinx/wrkspace/build/nn_drone_final/install.log --single-version-externally-managed
