[4.672s] Invoking command in '/home/xilinx/wrkspace/src/got_coffe': PS1=\[\e]0;\u@\h: \w\a\]${debian_chroot:+($debian_chroot)}\u@\h:\w\$ PYTHONPATH=/home/xilinx/wrkspace/install/got_coffe/lib/python3.8/site-packages:${PYTHONPATH} /usr/bin/python3 setup.py egg_info --egg-base ../../build/got_coffe build --build-base /home/xilinx/wrkspace/build/got_coffe/build install --prefix /home/xilinx/wrkspace/install/got_coffe --record /home/xilinx/wrkspace/build/got_coffe/install.log --single-version-externally-managed
[6.195s] running egg_info
[6.199s] writing ../../build/got_coffe/got_coffe.egg-info/PKG-INFO
[6.200s] writing dependency_links to ../../build/got_coffe/got_coffe.egg-info/dependency_links.txt
[6.201s] writing entry points to ../../build/got_coffe/got_coffe.egg-info/entry_points.txt
[6.202s] writing requirements to ../../build/got_coffe/got_coffe.egg-info/requires.txt
[6.203s] writing top-level names to ../../build/got_coffe/got_coffe.egg-info/top_level.txt
[6.466s] reading manifest file '../../build/got_coffe/got_coffe.egg-info/SOURCES.txt'
[6.473s] writing manifest file '../../build/got_coffe/got_coffe.egg-info/SOURCES.txt'
[6.474s] running build
[6.474s] running build_py
[6.475s] copying got_coffe/nn_pub.py -> /home/xilinx/wrkspace/build/got_coffe/build/lib/got_coffe
[6.476s] running install
[6.483s] running install_lib
[6.489s] copying /home/xilinx/wrkspace/build/got_coffe/build/lib/got_coffe/nn_pub.py -> /home/xilinx/wrkspace/install/got_coffe/lib/python3.8/site-packages/got_coffe
[6.493s] byte-compiling /home/xilinx/wrkspace/install/got_coffe/lib/python3.8/site-packages/got_coffe/nn_pub.py to nn_pub.cpython-38.pyc
[6.503s]   File "/home/xilinx/wrkspace/install/got_coffe/lib/python3.8/site-packages/got_coffe/nn_pub.py", line 4
[6.503s]     from DPU-PYNQ.pynq_dpu import DpuOverlay
[6.504s]             ^
[6.504s] SyntaxError: invalid syntax
[6.505s] 
[6.505s] running install_data
[6.506s] running install_egg_info
[6.517s] removing '/home/xilinx/wrkspace/install/got_coffe/lib/python3.8/site-packages/got_coffe-0.0.0-py3.8.egg-info' (and everything under it)
[6.518s] Copying ../../build/got_coffe/got_coffe.egg-info to /home/xilinx/wrkspace/install/got_coffe/lib/python3.8/site-packages/got_coffe-0.0.0-py3.8.egg-info
[6.523s] running install_scripts
[6.645s] Installing listener script to /home/xilinx/wrkspace/install/got_coffe/lib/got_coffe
[6.646s] Installing talker script to /home/xilinx/wrkspace/install/got_coffe/lib/got_coffe
[6.648s] writing list of installed files to '/home/xilinx/wrkspace/build/got_coffe/install.log'
[6.908s] Invoked command in '/home/xilinx/wrkspace/src/got_coffe' returned '0': PS1=\[\e]0;\u@\h: \w\a\]${debian_chroot:+($debian_chroot)}\u@\h:\w\$ PYTHONPATH=/home/xilinx/wrkspace/install/got_coffe/lib/python3.8/site-packages:${PYTHONPATH} /usr/bin/python3 setup.py egg_info --egg-base ../../build/got_coffe build --build-base /home/xilinx/wrkspace/build/got_coffe/build install --prefix /home/xilinx/wrkspace/install/got_coffe --record /home/xilinx/wrkspace/build/got_coffe/install.log --single-version-externally-managed
