[1.353s] DEBUG:colcon:Command line arguments: ['/usr/bin/colcon', 'build', '--packages-select', 'nn_drone_final']
[1.354s] DEBUG:colcon:Parsed command line arguments: Namespace(allow_overriding=[], ament_cmake_args=None, base_paths=['.'], build_base='build', catkin_cmake_args=None, catkin_skip_building_tests=False, cmake_args=None, cmake_clean_cache=False, cmake_clean_first=False, cmake_force_configure=False, cmake_target=None, cmake_target_skip_unavailable=False, continue_on_error=False, event_handlers=None, executor='parallel', ignore_user_meta=False, install_base='install', log_base=None, log_level=None, main=<bound method BuildVerb.main of <colcon_core.verb.build.BuildVerb object at 0xffffa2408a90>>, merge_install=False, metas=['./colcon.meta'], packages_above=None, packages_above_and_dependencies=None, packages_above_depth=None, packages_end=None, packages_ignore=None, packages_ignore_regex=None, packages_select=['nn_drone_final'], packages_select_build_failed=False, packages_select_by_dep=None, packages_select_regex=None, packages_select_test_failures=False, packages_skip=None, packages_skip_build_finished=False, packages_skip_by_dep=None, packages_skip_regex=None, packages_skip_test_passed=False, packages_skip_up_to=None, packages_start=None, packages_up_to=None, packages_up_to_regex=None, parallel_workers=4, paths=None, symlink_install=False, test_result_base=None, verb_extension=<colcon_core.verb.build.BuildVerb object at 0xffffa2408a90>, verb_name='build', verb_parser=<colcon_defaults.argument_parser.defaults.DefaultArgumentsDecorator object at 0xffffa2414040>)
[1.600s] Level 1:colcon.colcon_core.package_discovery:discover_packages(colcon_meta) check parameters
[1.601s] Level 1:colcon.colcon_core.package_discovery:discover_packages(recursive) check parameters
[1.602s] Level 1:colcon.colcon_core.package_discovery:discover_packages(ignore) check parameters
[1.602s] Level 1:colcon.colcon_core.package_discovery:discover_packages(path) check parameters
[1.602s] Level 1:colcon.colcon_core.package_discovery:discover_packages(colcon_meta) discover
[1.603s] Level 1:colcon.colcon_core.package_discovery:discover_packages(recursive) discover
[1.603s] INFO:colcon.colcon_core.package_discovery:Crawling recursively for packages in '/home/xilinx/wrkspace'
[1.603s] Level 1:colcon.colcon_core.package_identification:_identify(.) by extensions ['ignore', 'ignore_ament_install']
[1.604s] Level 1:colcon.colcon_core.package_identification:_identify(.) by extension 'ignore'
[1.605s] Level 1:colcon.colcon_core.package_identification:_identify(.) by extension 'ignore_ament_install'
[1.605s] Level 1:colcon.colcon_core.package_identification:_identify(.) by extensions ['colcon_pkg']
[1.605s] Level 1:colcon.colcon_core.package_identification:_identify(.) by extension 'colcon_pkg'
[1.607s] Level 1:colcon.colcon_core.package_identification:_identify(.) by extensions ['colcon_meta']
[1.608s] Level 1:colcon.colcon_core.package_identification:_identify(.) by extension 'colcon_meta'
[1.609s] Level 1:colcon.colcon_core.package_identification:_identify(.) by extensions ['ros']
[1.609s] Level 1:colcon.colcon_core.package_identification:_identify(.) by extension 'ros'
[1.695s] Level 1:colcon.colcon_core.package_identification:_identify(.) by extensions ['cmake', 'python']
[1.696s] Level 1:colcon.colcon_core.package_identification:_identify(.) by extension 'cmake'
[1.696s] Level 1:colcon.colcon_core.package_identification:_identify(.) by extension 'python'
[1.696s] Level 1:colcon.colcon_core.package_identification:_identify(.) by extensions ['python_setup_py']
[1.697s] Level 1:colcon.colcon_core.package_identification:_identify(.) by extension 'python_setup_py'
[1.698s] Level 1:colcon.colcon_core.package_identification:_identify(build) by extensions ['ignore', 'ignore_ament_install']
[1.698s] Level 1:colcon.colcon_core.package_identification:_identify(build) by extension 'ignore'
[1.698s] Level 1:colcon.colcon_core.package_identification:_identify(build) ignored
[1.699s] Level 1:colcon.colcon_core.package_identification:_identify(install) by extensions ['ignore', 'ignore_ament_install']
[1.700s] Level 1:colcon.colcon_core.package_identification:_identify(install) by extension 'ignore'
[1.700s] Level 1:colcon.colcon_core.package_identification:_identify(install) ignored
[1.701s] Level 1:colcon.colcon_core.package_identification:_identify(log) by extensions ['ignore', 'ignore_ament_install']
[1.703s] Level 1:colcon.colcon_core.package_identification:_identify(log) by extension 'ignore'
[1.704s] Level 1:colcon.colcon_core.package_identification:_identify(log) ignored
[1.705s] Level 1:colcon.colcon_core.package_identification:_identify(src) by extensions ['ignore', 'ignore_ament_install']
[1.706s] Level 1:colcon.colcon_core.package_identification:_identify(src) by extension 'ignore'
[1.706s] Level 1:colcon.colcon_core.package_identification:_identify(src) by extension 'ignore_ament_install'
[1.706s] Level 1:colcon.colcon_core.package_identification:_identify(src) by extensions ['colcon_pkg']
[1.707s] Level 1:colcon.colcon_core.package_identification:_identify(src) by extension 'colcon_pkg'
[1.707s] Level 1:colcon.colcon_core.package_identification:_identify(src) by extensions ['colcon_meta']
[1.707s] Level 1:colcon.colcon_core.package_identification:_identify(src) by extension 'colcon_meta'
[1.707s] Level 1:colcon.colcon_core.package_identification:_identify(src) by extensions ['ros']
[1.708s] Level 1:colcon.colcon_core.package_identification:_identify(src) by extension 'ros'
[1.708s] Level 1:colcon.colcon_core.package_identification:_identify(src) by extensions ['cmake', 'python']
[1.708s] Level 1:colcon.colcon_core.package_identification:_identify(src) by extension 'cmake'
[1.709s] Level 1:colcon.colcon_core.package_identification:_identify(src) by extension 'python'
[1.709s] Level 1:colcon.colcon_core.package_identification:_identify(src) by extensions ['python_setup_py']
[1.709s] Level 1:colcon.colcon_core.package_identification:_identify(src) by extension 'python_setup_py'
[1.710s] Level 1:colcon.colcon_core.package_identification:_identify(src/got_coffe) by extensions ['ignore', 'ignore_ament_install']
[1.711s] Level 1:colcon.colcon_core.package_identification:_identify(src/got_coffe) by extension 'ignore'
[1.711s] Level 1:colcon.colcon_core.package_identification:_identify(src/got_coffe) by extension 'ignore_ament_install'
[1.711s] Level 1:colcon.colcon_core.package_identification:_identify(src/got_coffe) by extensions ['colcon_pkg']
[1.711s] Level 1:colcon.colcon_core.package_identification:_identify(src/got_coffe) by extension 'colcon_pkg'
[1.712s] Level 1:colcon.colcon_core.package_identification:_identify(src/got_coffe) by extensions ['colcon_meta']
[1.712s] Level 1:colcon.colcon_core.package_identification:_identify(src/got_coffe) by extension 'colcon_meta'
[1.712s] Level 1:colcon.colcon_core.package_identification:_identify(src/got_coffe) by extensions ['ros']
[1.712s] Level 1:colcon.colcon_core.package_identification:_identify(src/got_coffe) by extension 'ros'
[1.730s] DEBUG:colcon.colcon_core.package_identification:Package 'src/got_coffe' with type 'ros.ament_python' and name 'got_coffe'
[1.731s] Level 1:colcon.colcon_core.package_identification:_identify(src/my_package) by extensions ['ignore', 'ignore_ament_install']
[1.732s] Level 1:colcon.colcon_core.package_identification:_identify(src/my_package) by extension 'ignore'
[1.732s] Level 1:colcon.colcon_core.package_identification:_identify(src/my_package) by extension 'ignore_ament_install'
[1.732s] Level 1:colcon.colcon_core.package_identification:_identify(src/my_package) by extensions ['colcon_pkg']
[1.733s] Level 1:colcon.colcon_core.package_identification:_identify(src/my_package) by extension 'colcon_pkg'
[1.733s] Level 1:colcon.colcon_core.package_identification:_identify(src/my_package) by extensions ['colcon_meta']
[1.733s] Level 1:colcon.colcon_core.package_identification:_identify(src/my_package) by extension 'colcon_meta'
[1.733s] Level 1:colcon.colcon_core.package_identification:_identify(src/my_package) by extensions ['ros']
[1.734s] Level 1:colcon.colcon_core.package_identification:_identify(src/my_package) by extension 'ros'
[1.738s] DEBUG:colcon.colcon_core.package_identification:Package 'src/my_package' with type 'ros.ament_python' and name 'my_package'
[1.738s] Level 1:colcon.colcon_core.package_identification:_identify(src/nn_drone_final) by extensions ['ignore', 'ignore_ament_install']
[1.739s] Level 1:colcon.colcon_core.package_identification:_identify(src/nn_drone_final) by extension 'ignore'
[1.739s] Level 1:colcon.colcon_core.package_identification:_identify(src/nn_drone_final) by extension 'ignore_ament_install'
[1.740s] Level 1:colcon.colcon_core.package_identification:_identify(src/nn_drone_final) by extensions ['colcon_pkg']
[1.740s] Level 1:colcon.colcon_core.package_identification:_identify(src/nn_drone_final) by extension 'colcon_pkg'
[1.740s] Level 1:colcon.colcon_core.package_identification:_identify(src/nn_drone_final) by extensions ['colcon_meta']
[1.741s] Level 1:colcon.colcon_core.package_identification:_identify(src/nn_drone_final) by extension 'colcon_meta'
[1.741s] Level 1:colcon.colcon_core.package_identification:_identify(src/nn_drone_final) by extensions ['ros']
[1.741s] Level 1:colcon.colcon_core.package_identification:_identify(src/nn_drone_final) by extension 'ros'
[1.746s] DEBUG:colcon.colcon_core.package_identification:Package 'src/nn_drone_final' with type 'ros.ament_python' and name 'nn_drone_final'
[1.747s] Level 1:colcon.colcon_core.package_identification:_identify(src/py_pubsub) by extensions ['ignore', 'ignore_ament_install']
[1.748s] Level 1:colcon.colcon_core.package_identification:_identify(src/py_pubsub) by extension 'ignore'
[1.748s] Level 1:colcon.colcon_core.package_identification:_identify(src/py_pubsub) by extension 'ignore_ament_install'
[1.748s] Level 1:colcon.colcon_core.package_identification:_identify(src/py_pubsub) by extensions ['colcon_pkg']
[1.748s] Level 1:colcon.colcon_core.package_identification:_identify(src/py_pubsub) by extension 'colcon_pkg'
[1.749s] Level 1:colcon.colcon_core.package_identification:_identify(src/py_pubsub) by extensions ['colcon_meta']
[1.749s] Level 1:colcon.colcon_core.package_identification:_identify(src/py_pubsub) by extension 'colcon_meta'
[1.749s] Level 1:colcon.colcon_core.package_identification:_identify(src/py_pubsub) by extensions ['ros']
[1.750s] Level 1:colcon.colcon_core.package_identification:_identify(src/py_pubsub) by extension 'ros'
[1.767s] DEBUG:colcon.colcon_core.package_identification:Package 'src/py_pubsub' with type 'ros.ament_python' and name 'py_pubsub'
[1.767s] Level 1:colcon.colcon_core.package_discovery:discover_packages(recursive) using defaults
[1.768s] Level 1:colcon.colcon_core.package_discovery:discover_packages(ignore) discover
[1.768s] Level 1:colcon.colcon_core.package_discovery:discover_packages(ignore) using defaults
[1.768s] Level 1:colcon.colcon_core.package_discovery:discover_packages(path) discover
[1.768s] Level 1:colcon.colcon_core.package_discovery:discover_packages(path) using defaults
[1.931s] INFO:colcon.colcon_core.package_selection:Skipping not selected package 'got_coffe' in 'src/got_coffe'
[1.932s] INFO:colcon.colcon_core.package_selection:Skipping not selected package 'my_package' in 'src/my_package'
[1.932s] INFO:colcon.colcon_core.package_selection:Skipping not selected package 'py_pubsub' in 'src/py_pubsub'
[1.939s] Level 1:colcon.colcon_core.package_discovery:discover_packages(prefix_path) check parameters
[1.939s] Level 1:colcon.colcon_core.package_discovery:discover_packages(prefix_path) discover
[1.962s] DEBUG:colcon.colcon_installed_package_information.package_discovery:Found 2 installed packages in /home/xilinx/px4_ros_com_ros2/install
[1.968s] DEBUG:colcon.colcon_installed_package_information.package_discovery:Found 4 installed packages in /home/xilinx/wrkspace/install
[1.979s] DEBUG:colcon.colcon_installed_package_information.package_discovery:Found 256 installed packages in /opt/ros/foxy
[1.995s] Level 1:colcon.colcon_core.package_discovery:discover_packages(prefix_path) using defaults
[2.759s] Level 5:colcon.colcon_core.verb:set package 'nn_drone_final' build argument 'cmake_args' from command line to 'None'
[2.760s] Level 5:colcon.colcon_core.verb:set package 'nn_drone_final' build argument 'cmake_target' from command line to 'None'
[2.760s] Level 5:colcon.colcon_core.verb:set package 'nn_drone_final' build argument 'cmake_target_skip_unavailable' from command line to 'False'
[2.760s] Level 5:colcon.colcon_core.verb:set package 'nn_drone_final' build argument 'cmake_clean_cache' from command line to 'False'
[2.760s] Level 5:colcon.colcon_core.verb:set package 'nn_drone_final' build argument 'cmake_clean_first' from command line to 'False'
[2.760s] Level 5:colcon.colcon_core.verb:set package 'nn_drone_final' build argument 'cmake_force_configure' from command line to 'False'
[2.761s] Level 5:colcon.colcon_core.verb:set package 'nn_drone_final' build argument 'ament_cmake_args' from command line to 'None'
[2.761s] Level 5:colcon.colcon_core.verb:set package 'nn_drone_final' build argument 'catkin_cmake_args' from command line to 'None'
[2.761s] Level 5:colcon.colcon_core.verb:set package 'nn_drone_final' build argument 'catkin_skip_building_tests' from command line to 'False'
[2.761s] DEBUG:colcon.colcon_core.verb:Building package 'nn_drone_final' with the following arguments: {'ament_cmake_args': None, 'build_base': '/home/xilinx/wrkspace/build/nn_drone_final', 'catkin_cmake_args': None, 'catkin_skip_building_tests': False, 'cmake_args': None, 'cmake_clean_cache': False, 'cmake_clean_first': False, 'cmake_force_configure': False, 'cmake_target': None, 'cmake_target_skip_unavailable': False, 'install_base': '/home/xilinx/wrkspace/install/nn_drone_final', 'merge_install': False, 'path': '/home/xilinx/wrkspace/src/nn_drone_final', 'symlink_install': False, 'test_result_base': None}
[2.764s] INFO:colcon.colcon_core.executor:Executing jobs using 'parallel' executor
[2.781s] DEBUG:colcon.colcon_parallel_executor.executor.parallel:run_until_complete
[2.783s] INFO:colcon.colcon_ros.task.ament_python.build:Building ROS package in '/home/xilinx/wrkspace/src/nn_drone_final' with build type 'ament_python'
[2.784s] Level 1:colcon.colcon_core.shell:create_environment_hook('nn_drone_final', 'ament_prefix_path')
[2.829s] INFO:colcon.colcon_core.plugin_system:Skipping extension 'colcon_core.shell.bat': Not used on non-Windows systems
[2.831s] INFO:colcon.colcon_core.shell:Creating environment hook '/home/xilinx/wrkspace/install/nn_drone_final/share/nn_drone_final/hook/ament_prefix_path.ps1'
[2.838s] INFO:colcon.colcon_core.shell:Creating environment descriptor '/home/xilinx/wrkspace/install/nn_drone_final/share/nn_drone_final/hook/ament_prefix_path.dsv'
[2.845s] INFO:colcon.colcon_core.shell:Creating environment hook '/home/xilinx/wrkspace/install/nn_drone_final/share/nn_drone_final/hook/ament_prefix_path.sh'
[2.858s] INFO:colcon.colcon_core.shell:Skip shell extension 'powershell' for command environment: Not usable outside of PowerShell
[2.859s] DEBUG:colcon.colcon_core.shell:Skip shell extension 'dsv' for command environment
[4.774s] INFO:colcon.colcon_core.task.python.build:Building Python package in '/home/xilinx/wrkspace/src/nn_drone_final'
[4.780s] INFO:colcon.colcon_core.shell:Skip shell extension 'powershell' for command environment: Not usable outside of PowerShell
[4.780s] DEBUG:colcon.colcon_core.shell:Skip shell extension 'dsv' for command environment
[8.337s] DEBUG:colcon.colcon_core.event_handler.log_command:Invoking command in '/home/xilinx/wrkspace/src/nn_drone_final': PYTHONPATH=/home/xilinx/wrkspace/install/nn_drone_final/lib/python3.8/site-packages:${PYTHONPATH} /usr/bin/python3 setup.py egg_info --egg-base ../../build/nn_drone_final build --build-base /home/xilinx/wrkspace/build/nn_drone_final/build install --prefix /home/xilinx/wrkspace/install/nn_drone_final --record /home/xilinx/wrkspace/build/nn_drone_final/install.log --single-version-externally-managed
[11.304s] DEBUG:colcon.colcon_core.event_handler.log_command:Invoked command in '/home/xilinx/wrkspace/src/nn_drone_final' returned '0': PYTHONPATH=/home/xilinx/wrkspace/install/nn_drone_final/lib/python3.8/site-packages:${PYTHONPATH} /usr/bin/python3 setup.py egg_info --egg-base ../../build/nn_drone_final build --build-base /home/xilinx/wrkspace/build/nn_drone_final/build install --prefix /home/xilinx/wrkspace/install/nn_drone_final --record /home/xilinx/wrkspace/build/nn_drone_final/install.log --single-version-externally-managed
[11.343s] Level 1:colcon.colcon_core.environment:checking '/home/xilinx/wrkspace/install/nn_drone_final' for CMake module files
[11.347s] Level 1:colcon.colcon_core.environment:checking '/home/xilinx/wrkspace/install/nn_drone_final' for CMake config files
[11.351s] Level 1:colcon.colcon_core.environment:checking '/home/xilinx/wrkspace/install/nn_drone_final/lib'
[11.352s] Level 1:colcon.colcon_core.environment:checking '/home/xilinx/wrkspace/install/nn_drone_final/bin'
[11.353s] Level 1:colcon.colcon_core.environment:checking '/home/xilinx/wrkspace/install/nn_drone_final/lib/pkgconfig/nn_drone_final.pc'
[11.354s] Level 1:colcon.colcon_core.environment:checking '/home/xilinx/wrkspace/install/nn_drone_final/lib/python3.8/site-packages'
[11.355s] Level 1:colcon.colcon_core.shell:create_environment_hook('nn_drone_final', 'pythonpath')
[11.359s] INFO:colcon.colcon_core.shell:Creating environment hook '/home/xilinx/wrkspace/install/nn_drone_final/share/nn_drone_final/hook/pythonpath.ps1'
[11.362s] INFO:colcon.colcon_core.shell:Creating environment descriptor '/home/xilinx/wrkspace/install/nn_drone_final/share/nn_drone_final/hook/pythonpath.dsv'
[11.364s] INFO:colcon.colcon_core.shell:Creating environment hook '/home/xilinx/wrkspace/install/nn_drone_final/share/nn_drone_final/hook/pythonpath.sh'
[11.368s] Level 1:colcon.colcon_core.environment:checking '/home/xilinx/wrkspace/install/nn_drone_final/bin'
[11.369s] Level 1:colcon.colcon_core.environment:create_environment_scripts_only(nn_drone_final)
[11.374s] INFO:colcon.colcon_core.shell:Creating package script '/home/xilinx/wrkspace/install/nn_drone_final/share/nn_drone_final/package.ps1'
[11.382s] INFO:colcon.colcon_core.shell:Creating package descriptor '/home/xilinx/wrkspace/install/nn_drone_final/share/nn_drone_final/package.dsv'
[11.392s] INFO:colcon.colcon_core.shell:Creating package script '/home/xilinx/wrkspace/install/nn_drone_final/share/nn_drone_final/package.sh'
[11.402s] INFO:colcon.colcon_core.shell:Creating package script '/home/xilinx/wrkspace/install/nn_drone_final/share/nn_drone_final/package.bash'
[11.411s] INFO:colcon.colcon_core.shell:Creating package script '/home/xilinx/wrkspace/install/nn_drone_final/share/nn_drone_final/package.zsh'
[11.429s] Level 1:colcon.colcon_core.environment:create_file_with_runtime_dependencies(/home/xilinx/wrkspace/install/nn_drone_final/share/colcon-core/packages/nn_drone_final)
[11.432s] DEBUG:colcon.colcon_parallel_executor.executor.parallel:closing loop
[11.434s] DEBUG:colcon.colcon_parallel_executor.executor.parallel:loop closed
[11.435s] DEBUG:colcon.colcon_parallel_executor.executor.parallel:run_until_complete finished with '0'
[11.435s] DEBUG:colcon.colcon_core.event_reactor:joining thread
[13.034s] INFO:colcon.colcon_core.plugin_system:Skipping extension 'colcon_notification.desktop_notification.notify_send': Could not find 'notify-send'
[13.036s] INFO:colcon.colcon_core.plugin_system:Skipping extension 'colcon_notification.desktop_notification.terminal_notifier': Not used on non-Darwin systems
[13.037s] INFO:colcon.colcon_core.plugin_system:Skipping extension 'colcon_notification.desktop_notification.win32': Not used on non-Windows systems
[13.038s] INFO:colcon.colcon_notification.desktop_notification:Sending desktop notification using 'notify2'
[13.038s] DEBUG:colcon.colcon_notification.desktop_notification.notify2:Failed to initialize notify2: org.freedesktop.DBus.Error.NotSupported: Unable to autolaunch a dbus-daemon without a $DISPLAY for X11
[13.039s] DEBUG:colcon.colcon_core.event_reactor:joined thread
[13.046s] INFO:colcon.colcon_core.shell:Creating prefix script '/home/xilinx/wrkspace/install/local_setup.ps1'
[13.055s] INFO:colcon.colcon_core.shell:Creating prefix util module '/home/xilinx/wrkspace/install/_local_setup_util_ps1.py'
[13.569s] INFO:colcon.colcon_core.shell:Creating prefix chain script '/home/xilinx/wrkspace/install/setup.ps1'
[13.588s] INFO:colcon.colcon_core.shell:Creating prefix script '/home/xilinx/wrkspace/install/local_setup.sh'
[13.596s] INFO:colcon.colcon_core.shell:Creating prefix util module '/home/xilinx/wrkspace/install/_local_setup_util_sh.py'
[13.599s] INFO:colcon.colcon_core.shell:Creating prefix chain script '/home/xilinx/wrkspace/install/setup.sh'
[13.619s] INFO:colcon.colcon_core.shell:Creating prefix script '/home/xilinx/wrkspace/install/local_setup.bash'
[13.625s] INFO:colcon.colcon_core.shell:Creating prefix chain script '/home/xilinx/wrkspace/install/setup.bash'
[13.636s] INFO:colcon.colcon_core.shell:Creating prefix script '/home/xilinx/wrkspace/install/local_setup.zsh'
[13.643s] INFO:colcon.colcon_core.shell:Creating prefix chain script '/home/xilinx/wrkspace/install/setup.zsh'
