[4.676s] Invoking command in '/home/xilinx/wrkspace/src/got_coffe': PYTHONPATH=/home/xilinx/wrkspace/install/got_coffe/lib/python3.8/site-packages:${PYTHONPATH} /usr/bin/python3 setup.py egg_info --egg-base ../../build/got_coffe build --build-base /home/xilinx/wrkspace/build/got_coffe/build install --prefix /home/xilinx/wrkspace/install/got_coffe --record /home/xilinx/wrkspace/build/got_coffe/install.log --single-version-externally-managed
[6.203s] running egg_info
[6.207s] writing ../../build/got_coffe/got_coffe.egg-info/PKG-INFO
[6.209s] writing dependency_links to ../../build/got_coffe/got_coffe.egg-info/dependency_links.txt
[6.210s] writing entry points to ../../build/got_coffe/got_coffe.egg-info/entry_points.txt
[6.211s] writing requirements to ../../build/got_coffe/got_coffe.egg-info/requires.txt
[6.211s] writing top-level names to ../../build/got_coffe/got_coffe.egg-info/top_level.txt
[6.470s] reading manifest file '../../build/got_coffe/got_coffe.egg-info/SOURCES.txt'
[6.477s] writing manifest file '../../build/got_coffe/got_coffe.egg-info/SOURCES.txt'
[6.478s] running build
[6.479s] running build_py
[6.479s] copying got_coffe/nn_pub.py -> /home/xilinx/wrkspace/build/got_coffe/build/lib/got_coffe
[6.481s] running install
[6.487s] running install_lib
[6.494s] copying /home/xilinx/wrkspace/build/got_coffe/build/lib/got_coffe/nn_pub.py -> /home/xilinx/wrkspace/install/got_coffe/lib/python3.8/site-packages/got_coffe
[6.498s] byte-compiling /home/xilinx/wrkspace/install/got_coffe/lib/python3.8/site-packages/got_coffe/nn_pub.py to nn_pub.cpython-38.pyc
[6.513s] running install_data
[6.517s] running install_egg_info
[6.527s] removing '/home/xilinx/wrkspace/install/got_coffe/lib/python3.8/site-packages/got_coffe-0.0.0-py3.8.egg-info' (and everything under it)
[6.529s] Copying ../../build/got_coffe/got_coffe.egg-info to /home/xilinx/wrkspace/install/got_coffe/lib/python3.8/site-packages/got_coffe-0.0.0-py3.8.egg-info
[6.534s] running install_scripts
[6.656s] Installing listener script to /home/xilinx/wrkspace/install/got_coffe/lib/got_coffe
[6.657s] Installing talker script to /home/xilinx/wrkspace/install/got_coffe/lib/got_coffe
[6.658s] writing list of installed files to '/home/xilinx/wrkspace/build/got_coffe/install.log'
[6.919s] Invoked command in '/home/xilinx/wrkspace/src/got_coffe' returned '0': PYTHONPATH=/home/xilinx/wrkspace/install/got_coffe/lib/python3.8/site-packages:${PYTHONPATH} /usr/bin/python3 setup.py egg_info --egg-base ../../build/got_coffe build --build-base /home/xilinx/wrkspace/build/got_coffe/build install --prefix /home/xilinx/wrkspace/install/got_coffe --record /home/xilinx/wrkspace/build/got_coffe/install.log --single-version-externally-managed
