[18.688s] Invoking command in '/home/xilinx/wrkspace/src/py_pubsub': PS1=(pynq-venv) ${debian_chroot:+($debian_chroot)}\u@\h:\w\$ PYTHONPATH=/home/xilinx/wrkspace/install/py_pubsub/lib/python3.8/site-packages:${PYTHONPATH} /usr/local/share/pynq-venv/bin/python3 setup.py egg_info --egg-base ../../build/py_pubsub build --build-base /home/xilinx/wrkspace/build/py_pubsub/build install --prefix /home/xilinx/wrkspace/install/py_pubsub --record /home/xilinx/wrkspace/build/py_pubsub/install.log --single-version-externally-managed
[20.939s] /usr/local/share/pynq-venv/lib/python3.8/site-packages/setuptools/dist.py:767: UserWarning: Usage of dash-separated 'script-dir' will not be supported in future versions. Please use the underscore name 'script_dir' instead
[20.940s]   warnings.warn(
[26.310s] running egg_info
[26.896s] writing ../../build/py_pubsub/py_pubsub.egg-info/PKG-INFO
[27.346s] writing dependency_links to ../../build/py_pubsub/py_pubsub.egg-info/dependency_links.txt
[28.794s] writing entry points to ../../build/py_pubsub/py_pubsub.egg-info/entry_points.txt
[29.688s] writing requirements to ../../build/py_pubsub/py_pubsub.egg-info/requires.txt
[30.137s] writing top-level names to ../../build/py_pubsub/py_pubsub.egg-info/top_level.txt
[30.844s] reading manifest file '../../build/py_pubsub/py_pubsub.egg-info/SOURCES.txt'
[30.851s] writing manifest file '../../build/py_pubsub/py_pubsub.egg-info/SOURCES.txt'
[30.852s] running build
[30.852s] running build_py
[30.854s] running install
[30.855s] /usr/local/share/pynq-venv/lib/python3.8/site-packages/setuptools/command/install.py:34: SetuptoolsDeprecationWarning: setup.py install is deprecated. Use build and pip and other standards-based tools.
[30.856s]   warnings.warn(
[30.910s] running install_lib
[31.487s] running install_data
[31.615s] running install_egg_info
[32.195s] removing '/home/xilinx/wrkspace/install/py_pubsub/lib/python3.8/site-packages/py_pubsub-0.0.0-py3.8.egg-info' (and everything under it)
[32.196s] Copying ../../build/py_pubsub/py_pubsub.egg-info to /home/xilinx/wrkspace/install/py_pubsub/lib/python3.8/site-packages/py_pubsub-0.0.0-py3.8.egg-info
[32.201s] running install_scripts
[33.381s] Installing listener script to /home/xilinx/wrkspace/install/py_pubsub/bin
[33.382s] Installing talker script to /home/xilinx/wrkspace/install/py_pubsub/bin
[33.384s] writing list of installed files to '/home/xilinx/wrkspace/build/py_pubsub/install.log'
[33.812s] Invoked command in '/home/xilinx/wrkspace/src/py_pubsub' returned '0': PS1=(pynq-venv) ${debian_chroot:+($debian_chroot)}\u@\h:\w\$ PYTHONPATH=/home/xilinx/wrkspace/install/py_pubsub/lib/python3.8/site-packages:${PYTHONPATH} /usr/local/share/pynq-venv/bin/python3 setup.py egg_info --egg-base ../../build/py_pubsub build --build-base /home/xilinx/wrkspace/build/py_pubsub/build install --prefix /home/xilinx/wrkspace/install/py_pubsub --record /home/xilinx/wrkspace/build/py_pubsub/install.log --single-version-externally-managed
