[19.520s] Invoking command in '/home/xilinx/wrkspace/src/py_pubsub': PS1=(pynq-venv) \[\e]0;\u@\h: \w\a\]${debian_chroot:+($debian_chroot)}\u@\h:\w\$ PYTHONPATH=/home/xilinx/wrkspace/install/py_pubsub/lib/python3.8/site-packages:${PYTHONPATH} /usr/local/share/pynq-venv/bin/python3 setup.py egg_info --egg-base ../../build/py_pubsub build --build-base /home/xilinx/wrkspace/build/py_pubsub/build install --prefix /home/xilinx/wrkspace/install/py_pubsub --record /home/xilinx/wrkspace/build/py_pubsub/install.log --single-version-externally-managed
[21.786s] /usr/local/share/pynq-venv/lib/python3.8/site-packages/setuptools/dist.py:767: UserWarning: Usage of dash-separated 'script-dir' will not be supported in future versions. Please use the underscore name 'script_dir' instead
[21.787s]   warnings.warn(
[27.159s] running egg_info
[27.753s] writing ../../build/py_pubsub/py_pubsub.egg-info/PKG-INFO
[28.203s] writing dependency_links to ../../build/py_pubsub/py_pubsub.egg-info/dependency_links.txt
[29.837s] writing entry points to ../../build/py_pubsub/py_pubsub.egg-info/entry_points.txt
[30.737s] writing requirements to ../../build/py_pubsub/py_pubsub.egg-info/requires.txt
[31.193s] writing top-level names to ../../build/py_pubsub/py_pubsub.egg-info/top_level.txt
[31.900s] reading manifest file '../../build/py_pubsub/py_pubsub.egg-info/SOURCES.txt'
[31.906s] writing manifest file '../../build/py_pubsub/py_pubsub.egg-info/SOURCES.txt'
[31.908s] running build
[31.908s] running build_py
[31.910s] running install
[31.913s] /usr/local/share/pynq-venv/lib/python3.8/site-packages/setuptools/command/install.py:34: SetuptoolsDeprecationWarning: setup.py install is deprecated. Use build and pip and other standards-based tools.
[31.913s]   warnings.warn(
[31.965s] running install_lib
[32.644s] running install_data
[32.772s] running install_egg_info
[33.358s] removing '/home/xilinx/wrkspace/install/py_pubsub/lib/python3.8/site-packages/py_pubsub-0.0.0-py3.8.egg-info' (and everything under it)
[33.360s] Copying ../../build/py_pubsub/py_pubsub.egg-info to /home/xilinx/wrkspace/install/py_pubsub/lib/python3.8/site-packages/py_pubsub-0.0.0-py3.8.egg-info
[33.364s] running install_scripts
[34.435s] Installing listener script to /home/xilinx/wrkspace/install/py_pubsub/bin
[34.436s] Installing talker script to /home/xilinx/wrkspace/install/py_pubsub/bin
[34.438s] writing list of installed files to '/home/xilinx/wrkspace/build/py_pubsub/install.log'
[34.869s] Invoked command in '/home/xilinx/wrkspace/src/py_pubsub' returned '0': PS1=(pynq-venv) \[\e]0;\u@\h: \w\a\]${debian_chroot:+($debian_chroot)}\u@\h:\w\$ PYTHONPATH=/home/xilinx/wrkspace/install/py_pubsub/lib/python3.8/site-packages:${PYTHONPATH} /usr/local/share/pynq-venv/bin/python3 setup.py egg_info --egg-base ../../build/py_pubsub build --build-base /home/xilinx/wrkspace/build/py_pubsub/build install --prefix /home/xilinx/wrkspace/install/py_pubsub --record /home/xilinx/wrkspace/build/py_pubsub/install.log --single-version-externally-managed
