[7.454s] Invoking command in '/home/xilinx/wrkspace/src/py_pubsub': PS1=\[\e]0;\u@\h: \w\a\]${debian_chroot:+($debian_chroot)}\u@\h:\w\$ PYTHONPATH=/home/xilinx/wrkspace/install/py_pubsub/lib/python3.8/site-packages:${PYTHONPATH} /usr/bin/python3 setup.py egg_info --egg-base ../../build/py_pubsub build --build-base /home/xilinx/wrkspace/build/py_pubsub/build install --prefix /home/xilinx/wrkspace/install/py_pubsub --record /home/xilinx/wrkspace/build/py_pubsub/install.log --single-version-externally-managed
[7.460s] running egg_info
[7.460s] writing ../../build/py_pubsub/py_pubsub.egg-info/PKG-INFO
[7.461s] writing dependency_links to ../../build/py_pubsub/py_pubsub.egg-info/dependency_links.txt
[7.462s] writing entry points to ../../build/py_pubsub/py_pubsub.egg-info/entry_points.txt
[7.462s] writing requirements to ../../build/py_pubsub/py_pubsub.egg-info/requires.txt
[7.463s] writing top-level names to ../../build/py_pubsub/py_pubsub.egg-info/top_level.txt
[8.228s] reading manifest file '../../build/py_pubsub/py_pubsub.egg-info/SOURCES.txt'
[8.237s] writing manifest file '../../build/py_pubsub/py_pubsub.egg-info/SOURCES.txt'
[8.238s] running build
[8.238s] running build_py
[8.240s] running install
[8.246s] running install_lib
[8.255s] running install_data
[8.259s] running install_egg_info
[8.270s] removing '/home/xilinx/wrkspace/install/py_pubsub/lib/python3.8/site-packages/py_pubsub-0.0.0-py3.8.egg-info' (and everything under it)
[8.272s] Copying ../../build/py_pubsub/py_pubsub.egg-info to /home/xilinx/wrkspace/install/py_pubsub/lib/python3.8/site-packages/py_pubsub-0.0.0-py3.8.egg-info
[8.277s] running install_scripts
[8.398s] Installing listener script to /home/xilinx/wrkspace/install/py_pubsub/lib/py_pubsub
[8.399s] Installing talker script to /home/xilinx/wrkspace/install/py_pubsub/lib/py_pubsub
[8.401s] writing list of installed files to '/home/xilinx/wrkspace/build/py_pubsub/install.log'
[8.655s] Invoked command in '/home/xilinx/wrkspace/src/py_pubsub' returned '0': PS1=\[\e]0;\u@\h: \w\a\]${debian_chroot:+($debian_chroot)}\u@\h:\w\$ PYTHONPATH=/home/xilinx/wrkspace/install/py_pubsub/lib/python3.8/site-packages:${PYTHONPATH} /usr/bin/python3 setup.py egg_info --egg-base ../../build/py_pubsub build --build-base /home/xilinx/wrkspace/build/py_pubsub/build install --prefix /home/xilinx/wrkspace/install/py_pubsub --record /home/xilinx/wrkspace/build/py_pubsub/install.log --single-version-externally-managed
