[4.685s] Invoking command in '/home/xilinx/wrkspace/src/nn_drone_final': PYTHONPATH=/home/xilinx/wrkspace/install/nn_drone_final/lib/python3.8/site-packages:${PYTHONPATH} /usr/bin/python3 setup.py egg_info --egg-base ../../build/nn_drone_final build --build-base /home/xilinx/wrkspace/build/nn_drone_final/build install --prefix /home/xilinx/wrkspace/install/nn_drone_final --record /home/xilinx/wrkspace/build/nn_drone_final/install.log --single-version-externally-managed
[6.221s] running egg_info
[6.225s] writing ../../build/nn_drone_final/nn_drone_final.egg-info/PKG-INFO
[6.227s] writing dependency_links to ../../build/nn_drone_final/nn_drone_final.egg-info/dependency_links.txt
[6.228s] writing entry points to ../../build/nn_drone_final/nn_drone_final.egg-info/entry_points.txt
[6.229s] writing requirements to ../../build/nn_drone_final/nn_drone_final.egg-info/requires.txt
[6.230s] writing top-level names to ../../build/nn_drone_final/nn_drone_final.egg-info/top_level.txt
[6.489s] reading manifest file '../../build/nn_drone_final/nn_drone_final.egg-info/SOURCES.txt'
[6.496s] writing manifest file '../../build/nn_drone_final/nn_drone_final.egg-info/SOURCES.txt'
[6.497s] running build
[6.497s] running build_py
[6.498s] copying nn_drone_final/nn_sub.py -> /home/xilinx/wrkspace/build/nn_drone_final/build/lib/nn_drone_final
[6.500s] running install
[6.507s] running install_lib
[6.513s] copying /home/xilinx/wrkspace/build/nn_drone_final/build/lib/nn_drone_final/nn_sub.py -> /home/xilinx/wrkspace/install/nn_drone_final/lib/python3.8/site-packages/nn_drone_final
[6.517s] byte-compiling /home/xilinx/wrkspace/install/nn_drone_final/lib/python3.8/site-packages/nn_drone_final/nn_sub.py to nn_sub.cpython-38.pyc
[6.531s] running install_data
[6.535s] running install_egg_info
[6.545s] removing '/home/xilinx/wrkspace/install/nn_drone_final/lib/python3.8/site-packages/nn_drone_final-0.0.0-py3.8.egg-info' (and everything under it)
[6.547s] Copying ../../build/nn_drone_final/nn_drone_final.egg-info to /home/xilinx/wrkspace/install/nn_drone_final/lib/python3.8/site-packages/nn_drone_final-0.0.0-py3.8.egg-info
[6.551s] running install_scripts
[6.674s] Installing arm script to /home/xilinx/wrkspace/install/nn_drone_final/lib/nn_drone_final
[6.676s] Installing cam_node script to /home/xilinx/wrkspace/install/nn_drone_final/lib/nn_drone_final
[6.676s] Installing nn_node script to /home/xilinx/wrkspace/install/nn_drone_final/lib/nn_drone_final
[6.677s] Installing nn_sub_node script to /home/xilinx/wrkspace/install/nn_drone_final/lib/nn_drone_final
[6.679s] writing list of installed files to '/home/xilinx/wrkspace/build/nn_drone_final/install.log'
[6.938s] Invoked command in '/home/xilinx/wrkspace/src/nn_drone_final' returned '0': PYTHONPATH=/home/xilinx/wrkspace/install/nn_drone_final/lib/python3.8/site-packages:${PYTHONPATH} /usr/bin/python3 setup.py egg_info --egg-base ../../build/nn_drone_final build --build-base /home/xilinx/wrkspace/build/nn_drone_final/build install --prefix /home/xilinx/wrkspace/install/nn_drone_final --record /home/xilinx/wrkspace/build/nn_drone_final/install.log --single-version-externally-managed
