[5.806s] Invoking command in '/home/xilinx/wrkspace/src/nn_drone_final': PYTHONPATH=/home/xilinx/wrkspace/install/nn_drone_final/lib/python3.8/site-packages:${PYTHONPATH} /usr/bin/python3 setup.py egg_info --egg-base ../../build/nn_drone_final build --build-base /home/xilinx/wrkspace/build/nn_drone_final/build install --prefix /home/xilinx/wrkspace/install/nn_drone_final --record /home/xilinx/wrkspace/build/nn_drone_final/install.log --single-version-externally-managed
[7.411s] running egg_info
[7.417s] writing ../../build/nn_drone_final/nn_drone_final.egg-info/PKG-INFO
[7.421s] writing dependency_links to ../../build/nn_drone_final/nn_drone_final.egg-info/dependency_links.txt
[7.422s] writing entry points to ../../build/nn_drone_final/nn_drone_final.egg-info/entry_points.txt
[7.423s] writing requirements to ../../build/nn_drone_final/nn_drone_final.egg-info/requires.txt
[7.424s] writing top-level names to ../../build/nn_drone_final/nn_drone_final.egg-info/top_level.txt
[7.721s] reading manifest file '../../build/nn_drone_final/nn_drone_final.egg-info/SOURCES.txt'
[7.729s] writing manifest file '../../build/nn_drone_final/nn_drone_final.egg-info/SOURCES.txt'
[7.730s] running build
[7.731s] running build_py
[7.734s] copying nn_drone_final/nn_node.py -> /home/xilinx/wrkspace/build/nn_drone_final/build/lib/nn_drone_final
[7.736s] copying nn_drone_final/cam_node.py -> /home/xilinx/wrkspace/build/nn_drone_final/build/lib/nn_drone_final
[7.738s] running install
[7.744s] running install_lib
[7.752s] copying /home/xilinx/wrkspace/build/nn_drone_final/build/lib/nn_drone_final/nn_node.py -> /home/xilinx/wrkspace/install/nn_drone_final/lib/python3.8/site-packages/nn_drone_final
[7.753s] copying /home/xilinx/wrkspace/build/nn_drone_final/build/lib/nn_drone_final/cam_node.py -> /home/xilinx/wrkspace/install/nn_drone_final/lib/python3.8/site-packages/nn_drone_final
[7.764s] byte-compiling /home/xilinx/wrkspace/install/nn_drone_final/lib/python3.8/site-packages/nn_drone_final/nn_node.py to nn_node.cpython-38.pyc
[7.779s] byte-compiling /home/xilinx/wrkspace/install/nn_drone_final/lib/python3.8/site-packages/nn_drone_final/cam_node.py to cam_node.cpython-38.pyc
[7.786s] running install_data
[7.791s] running install_egg_info
[7.802s] removing '/home/xilinx/wrkspace/install/nn_drone_final/lib/python3.8/site-packages/nn_drone_final-0.0.0-py3.8.egg-info' (and everything under it)
[7.803s] Copying ../../build/nn_drone_final/nn_drone_final.egg-info to /home/xilinx/wrkspace/install/nn_drone_final/lib/python3.8/site-packages/nn_drone_final-0.0.0-py3.8.egg-info
[7.809s] running install_scripts
[7.941s] Installing arm script to /home/xilinx/wrkspace/install/nn_drone_final/lib/nn_drone_final
[7.944s] Installing cam_node script to /home/xilinx/wrkspace/install/nn_drone_final/lib/nn_drone_final
[7.946s] Installing nn_node script to /home/xilinx/wrkspace/install/nn_drone_final/lib/nn_drone_final
[7.948s] Installing nn_sub_node script to /home/xilinx/wrkspace/install/nn_drone_final/lib/nn_drone_final
[7.949s] writing list of installed files to '/home/xilinx/wrkspace/build/nn_drone_final/install.log'
[8.227s] Invoked command in '/home/xilinx/wrkspace/src/nn_drone_final' returned '0': PYTHONPATH=/home/xilinx/wrkspace/install/nn_drone_final/lib/python3.8/site-packages:${PYTHONPATH} /usr/bin/python3 setup.py egg_info --egg-base ../../build/nn_drone_final build --build-base /home/xilinx/wrkspace/build/nn_drone_final/build install --prefix /home/xilinx/wrkspace/install/nn_drone_final --record /home/xilinx/wrkspace/build/nn_drone_final/install.log --single-version-externally-managed
