[4.307s] DEBUG:colcon:Command line arguments: ['/usr/local/share/pynq-venv/bin/colcon', 'build']
[4.307s] DEBUG:colcon:Parsed command line arguments: Namespace(allow_overriding=[], ament_cmake_args=None, base_paths=['.'], build_base='build', catkin_cmake_args=None, catkin_skip_building_tests=False, cmake_args=None, cmake_clean_cache=False, cmake_clean_first=False, cmake_force_configure=False, cmake_target=None, cmake_target_skip_unavailable=False, continue_on_error=False, event_handlers=None, executor='parallel', ignore_user_meta=False, install_base='install', log_base=None, log_level=None, main=<bound method BuildVerb.main of <colcon_core.verb.build.BuildVerb object at 0xffff9f92b190>>, merge_install=False, metas=['./colcon.meta'], packages_above=None, packages_above_and_dependencies=None, packages_above_depth=None, packages_end=None, packages_ignore=None, packages_ignore_regex=None, packages_select=None, packages_select_build_failed=False, packages_select_by_dep=None, packages_select_regex=None, packages_select_test_failures=False, packages_skip=None, packages_skip_build_finished=False, packages_skip_by_dep=None, packages_skip_regex=None, packages_skip_test_passed=False, packages_skip_up_to=None, packages_start=None, packages_up_to=None, packages_up_to_regex=None, parallel_workers=4, paths=None, symlink_install=False, test_result_base=None, verb_extension=<colcon_core.verb.build.BuildVerb object at 0xffff9f92b190>, verb_name='build', verb_parser=<colcon_defaults.argument_parser.defaults.DefaultArgumentsDecorator object at 0xffff9f8d1ca0>)
[4.789s] Level 1:colcon.colcon_core.package_discovery:discover_packages(colcon_meta) check parameters
[4.790s] Level 1:colcon.colcon_core.package_discovery:discover_packages(recursive) check parameters
[4.790s] Level 1:colcon.colcon_core.package_discovery:discover_packages(ignore) check parameters
[4.790s] Level 1:colcon.colcon_core.package_discovery:discover_packages(path) check parameters
[4.790s] Level 1:colcon.colcon_core.package_discovery:discover_packages(colcon_meta) discover
[4.791s] Level 1:colcon.colcon_core.package_discovery:discover_packages(recursive) discover
[4.791s] INFO:colcon.colcon_core.package_discovery:Crawling recursively for packages in '/home/xilinx/wrkspace'
[4.792s] Level 1:colcon.colcon_core.package_identification:_identify(.) by extensions ['ignore', 'ignore_ament_install']
[4.792s] Level 1:colcon.colcon_core.package_identification:_identify(.) by extension 'ignore'
[4.793s] Level 1:colcon.colcon_core.package_identification:_identify(.) by extension 'ignore_ament_install'
[4.793s] Level 1:colcon.colcon_core.package_identification:_identify(.) by extensions ['colcon_pkg']
[4.793s] Level 1:colcon.colcon_core.package_identification:_identify(.) by extension 'colcon_pkg'
[4.794s] Level 1:colcon.colcon_core.package_identification:_identify(.) by extensions ['colcon_meta']
[4.794s] Level 1:colcon.colcon_core.package_identification:_identify(.) by extension 'colcon_meta'
[4.794s] Level 1:colcon.colcon_core.package_identification:_identify(.) by extensions ['ros']
[4.794s] Level 1:colcon.colcon_core.package_identification:_identify(.) by extension 'ros'
[4.968s] Level 1:colcon.colcon_core.package_identification:_identify(.) by extensions ['cmake', 'python']
[4.968s] Level 1:colcon.colcon_core.package_identification:_identify(.) by extension 'cmake'
[4.969s] Level 1:colcon.colcon_core.package_identification:_identify(.) by extension 'python'
[4.969s] Level 1:colcon.colcon_core.package_identification:_identify(.) by extensions ['python_setup_py']
[4.969s] Level 1:colcon.colcon_core.package_identification:_identify(.) by extension 'python_setup_py'
[4.970s] Level 1:colcon.colcon_core.package_identification:_identify(build) by extensions ['ignore', 'ignore_ament_install']
[4.971s] Level 1:colcon.colcon_core.package_identification:_identify(build) by extension 'ignore'
[4.971s] Level 1:colcon.colcon_core.package_identification:_identify(build) ignored
[4.972s] Level 1:colcon.colcon_core.package_identification:_identify(install) by extensions ['ignore', 'ignore_ament_install']
[4.972s] Level 1:colcon.colcon_core.package_identification:_identify(install) by extension 'ignore'
[4.973s] Level 1:colcon.colcon_core.package_identification:_identify(install) ignored
[4.973s] Level 1:colcon.colcon_core.package_identification:_identify(log) by extensions ['ignore', 'ignore_ament_install']
[4.974s] Level 1:colcon.colcon_core.package_identification:_identify(log) by extension 'ignore'
[4.974s] Level 1:colcon.colcon_core.package_identification:_identify(log) ignored
[4.975s] Level 1:colcon.colcon_core.package_identification:_identify(src) by extensions ['ignore', 'ignore_ament_install']
[4.975s] Level 1:colcon.colcon_core.package_identification:_identify(src) by extension 'ignore'
[4.975s] Level 1:colcon.colcon_core.package_identification:_identify(src) by extension 'ignore_ament_install'
[4.976s] Level 1:colcon.colcon_core.package_identification:_identify(src) by extensions ['colcon_pkg']
[4.976s] Level 1:colcon.colcon_core.package_identification:_identify(src) by extension 'colcon_pkg'
[4.976s] Level 1:colcon.colcon_core.package_identification:_identify(src) by extensions ['colcon_meta']
[4.977s] Level 1:colcon.colcon_core.package_identification:_identify(src) by extension 'colcon_meta'
[4.977s] Level 1:colcon.colcon_core.package_identification:_identify(src) by extensions ['ros']
[4.977s] Level 1:colcon.colcon_core.package_identification:_identify(src) by extension 'ros'
[4.978s] Level 1:colcon.colcon_core.package_identification:_identify(src) by extensions ['cmake', 'python']
[4.978s] Level 1:colcon.colcon_core.package_identification:_identify(src) by extension 'cmake'
[4.978s] Level 1:colcon.colcon_core.package_identification:_identify(src) by extension 'python'
[4.978s] Level 1:colcon.colcon_core.package_identification:_identify(src) by extensions ['python_setup_py']
[4.979s] Level 1:colcon.colcon_core.package_identification:_identify(src) by extension 'python_setup_py'
[4.979s] Level 1:colcon.colcon_core.package_identification:_identify(src/got_coffe) by extensions ['ignore', 'ignore_ament_install']
[4.980s] Level 1:colcon.colcon_core.package_identification:_identify(src/got_coffe) by extension 'ignore'
[4.980s] Level 1:colcon.colcon_core.package_identification:_identify(src/got_coffe) by extension 'ignore_ament_install'
[4.980s] Level 1:colcon.colcon_core.package_identification:_identify(src/got_coffe) by extensions ['colcon_pkg']
[4.981s] Level 1:colcon.colcon_core.package_identification:_identify(src/got_coffe) by extension 'colcon_pkg'
[4.981s] Level 1:colcon.colcon_core.package_identification:_identify(src/got_coffe) by extensions ['colcon_meta']
[4.981s] Level 1:colcon.colcon_core.package_identification:_identify(src/got_coffe) by extension 'colcon_meta'
[4.981s] Level 1:colcon.colcon_core.package_identification:_identify(src/got_coffe) by extensions ['ros']
[4.982s] Level 1:colcon.colcon_core.package_identification:_identify(src/got_coffe) by extension 'ros'
[4.997s] DEBUG:colcon.colcon_core.package_identification:Package 'src/got_coffe' with type 'ros.ament_python' and name 'got_coffe'
[4.998s] Level 1:colcon.colcon_core.package_identification:_identify(src/my_package) by extensions ['ignore', 'ignore_ament_install']
[4.999s] Level 1:colcon.colcon_core.package_identification:_identify(src/my_package) by extension 'ignore'
[4.999s] Level 1:colcon.colcon_core.package_identification:_identify(src/my_package) by extension 'ignore_ament_install'
[4.999s] Level 1:colcon.colcon_core.package_identification:_identify(src/my_package) by extensions ['colcon_pkg']
[5.000s] Level 1:colcon.colcon_core.package_identification:_identify(src/my_package) by extension 'colcon_pkg'
[5.000s] Level 1:colcon.colcon_core.package_identification:_identify(src/my_package) by extensions ['colcon_meta']
[5.000s] Level 1:colcon.colcon_core.package_identification:_identify(src/my_package) by extension 'colcon_meta'
[5.001s] Level 1:colcon.colcon_core.package_identification:_identify(src/my_package) by extensions ['ros']
[5.001s] Level 1:colcon.colcon_core.package_identification:_identify(src/my_package) by extension 'ros'
[5.004s] DEBUG:colcon.colcon_core.package_identification:Package 'src/my_package' with type 'ros.ament_python' and name 'my_package'
[5.005s] Level 1:colcon.colcon_core.package_identification:_identify(src/py_pubsub) by extensions ['ignore', 'ignore_ament_install']
[5.006s] Level 1:colcon.colcon_core.package_identification:_identify(src/py_pubsub) by extension 'ignore'
[5.006s] Level 1:colcon.colcon_core.package_identification:_identify(src/py_pubsub) by extension 'ignore_ament_install'
[5.007s] Level 1:colcon.colcon_core.package_identification:_identify(src/py_pubsub) by extensions ['colcon_pkg']
[5.007s] Level 1:colcon.colcon_core.package_identification:_identify(src/py_pubsub) by extension 'colcon_pkg'
[5.007s] Level 1:colcon.colcon_core.package_identification:_identify(src/py_pubsub) by extensions ['colcon_meta']
[5.007s] Level 1:colcon.colcon_core.package_identification:_identify(src/py_pubsub) by extension 'colcon_meta'
[5.008s] Level 1:colcon.colcon_core.package_identification:_identify(src/py_pubsub) by extensions ['ros']
[5.008s] Level 1:colcon.colcon_core.package_identification:_identify(src/py_pubsub) by extension 'ros'
[5.013s] DEBUG:colcon.colcon_core.package_identification:Package 'src/py_pubsub' with type 'ros.ament_python' and name 'py_pubsub'
[5.013s] Level 1:colcon.colcon_core.package_discovery:discover_packages(recursive) using defaults
[5.013s] Level 1:colcon.colcon_core.package_discovery:discover_packages(ignore) discover
[5.014s] Level 1:colcon.colcon_core.package_discovery:discover_packages(ignore) using defaults
[5.014s] Level 1:colcon.colcon_core.package_discovery:discover_packages(path) discover
[5.014s] Level 1:colcon.colcon_core.package_discovery:discover_packages(path) using defaults
[5.310s] Level 1:colcon.colcon_core.package_discovery:discover_packages(prefix_path) check parameters
[5.311s] Level 1:colcon.colcon_core.package_discovery:discover_packages(prefix_path) discover
[5.357s] DEBUG:colcon.colcon_installed_package_information.package_discovery:Found 3 installed packages in /home/xilinx/wrkspace/install
[5.388s] DEBUG:colcon.colcon_installed_package_information.package_discovery:Found 256 installed packages in /opt/ros/foxy
[5.404s] Level 1:colcon.colcon_core.package_discovery:discover_packages(prefix_path) using defaults
[5.981s] Level 5:colcon.colcon_core.verb:set package 'got_coffe' build argument 'cmake_args' from command line to 'None'
[5.981s] Level 5:colcon.colcon_core.verb:set package 'got_coffe' build argument 'cmake_target' from command line to 'None'
[5.981s] Level 5:colcon.colcon_core.verb:set package 'got_coffe' build argument 'cmake_target_skip_unavailable' from command line to 'False'
[5.982s] Level 5:colcon.colcon_core.verb:set package 'got_coffe' build argument 'cmake_clean_cache' from command line to 'False'
[5.982s] Level 5:colcon.colcon_core.verb:set package 'got_coffe' build argument 'cmake_clean_first' from command line to 'False'
[5.982s] Level 5:colcon.colcon_core.verb:set package 'got_coffe' build argument 'cmake_force_configure' from command line to 'False'
[5.982s] Level 5:colcon.colcon_core.verb:set package 'got_coffe' build argument 'ament_cmake_args' from command line to 'None'
[5.982s] Level 5:colcon.colcon_core.verb:set package 'got_coffe' build argument 'catkin_cmake_args' from command line to 'None'
[5.983s] Level 5:colcon.colcon_core.verb:set package 'got_coffe' build argument 'catkin_skip_building_tests' from command line to 'False'
[5.983s] DEBUG:colcon.colcon_core.verb:Building package 'got_coffe' with the following arguments: {'ament_cmake_args': None, 'build_base': '/home/xilinx/wrkspace/build/got_coffe', 'catkin_cmake_args': None, 'catkin_skip_building_tests': False, 'cmake_args': None, 'cmake_clean_cache': False, 'cmake_clean_first': False, 'cmake_force_configure': False, 'cmake_target': None, 'cmake_target_skip_unavailable': False, 'install_base': '/home/xilinx/wrkspace/install/got_coffe', 'merge_install': False, 'path': '/home/xilinx/wrkspace/src/got_coffe', 'symlink_install': False, 'test_result_base': None}
[6.009s] Level 5:colcon.colcon_core.verb:set package 'my_package' build argument 'cmake_args' from command line to 'None'
[6.009s] Level 5:colcon.colcon_core.verb:set package 'my_package' build argument 'cmake_target' from command line to 'None'
[6.010s] Level 5:colcon.colcon_core.verb:set package 'my_package' build argument 'cmake_target_skip_unavailable' from command line to 'False'
[6.010s] Level 5:colcon.colcon_core.verb:set package 'my_package' build argument 'cmake_clean_cache' from command line to 'False'
[6.010s] Level 5:colcon.colcon_core.verb:set package 'my_package' build argument 'cmake_clean_first' from command line to 'False'
[6.010s] Level 5:colcon.colcon_core.verb:set package 'my_package' build argument 'cmake_force_configure' from command line to 'False'
[6.010s] Level 5:colcon.colcon_core.verb:set package 'my_package' build argument 'ament_cmake_args' from command line to 'None'
[6.011s] Level 5:colcon.colcon_core.verb:set package 'my_package' build argument 'catkin_cmake_args' from command line to 'None'
[6.011s] Level 5:colcon.colcon_core.verb:set package 'my_package' build argument 'catkin_skip_building_tests' from command line to 'False'
[6.011s] DEBUG:colcon.colcon_core.verb:Building package 'my_package' with the following arguments: {'ament_cmake_args': None, 'build_base': '/home/xilinx/wrkspace/build/my_package', 'catkin_cmake_args': None, 'catkin_skip_building_tests': False, 'cmake_args': None, 'cmake_clean_cache': False, 'cmake_clean_first': False, 'cmake_force_configure': False, 'cmake_target': None, 'cmake_target_skip_unavailable': False, 'install_base': '/home/xilinx/wrkspace/install/my_package', 'merge_install': False, 'path': '/home/xilinx/wrkspace/src/my_package', 'symlink_install': False, 'test_result_base': None}
[6.037s] Level 5:colcon.colcon_core.verb:set package 'py_pubsub' build argument 'cmake_args' from command line to 'None'
[6.037s] Level 5:colcon.colcon_core.verb:set package 'py_pubsub' build argument 'cmake_target' from command line to 'None'
[6.037s] Level 5:colcon.colcon_core.verb:set package 'py_pubsub' build argument 'cmake_target_skip_unavailable' from command line to 'False'
[6.038s] Level 5:colcon.colcon_core.verb:set package 'py_pubsub' build argument 'cmake_clean_cache' from command line to 'False'
[6.038s] Level 5:colcon.colcon_core.verb:set package 'py_pubsub' build argument 'cmake_clean_first' from command line to 'False'
[6.038s] Level 5:colcon.colcon_core.verb:set package 'py_pubsub' build argument 'cmake_force_configure' from command line to 'False'
[6.038s] Level 5:colcon.colcon_core.verb:set package 'py_pubsub' build argument 'ament_cmake_args' from command line to 'None'
[6.038s] Level 5:colcon.colcon_core.verb:set package 'py_pubsub' build argument 'catkin_cmake_args' from command line to 'None'
[6.038s] Level 5:colcon.colcon_core.verb:set package 'py_pubsub' build argument 'catkin_skip_building_tests' from command line to 'False'
[6.039s] DEBUG:colcon.colcon_core.verb:Building package 'py_pubsub' with the following arguments: {'ament_cmake_args': None, 'build_base': '/home/xilinx/wrkspace/build/py_pubsub', 'catkin_cmake_args': None, 'catkin_skip_building_tests': False, 'cmake_args': None, 'cmake_clean_cache': False, 'cmake_clean_first': False, 'cmake_force_configure': False, 'cmake_target': None, 'cmake_target_skip_unavailable': False, 'install_base': '/home/xilinx/wrkspace/install/py_pubsub', 'merge_install': False, 'path': '/home/xilinx/wrkspace/src/py_pubsub', 'symlink_install': False, 'test_result_base': None}
[6.061s] INFO:colcon.colcon_core.executor:Executing jobs using 'parallel' executor
[6.208s] DEBUG:colcon.colcon_parallel_executor.executor.parallel:run_until_complete
[6.210s] INFO:colcon.colcon_ros.task.ament_python.build:Building ROS package in '/home/xilinx/wrkspace/src/got_coffe' with build type 'ament_python'
[6.212s] Level 1:colcon.colcon_core.shell:create_environment_hook('got_coffe', 'ament_prefix_path')
[6.286s] INFO:colcon.colcon_core.plugin_system:Skipping extension 'colcon_core.shell.bat': Not used on non-Windows systems
[6.289s] INFO:colcon.colcon_core.shell:Creating environment hook '/home/xilinx/wrkspace/install/got_coffe/share/got_coffe/hook/ament_prefix_path.ps1'
[6.299s] INFO:colcon.colcon_core.shell:Creating environment descriptor '/home/xilinx/wrkspace/install/got_coffe/share/got_coffe/hook/ament_prefix_path.dsv'
[6.303s] INFO:colcon.colcon_core.shell:Creating environment hook '/home/xilinx/wrkspace/install/got_coffe/share/got_coffe/hook/ament_prefix_path.sh'
[6.362s] INFO:colcon.colcon_core.shell:Skip shell extension 'powershell' for command environment: Not usable outside of PowerShell
[6.362s] DEBUG:colcon.colcon_core.shell:Skip shell extension 'dsv' for command environment
[6.453s] INFO:colcon.colcon_ros.task.ament_python.build:Building ROS package in '/home/xilinx/wrkspace/src/my_package' with build type 'ament_python'
[6.455s] Level 1:colcon.colcon_core.shell:create_environment_hook('my_package', 'ament_prefix_path')
[6.511s] INFO:colcon.colcon_core.shell:Creating environment hook '/home/xilinx/wrkspace/install/my_package/share/my_package/hook/ament_prefix_path.ps1'
[7.889s] INFO:colcon.colcon_core.shell:Creating environment descriptor '/home/xilinx/wrkspace/install/my_package/share/my_package/hook/ament_prefix_path.dsv'
[7.891s] INFO:colcon.colcon_core.shell:Creating environment hook '/home/xilinx/wrkspace/install/my_package/share/my_package/hook/ament_prefix_path.sh'
[7.949s] INFO:colcon.colcon_core.shell:Skip shell extension 'powershell' for command environment: Not usable outside of PowerShell
[7.949s] DEBUG:colcon.colcon_core.shell:Skip shell extension 'dsv' for command environment
[8.423s] INFO:colcon.colcon_ros.task.ament_python.build:Building ROS package in '/home/xilinx/wrkspace/src/py_pubsub' with build type 'ament_python'
[8.425s] Level 1:colcon.colcon_core.shell:create_environment_hook('py_pubsub', 'ament_prefix_path')
[8.482s] INFO:colcon.colcon_core.shell:Creating environment hook '/home/xilinx/wrkspace/install/py_pubsub/share/py_pubsub/hook/ament_prefix_path.ps1'
[8.485s] INFO:colcon.colcon_core.shell:Creating environment descriptor '/home/xilinx/wrkspace/install/py_pubsub/share/py_pubsub/hook/ament_prefix_path.dsv'
[8.487s] INFO:colcon.colcon_core.shell:Creating environment hook '/home/xilinx/wrkspace/install/py_pubsub/share/py_pubsub/hook/ament_prefix_path.sh'
[8.542s] INFO:colcon.colcon_core.shell:Skip shell extension 'powershell' for command environment: Not usable outside of PowerShell
[8.542s] DEBUG:colcon.colcon_core.shell:Skip shell extension 'dsv' for command environment
[15.439s] INFO:colcon.colcon_core.task.python.build:Building Python package in '/home/xilinx/wrkspace/src/got_coffe'
[15.494s] INFO:colcon.colcon_core.shell:Skip shell extension 'powershell' for command environment: Not usable outside of PowerShell
[15.495s] DEBUG:colcon.colcon_core.shell:Skip shell extension 'dsv' for command environment
[22.348s] INFO:colcon.colcon_core.task.python.build:Building Python package in '/home/xilinx/wrkspace/src/my_package'
[22.401s] INFO:colcon.colcon_core.shell:Skip shell extension 'powershell' for command environment: Not usable outside of PowerShell
[22.402s] DEBUG:colcon.colcon_core.shell:Skip shell extension 'dsv' for command environment
[29.339s] INFO:colcon.colcon_core.task.python.build:Building Python package in '/home/xilinx/wrkspace/src/py_pubsub'
[29.392s] INFO:colcon.colcon_core.shell:Skip shell extension 'powershell' for command environment: Not usable outside of PowerShell
[29.393s] DEBUG:colcon.colcon_core.shell:Skip shell extension 'dsv' for command environment
[44.807s] DEBUG:colcon.colcon_core.event_handler.log_command:Invoking command in '/home/xilinx/wrkspace/src/py_pubsub': PS1=\[\e]0;\u@\h: \w\a\]${debian_chroot:+($debian_chroot)}\u@\h:\w\$ PYTHONPATH=/home/xilinx/wrkspace/install/py_pubsub/lib/python3.8/site-packages:${PYTHONPATH} /usr/local/share/pynq-venv/bin/python3 setup.py egg_info --egg-base ../../build/py_pubsub build --build-base /home/xilinx/wrkspace/build/py_pubsub/build install --prefix /home/xilinx/wrkspace/install/py_pubsub --record /home/xilinx/wrkspace/build/py_pubsub/install.log --single-version-externally-managed
[44.870s] DEBUG:colcon.colcon_core.event_handler.log_command:Invoking command in '/home/xilinx/wrkspace/src/my_package': PS1=\[\e]0;\u@\h: \w\a\]${debian_chroot:+($debian_chroot)}\u@\h:\w\$ PYTHONPATH=/home/xilinx/wrkspace/install/my_package/lib/python3.8/site-packages:${PYTHONPATH} /usr/local/share/pynq-venv/bin/python3 setup.py egg_info --egg-base ../../build/my_package build --build-base /home/xilinx/wrkspace/build/my_package/build install --prefix /home/xilinx/wrkspace/install/my_package --record /home/xilinx/wrkspace/build/my_package/install.log --single-version-externally-managed
[44.931s] DEBUG:colcon.colcon_core.event_handler.log_command:Invoking command in '/home/xilinx/wrkspace/src/got_coffe': PS1=\[\e]0;\u@\h: \w\a\]${debian_chroot:+($debian_chroot)}\u@\h:\w\$ PYTHONPATH=/home/xilinx/wrkspace/install/got_coffe/lib/python3.8/site-packages:${PYTHONPATH} /usr/local/share/pynq-venv/bin/python3 setup.py egg_info --egg-base ../../build/got_coffe build --build-base /home/xilinx/wrkspace/build/got_coffe/build install --prefix /home/xilinx/wrkspace/install/got_coffe --record /home/xilinx/wrkspace/build/got_coffe/install.log --single-version-externally-managed
[64.395s] DEBUG:colcon.colcon_core.event_handler.log_command:Invoked command in '/home/xilinx/wrkspace/src/py_pubsub' returned '0': PS1=\[\e]0;\u@\h: \w\a\]${debian_chroot:+($debian_chroot)}\u@\h:\w\$ PYTHONPATH=/home/xilinx/wrkspace/install/py_pubsub/lib/python3.8/site-packages:${PYTHONPATH} /usr/local/share/pynq-venv/bin/python3 setup.py egg_info --egg-base ../../build/py_pubsub build --build-base /home/xilinx/wrkspace/build/py_pubsub/build install --prefix /home/xilinx/wrkspace/install/py_pubsub --record /home/xilinx/wrkspace/build/py_pubsub/install.log --single-version-externally-managed
[64.496s] Level 1:colcon.colcon_core.environment:checking '/home/xilinx/wrkspace/install/py_pubsub' for CMake module files
[64.500s] Level 1:colcon.colcon_core.environment:checking '/home/xilinx/wrkspace/install/py_pubsub' for CMake config files
[64.505s] Level 1:colcon.colcon_core.environment:checking '/home/xilinx/wrkspace/install/py_pubsub/lib'
[64.507s] Level 1:colcon.colcon_core.environment:checking '/home/xilinx/wrkspace/install/py_pubsub/bin'
[64.508s] Level 1:colcon.colcon_core.shell:create_environment_hook('py_pubsub', 'path')
[64.565s] INFO:colcon.colcon_core.shell:Creating environment hook '/home/xilinx/wrkspace/install/py_pubsub/share/py_pubsub/hook/path.ps1'
[64.570s] INFO:colcon.colcon_core.shell:Creating environment descriptor '/home/xilinx/wrkspace/install/py_pubsub/share/py_pubsub/hook/path.dsv'
[64.573s] INFO:colcon.colcon_core.shell:Creating environment hook '/home/xilinx/wrkspace/install/py_pubsub/share/py_pubsub/hook/path.sh'
[64.580s] Level 1:colcon.colcon_core.environment:checking '/home/xilinx/wrkspace/install/py_pubsub/lib/pkgconfig/py_pubsub.pc'
[64.583s] Level 1:colcon.colcon_core.environment:checking '/home/xilinx/wrkspace/install/py_pubsub/lib/python3.8/site-packages'
[64.583s] Level 1:colcon.colcon_core.shell:create_environment_hook('py_pubsub', 'pythonpath')
[64.640s] INFO:colcon.colcon_core.shell:Creating environment hook '/home/xilinx/wrkspace/install/py_pubsub/share/py_pubsub/hook/pythonpath.ps1'
[64.644s] INFO:colcon.colcon_core.shell:Creating environment descriptor '/home/xilinx/wrkspace/install/py_pubsub/share/py_pubsub/hook/pythonpath.dsv'
[64.647s] INFO:colcon.colcon_core.shell:Creating environment hook '/home/xilinx/wrkspace/install/py_pubsub/share/py_pubsub/hook/pythonpath.sh'
[64.652s] Level 1:colcon.colcon_core.environment:checking '/home/xilinx/wrkspace/install/py_pubsub/bin'
[64.653s] Level 1:colcon.colcon_core.shell:create_environment_hook('py_pubsub', 'pythonscriptspath')
[64.713s] INFO:colcon.colcon_core.shell:Creating environment hook '/home/xilinx/wrkspace/install/py_pubsub/share/py_pubsub/hook/pythonscriptspath.ps1'
[64.717s] INFO:colcon.colcon_core.shell:Creating environment descriptor '/home/xilinx/wrkspace/install/py_pubsub/share/py_pubsub/hook/pythonscriptspath.dsv'
[64.721s] INFO:colcon.colcon_core.shell:Creating environment hook '/home/xilinx/wrkspace/install/py_pubsub/share/py_pubsub/hook/pythonscriptspath.sh'
[64.725s] Level 1:colcon.colcon_core.environment:create_environment_scripts_only(py_pubsub)
[64.783s] INFO:colcon.colcon_core.shell:Creating package script '/home/xilinx/wrkspace/install/py_pubsub/share/py_pubsub/package.ps1'
[64.792s] INFO:colcon.colcon_core.shell:Creating package descriptor '/home/xilinx/wrkspace/install/py_pubsub/share/py_pubsub/package.dsv'
[64.799s] INFO:colcon.colcon_core.shell:Creating package script '/home/xilinx/wrkspace/install/py_pubsub/share/py_pubsub/package.sh'
[64.809s] INFO:colcon.colcon_core.shell:Creating package script '/home/xilinx/wrkspace/install/py_pubsub/share/py_pubsub/package.bash'
[64.823s] INFO:colcon.colcon_core.shell:Creating package script '/home/xilinx/wrkspace/install/py_pubsub/share/py_pubsub/package.zsh'
[64.829s] Level 1:colcon.colcon_core.environment:create_file_with_runtime_dependencies(/home/xilinx/wrkspace/install/py_pubsub/share/colcon-core/packages/py_pubsub)
[64.914s] Level 1:colcon.colcon_core.environment:checking '/home/xilinx/wrkspace/install/got_coffe' for CMake module files
[64.915s] DEBUG:colcon.colcon_core.event_handler.log_command:Invoked command in '/home/xilinx/wrkspace/src/got_coffe' returned '0': PS1=\[\e]0;\u@\h: \w\a\]${debian_chroot:+($debian_chroot)}\u@\h:\w\$ PYTHONPATH=/home/xilinx/wrkspace/install/got_coffe/lib/python3.8/site-packages:${PYTHONPATH} /usr/local/share/pynq-venv/bin/python3 setup.py egg_info --egg-base ../../build/got_coffe build --build-base /home/xilinx/wrkspace/build/got_coffe/build install --prefix /home/xilinx/wrkspace/install/got_coffe --record /home/xilinx/wrkspace/build/got_coffe/install.log --single-version-externally-managed
[65.291s] Level 1:colcon.colcon_core.environment:checking '/home/xilinx/wrkspace/install/got_coffe' for CMake config files
[65.300s] Level 1:colcon.colcon_core.environment:checking '/home/xilinx/wrkspace/install/got_coffe/lib'
[65.301s] Level 1:colcon.colcon_core.environment:checking '/home/xilinx/wrkspace/install/got_coffe/bin'
[65.301s] Level 1:colcon.colcon_core.shell:create_environment_hook('got_coffe', 'path')
[65.356s] INFO:colcon.colcon_core.shell:Creating environment hook '/home/xilinx/wrkspace/install/got_coffe/share/got_coffe/hook/path.ps1'
[65.359s] INFO:colcon.colcon_core.shell:Creating environment descriptor '/home/xilinx/wrkspace/install/got_coffe/share/got_coffe/hook/path.dsv'
[65.361s] INFO:colcon.colcon_core.shell:Creating environment hook '/home/xilinx/wrkspace/install/got_coffe/share/got_coffe/hook/path.sh'
[65.363s] Level 1:colcon.colcon_core.environment:checking '/home/xilinx/wrkspace/install/got_coffe/lib/pkgconfig/got_coffe.pc'
[65.365s] Level 1:colcon.colcon_core.environment:checking '/home/xilinx/wrkspace/install/got_coffe/lib/python3.8/site-packages'
[65.365s] Level 1:colcon.colcon_core.shell:create_environment_hook('got_coffe', 'pythonpath')
[65.417s] INFO:colcon.colcon_core.shell:Creating environment hook '/home/xilinx/wrkspace/install/got_coffe/share/got_coffe/hook/pythonpath.ps1'
[65.420s] INFO:colcon.colcon_core.shell:Creating environment descriptor '/home/xilinx/wrkspace/install/got_coffe/share/got_coffe/hook/pythonpath.dsv'
[65.423s] INFO:colcon.colcon_core.shell:Creating environment hook '/home/xilinx/wrkspace/install/got_coffe/share/got_coffe/hook/pythonpath.sh'
[65.426s] Level 1:colcon.colcon_core.environment:checking '/home/xilinx/wrkspace/install/got_coffe/bin'
[65.427s] Level 1:colcon.colcon_core.shell:create_environment_hook('got_coffe', 'pythonscriptspath')
[65.481s] INFO:colcon.colcon_core.shell:Creating environment hook '/home/xilinx/wrkspace/install/got_coffe/share/got_coffe/hook/pythonscriptspath.ps1'
[65.484s] INFO:colcon.colcon_core.shell:Creating environment descriptor '/home/xilinx/wrkspace/install/got_coffe/share/got_coffe/hook/pythonscriptspath.dsv'
[65.486s] INFO:colcon.colcon_core.shell:Creating environment hook '/home/xilinx/wrkspace/install/got_coffe/share/got_coffe/hook/pythonscriptspath.sh'
[65.488s] Level 1:colcon.colcon_core.environment:create_environment_scripts_only(got_coffe)
[65.542s] INFO:colcon.colcon_core.shell:Creating package script '/home/xilinx/wrkspace/install/got_coffe/share/got_coffe/package.ps1'
[65.547s] INFO:colcon.colcon_core.shell:Creating package descriptor '/home/xilinx/wrkspace/install/got_coffe/share/got_coffe/package.dsv'
[65.551s] INFO:colcon.colcon_core.shell:Creating package script '/home/xilinx/wrkspace/install/got_coffe/share/got_coffe/package.sh'
[65.554s] INFO:colcon.colcon_core.shell:Creating package script '/home/xilinx/wrkspace/install/got_coffe/share/got_coffe/package.bash'
[65.556s] INFO:colcon.colcon_core.shell:Creating package script '/home/xilinx/wrkspace/install/got_coffe/share/got_coffe/package.zsh'
[65.558s] Level 1:colcon.colcon_core.environment:create_file_with_runtime_dependencies(/home/xilinx/wrkspace/install/got_coffe/share/colcon-core/packages/got_coffe)
[65.640s] Level 1:colcon.colcon_core.environment:checking '/home/xilinx/wrkspace/install/my_package' for CMake module files
[65.645s] DEBUG:colcon.colcon_core.event_handler.log_command:Invoked command in '/home/xilinx/wrkspace/src/my_package' returned '0': PS1=\[\e]0;\u@\h: \w\a\]${debian_chroot:+($debian_chroot)}\u@\h:\w\$ PYTHONPATH=/home/xilinx/wrkspace/install/my_package/lib/python3.8/site-packages:${PYTHONPATH} /usr/local/share/pynq-venv/bin/python3 setup.py egg_info --egg-base ../../build/my_package build --build-base /home/xilinx/wrkspace/build/my_package/build install --prefix /home/xilinx/wrkspace/install/my_package --record /home/xilinx/wrkspace/build/my_package/install.log --single-version-externally-managed
[66.095s] Level 1:colcon.colcon_core.environment:checking '/home/xilinx/wrkspace/install/my_package' for CMake config files
[66.100s] Level 1:colcon.colcon_core.environment:checking '/home/xilinx/wrkspace/install/my_package/lib'
[66.100s] Level 1:colcon.colcon_core.environment:checking '/home/xilinx/wrkspace/install/my_package/bin'
[66.101s] Level 1:colcon.colcon_core.shell:create_environment_hook('my_package', 'path')
[66.153s] INFO:colcon.colcon_core.shell:Creating environment hook '/home/xilinx/wrkspace/install/my_package/share/my_package/hook/path.ps1'
[66.157s] INFO:colcon.colcon_core.shell:Creating environment descriptor '/home/xilinx/wrkspace/install/my_package/share/my_package/hook/path.dsv'
[66.159s] INFO:colcon.colcon_core.shell:Creating environment hook '/home/xilinx/wrkspace/install/my_package/share/my_package/hook/path.sh'
[66.161s] Level 1:colcon.colcon_core.environment:checking '/home/xilinx/wrkspace/install/my_package/lib/pkgconfig/my_package.pc'
[66.163s] Level 1:colcon.colcon_core.environment:checking '/home/xilinx/wrkspace/install/my_package/lib/python3.8/site-packages'
[66.163s] Level 1:colcon.colcon_core.shell:create_environment_hook('my_package', 'pythonpath')
[66.215s] INFO:colcon.colcon_core.shell:Creating environment hook '/home/xilinx/wrkspace/install/my_package/share/my_package/hook/pythonpath.ps1'
[66.218s] INFO:colcon.colcon_core.shell:Creating environment descriptor '/home/xilinx/wrkspace/install/my_package/share/my_package/hook/pythonpath.dsv'
[66.221s] INFO:colcon.colcon_core.shell:Creating environment hook '/home/xilinx/wrkspace/install/my_package/share/my_package/hook/pythonpath.sh'
[66.225s] Level 1:colcon.colcon_core.environment:checking '/home/xilinx/wrkspace/install/my_package/bin'
[66.226s] Level 1:colcon.colcon_core.shell:create_environment_hook('my_package', 'pythonscriptspath')
[66.280s] INFO:colcon.colcon_core.shell:Creating environment hook '/home/xilinx/wrkspace/install/my_package/share/my_package/hook/pythonscriptspath.ps1'
[66.283s] INFO:colcon.colcon_core.shell:Creating environment descriptor '/home/xilinx/wrkspace/install/my_package/share/my_package/hook/pythonscriptspath.dsv'
[66.285s] INFO:colcon.colcon_core.shell:Creating environment hook '/home/xilinx/wrkspace/install/my_package/share/my_package/hook/pythonscriptspath.sh'
[66.287s] Level 1:colcon.colcon_core.environment:create_environment_scripts_only(my_package)
[66.342s] INFO:colcon.colcon_core.shell:Creating package script '/home/xilinx/wrkspace/install/my_package/share/my_package/package.ps1'
[66.347s] INFO:colcon.colcon_core.shell:Creating package descriptor '/home/xilinx/wrkspace/install/my_package/share/my_package/package.dsv'
[66.351s] INFO:colcon.colcon_core.shell:Creating package script '/home/xilinx/wrkspace/install/my_package/share/my_package/package.sh'
[66.354s] INFO:colcon.colcon_core.shell:Creating package script '/home/xilinx/wrkspace/install/my_package/share/my_package/package.bash'
[66.357s] INFO:colcon.colcon_core.shell:Creating package script '/home/xilinx/wrkspace/install/my_package/share/my_package/package.zsh'
[66.359s] Level 1:colcon.colcon_core.environment:create_file_with_runtime_dependencies(/home/xilinx/wrkspace/install/my_package/share/colcon-core/packages/my_package)
[66.360s] DEBUG:colcon.colcon_parallel_executor.executor.parallel:closing loop
[66.362s] DEBUG:colcon.colcon_parallel_executor.executor.parallel:loop closed
[66.363s] DEBUG:colcon.colcon_parallel_executor.executor.parallel:run_until_complete finished with '0'
[66.363s] DEBUG:colcon.colcon_core.event_reactor:joining thread
[66.623s] INFO:colcon.colcon_core.plugin_system:Skipping extension 'colcon_notification.desktop_notification.notify_send': Could not find 'notify-send'
[66.623s] INFO:colcon.colcon_core.plugin_system:Skipping extension 'colcon_notification.desktop_notification.terminal_notifier': Not used on non-Darwin systems
[66.624s] INFO:colcon.colcon_core.plugin_system:Skipping extension 'colcon_notification.desktop_notification.win32': Not used on non-Windows systems
[66.624s] INFO:colcon.colcon_notification.desktop_notification:Sending desktop notification using 'notify2'
[66.629s] DEBUG:colcon.colcon_notification.desktop_notification.notify2:Failed to initialize notify2: org.freedesktop.DBus.Error.ServiceUnknown: The name org.freedesktop.Notifications was not provided by any .service files
[66.630s] DEBUG:colcon.colcon_core.event_reactor:joined thread
[66.683s] INFO:colcon.colcon_core.shell:Creating prefix script '/home/xilinx/wrkspace/install/local_setup.ps1'
[66.690s] INFO:colcon.colcon_core.shell:Creating prefix util module '/home/xilinx/wrkspace/install/_local_setup_util_ps1.py'
[66.701s] INFO:colcon.colcon_core.shell:Creating prefix chain script '/home/xilinx/wrkspace/install/setup.ps1'
[66.721s] INFO:colcon.colcon_core.shell:Creating prefix script '/home/xilinx/wrkspace/install/local_setup.sh'
[66.726s] INFO:colcon.colcon_core.shell:Creating prefix util module '/home/xilinx/wrkspace/install/_local_setup_util_sh.py'
[66.729s] INFO:colcon.colcon_core.shell:Creating prefix chain script '/home/xilinx/wrkspace/install/setup.sh'
[66.749s] INFO:colcon.colcon_core.shell:Creating prefix script '/home/xilinx/wrkspace/install/local_setup.bash'
[66.753s] INFO:colcon.colcon_core.shell:Creating prefix chain script '/home/xilinx/wrkspace/install/setup.bash'
[66.773s] INFO:colcon.colcon_core.shell:Creating prefix script '/home/xilinx/wrkspace/install/local_setup.zsh'
[66.777s] INFO:colcon.colcon_core.shell:Creating prefix chain script '/home/xilinx/wrkspace/install/setup.zsh'
