[5.991s] Invoking command in '/home/xilinx/wrkspace/src/nn_drone_final': PYTHONPATH=/home/xilinx/wrkspace/install/nn_drone_final/lib/python3.8/site-packages:${PYTHONPATH} /usr/bin/python3 setup.py egg_info --egg-base ../../build/nn_drone_final build --build-base /home/xilinx/wrkspace/build/nn_drone_final/build install --prefix /home/xilinx/wrkspace/install/nn_drone_final --record /home/xilinx/wrkspace/build/nn_drone_final/install.log --single-version-externally-managed
[7.503s] running egg_info
[7.507s] writing ../../build/nn_drone_final/nn_drone_final.egg-info/PKG-INFO
[7.511s] writing dependency_links to ../../build/nn_drone_final/nn_drone_final.egg-info/dependency_links.txt
[7.512s] writing entry points to ../../build/nn_drone_final/nn_drone_final.egg-info/entry_points.txt
[7.513s] writing requirements to ../../build/nn_drone_final/nn_drone_final.egg-info/requires.txt
[7.514s] writing top-level names to ../../build/nn_drone_final/nn_drone_final.egg-info/top_level.txt
[7.798s] reading manifest file '../../build/nn_drone_final/nn_drone_final.egg-info/SOURCES.txt'
[7.805s] writing manifest file '../../build/nn_drone_final/nn_drone_final.egg-info/SOURCES.txt'
[7.806s] running build
[7.807s] running build_py
[7.810s] copying nn_drone_final/nn_sub.py -> /home/xilinx/wrkspace/build/nn_drone_final/build/lib/nn_drone_final
[7.811s] copying nn_drone_final/nn_node.py -> /home/xilinx/wrkspace/build/nn_drone_final/build/lib/nn_drone_final
[7.813s] copying nn_drone_final/cam_node.py -> /home/xilinx/wrkspace/build/nn_drone_final/build/lib/nn_drone_final
[7.815s] running install
[7.821s] running install_lib
[7.828s] copying /home/xilinx/wrkspace/build/nn_drone_final/build/lib/nn_drone_final/nn_sub.py -> /home/xilinx/wrkspace/install/nn_drone_final/lib/python3.8/site-packages/nn_drone_final
[7.829s] copying /home/xilinx/wrkspace/build/nn_drone_final/build/lib/nn_drone_final/nn_node.py -> /home/xilinx/wrkspace/install/nn_drone_final/lib/python3.8/site-packages/nn_drone_final
[7.830s] copying /home/xilinx/wrkspace/build/nn_drone_final/build/lib/nn_drone_final/cam_node.py -> /home/xilinx/wrkspace/install/nn_drone_final/lib/python3.8/site-packages/nn_drone_final
[7.833s] byte-compiling /home/xilinx/wrkspace/install/nn_drone_final/lib/python3.8/site-packages/nn_drone_final/nn_sub.py to nn_sub.cpython-38.pyc
[7.845s] byte-compiling /home/xilinx/wrkspace/install/nn_drone_final/lib/python3.8/site-packages/nn_drone_final/nn_node.py to nn_node.cpython-38.pyc
[7.850s] byte-compiling /home/xilinx/wrkspace/install/nn_drone_final/lib/python3.8/site-packages/nn_drone_final/cam_node.py to cam_node.cpython-38.pyc
[7.856s] running install_data
[8.333s] running install_egg_info
[8.343s] removing '/home/xilinx/wrkspace/install/nn_drone_final/lib/python3.8/site-packages/nn_drone_final-0.0.0-py3.8.egg-info' (and everything under it)
[8.344s] Copying ../../build/nn_drone_final/nn_drone_final.egg-info to /home/xilinx/wrkspace/install/nn_drone_final/lib/python3.8/site-packages/nn_drone_final-0.0.0-py3.8.egg-info
[8.350s] running install_scripts
[8.472s] Installing cam_node script to /home/xilinx/wrkspace/install/nn_drone_final/lib/nn_drone_final
[9.700s] Installing nn_node script to /home/xilinx/wrkspace/install/nn_drone_final/lib/nn_drone_final
[9.702s] Installing nn_sub_node script to /home/xilinx/wrkspace/install/nn_drone_final/lib/nn_drone_final
[9.704s] writing list of installed files to '/home/xilinx/wrkspace/build/nn_drone_final/install.log'
[9.963s] Invoked command in '/home/xilinx/wrkspace/src/nn_drone_final' returned '0': PYTHONPATH=/home/xilinx/wrkspace/install/nn_drone_final/lib/python3.8/site-packages:${PYTHONPATH} /usr/bin/python3 setup.py egg_info --egg-base ../../build/nn_drone_final build --build-base /home/xilinx/wrkspace/build/nn_drone_final/build install --prefix /home/xilinx/wrkspace/install/nn_drone_final --record /home/xilinx/wrkspace/build/nn_drone_final/install.log --single-version-externally-managed
