[5.469s] Invoking command in '/home/xilinx/wrkspace/src/nn_drone_final': PYTHONPATH=/home/xilinx/wrkspace/install/nn_drone_final/lib/python3.8/site-packages:${PYTHONPATH} /usr/bin/python3 setup.py egg_info --egg-base ../../build/nn_drone_final build --build-base /home/xilinx/wrkspace/build/nn_drone_final/build install --prefix /home/xilinx/wrkspace/install/nn_drone_final --record /home/xilinx/wrkspace/build/nn_drone_final/install.log --single-version-externally-managed
[6.997s] running egg_info
[7.001s] writing ../../build/nn_drone_final/nn_drone_final.egg-info/PKG-INFO
[7.005s] writing dependency_links to ../../build/nn_drone_final/nn_drone_final.egg-info/dependency_links.txt
[7.006s] writing entry points to ../../build/nn_drone_final/nn_drone_final.egg-info/entry_points.txt
[7.007s] writing requirements to ../../build/nn_drone_final/nn_drone_final.egg-info/requires.txt
[7.008s] writing top-level names to ../../build/nn_drone_final/nn_drone_final.egg-info/top_level.txt
[7.772s] reading manifest file '../../build/nn_drone_final/nn_drone_final.egg-info/SOURCES.txt'
[7.780s] writing manifest file '../../build/nn_drone_final/nn_drone_final.egg-info/SOURCES.txt'
[7.781s] running build
[7.781s] running build_py
[7.790s] copying nn_drone_final/cam_node.py -> /home/xilinx/wrkspace/build/nn_drone_final/build/lib/nn_drone_final
[7.792s] running install
[7.798s] running install_lib
[7.805s] copying /home/xilinx/wrkspace/build/nn_drone_final/build/lib/nn_drone_final/cam_node.py -> /home/xilinx/wrkspace/install/nn_drone_final/lib/python3.8/site-packages/nn_drone_final
[7.816s] byte-compiling /home/xilinx/wrkspace/install/nn_drone_final/lib/python3.8/site-packages/nn_drone_final/cam_node.py to cam_node.cpython-38.pyc
[7.833s] running install_data
[7.835s] running install_egg_info
[7.845s] removing '/home/xilinx/wrkspace/install/nn_drone_final/lib/python3.8/site-packages/nn_drone_final-0.0.0-py3.8.egg-info' (and everything under it)
[7.847s] Copying ../../build/nn_drone_final/nn_drone_final.egg-info to /home/xilinx/wrkspace/install/nn_drone_final/lib/python3.8/site-packages/nn_drone_final-0.0.0-py3.8.egg-info
[8.304s] running install_scripts
[8.428s] Installing arm script to /home/xilinx/wrkspace/install/nn_drone_final/lib/nn_drone_final
[8.429s] Installing cam_node script to /home/xilinx/wrkspace/install/nn_drone_final/lib/nn_drone_final
[8.429s] Installing nn_node script to /home/xilinx/wrkspace/install/nn_drone_final/lib/nn_drone_final
[8.430s] Installing nn_sub_node script to /home/xilinx/wrkspace/install/nn_drone_final/lib/nn_drone_final
[8.432s] writing list of installed files to '/home/xilinx/wrkspace/build/nn_drone_final/install.log'
[8.691s] Invoked command in '/home/xilinx/wrkspace/src/nn_drone_final' returned '0': PYTHONPATH=/home/xilinx/wrkspace/install/nn_drone_final/lib/python3.8/site-packages:${PYTHONPATH} /usr/bin/python3 setup.py egg_info --egg-base ../../build/nn_drone_final build --build-base /home/xilinx/wrkspace/build/nn_drone_final/build install --prefix /home/xilinx/wrkspace/install/nn_drone_final --record /home/xilinx/wrkspace/build/nn_drone_final/install.log --single-version-externally-managed
