/home/xilinx/wrkspace/install/nn_drone_final/lib/python3.8/site-packages/nn_drone_final/nn_sub.py
/home/xilinx/wrkspace/install/nn_drone_final/lib/python3.8/site-packages/nn_drone_final/__init__.py
/home/xilinx/wrkspace/install/nn_drone_final/lib/python3.8/site-packages/nn_drone_final/nn_node.py
/home/xilinx/wrkspace/install/nn_drone_final/lib/python3.8/site-packages/nn_drone_final/SimpleArmMission.py
/home/xilinx/wrkspace/install/nn_drone_final/lib/python3.8/site-packages/nn_drone_final/cam_node.py
/home/xilinx/wrkspace/install/nn_drone_final/lib/python3.8/site-packages/nn_drone_final/__pycache__/nn_sub.cpython-38.pyc
/home/xilinx/wrkspace/install/nn_drone_final/lib/python3.8/site-packages/nn_drone_final/__pycache__/__init__.cpython-38.pyc
/home/xilinx/wrkspace/install/nn_drone_final/lib/python3.8/site-packages/nn_drone_final/__pycache__/nn_node.cpython-38.pyc
/home/xilinx/wrkspace/install/nn_drone_final/lib/python3.8/site-packages/nn_drone_final/__pycache__/SimpleArmMission.cpython-38.pyc
/home/xilinx/wrkspace/install/nn_drone_final/lib/python3.8/site-packages/nn_drone_final/__pycache__/cam_node.cpython-38.pyc
/home/xilinx/wrkspace/install/nn_drone_final/share/ament_index/resource_index/packages/nn_drone_final
/home/xilinx/wrkspace/install/nn_drone_final/share/nn_drone_final/package.xml
/home/xilinx/wrkspace/install/nn_drone_final/lib/python3.8/site-packages/nn_drone_final-0.0.0-py3.8.egg-info/requires.txt
/home/xilinx/wrkspace/install/nn_drone_final/lib/python3.8/site-packages/nn_drone_final-0.0.0-py3.8.egg-info/entry_points.txt
/home/xilinx/wrkspace/install/nn_drone_final/lib/python3.8/site-packages/nn_drone_final-0.0.0-py3.8.egg-info/SOURCES.txt
/home/xilinx/wrkspace/install/nn_drone_final/lib/python3.8/site-packages/nn_drone_final-0.0.0-py3.8.egg-info/zip-safe
/home/xilinx/wrkspace/install/nn_drone_final/lib/python3.8/site-packages/nn_drone_final-0.0.0-py3.8.egg-info/dependency_links.txt
/home/xilinx/wrkspace/install/nn_drone_final/lib/python3.8/site-packages/nn_drone_final-0.0.0-py3.8.egg-info/PKG-INFO
/home/xilinx/wrkspace/install/nn_drone_final/lib/python3.8/site-packages/nn_drone_final-0.0.0-py3.8.egg-info/top_level.txt
/home/xilinx/wrkspace/install/nn_drone_final/lib/nn_drone_final/arm
/home/xilinx/wrkspace/install/nn_drone_final/lib/nn_drone_final/cam_node
/home/xilinx/wrkspace/install/nn_drone_final/lib/nn_drone_final/nn_node
/home/xilinx/wrkspace/install/nn_drone_final/lib/nn_drone_final/nn_sub_node
