[18.762s] Invoking command in '/home/xilinx/wrkspace/src/py_pubsub': PS1=\[\e]0;\u@\h: \w\a\]${debian_chroot:+($debian_chroot)}\u@\h:\w\$ PYTHONPATH=/home/xilinx/wrkspace/install/py_pubsub/lib/python3.8/site-packages:${PYTHONPATH} /usr/local/share/pynq-venv/bin/python3 setup.py egg_info --egg-base ../../build/py_pubsub build --build-base /home/xilinx/wrkspace/build/py_pubsub/build install --prefix /home/xilinx/wrkspace/install/py_pubsub --record /home/xilinx/wrkspace/build/py_pubsub/install.log --single-version-externally-managed
[20.998s] /usr/local/share/pynq-venv/lib/python3.8/site-packages/setuptools/dist.py:767: UserWarning: Usage of dash-separated 'script-dir' will not be supported in future versions. Please use the underscore name 'script_dir' instead
[20.999s]   warnings.warn(
[27.066s] running egg_info
[27.067s] writing ../../build/py_pubsub/py_pubsub.egg-info/PKG-INFO
[27.313s] writing dependency_links to ../../build/py_pubsub/py_pubsub.egg-info/dependency_links.txt
[28.734s] writing entry points to ../../build/py_pubsub/py_pubsub.egg-info/entry_points.txt
[29.619s] writing requirements to ../../build/py_pubsub/py_pubsub.egg-info/requires.txt
[30.063s] writing top-level names to ../../build/py_pubsub/py_pubsub.egg-info/top_level.txt
[30.765s] reading manifest file '../../build/py_pubsub/py_pubsub.egg-info/SOURCES.txt'
[30.772s] writing manifest file '../../build/py_pubsub/py_pubsub.egg-info/SOURCES.txt'
[30.773s] running build
[30.774s] running build_py
[30.774s] copying py_pubsub/subscriber_member_function.py -> /home/xilinx/wrkspace/build/py_pubsub/build/lib/py_pubsub
[30.777s] running install
[30.778s] /usr/local/share/pynq-venv/lib/python3.8/site-packages/setuptools/command/install.py:34: SetuptoolsDeprecationWarning: setup.py install is deprecated. Use build and pip and other standards-based tools.
[30.778s]   warnings.warn(
[30.831s] running install_lib
[31.401s] copying /home/xilinx/wrkspace/build/py_pubsub/build/lib/py_pubsub/subscriber_member_function.py -> /home/xilinx/wrkspace/install/py_pubsub/lib/python3.8/site-packages/py_pubsub
[31.405s] byte-compiling /home/xilinx/wrkspace/install/py_pubsub/lib/python3.8/site-packages/py_pubsub/subscriber_member_function.py to subscriber_member_function.cpython-38.pyc
[31.411s] running install_data
[31.539s] running install_egg_info
[32.115s] removing '/home/xilinx/wrkspace/install/py_pubsub/lib/python3.8/site-packages/py_pubsub-0.0.0-py3.8.egg-info' (and everything under it)
[32.118s] Copying ../../build/py_pubsub/py_pubsub.egg-info to /home/xilinx/wrkspace/install/py_pubsub/lib/python3.8/site-packages/py_pubsub-0.0.0-py3.8.egg-info
[32.122s] running install_scripts
[33.290s] Installing listener script to /home/xilinx/wrkspace/install/py_pubsub/bin
[33.291s] Installing talker script to /home/xilinx/wrkspace/install/py_pubsub/bin
[33.293s] writing list of installed files to '/home/xilinx/wrkspace/build/py_pubsub/install.log'
[33.719s] Invoked command in '/home/xilinx/wrkspace/src/py_pubsub' returned '0': PS1=\[\e]0;\u@\h: \w\a\]${debian_chroot:+($debian_chroot)}\u@\h:\w\$ PYTHONPATH=/home/xilinx/wrkspace/install/py_pubsub/lib/python3.8/site-packages:${PYTHONPATH} /usr/local/share/pynq-venv/bin/python3 setup.py egg_info --egg-base ../../build/py_pubsub build --build-base /home/xilinx/wrkspace/build/py_pubsub/build install --prefix /home/xilinx/wrkspace/install/py_pubsub --record /home/xilinx/wrkspace/build/py_pubsub/install.log --single-version-externally-managed
