[0.996s] DEBUG:colcon:Command line arguments: ['/usr/bin/colcon', 'build', '--packages-select', 'got_coffe']
[0.997s] DEBUG:colcon:Parsed command line arguments: Namespace(allow_overriding=[], ament_cmake_args=None, base_paths=['.'], build_base='build', catkin_cmake_args=None, catkin_skip_building_tests=False, cmake_args=None, cmake_clean_cache=False, cmake_clean_first=False, cmake_force_configure=False, cmake_target=None, cmake_target_skip_unavailable=False, continue_on_error=False, event_handlers=None, executor='parallel', ignore_user_meta=False, install_base='install', log_base=None, log_level=None, main=<bound method BuildVerb.main of <colcon_core.verb.build.BuildVerb object at 0xffffbc7aa5e0>>, merge_install=False, metas=['./colcon.meta'], packages_above=None, packages_above_and_dependencies=None, packages_above_depth=None, packages_end=None, packages_ignore=None, packages_ignore_regex=None, packages_select=['got_coffe'], packages_select_build_failed=False, packages_select_by_dep=None, packages_select_regex=None, packages_select_test_failures=False, packages_skip=None, packages_skip_build_finished=False, packages_skip_by_dep=None, packages_skip_regex=None, packages_skip_test_passed=False, packages_skip_up_to=None, packages_start=None, packages_up_to=None, packages_up_to_regex=None, parallel_workers=4, paths=None, symlink_install=False, test_result_base=None, verb_extension=<colcon_core.verb.build.BuildVerb object at 0xffffbc7aa5e0>, verb_name='build', verb_parser=<colcon_defaults.argument_parser.defaults.DefaultArgumentsDecorator object at 0xffffbc7aab20>)
[1.151s] Level 1:colcon.colcon_core.package_discovery:discover_packages(colcon_meta) check parameters
[1.152s] Level 1:colcon.colcon_core.package_discovery:discover_packages(recursive) check parameters
[1.152s] Level 1:colcon.colcon_core.package_discovery:discover_packages(ignore) check parameters
[1.153s] Level 1:colcon.colcon_core.package_discovery:discover_packages(path) check parameters
[1.153s] Level 1:colcon.colcon_core.package_discovery:discover_packages(colcon_meta) discover
[1.153s] Level 1:colcon.colcon_core.package_discovery:discover_packages(recursive) discover
[1.154s] INFO:colcon.colcon_core.package_discovery:Crawling recursively for packages in '/home/xilinx/wrkspace'
[1.154s] Level 1:colcon.colcon_core.package_identification:_identify(.) by extensions ['ignore', 'ignore_ament_install']
[1.155s] Level 1:colcon.colcon_core.package_identification:_identify(.) by extension 'ignore'
[1.155s] Level 1:colcon.colcon_core.package_identification:_identify(.) by extension 'ignore_ament_install'
[1.156s] Level 1:colcon.colcon_core.package_identification:_identify(.) by extensions ['colcon_pkg']
[1.156s] Level 1:colcon.colcon_core.package_identification:_identify(.) by extension 'colcon_pkg'
[1.156s] Level 1:colcon.colcon_core.package_identification:_identify(.) by extensions ['colcon_meta']
[1.156s] Level 1:colcon.colcon_core.package_identification:_identify(.) by extension 'colcon_meta'
[1.157s] Level 1:colcon.colcon_core.package_identification:_identify(.) by extensions ['ros']
[1.157s] Level 1:colcon.colcon_core.package_identification:_identify(.) by extension 'ros'
[1.238s] Level 1:colcon.colcon_core.package_identification:_identify(.) by extensions ['cmake', 'python']
[1.239s] Level 1:colcon.colcon_core.package_identification:_identify(.) by extension 'cmake'
[1.239s] Level 1:colcon.colcon_core.package_identification:_identify(.) by extension 'python'
[1.239s] Level 1:colcon.colcon_core.package_identification:_identify(.) by extensions ['python_setup_py']
[1.239s] Level 1:colcon.colcon_core.package_identification:_identify(.) by extension 'python_setup_py'
[1.240s] Level 1:colcon.colcon_core.package_identification:_identify(build) by extensions ['ignore', 'ignore_ament_install']
[1.241s] Level 1:colcon.colcon_core.package_identification:_identify(build) by extension 'ignore'
[1.241s] Level 1:colcon.colcon_core.package_identification:_identify(build) ignored
[1.242s] Level 1:colcon.colcon_core.package_identification:_identify(install) by extensions ['ignore', 'ignore_ament_install']
[1.242s] Level 1:colcon.colcon_core.package_identification:_identify(install) by extension 'ignore'
[1.243s] Level 1:colcon.colcon_core.package_identification:_identify(install) ignored
[1.244s] Level 1:colcon.colcon_core.package_identification:_identify(log) by extensions ['ignore', 'ignore_ament_install']
[1.245s] Level 1:colcon.colcon_core.package_identification:_identify(log) by extension 'ignore'
[1.245s] Level 1:colcon.colcon_core.package_identification:_identify(log) ignored
[1.245s] Level 1:colcon.colcon_core.package_identification:_identify(src) by extensions ['ignore', 'ignore_ament_install']
[1.246s] Level 1:colcon.colcon_core.package_identification:_identify(src) by extension 'ignore'
[1.246s] Level 1:colcon.colcon_core.package_identification:_identify(src) by extension 'ignore_ament_install'
[1.247s] Level 1:colcon.colcon_core.package_identification:_identify(src) by extensions ['colcon_pkg']
[1.247s] Level 1:colcon.colcon_core.package_identification:_identify(src) by extension 'colcon_pkg'
[1.247s] Level 1:colcon.colcon_core.package_identification:_identify(src) by extensions ['colcon_meta']
[1.247s] Level 1:colcon.colcon_core.package_identification:_identify(src) by extension 'colcon_meta'
[1.248s] Level 1:colcon.colcon_core.package_identification:_identify(src) by extensions ['ros']
[1.248s] Level 1:colcon.colcon_core.package_identification:_identify(src) by extension 'ros'
[1.248s] Level 1:colcon.colcon_core.package_identification:_identify(src) by extensions ['cmake', 'python']
[1.249s] Level 1:colcon.colcon_core.package_identification:_identify(src) by extension 'cmake'
[1.249s] Level 1:colcon.colcon_core.package_identification:_identify(src) by extension 'python'
[1.249s] Level 1:colcon.colcon_core.package_identification:_identify(src) by extensions ['python_setup_py']
[1.249s] Level 1:colcon.colcon_core.package_identification:_identify(src) by extension 'python_setup_py'
[1.250s] Level 1:colcon.colcon_core.package_identification:_identify(src/got_coffe) by extensions ['ignore', 'ignore_ament_install']
[1.250s] Level 1:colcon.colcon_core.package_identification:_identify(src/got_coffe) by extension 'ignore'
[1.251s] Level 1:colcon.colcon_core.package_identification:_identify(src/got_coffe) by extension 'ignore_ament_install'
[1.251s] Level 1:colcon.colcon_core.package_identification:_identify(src/got_coffe) by extensions ['colcon_pkg']
[1.251s] Level 1:colcon.colcon_core.package_identification:_identify(src/got_coffe) by extension 'colcon_pkg'
[1.252s] Level 1:colcon.colcon_core.package_identification:_identify(src/got_coffe) by extensions ['colcon_meta']
[1.252s] Level 1:colcon.colcon_core.package_identification:_identify(src/got_coffe) by extension 'colcon_meta'
[1.252s] Level 1:colcon.colcon_core.package_identification:_identify(src/got_coffe) by extensions ['ros']
[1.252s] Level 1:colcon.colcon_core.package_identification:_identify(src/got_coffe) by extension 'ros'
[1.269s] DEBUG:colcon.colcon_core.package_identification:Package 'src/got_coffe' with type 'ros.ament_python' and name 'got_coffe'
[1.270s] Level 1:colcon.colcon_core.package_identification:_identify(src/my_package) by extensions ['ignore', 'ignore_ament_install']
[1.284s] Level 1:colcon.colcon_core.package_identification:_identify(src/my_package) by extension 'ignore'
[1.285s] Level 1:colcon.colcon_core.package_identification:_identify(src/my_package) by extension 'ignore_ament_install'
[1.286s] Level 1:colcon.colcon_core.package_identification:_identify(src/my_package) by extensions ['colcon_pkg']
[1.286s] Level 1:colcon.colcon_core.package_identification:_identify(src/my_package) by extension 'colcon_pkg'
[1.286s] Level 1:colcon.colcon_core.package_identification:_identify(src/my_package) by extensions ['colcon_meta']
[1.286s] Level 1:colcon.colcon_core.package_identification:_identify(src/my_package) by extension 'colcon_meta'
[1.287s] Level 1:colcon.colcon_core.package_identification:_identify(src/my_package) by extensions ['ros']
[1.287s] Level 1:colcon.colcon_core.package_identification:_identify(src/my_package) by extension 'ros'
[1.291s] DEBUG:colcon.colcon_core.package_identification:Package 'src/my_package' with type 'ros.ament_python' and name 'my_package'
[1.292s] Level 1:colcon.colcon_core.package_identification:_identify(src/nn_drone_final) by extensions ['ignore', 'ignore_ament_install']
[1.292s] Level 1:colcon.colcon_core.package_identification:_identify(src/nn_drone_final) by extension 'ignore'
[1.293s] Level 1:colcon.colcon_core.package_identification:_identify(src/nn_drone_final) by extension 'ignore_ament_install'
[1.293s] Level 1:colcon.colcon_core.package_identification:_identify(src/nn_drone_final) by extensions ['colcon_pkg']
[1.293s] Level 1:colcon.colcon_core.package_identification:_identify(src/nn_drone_final) by extension 'colcon_pkg'
[1.293s] Level 1:colcon.colcon_core.package_identification:_identify(src/nn_drone_final) by extensions ['colcon_meta']
[1.294s] Level 1:colcon.colcon_core.package_identification:_identify(src/nn_drone_final) by extension 'colcon_meta'
[1.294s] Level 1:colcon.colcon_core.package_identification:_identify(src/nn_drone_final) by extensions ['ros']
[1.294s] Level 1:colcon.colcon_core.package_identification:_identify(src/nn_drone_final) by extension 'ros'
[1.299s] DEBUG:colcon.colcon_core.package_identification:Package 'src/nn_drone_final' with type 'ros.ament_python' and name 'nn_drone_final'
[1.300s] Level 1:colcon.colcon_core.package_identification:_identify(src/py_pubsub) by extensions ['ignore', 'ignore_ament_install']
[1.300s] Level 1:colcon.colcon_core.package_identification:_identify(src/py_pubsub) by extension 'ignore'
[1.301s] Level 1:colcon.colcon_core.package_identification:_identify(src/py_pubsub) by extension 'ignore_ament_install'
[1.301s] Level 1:colcon.colcon_core.package_identification:_identify(src/py_pubsub) by extensions ['colcon_pkg']
[1.301s] Level 1:colcon.colcon_core.package_identification:_identify(src/py_pubsub) by extension 'colcon_pkg'
[1.301s] Level 1:colcon.colcon_core.package_identification:_identify(src/py_pubsub) by extensions ['colcon_meta']
[1.302s] Level 1:colcon.colcon_core.package_identification:_identify(src/py_pubsub) by extension 'colcon_meta'
[1.302s] Level 1:colcon.colcon_core.package_identification:_identify(src/py_pubsub) by extensions ['ros']
[1.302s] Level 1:colcon.colcon_core.package_identification:_identify(src/py_pubsub) by extension 'ros'
[1.306s] DEBUG:colcon.colcon_core.package_identification:Package 'src/py_pubsub' with type 'ros.ament_python' and name 'py_pubsub'
[1.306s] Level 1:colcon.colcon_core.package_discovery:discover_packages(recursive) using defaults
[1.307s] Level 1:colcon.colcon_core.package_discovery:discover_packages(ignore) discover
[1.307s] Level 1:colcon.colcon_core.package_discovery:discover_packages(ignore) using defaults
[1.307s] Level 1:colcon.colcon_core.package_discovery:discover_packages(path) discover
[1.307s] Level 1:colcon.colcon_core.package_discovery:discover_packages(path) using defaults
[1.427s] INFO:colcon.colcon_core.package_selection:Skipping not selected package 'my_package' in 'src/my_package'
[1.427s] INFO:colcon.colcon_core.package_selection:Skipping not selected package 'nn_drone_final' in 'src/nn_drone_final'
[1.428s] INFO:colcon.colcon_core.package_selection:Skipping not selected package 'py_pubsub' in 'src/py_pubsub'
[1.433s] Level 1:colcon.colcon_core.package_discovery:discover_packages(prefix_path) check parameters
[1.433s] Level 1:colcon.colcon_core.package_discovery:discover_packages(prefix_path) discover
[1.453s] DEBUG:colcon.colcon_installed_package_information.package_discovery:Found 256 installed packages in /opt/ros/foxy
[1.469s] Level 1:colcon.colcon_core.package_discovery:discover_packages(prefix_path) using defaults
[2.124s] Level 5:colcon.colcon_core.verb:set package 'got_coffe' build argument 'cmake_args' from command line to 'None'
[2.124s] Level 5:colcon.colcon_core.verb:set package 'got_coffe' build argument 'cmake_target' from command line to 'None'
[2.125s] Level 5:colcon.colcon_core.verb:set package 'got_coffe' build argument 'cmake_target_skip_unavailable' from command line to 'False'
[2.125s] Level 5:colcon.colcon_core.verb:set package 'got_coffe' build argument 'cmake_clean_cache' from command line to 'False'
[2.125s] Level 5:colcon.colcon_core.verb:set package 'got_coffe' build argument 'cmake_clean_first' from command line to 'False'
[2.125s] Level 5:colcon.colcon_core.verb:set package 'got_coffe' build argument 'cmake_force_configure' from command line to 'False'
[2.125s] Level 5:colcon.colcon_core.verb:set package 'got_coffe' build argument 'ament_cmake_args' from command line to 'None'
[2.126s] Level 5:colcon.colcon_core.verb:set package 'got_coffe' build argument 'catkin_cmake_args' from command line to 'None'
[2.126s] Level 5:colcon.colcon_core.verb:set package 'got_coffe' build argument 'catkin_skip_building_tests' from command line to 'False'
[2.126s] DEBUG:colcon.colcon_core.verb:Building package 'got_coffe' with the following arguments: {'ament_cmake_args': None, 'build_base': '/home/xilinx/wrkspace/build/got_coffe', 'catkin_cmake_args': None, 'catkin_skip_building_tests': False, 'cmake_args': None, 'cmake_clean_cache': False, 'cmake_clean_first': False, 'cmake_force_configure': False, 'cmake_target': None, 'cmake_target_skip_unavailable': False, 'install_base': '/home/xilinx/wrkspace/install/got_coffe', 'merge_install': False, 'path': '/home/xilinx/wrkspace/src/got_coffe', 'symlink_install': False, 'test_result_base': None}
[2.129s] INFO:colcon.colcon_core.executor:Executing jobs using 'parallel' executor
[2.143s] DEBUG:colcon.colcon_parallel_executor.executor.parallel:run_until_complete
[2.145s] INFO:colcon.colcon_ros.task.ament_python.build:Building ROS package in '/home/xilinx/wrkspace/src/got_coffe' with build type 'ament_python'
[2.146s] Level 1:colcon.colcon_core.shell:create_environment_hook('got_coffe', 'ament_prefix_path')
[2.169s] INFO:colcon.colcon_core.plugin_system:Skipping extension 'colcon_core.shell.bat': Not used on non-Windows systems
[2.171s] INFO:colcon.colcon_core.shell:Creating environment hook '/home/xilinx/wrkspace/install/got_coffe/share/got_coffe/hook/ament_prefix_path.ps1'
[2.175s] INFO:colcon.colcon_core.shell:Creating environment descriptor '/home/xilinx/wrkspace/install/got_coffe/share/got_coffe/hook/ament_prefix_path.dsv'
[2.178s] INFO:colcon.colcon_core.shell:Creating environment hook '/home/xilinx/wrkspace/install/got_coffe/share/got_coffe/hook/ament_prefix_path.sh'
[2.186s] INFO:colcon.colcon_core.shell:Skip shell extension 'powershell' for command environment: Not usable outside of PowerShell
[2.187s] DEBUG:colcon.colcon_core.shell:Skip shell extension 'dsv' for command environment
[3.888s] INFO:colcon.colcon_core.task.python.build:Building Python package in '/home/xilinx/wrkspace/src/got_coffe'
[3.893s] INFO:colcon.colcon_core.shell:Skip shell extension 'powershell' for command environment: Not usable outside of PowerShell
[3.894s] DEBUG:colcon.colcon_core.shell:Skip shell extension 'dsv' for command environment
[6.813s] DEBUG:colcon.colcon_core.event_handler.log_command:Invoking command in '/home/xilinx/wrkspace/src/got_coffe': PYTHONPATH=/home/xilinx/wrkspace/install/got_coffe/lib/python3.8/site-packages:${PYTHONPATH} /usr/bin/python3 setup.py egg_info --egg-base ../../build/got_coffe build --build-base /home/xilinx/wrkspace/build/got_coffe/build install --prefix /home/xilinx/wrkspace/install/got_coffe --record /home/xilinx/wrkspace/build/got_coffe/install.log --single-version-externally-managed
[9.066s] DEBUG:colcon.colcon_core.event_handler.log_command:Invoked command in '/home/xilinx/wrkspace/src/got_coffe' returned '0': PYTHONPATH=/home/xilinx/wrkspace/install/got_coffe/lib/python3.8/site-packages:${PYTHONPATH} /usr/bin/python3 setup.py egg_info --egg-base ../../build/got_coffe build --build-base /home/xilinx/wrkspace/build/got_coffe/build install --prefix /home/xilinx/wrkspace/install/got_coffe --record /home/xilinx/wrkspace/build/got_coffe/install.log --single-version-externally-managed
[9.086s] Level 1:colcon.colcon_core.environment:checking '/home/xilinx/wrkspace/install/got_coffe' for CMake module files
[9.090s] Level 1:colcon.colcon_core.environment:checking '/home/xilinx/wrkspace/install/got_coffe' for CMake config files
[9.094s] Level 1:colcon.colcon_core.environment:checking '/home/xilinx/wrkspace/install/got_coffe/lib'
[9.096s] Level 1:colcon.colcon_core.environment:checking '/home/xilinx/wrkspace/install/got_coffe/bin'
[9.096s] Level 1:colcon.colcon_core.shell:create_environment_hook('got_coffe', 'path')
[9.100s] INFO:colcon.colcon_core.shell:Creating environment hook '/home/xilinx/wrkspace/install/got_coffe/share/got_coffe/hook/path.ps1'
[9.103s] INFO:colcon.colcon_core.shell:Creating environment descriptor '/home/xilinx/wrkspace/install/got_coffe/share/got_coffe/hook/path.dsv'
[9.105s] INFO:colcon.colcon_core.shell:Creating environment hook '/home/xilinx/wrkspace/install/got_coffe/share/got_coffe/hook/path.sh'
[9.108s] Level 1:colcon.colcon_core.environment:checking '/home/xilinx/wrkspace/install/got_coffe/lib/pkgconfig/got_coffe.pc'
[9.109s] Level 1:colcon.colcon_core.environment:checking '/home/xilinx/wrkspace/install/got_coffe/lib/python3.8/site-packages'
[9.110s] Level 1:colcon.colcon_core.shell:create_environment_hook('got_coffe', 'pythonpath')
[9.114s] INFO:colcon.colcon_core.shell:Creating environment hook '/home/xilinx/wrkspace/install/got_coffe/share/got_coffe/hook/pythonpath.ps1'
[9.117s] INFO:colcon.colcon_core.shell:Creating environment descriptor '/home/xilinx/wrkspace/install/got_coffe/share/got_coffe/hook/pythonpath.dsv'
[9.118s] INFO:colcon.colcon_core.shell:Creating environment hook '/home/xilinx/wrkspace/install/got_coffe/share/got_coffe/hook/pythonpath.sh'
[9.122s] Level 1:colcon.colcon_core.environment:checking '/home/xilinx/wrkspace/install/got_coffe/bin'
[9.122s] Level 1:colcon.colcon_core.shell:create_environment_hook('got_coffe', 'pythonscriptspath')
[9.127s] INFO:colcon.colcon_core.shell:Creating environment hook '/home/xilinx/wrkspace/install/got_coffe/share/got_coffe/hook/pythonscriptspath.ps1'
[9.129s] INFO:colcon.colcon_core.shell:Creating environment descriptor '/home/xilinx/wrkspace/install/got_coffe/share/got_coffe/hook/pythonscriptspath.dsv'
[9.131s] INFO:colcon.colcon_core.shell:Creating environment hook '/home/xilinx/wrkspace/install/got_coffe/share/got_coffe/hook/pythonscriptspath.sh'
[9.133s] Level 1:colcon.colcon_core.environment:create_environment_scripts_only(got_coffe)
[9.139s] INFO:colcon.colcon_core.shell:Creating package script '/home/xilinx/wrkspace/install/got_coffe/share/got_coffe/package.ps1'
[9.148s] INFO:colcon.colcon_core.shell:Creating package descriptor '/home/xilinx/wrkspace/install/got_coffe/share/got_coffe/package.dsv'
[9.155s] INFO:colcon.colcon_core.shell:Creating package script '/home/xilinx/wrkspace/install/got_coffe/share/got_coffe/package.sh'
[9.161s] INFO:colcon.colcon_core.shell:Creating package script '/home/xilinx/wrkspace/install/got_coffe/share/got_coffe/package.bash'
[9.167s] INFO:colcon.colcon_core.shell:Creating package script '/home/xilinx/wrkspace/install/got_coffe/share/got_coffe/package.zsh'
[9.172s] Level 1:colcon.colcon_core.environment:create_file_with_runtime_dependencies(/home/xilinx/wrkspace/install/got_coffe/share/colcon-core/packages/got_coffe)
[9.175s] DEBUG:colcon.colcon_parallel_executor.executor.parallel:closing loop
[9.177s] DEBUG:colcon.colcon_parallel_executor.executor.parallel:loop closed
[9.177s] DEBUG:colcon.colcon_parallel_executor.executor.parallel:run_until_complete finished with '0'
[9.177s] DEBUG:colcon.colcon_core.event_reactor:joining thread
[9.213s] INFO:colcon.colcon_core.plugin_system:Skipping extension 'colcon_notification.desktop_notification.notify_send': Could not find 'notify-send'
[9.214s] INFO:colcon.colcon_core.plugin_system:Skipping extension 'colcon_notification.desktop_notification.terminal_notifier': Not used on non-Darwin systems
[9.214s] INFO:colcon.colcon_core.plugin_system:Skipping extension 'colcon_notification.desktop_notification.win32': Not used on non-Windows systems
[9.214s] INFO:colcon.colcon_notification.desktop_notification:Sending desktop notification using 'notify2'
[9.215s] DEBUG:colcon.colcon_notification.desktop_notification.notify2:Failed to initialize notify2: org.freedesktop.DBus.Error.NotSupported: Unable to autolaunch a dbus-daemon without a $DISPLAY for X11
[9.215s] DEBUG:colcon.colcon_core.event_reactor:joined thread
[9.220s] INFO:colcon.colcon_core.shell:Creating prefix script '/home/xilinx/wrkspace/install/local_setup.ps1'
[9.227s] INFO:colcon.colcon_core.shell:Creating prefix util module '/home/xilinx/wrkspace/install/_local_setup_util_ps1.py'
[9.238s] INFO:colcon.colcon_core.shell:Creating prefix chain script '/home/xilinx/wrkspace/install/setup.ps1'
[9.246s] INFO:colcon.colcon_core.shell:Creating prefix script '/home/xilinx/wrkspace/install/local_setup.sh'
[9.250s] INFO:colcon.colcon_core.shell:Creating prefix util module '/home/xilinx/wrkspace/install/_local_setup_util_sh.py'
[9.253s] INFO:colcon.colcon_core.shell:Creating prefix chain script '/home/xilinx/wrkspace/install/setup.sh'
[9.262s] INFO:colcon.colcon_core.shell:Creating prefix script '/home/xilinx/wrkspace/install/local_setup.bash'
[9.265s] INFO:colcon.colcon_core.shell:Creating prefix chain script '/home/xilinx/wrkspace/install/setup.bash'
[9.275s] INFO:colcon.colcon_core.shell:Creating prefix script '/home/xilinx/wrkspace/install/local_setup.zsh'
[9.278s] INFO:colcon.colcon_core.shell:Creating prefix chain script '/home/xilinx/wrkspace/install/setup.zsh'
