[38.414s] Invoking command in '/home/xilinx/wrkspace/src/my_package': PS1=\[\e]0;\u@\h: \w\a\]${debian_chroot:+($debian_chroot)}\u@\h:\w\$ PYTHONPATH=/home/xilinx/wrkspace/install/my_package/lib/python3.8/site-packages:${PYTHONPATH} /usr/local/share/pynq-venv/bin/python3 setup.py egg_info --egg-base ../../build/my_package build --build-base /home/xilinx/wrkspace/build/my_package/build install --prefix /home/xilinx/wrkspace/install/my_package --record /home/xilinx/wrkspace/build/my_package/install.log --single-version-externally-managed
[41.193s] /usr/local/share/pynq-venv/lib/python3.8/site-packages/setuptools/dist.py:767: UserWarning: Usage of dash-separated 'script-dir' will not be supported in future versions. Please use the underscore name 'script_dir' instead
[41.195s]   warnings.warn(
[48.164s] running egg_info
[48.917s] writing ../../build/my_package/my_package.egg-info/PKG-INFO
[50.004s] writing dependency_links to ../../build/my_package/my_package.egg-info/dependency_links.txt
[51.909s] writing entry points to ../../build/my_package/my_package.egg-info/entry_points.txt
[53.093s] writing requirements to ../../build/my_package/my_package.egg-info/requires.txt
[53.689s] writing top-level names to ../../build/my_package/my_package.egg-info/top_level.txt
[54.612s] reading manifest file '../../build/my_package/my_package.egg-info/SOURCES.txt'
[54.623s] writing manifest file '../../build/my_package/my_package.egg-info/SOURCES.txt'
[54.629s] running build
[54.631s] running build_py
[54.632s] running install
[54.633s] /usr/local/share/pynq-venv/lib/python3.8/site-packages/setuptools/command/install.py:34: SetuptoolsDeprecationWarning: setup.py install is deprecated. Use build and pip and other standards-based tools.
[54.634s]   warnings.warn(
[54.697s] running install_lib
[55.466s] running install_data
[55.624s] running install_egg_info
[56.392s] removing '/home/xilinx/wrkspace/install/my_package/lib/python3.8/site-packages/my_package-0.0.0-py3.8.egg-info' (and everything under it)
[56.394s] Copying ../../build/my_package/my_package.egg-info to /home/xilinx/wrkspace/install/my_package/lib/python3.8/site-packages/my_package-0.0.0-py3.8.egg-info
[56.404s] running install_scripts
[57.906s] Installing my_node script to /home/xilinx/wrkspace/install/my_package/bin
[57.909s] writing list of installed files to '/home/xilinx/wrkspace/build/my_package/install.log'
[59.189s] Invoked command in '/home/xilinx/wrkspace/src/my_package' returned '0': PS1=\[\e]0;\u@\h: \w\a\]${debian_chroot:+($debian_chroot)}\u@\h:\w\$ PYTHONPATH=/home/xilinx/wrkspace/install/my_package/lib/python3.8/site-packages:${PYTHONPATH} /usr/local/share/pynq-venv/bin/python3 setup.py egg_info --egg-base ../../build/my_package build --build-base /home/xilinx/wrkspace/build/my_package/build install --prefix /home/xilinx/wrkspace/install/my_package --record /home/xilinx/wrkspace/build/my_package/install.log --single-version-externally-managed
