[19.425s] Invoking command in '/home/xilinx/wrkspace/src/py_pubsub': PS1=(pynq-venv) ${debian_chroot:+($debian_chroot)}\u@\h:\w\$ PYTHONPATH=/home/xilinx/wrkspace/install/py_pubsub/lib/python3.8/site-packages:${PYTHONPATH} /usr/local/share/pynq-venv/bin/python3 setup.py egg_info --egg-base ../../build/py_pubsub build --build-base /home/xilinx/wrkspace/build/py_pubsub/build install --prefix /home/xilinx/wrkspace/install/py_pubsub --record /home/xilinx/wrkspace/build/py_pubsub/install.log --single-version-externally-managed
[21.711s] /usr/local/share/pynq-venv/lib/python3.8/site-packages/setuptools/dist.py:767: UserWarning: Usage of dash-separated 'script-dir' will not be supported in future versions. Please use the underscore name 'script_dir' instead
[21.712s]   warnings.warn(
[27.032s] running egg_info
[27.619s] writing ../../build/py_pubsub/py_pubsub.egg-info/PKG-INFO
[28.065s] writing dependency_links to ../../build/py_pubsub/py_pubsub.egg-info/dependency_links.txt
[29.407s] writing entry points to ../../build/py_pubsub/py_pubsub.egg-info/entry_points.txt
[30.297s] writing requirements to ../../build/py_pubsub/py_pubsub.egg-info/requires.txt
[30.743s] writing top-level names to ../../build/py_pubsub/py_pubsub.egg-info/top_level.txt
[31.448s] reading manifest file '../../build/py_pubsub/py_pubsub.egg-info/SOURCES.txt'
[31.457s] writing manifest file '../../build/py_pubsub/py_pubsub.egg-info/SOURCES.txt'
[31.458s] running build
[31.458s] running build_py
[31.464s] running install
[31.466s] /usr/local/share/pynq-venv/lib/python3.8/site-packages/setuptools/command/install.py:34: SetuptoolsDeprecationWarning: setup.py install is deprecated. Use build and pip and other standards-based tools.
[31.467s]   warnings.warn(
[31.520s] running install_lib
[32.194s] running install_data
[32.323s] running install_egg_info
[32.902s] removing '/home/xilinx/wrkspace/install/py_pubsub/lib/python3.8/site-packages/py_pubsub-0.0.0-py3.8.egg-info' (and everything under it)
[32.903s] Copying ../../build/py_pubsub/py_pubsub.egg-info to /home/xilinx/wrkspace/install/py_pubsub/lib/python3.8/site-packages/py_pubsub-0.0.0-py3.8.egg-info
[32.911s] running install_scripts
[33.979s] Installing listener script to /home/xilinx/wrkspace/install/py_pubsub/bin
[33.980s] Installing talker script to /home/xilinx/wrkspace/install/py_pubsub/bin
[33.982s] writing list of installed files to '/home/xilinx/wrkspace/build/py_pubsub/install.log'
[34.412s] Invoked command in '/home/xilinx/wrkspace/src/py_pubsub' returned '0': PS1=(pynq-venv) ${debian_chroot:+($debian_chroot)}\u@\h:\w\$ PYTHONPATH=/home/xilinx/wrkspace/install/py_pubsub/lib/python3.8/site-packages:${PYTHONPATH} /usr/local/share/pynq-venv/bin/python3 setup.py egg_info --egg-base ../../build/py_pubsub build --build-base /home/xilinx/wrkspace/build/py_pubsub/build install --prefix /home/xilinx/wrkspace/install/py_pubsub --record /home/xilinx/wrkspace/build/py_pubsub/install.log --single-version-externally-managed
