[5.967s] Invoking command in '/home/xilinx/wrkspace/src/py_pubsub': PYTHONPATH=/home/xilinx/wrkspace/install/py_pubsub/lib/python3.8/site-packages:${PYTHONPATH} /usr/bin/python3 setup.py egg_info --egg-base ../../build/py_pubsub build --build-base /home/xilinx/wrkspace/build/py_pubsub/build install --prefix /home/xilinx/wrkspace/install/py_pubsub --record /home/xilinx/wrkspace/build/py_pubsub/install.log --single-version-externally-managed
[7.489s] running egg_info
[7.493s] writing ../../build/py_pubsub/py_pubsub.egg-info/PKG-INFO
[7.495s] writing dependency_links to ../../build/py_pubsub/py_pubsub.egg-info/dependency_links.txt
[7.496s] writing entry points to ../../build/py_pubsub/py_pubsub.egg-info/entry_points.txt
[7.497s] writing requirements to ../../build/py_pubsub/py_pubsub.egg-info/requires.txt
[7.498s] writing top-level names to ../../build/py_pubsub/py_pubsub.egg-info/top_level.txt
[7.757s] reading manifest file '../../build/py_pubsub/py_pubsub.egg-info/SOURCES.txt'
[7.764s] writing manifest file '../../build/py_pubsub/py_pubsub.egg-info/SOURCES.txt'
[7.764s] running build
[7.765s] running build_py
[7.766s] copying py_pubsub/publisher_member_function.py -> /home/xilinx/wrkspace/build/py_pubsub/build/lib/py_pubsub
[7.767s] copying py_pubsub/subscriber_member_function.py -> /home/xilinx/wrkspace/build/py_pubsub/build/lib/py_pubsub
[7.768s] running install
[7.774s] running install_lib
[7.781s] copying /home/xilinx/wrkspace/build/py_pubsub/build/lib/py_pubsub/publisher_member_function.py -> /home/xilinx/wrkspace/install/py_pubsub/lib/python3.8/site-packages/py_pubsub
[7.782s] copying /home/xilinx/wrkspace/build/py_pubsub/build/lib/py_pubsub/subscriber_member_function.py -> /home/xilinx/wrkspace/install/py_pubsub/lib/python3.8/site-packages/py_pubsub
[7.786s] byte-compiling /home/xilinx/wrkspace/install/py_pubsub/lib/python3.8/site-packages/py_pubsub/publisher_member_function.py to publisher_member_function.cpython-38.pyc
[7.798s] byte-compiling /home/xilinx/wrkspace/install/py_pubsub/lib/python3.8/site-packages/py_pubsub/subscriber_member_function.py to subscriber_member_function.cpython-38.pyc
[7.802s] running install_data
[7.806s] running install_egg_info
[7.817s] removing '/home/xilinx/wrkspace/install/py_pubsub/lib/python3.8/site-packages/py_pubsub-0.0.0-py3.8.egg-info' (and everything under it)
[7.818s] Copying ../../build/py_pubsub/py_pubsub.egg-info to /home/xilinx/wrkspace/install/py_pubsub/lib/python3.8/site-packages/py_pubsub-0.0.0-py3.8.egg-info
[7.823s] running install_scripts
[7.946s] Installing listener script to /home/xilinx/wrkspace/install/py_pubsub/lib/py_pubsub
[7.947s] Installing talker script to /home/xilinx/wrkspace/install/py_pubsub/lib/py_pubsub
[7.949s] writing list of installed files to '/home/xilinx/wrkspace/build/py_pubsub/install.log'
[8.210s] Invoked command in '/home/xilinx/wrkspace/src/py_pubsub' returned '0': PYTHONPATH=/home/xilinx/wrkspace/install/py_pubsub/lib/python3.8/site-packages:${PYTHONPATH} /usr/bin/python3 setup.py egg_info --egg-base ../../build/py_pubsub build --build-base /home/xilinx/wrkspace/build/py_pubsub/build install --prefix /home/xilinx/wrkspace/install/py_pubsub --record /home/xilinx/wrkspace/build/py_pubsub/install.log --single-version-externally-managed
